[0.323s] Invoking command in '/home/devtex/uiabot_ws/build/uiabot': CMAKE_PREFIX_PATH=${CMAKE_PREFIX_PATH}:/home/devtex/interbotix_ws/install/interbotix_xs_modules:/home/devtex/interbotix_ws/install/interbotix_perception_modules:/home/devtex/interbotix_ws/install/interbotix_common_modules:/opt/ros/humble /usr/bin/cmake --build /home/devtex/uiabot_ws/build/uiabot -- -j32 -l32
[0.342s] Invoked command in '/home/devtex/uiabot_ws/build/uiabot' returned '0': CMAKE_PREFIX_PATH=${CMAKE_PREFIX_PATH}:/home/devtex/interbotix_ws/install/interbotix_xs_modules:/home/devtex/interbotix_ws/install/interbotix_perception_modules:/home/devtex/interbotix_ws/install/interbotix_common_modules:/opt/ros/humble /usr/bin/cmake --build /home/devtex/uiabot_ws/build/uiabot -- -j32 -l32
[0.358s] Invoking command in '/home/devtex/uiabot_ws/build/uiabot': CMAKE_PREFIX_PATH=${CMAKE_PREFIX_PATH}:/home/devtex/interbotix_ws/install/interbotix_xs_modules:/home/devtex/interbotix_ws/install/interbotix_perception_modules:/home/devtex/interbotix_ws/install/interbotix_common_modules:/opt/ros/humble /usr/bin/cmake --install /home/devtex/uiabot_ws/build/uiabot
[0.362s] -- Install configuration: ""
[0.362s] -- Execute custom install script
[0.362s] -- Up-to-date symlink: /home/devtex/uiabot_ws/install/uiabot/share/uiabot/config/empty.yaml
[0.362s] -- Up-to-date symlink: /home/devtex/uiabot_ws/install/uiabot/share/uiabot/description/AssemUiAminibot2 .STL
[0.362s] -- Up-to-date symlink: /home/devtex/uiabot_ws/install/uiabot/share/uiabot/description/Motor.STL
[0.362s] -- Up-to-date symlink: /home/devtex/uiabot_ws/install/uiabot/share/uiabot/description/MotorBracket.STL
[0.362s] -- Up-to-date symlink: /home/devtex/uiabot_ws/install/uiabot/share/uiabot/description/RP-lidar-A1.STL
[0.362s] -- Up-to-date symlink: /home/devtex/uiabot_ws/install/uiabot/share/uiabot/description/RPLidarCasingV3_Wcut.STL
[0.362s] -- Up-to-date symlink: /home/devtex/uiabot_ws/install/uiabot/share/uiabot/description/SupportWheelBracket_v03.STL
[0.362s] -- Up-to-date symlink: /home/devtex/uiabot_ws/install/uiabot/share/uiabot/description/UiAFullWafflePlate.STL
[0.362s] -- Up-to-date symlink: /home/devtex/uiabot_ws/install/uiabot/share/uiabot/description/camera.xacro
[0.363s] -- Up-to-date symlink: /home/devtex/uiabot_ws/install/uiabot/share/uiabot/description/depth_camera.xacro
[0.363s] -- Up-to-date symlink: /home/devtex/uiabot_ws/install/uiabot/share/uiabot/description/face.xacro
[0.363s] -- Up-to-date symlink: /home/devtex/uiabot_ws/install/uiabot/share/uiabot/description/gazebo_control.xacro
[0.363s] -- Up-to-date symlink: /home/devtex/uiabot_ws/install/uiabot/share/uiabot/description/inertial_macros.xacro
[0.363s] -- Up-to-date symlink: /home/devtex/uiabot_ws/install/uiabot/share/uiabot/description/lidar.xacro
[0.363s] -- Up-to-date symlink: /home/devtex/uiabot_ws/install/uiabot/share/uiabot/description/robot.urdf.xacro
[0.363s] -- Up-to-date symlink: /home/devtex/uiabot_ws/install/uiabot/share/uiabot/description/robot_core.xacro
[0.363s] -- Up-to-date symlink: /home/devtex/uiabot_ws/install/uiabot/share/uiabot/description/ros2_control.xacro
[0.363s] -- Up-to-date symlink: /home/devtex/uiabot_ws/install/uiabot/share/uiabot/launch/rsp.launch.py
[0.363s] -- Up-to-date symlink: /home/devtex/uiabot_ws/install/uiabot/share/uiabot/worlds/empty.world
[0.363s] -- Up-to-date symlink: /home/devtex/uiabot_ws/install/uiabot/share/ament_index/resource_index/package_run_dependencies/uiabot
[0.363s] -- Up-to-date symlink: /home/devtex/uiabot_ws/install/uiabot/share/ament_index/resource_index/parent_prefix_path/uiabot
[0.363s] -- Up-to-date symlink: /home/devtex/uiabot_ws/install/uiabot/share/uiabot/environment/ament_prefix_path.sh
[0.363s] -- Up-to-date symlink: /home/devtex/uiabot_ws/install/uiabot/share/uiabot/environment/ament_prefix_path.dsv
[0.363s] -- Up-to-date symlink: /home/devtex/uiabot_ws/install/uiabot/share/uiabot/environment/path.sh
[0.363s] -- Up-to-date symlink: /home/devtex/uiabot_ws/install/uiabot/share/uiabot/environment/path.dsv
[0.363s] -- Up-to-date symlink: /home/devtex/uiabot_ws/install/uiabot/share/uiabot/local_setup.bash
[0.363s] -- Up-to-date symlink: /home/devtex/uiabot_ws/install/uiabot/share/uiabot/local_setup.sh
[0.363s] -- Up-to-date symlink: /home/devtex/uiabot_ws/install/uiabot/share/uiabot/local_setup.zsh
[0.363s] -- Up-to-date symlink: /home/devtex/uiabot_ws/install/uiabot/share/uiabot/local_setup.dsv
[0.363s] -- Symlinking: /home/devtex/uiabot_ws/install/uiabot/share/uiabot/package.dsv
[0.367s] -- Up-to-date symlink: /home/devtex/uiabot_ws/install/uiabot/share/ament_index/resource_index/packages/uiabot
[0.368s] -- Up-to-date symlink: /home/devtex/uiabot_ws/install/uiabot/share/uiabot/cmake/uiabotConfig.cmake
[0.368s] -- Up-to-date symlink: /home/devtex/uiabot_ws/install/uiabot/share/uiabot/cmake/uiabotConfig-version.cmake
[0.368s] -- Up-to-date symlink: /home/devtex/uiabot_ws/install/uiabot/share/uiabot/package.xml
[0.369s] Invoked command in '/home/devtex/uiabot_ws/build/uiabot' returned '0': CMAKE_PREFIX_PATH=${CMAKE_PREFIX_PATH}:/home/devtex/interbotix_ws/install/interbotix_xs_modules:/home/devtex/interbotix_ws/install/interbotix_perception_modules:/home/devtex/interbotix_ws/install/interbotix_common_modules:/opt/ros/humble /usr/bin/cmake --install /home/devtex/uiabot_ws/build/uiabot
