[2.652s] Invoking command in '/home/uiabot/uiabot_ws/src/my_listener_package': DEBUGINFOD_URLS=https://debuginfod.ubuntu.com PYTHONPATH=/home/uiabot/uiabot_ws/build/my_listener_package/prefix_override:/usr/lib/python3/dist-packages/colcon_core/task/python/colcon_distutils_commands:/home/uiabot/uiabot_ws/install/my_listener_package/lib/python3.12/site-packages:${PYTHONPATH} /usr/bin/python3 -W ignore:setup.py install is deprecated setup.py egg_info --egg-base ../../build/my_listener_package build --build-base /home/uiabot/uiabot_ws/build/my_listener_package/build install --record /home/uiabot/uiabot_ws/build/my_listener_package/install.log --single-version-externally-managed install_data
[3.135s] running egg_info
[3.137s] creating ../../build/my_listener_package/my_listener_package.egg-info
[3.165s] writing ../../build/my_listener_package/my_listener_package.egg-info/PKG-INFO
[3.166s] writing dependency_links to ../../build/my_listener_package/my_listener_package.egg-info/dependency_links.txt
[3.166s] writing entry points to ../../build/my_listener_package/my_listener_package.egg-info/entry_points.txt
[3.168s] writing requirements to ../../build/my_listener_package/my_listener_package.egg-info/requires.txt
[3.168s] writing top-level names to ../../build/my_listener_package/my_listener_package.egg-info/top_level.txt
[3.168s] writing manifest file '../../build/my_listener_package/my_listener_package.egg-info/SOURCES.txt'
[3.229s] reading manifest file '../../build/my_listener_package/my_listener_package.egg-info/SOURCES.txt'
[3.230s] writing manifest file '../../build/my_listener_package/my_listener_package.egg-info/SOURCES.txt'
[3.230s] running build
[3.230s] running build_py
[3.231s] creating /home/uiabot/uiabot_ws/build/my_listener_package/build
[3.231s] creating /home/uiabot/uiabot_ws/build/my_listener_package/build/lib
[3.232s] creating /home/uiabot/uiabot_ws/build/my_listener_package/build/lib/my_listener_package
[3.232s] copying my_listener_package/cmd_vel_listener.py -> /home/uiabot/uiabot_ws/build/my_listener_package/build/lib/my_listener_package
[3.235s] copying my_listener_package/__init__.py -> /home/uiabot/uiabot_ws/build/my_listener_package/build/lib/my_listener_package
[3.235s] running install
[3.244s] running install_lib
[3.272s] creating /home/uiabot/uiabot_ws/install/my_listener_package/lib/python3.12/site-packages/my_listener_package
[3.274s] copying /home/uiabot/uiabot_ws/build/my_listener_package/build/lib/my_listener_package/cmd_vel_listener.py -> /home/uiabot/uiabot_ws/install/my_listener_package/lib/python3.12/site-packages/my_listener_package
[3.274s] copying /home/uiabot/uiabot_ws/build/my_listener_package/build/lib/my_listener_package/__init__.py -> /home/uiabot/uiabot_ws/install/my_listener_package/lib/python3.12/site-packages/my_listener_package
[3.274s] byte-compiling /home/uiabot/uiabot_ws/install/my_listener_package/lib/python3.12/site-packages/my_listener_package/cmd_vel_listener.py to cmd_vel_listener.cpython-312.pyc
[3.275s] byte-compiling /home/uiabot/uiabot_ws/install/my_listener_package/lib/python3.12/site-packages/my_listener_package/__init__.py to __init__.cpython-312.pyc
[3.275s] running install_data
[3.276s] creating /home/uiabot/uiabot_ws/install/my_listener_package/share/ament_index
[3.276s] creating /home/uiabot/uiabot_ws/install/my_listener_package/share/ament_index/resource_index
[3.278s] creating /home/uiabot/uiabot_ws/install/my_listener_package/share/ament_index/resource_index/packages
[3.278s] copying resource/my_listener_package -> /home/uiabot/uiabot_ws/install/my_listener_package/share/ament_index/resource_index/packages
[3.278s] copying package.xml -> /home/uiabot/uiabot_ws/install/my_listener_package/share/my_listener_package
[3.278s] running install_egg_info
[3.313s] Copying ../../build/my_listener_package/my_listener_package.egg-info to /home/uiabot/uiabot_ws/install/my_listener_package/lib/python3.12/site-packages/my_listener_package-0.0.0-py3.12.egg-info
[3.315s] running install_scripts
[3.557s] Installing cmd_vel_listener script to /home/uiabot/uiabot_ws/install/my_listener_package/lib/my_listener_package
[3.558s] writing list of installed files to '/home/uiabot/uiabot_ws/build/my_listener_package/install.log'
[3.741s] Invoked command in '/home/uiabot/uiabot_ws/src/my_listener_package' returned '0': DEBUGINFOD_URLS=https://debuginfod.ubuntu.com PYTHONPATH=/home/uiabot/uiabot_ws/build/my_listener_package/prefix_override:/usr/lib/python3/dist-packages/colcon_core/task/python/colcon_distutils_commands:/home/uiabot/uiabot_ws/install/my_listener_package/lib/python3.12/site-packages:${PYTHONPATH} /usr/bin/python3 -W ignore:setup.py install is deprecated setup.py egg_info --egg-base ../../build/my_listener_package build --build-base /home/uiabot/uiabot_ws/build/my_listener_package/build install --record /home/uiabot/uiabot_ws/build/my_listener_package/install.log --single-version-externally-managed install_data
