[1.517s] Invoking command in '/home/uiabot/uiabot_ws/src/rsp_launch': DEBUGINFOD_URLS=https://debuginfod.ubuntu.com PYTHONPATH=/home/uiabot/uiabot_ws/build/rsp_launch/prefix_override:/usr/lib/python3/dist-packages/colcon_core/task/python/colcon_distutils_commands:/home/uiabot/uiabot_ws/install/rsp_launch/lib/python3.12/site-packages:${PYTHONPATH} /usr/bin/python3 -W ignore:setup.py install is deprecated setup.py egg_info --egg-base ../../build/rsp_launch build --build-base /home/uiabot/uiabot_ws/build/rsp_launch/build install --record /home/uiabot/uiabot_ws/build/rsp_launch/install.log --single-version-externally-managed install_data
[1.894s] running egg_info
[1.919s] writing ../../build/rsp_launch/rsp_launch.egg-info/PKG-INFO
[1.919s] writing dependency_links to ../../build/rsp_launch/rsp_launch.egg-info/dependency_links.txt
[1.920s] writing requirements to ../../build/rsp_launch/rsp_launch.egg-info/requires.txt
[1.921s] writing top-level names to ../../build/rsp_launch/rsp_launch.egg-info/top_level.txt
[1.975s] reading manifest file '../../build/rsp_launch/rsp_launch.egg-info/SOURCES.txt'
[1.976s] writing manifest file '../../build/rsp_launch/rsp_launch.egg-info/SOURCES.txt'
[1.976s] running build
[1.977s] running build_py
[1.977s] running install
[1.986s] running install_lib
[2.012s] running install_data
[2.013s] copying launch/rsp.launch.py -> /home/uiabot/uiabot_ws/install/rsp_launch/share/rsp_launch/launch
[2.013s] running install_egg_info
[2.042s] removing '/home/uiabot/uiabot_ws/install/rsp_launch/lib/python3.12/site-packages/rsp_launch-0.0.1-py3.12.egg-info' (and everything under it)
[2.042s] Copying ../../build/rsp_launch/rsp_launch.egg-info to /home/uiabot/uiabot_ws/install/rsp_launch/lib/python3.12/site-packages/rsp_launch-0.0.1-py3.12.egg-info
[2.044s] running install_scripts
[2.232s] writing list of installed files to '/home/uiabot/uiabot_ws/build/rsp_launch/install.log'
[2.318s] Invoked command in '/home/uiabot/uiabot_ws/src/rsp_launch' returned '0': DEBUGINFOD_URLS=https://debuginfod.ubuntu.com PYTHONPATH=/home/uiabot/uiabot_ws/build/rsp_launch/prefix_override:/usr/lib/python3/dist-packages/colcon_core/task/python/colcon_distutils_commands:/home/uiabot/uiabot_ws/install/rsp_launch/lib/python3.12/site-packages:${PYTHONPATH} /usr/bin/python3 -W ignore:setup.py install is deprecated setup.py egg_info --egg-base ../../build/rsp_launch build --build-base /home/uiabot/uiabot_ws/build/rsp_launch/build install --record /home/uiabot/uiabot_ws/build/rsp_launch/install.log --single-version-externally-managed install_data
