[0.854s] Invoking command in '/home/devtex/uiabot_ws/src/my_publisher_package': PYTHONPATH=/home/devtex/uiabot_ws/build/my_publisher_package/prefix_override:/usr/lib/python3/dist-packages/colcon_core/task/python/colcon_distutils_commands:/home/devtex/uiabot_ws/install/my_publisher_package/lib/python3.10/site-packages:${PYTHONPATH} /usr/bin/python3 -W ignore:setup.py install is deprecated setup.py egg_info --egg-base ../../build/my_publisher_package build --build-base /home/devtex/uiabot_ws/build/my_publisher_package/build install --record /home/devtex/uiabot_ws/build/my_publisher_package/install.log --single-version-externally-managed install_data
[1.037s] running egg_info
[1.044s] writing ../../build/my_publisher_package/my_publisher_package.egg-info/PKG-INFO
[1.044s] writing dependency_links to ../../build/my_publisher_package/my_publisher_package.egg-info/dependency_links.txt
[1.044s] writing entry points to ../../build/my_publisher_package/my_publisher_package.egg-info/entry_points.txt
[1.044s] writing requirements to ../../build/my_publisher_package/my_publisher_package.egg-info/requires.txt
[1.044s] writing top-level names to ../../build/my_publisher_package/my_publisher_package.egg-info/top_level.txt
[1.057s] reading manifest file '../../build/my_publisher_package/my_publisher_package.egg-info/SOURCES.txt'
[1.058s] writing manifest file '../../build/my_publisher_package/my_publisher_package.egg-info/SOURCES.txt'
[1.058s] running build
[1.058s] running build_py
[1.058s] running install
[1.060s] running install_lib
[1.067s] running install_data
[1.067s] running install_egg_info
[1.074s] removing '/home/devtex/uiabot_ws/install/my_publisher_package/lib/python3.10/site-packages/my_publisher_package-0.0.0-py3.10.egg-info' (and everything under it)
[1.075s] Copying ../../build/my_publisher_package/my_publisher_package.egg-info to /home/devtex/uiabot_ws/install/my_publisher_package/lib/python3.10/site-packages/my_publisher_package-0.0.0-py3.10.egg-info
[1.075s] running install_scripts
[1.102s] Installing cmd_vel_publisher script to /home/devtex/uiabot_ws/install/my_publisher_package/lib/my_publisher_package
[1.102s] writing list of installed files to '/home/devtex/uiabot_ws/build/my_publisher_package/install.log'
[1.123s] Invoked command in '/home/devtex/uiabot_ws/src/my_publisher_package' returned '0': PYTHONPATH=/home/devtex/uiabot_ws/build/my_publisher_package/prefix_override:/usr/lib/python3/dist-packages/colcon_core/task/python/colcon_distutils_commands:/home/devtex/uiabot_ws/install/my_publisher_package/lib/python3.10/site-packages:${PYTHONPATH} /usr/bin/python3 -W ignore:setup.py install is deprecated setup.py egg_info --egg-base ../../build/my_publisher_package build --build-base /home/devtex/uiabot_ws/build/my_publisher_package/build install --record /home/devtex/uiabot_ws/build/my_publisher_package/install.log --single-version-externally-managed install_data
