[0.035s] Invoking command in '/home/uiabot/uiabot_ws/build/robot_description': CMAKE_PREFIX_PATH=${CMAKE_PREFIX_PATH}:/home/uiabot/uiabot_ws/install/rsp_launch:/home/uiabot/uiabot_ws/install/my_publisher_package:/home/uiabot/uiabot_ws/install/my_listener_package:/home/uiabot/uiabot_ws/install/lidar_package:/home/uiabot/uiabot_ws/install/launch_package:/home/uiabot/ros2_ws/install/robot_keyboard_control:/home/uiabot/ros2_ws/install/my_publisher_package:/home/uiabot/ros2_ws/install/my_listener_package:/home/uiabot/ros2_ws/install/esp32_com:/opt/ros/jazzy DEBUGINFOD_URLS=https://debuginfod.ubuntu.com /usr/bin/cmake --build /home/uiabot/uiabot_ws/build/robot_description -- -j4 -l4
[0.551s] Invoked command in '/home/uiabot/uiabot_ws/build/robot_description' returned '0': CMAKE_PREFIX_PATH=${CMAKE_PREFIX_PATH}:/home/uiabot/uiabot_ws/install/rsp_launch:/home/uiabot/uiabot_ws/install/my_publisher_package:/home/uiabot/uiabot_ws/install/my_listener_package:/home/uiabot/uiabot_ws/install/lidar_package:/home/uiabot/uiabot_ws/install/launch_package:/home/uiabot/ros2_ws/install/robot_keyboard_control:/home/uiabot/ros2_ws/install/my_publisher_package:/home/uiabot/ros2_ws/install/my_listener_package:/home/uiabot/ros2_ws/install/esp32_com:/opt/ros/jazzy DEBUGINFOD_URLS=https://debuginfod.ubuntu.com /usr/bin/cmake --build /home/uiabot/uiabot_ws/build/robot_description -- -j4 -l4
[0.620s] Invoking command in '/home/uiabot/uiabot_ws/build/robot_description': CMAKE_PREFIX_PATH=${CMAKE_PREFIX_PATH}:/home/uiabot/uiabot_ws/install/rsp_launch:/home/uiabot/uiabot_ws/install/my_publisher_package:/home/uiabot/uiabot_ws/install/my_listener_package:/home/uiabot/uiabot_ws/install/lidar_package:/home/uiabot/uiabot_ws/install/launch_package:/home/uiabot/ros2_ws/install/robot_keyboard_control:/home/uiabot/ros2_ws/install/my_publisher_package:/home/uiabot/ros2_ws/install/my_listener_package:/home/uiabot/ros2_ws/install/esp32_com:/opt/ros/jazzy DEBUGINFOD_URLS=https://debuginfod.ubuntu.com /usr/bin/cmake --install /home/uiabot/uiabot_ws/build/robot_description
[0.638s] -- Install configuration: ""
[0.639s] -- Up-to-date: /home/uiabot/uiabot_ws/install/robot_description/share/robot_description/config
[0.640s] -- Up-to-date: /home/uiabot/uiabot_ws/install/robot_description/share/robot_description/config/my_controllers.yaml
[0.640s] -- Up-to-date: /home/uiabot/uiabot_ws/install/robot_description/share/robot_description/config/empty.yaml
[0.641s] -- Up-to-date: /home/uiabot/uiabot_ws/install/robot_description/share/robot_description/config/uiabot_config.rviz
[0.641s] -- Up-to-date: /home/uiabot/uiabot_ws/install/robot_description/share/robot_description/description
[0.641s] -- Up-to-date: /home/uiabot/uiabot_ws/install/robot_description/share/robot_description/description/robot_core.xacro
[0.642s] -- Up-to-date: /home/uiabot/uiabot_ws/install/robot_description/share/robot_description/description/lidar.xacro
[0.642s] -- Up-to-date: /home/uiabot/uiabot_ws/install/robot_description/share/robot_description/description/inertial_macros.xacro
[0.642s] -- Up-to-date: /home/uiabot/uiabot_ws/install/robot_description/share/robot_description/description/AssemUiAminibot2 .STL
[0.642s] -- Up-to-date: /home/uiabot/uiabot_ws/install/robot_description/share/robot_description/description/Motor.STL
[0.642s] -- Up-to-date: /home/uiabot/uiabot_ws/install/robot_description/share/robot_description/description/RP-lidar-A1.STL
[0.643s] -- Up-to-date: /home/uiabot/uiabot_ws/install/robot_description/share/robot_description/description/MotorBracket.STL
[0.643s] -- Up-to-date: /home/uiabot/uiabot_ws/install/robot_description/share/robot_description/description/SupportWheelBracket_v03.STL
[0.643s] -- Up-to-date: /home/uiabot/uiabot_ws/install/robot_description/share/robot_description/description/robot.urdf.xacro
[0.643s] -- Up-to-date: /home/uiabot/uiabot_ws/install/robot_description/share/robot_description/description/UiAFullWafflePlate.STL
[0.643s] -- Up-to-date: /home/uiabot/uiabot_ws/install/robot_description/share/robot_description/description/ros2_control.xacro
[0.644s] -- Up-to-date: /home/uiabot/uiabot_ws/install/robot_description/share/robot_description/description/RPLidarCasingV3_Wcut.STL
[0.644s] -- Up-to-date: /home/uiabot/uiabot_ws/install/robot_description/share/robot_description/description/gazebo_control.xacro
[0.644s] -- Up-to-date: /home/uiabot/uiabot_ws/install/robot_description/share/robot_description/launch
[0.644s] -- Up-to-date: /home/uiabot/uiabot_ws/install/robot_description/share/robot_description/launch/rplidar.launch.py
[0.644s] -- Up-to-date: /home/uiabot/uiabot_ws/install/robot_description/share/robot_description/launch/launch_sim.launch.py
[0.644s] -- Up-to-date: /home/uiabot/uiabot_ws/install/robot_description/share/robot_description/launch/rsp.launch.py
[0.644s] -- Up-to-date: /home/uiabot/uiabot_ws/install/robot_description/share/robot_description/worlds
[0.645s] -- Up-to-date: /home/uiabot/uiabot_ws/install/robot_description/share/robot_description/worlds/empty.world
[0.645s] -- Up-to-date: /home/uiabot/uiabot_ws/install/robot_description/share/ament_index/resource_index/package_run_dependencies/robot_description
[0.645s] -- Up-to-date: /home/uiabot/uiabot_ws/install/robot_description/share/ament_index/resource_index/parent_prefix_path/robot_description
[0.646s] -- Up-to-date: /home/uiabot/uiabot_ws/install/robot_description/share/robot_description/environment/ament_prefix_path.sh
[0.647s] -- Up-to-date: /home/uiabot/uiabot_ws/install/robot_description/share/robot_description/environment/ament_prefix_path.dsv
[0.648s] -- Up-to-date: /home/uiabot/uiabot_ws/install/robot_description/share/robot_description/environment/path.sh
[0.648s] -- Up-to-date: /home/uiabot/uiabot_ws/install/robot_description/share/robot_description/environment/path.dsv
[0.648s] -- Up-to-date: /home/uiabot/uiabot_ws/install/robot_description/share/robot_description/local_setup.bash
[0.648s] -- Up-to-date: /home/uiabot/uiabot_ws/install/robot_description/share/robot_description/local_setup.sh
[0.648s] -- Up-to-date: /home/uiabot/uiabot_ws/install/robot_description/share/robot_description/local_setup.zsh
[0.648s] -- Up-to-date: /home/uiabot/uiabot_ws/install/robot_description/share/robot_description/local_setup.dsv
[0.649s] -- Installing: /home/uiabot/uiabot_ws/install/robot_description/share/robot_description/package.dsv
[0.649s] -- Up-to-date: /home/uiabot/uiabot_ws/install/robot_description/share/ament_index/resource_index/packages/robot_description
[0.649s] -- Up-to-date: /home/uiabot/uiabot_ws/install/robot_description/share/robot_description/cmake/robot_descriptionConfig.cmake
[0.649s] -- Up-to-date: /home/uiabot/uiabot_ws/install/robot_description/share/robot_description/cmake/robot_descriptionConfig-version.cmake
[0.649s] -- Up-to-date: /home/uiabot/uiabot_ws/install/robot_description/share/robot_description/package.xml
[0.650s] Invoked command in '/home/uiabot/uiabot_ws/build/robot_description' returned '0': CMAKE_PREFIX_PATH=${CMAKE_PREFIX_PATH}:/home/uiabot/uiabot_ws/install/rsp_launch:/home/uiabot/uiabot_ws/install/my_publisher_package:/home/uiabot/uiabot_ws/install/my_listener_package:/home/uiabot/uiabot_ws/install/lidar_package:/home/uiabot/uiabot_ws/install/launch_package:/home/uiabot/ros2_ws/install/robot_keyboard_control:/home/uiabot/ros2_ws/install/my_publisher_package:/home/uiabot/ros2_ws/install/my_listener_package:/home/uiabot/ros2_ws/install/esp32_com:/opt/ros/jazzy DEBUGINFOD_URLS=https://debuginfod.ubuntu.com /usr/bin/cmake --install /home/uiabot/uiabot_ws/build/robot_description
