[0.803s] Invoking command in '/home/devtex/uiabot_ws/src/my_listener_package': PYTHONPATH=/home/devtex/uiabot_ws/build/my_listener_package/prefix_override:/usr/lib/python3/dist-packages/colcon_core/task/python/colcon_distutils_commands:/home/devtex/uiabot_ws/install/my_listener_package/lib/python3.10/site-packages:${PYTHONPATH} /usr/bin/python3 -W ignore:setup.py install is deprecated setup.py egg_info --egg-base ../../build/my_listener_package build --build-base /home/devtex/uiabot_ws/build/my_listener_package/build install --record /home/devtex/uiabot_ws/build/my_listener_package/install.log --single-version-externally-managed install_data
[0.994s] running egg_info
[0.995s] creating ../../build/my_listener_package/my_listener_package.egg-info
[1.002s] writing ../../build/my_listener_package/my_listener_package.egg-info/PKG-INFO
[1.002s] writing dependency_links to ../../build/my_listener_package/my_listener_package.egg-info/dependency_links.txt
[1.002s] writing entry points to ../../build/my_listener_package/my_listener_package.egg-info/entry_points.txt
[1.002s] writing requirements to ../../build/my_listener_package/my_listener_package.egg-info/requires.txt
[1.002s] writing top-level names to ../../build/my_listener_package/my_listener_package.egg-info/top_level.txt
[1.002s] writing manifest file '../../build/my_listener_package/my_listener_package.egg-info/SOURCES.txt'
[1.016s] reading manifest file '../../build/my_listener_package/my_listener_package.egg-info/SOURCES.txt'
[1.017s] writing manifest file '../../build/my_listener_package/my_listener_package.egg-info/SOURCES.txt'
[1.017s] running build
[1.017s] running build_py
[1.017s] creating /home/devtex/uiabot_ws/build/my_listener_package/build
[1.017s] creating /home/devtex/uiabot_ws/build/my_listener_package/build/lib
[1.017s] creating /home/devtex/uiabot_ws/build/my_listener_package/build/lib/my_listener_package
[1.017s] copying my_listener_package/cmd_vel_listener.py -> /home/devtex/uiabot_ws/build/my_listener_package/build/lib/my_listener_package
[1.017s] copying my_listener_package/__init__.py -> /home/devtex/uiabot_ws/build/my_listener_package/build/lib/my_listener_package
[1.017s] running install
[1.020s] running install_lib
[1.026s] creating /home/devtex/uiabot_ws/install/my_listener_package/lib/python3.10/site-packages/my_listener_package
[1.027s] copying /home/devtex/uiabot_ws/build/my_listener_package/build/lib/my_listener_package/cmd_vel_listener.py -> /home/devtex/uiabot_ws/install/my_listener_package/lib/python3.10/site-packages/my_listener_package
[1.027s] copying /home/devtex/uiabot_ws/build/my_listener_package/build/lib/my_listener_package/__init__.py -> /home/devtex/uiabot_ws/install/my_listener_package/lib/python3.10/site-packages/my_listener_package
[1.027s] byte-compiling /home/devtex/uiabot_ws/install/my_listener_package/lib/python3.10/site-packages/my_listener_package/cmd_vel_listener.py to cmd_vel_listener.cpython-310.pyc
[1.027s] byte-compiling /home/devtex/uiabot_ws/install/my_listener_package/lib/python3.10/site-packages/my_listener_package/__init__.py to __init__.cpython-310.pyc
[1.027s] running install_data
[1.028s] creating /home/devtex/uiabot_ws/install/my_listener_package/share/ament_index
[1.028s] creating /home/devtex/uiabot_ws/install/my_listener_package/share/ament_index/resource_index
[1.028s] creating /home/devtex/uiabot_ws/install/my_listener_package/share/ament_index/resource_index/packages
[1.028s] copying resource/my_listener_package -> /home/devtex/uiabot_ws/install/my_listener_package/share/ament_index/resource_index/packages
[1.028s] copying package.xml -> /home/devtex/uiabot_ws/install/my_listener_package/share/my_listener_package
[1.028s] running install_egg_info
[1.035s] Copying ../../build/my_listener_package/my_listener_package.egg-info to /home/devtex/uiabot_ws/install/my_listener_package/lib/python3.10/site-packages/my_listener_package-0.0.0-py3.10.egg-info
[1.035s] running install_scripts
[1.063s] Installing cmd_vel_listener script to /home/devtex/uiabot_ws/install/my_listener_package/lib/my_listener_package
[1.063s] writing list of installed files to '/home/devtex/uiabot_ws/build/my_listener_package/install.log'
[1.087s] Invoked command in '/home/devtex/uiabot_ws/src/my_listener_package' returned '0': PYTHONPATH=/home/devtex/uiabot_ws/build/my_listener_package/prefix_override:/usr/lib/python3/dist-packages/colcon_core/task/python/colcon_distutils_commands:/home/devtex/uiabot_ws/install/my_listener_package/lib/python3.10/site-packages:${PYTHONPATH} /usr/bin/python3 -W ignore:setup.py install is deprecated setup.py egg_info --egg-base ../../build/my_listener_package build --build-base /home/devtex/uiabot_ws/build/my_listener_package/build install --record /home/devtex/uiabot_ws/build/my_listener_package/install.log --single-version-externally-managed install_data
