running develop
Removing /home/devtex/uiabot_ws/install/lidar_package/lib/python3.10/site-packages/lidar-package.egg-link (link to .)
running egg_info
writing ../../build/lidar_package/lidar_package.egg-info/PKG-INFO
writing dependency_links to ../../build/lidar_package/lidar_package.egg-info/dependency_links.txt
writing entry points to ../../build/lidar_package/lidar_package.egg-info/entry_points.txt
writing requirements to ../../build/lidar_package/lidar_package.egg-info/requires.txt
writing top-level names to ../../build/lidar_package/lidar_package.egg-info/top_level.txt
reading manifest file '../../build/lidar_package/lidar_package.egg-info/SOURCES.txt'
writing manifest file '../../build/lidar_package/lidar_package.egg-info/SOURCES.txt'
running build
running build_py
copying lidar_package/lidar_node.py -> /home/devtex/uiabot_ws/build/lidar_package/build/lib/lidar_package
copying lidar_package/__init__.py -> /home/devtex/uiabot_ws/build/lidar_package/build/lib/lidar_package
running install
running install_lib
creating /home/devtex/uiabot_ws/install/lidar_package/lib/python3.10/site-packages/lidar_package
copying /home/devtex/uiabot_ws/build/lidar_package/build/lib/lidar_package/lidar_node.py -> /home/devtex/uiabot_ws/install/lidar_package/lib/python3.10/site-packages/lidar_package
copying /home/devtex/uiabot_ws/build/lidar_package/build/lib/lidar_package/__init__.py -> /home/devtex/uiabot_ws/install/lidar_package/lib/python3.10/site-packages/lidar_package
byte-compiling /home/devtex/uiabot_ws/install/lidar_package/lib/python3.10/site-packages/lidar_package/lidar_node.py to lidar_node.cpython-310.pyc
byte-compiling /home/devtex/uiabot_ws/install/lidar_package/lib/python3.10/site-packages/lidar_package/__init__.py to __init__.cpython-310.pyc
running install_data
copying resource/lidar_package -> /home/devtex/uiabot_ws/install/lidar_package/share/ament_index/resource_index/packages
copying package.xml -> /home/devtex/uiabot_ws/install/lidar_package/share/lidar_package
running install_egg_info
Copying ../../build/lidar_package/lidar_package.egg-info to /home/devtex/uiabot_ws/install/lidar_package/lib/python3.10/site-packages/lidar_package-0.0.0-py3.10.egg-info
running install_scripts
Installing lidar_node script to /home/devtex/uiabot_ws/install/lidar_package/lib/lidar_package
writing list of installed files to '/home/devtex/uiabot_ws/build/lidar_package/install.log'
