running egg_info
writing ../../build/my_publisher_package/my_publisher_package.egg-info/PKG-INFO
writing dependency_links to ../../build/my_publisher_package/my_publisher_package.egg-info/dependency_links.txt
writing entry points to ../../build/my_publisher_package/my_publisher_package.egg-info/entry_points.txt
writing requirements to ../../build/my_publisher_package/my_publisher_package.egg-info/requires.txt
writing top-level names to ../../build/my_publisher_package/my_publisher_package.egg-info/top_level.txt
reading manifest file '../../build/my_publisher_package/my_publisher_package.egg-info/SOURCES.txt'
writing manifest file '../../build/my_publisher_package/my_publisher_package.egg-info/SOURCES.txt'
running build
running build_py
copying my_publisher_package/cmd_vel_publisher.py -> /home/devtex/uiabot_ws/build/my_publisher_package/build/lib/my_publisher_package
running install
running install_lib
copying /home/devtex/uiabot_ws/build/my_publisher_package/build/lib/my_publisher_package/cmd_vel_publisher.py -> /home/devtex/uiabot_ws/install/my_publisher_package/lib/python3.10/site-packages/my_publisher_package
byte-compiling /home/devtex/uiabot_ws/install/my_publisher_package/lib/python3.10/site-packages/my_publisher_package/cmd_vel_publisher.py to cmd_vel_publisher.cpython-310.pyc
running install_data
running install_egg_info
removing '/home/devtex/uiabot_ws/install/my_publisher_package/lib/python3.10/site-packages/my_publisher_package-0.0.0-py3.10.egg-info' (and everything under it)
Copying ../../build/my_publisher_package/my_publisher_package.egg-info to /home/devtex/uiabot_ws/install/my_publisher_package/lib/python3.10/site-packages/my_publisher_package-0.0.0-py3.10.egg-info
running install_scripts
Installing cmd_vel_publisher script to /home/devtex/uiabot_ws/install/my_publisher_package/lib/my_publisher_package
writing list of installed files to '/home/devtex/uiabot_ws/build/my_publisher_package/install.log'
