[0.053s] DEBUG:colcon:Command line arguments: ['/usr/bin/colcon', 'build']
[0.054s] DEBUG:colcon:Parsed command line arguments: Namespace(log_base=None, log_level=None, verb_name='build', build_base='build', install_base='install', merge_install=False, symlink_install=False, test_result_base=None, continue_on_error=False, executor='parallel', parallel_workers=32, event_handlers=None, ignore_user_meta=False, metas=['./colcon.meta'], base_paths=['.'], packages_ignore=None, packages_ignore_regex=None, paths=None, packages_up_to=None, packages_up_to_regex=None, packages_above=None, packages_above_and_dependencies=None, packages_above_depth=None, packages_select_by_dep=None, packages_skip_by_dep=None, packages_skip_up_to=None, packages_select_build_failed=False, packages_skip_build_finished=False, packages_select_test_failures=False, packages_skip_test_passed=False, packages_select=None, packages_skip=None, packages_select_regex=None, packages_skip_regex=None, packages_start=None, packages_end=None, allow_overriding=[], cmake_args=None, cmake_target=None, cmake_target_skip_unavailable=False, cmake_clean_cache=False, cmake_clean_first=False, cmake_force_configure=False, ament_cmake_args=None, catkin_cmake_args=None, catkin_skip_building_tests=False, mixin_files=None, mixin=None, verb_parser=<colcon_mixin.mixin.mixin_argument.MixinArgumentDecorator object at 0x74250ae37880>, verb_extension=<colcon_core.verb.build.BuildVerb object at 0x74250ae36e90>, main=<bound method BuildVerb.main of <colcon_core.verb.build.BuildVerb object at 0x74250ae36e90>>, mixin_verb=('build',))
[0.155s] Level 1:colcon.colcon_core.package_discovery:discover_packages(colcon_meta) check parameters
[0.155s] Level 1:colcon.colcon_core.package_discovery:discover_packages(recursive) check parameters
[0.155s] Level 1:colcon.colcon_core.package_discovery:discover_packages(ignore) check parameters
[0.155s] Level 1:colcon.colcon_core.package_discovery:discover_packages(path) check parameters
[0.155s] Level 1:colcon.colcon_core.package_discovery:discover_packages(colcon_meta) discover
[0.155s] Level 1:colcon.colcon_core.package_discovery:discover_packages(recursive) discover
[0.155s] INFO:colcon.colcon_core.package_discovery:Crawling recursively for packages in '/home/devtex/uiabot_ws'
[0.155s] Level 1:colcon.colcon_core.package_identification:_identify(.) by extensions ['ignore', 'ignore_ament_install']
[0.155s] Level 1:colcon.colcon_core.package_identification:_identify(.) by extension 'ignore'
[0.155s] Level 1:colcon.colcon_core.package_identification:_identify(.) by extension 'ignore_ament_install'
[0.155s] Level 1:colcon.colcon_core.package_identification:_identify(.) by extensions ['colcon_pkg']
[0.155s] Level 1:colcon.colcon_core.package_identification:_identify(.) by extension 'colcon_pkg'
[0.155s] Level 1:colcon.colcon_core.package_identification:_identify(.) by extensions ['colcon_meta']
[0.155s] Level 1:colcon.colcon_core.package_identification:_identify(.) by extension 'colcon_meta'
[0.155s] Level 1:colcon.colcon_core.package_identification:_identify(.) by extensions ['ros']
[0.155s] Level 1:colcon.colcon_core.package_identification:_identify(.) by extension 'ros'
[0.162s] Level 1:colcon.colcon_core.package_identification:_identify(.) by extensions ['cmake', 'python']
[0.162s] Level 1:colcon.colcon_core.package_identification:_identify(.) by extension 'cmake'
[0.162s] Level 1:colcon.colcon_core.package_identification:_identify(.) by extension 'python'
[0.162s] Level 1:colcon.colcon_core.package_identification:_identify(.) by extensions ['python_setup_py']
[0.162s] Level 1:colcon.colcon_core.package_identification:_identify(.) by extension 'python_setup_py'
[0.162s] Level 1:colcon.colcon_core.package_identification:_identify(build) by extensions ['ignore', 'ignore_ament_install']
[0.162s] Level 1:colcon.colcon_core.package_identification:_identify(build) by extension 'ignore'
[0.162s] Level 1:colcon.colcon_core.package_identification:_identify(build) ignored
[0.162s] Level 1:colcon.colcon_core.package_identification:_identify(install) by extensions ['ignore', 'ignore_ament_install']
[0.162s] Level 1:colcon.colcon_core.package_identification:_identify(install) by extension 'ignore'
[0.162s] Level 1:colcon.colcon_core.package_identification:_identify(install) ignored
[0.162s] Level 1:colcon.colcon_core.package_identification:_identify(log) by extensions ['ignore', 'ignore_ament_install']
[0.162s] Level 1:colcon.colcon_core.package_identification:_identify(log) by extension 'ignore'
[0.162s] Level 1:colcon.colcon_core.package_identification:_identify(log) ignored
[0.162s] Level 1:colcon.colcon_core.package_identification:_identify(src) by extensions ['ignore', 'ignore_ament_install']
[0.162s] Level 1:colcon.colcon_core.package_identification:_identify(src) by extension 'ignore'
[0.162s] Level 1:colcon.colcon_core.package_identification:_identify(src) by extension 'ignore_ament_install'
[0.162s] Level 1:colcon.colcon_core.package_identification:_identify(src) by extensions ['colcon_pkg']
[0.162s] Level 1:colcon.colcon_core.package_identification:_identify(src) by extension 'colcon_pkg'
[0.162s] Level 1:colcon.colcon_core.package_identification:_identify(src) by extensions ['colcon_meta']
[0.162s] Level 1:colcon.colcon_core.package_identification:_identify(src) by extension 'colcon_meta'
[0.162s] Level 1:colcon.colcon_core.package_identification:_identify(src) by extensions ['ros']
[0.162s] Level 1:colcon.colcon_core.package_identification:_identify(src) by extension 'ros'
[0.162s] Level 1:colcon.colcon_core.package_identification:_identify(src) by extensions ['cmake', 'python']
[0.162s] Level 1:colcon.colcon_core.package_identification:_identify(src) by extension 'cmake'
[0.162s] Level 1:colcon.colcon_core.package_identification:_identify(src) by extension 'python'
[0.162s] Level 1:colcon.colcon_core.package_identification:_identify(src) by extensions ['python_setup_py']
[0.162s] Level 1:colcon.colcon_core.package_identification:_identify(src) by extension 'python_setup_py'
[0.162s] Level 1:colcon.colcon_core.package_identification:_identify(src/lidar_package) by extensions ['ignore', 'ignore_ament_install']
[0.162s] Level 1:colcon.colcon_core.package_identification:_identify(src/lidar_package) by extension 'ignore'
[0.162s] Level 1:colcon.colcon_core.package_identification:_identify(src/lidar_package) by extension 'ignore_ament_install'
[0.162s] Level 1:colcon.colcon_core.package_identification:_identify(src/lidar_package) by extensions ['colcon_pkg']
[0.162s] Level 1:colcon.colcon_core.package_identification:_identify(src/lidar_package) by extension 'colcon_pkg'
[0.163s] Level 1:colcon.colcon_core.package_identification:_identify(src/lidar_package) by extensions ['colcon_meta']
[0.163s] Level 1:colcon.colcon_core.package_identification:_identify(src/lidar_package) by extension 'colcon_meta'
[0.163s] Level 1:colcon.colcon_core.package_identification:_identify(src/lidar_package) by extensions ['ros']
[0.163s] Level 1:colcon.colcon_core.package_identification:_identify(src/lidar_package) by extension 'ros'
[0.164s] DEBUG:colcon.colcon_core.package_identification:Package 'src/lidar_package' with type 'ros.ament_python' and name 'lidar_package'
[0.164s] Level 1:colcon.colcon_core.package_identification:_identify(src/my_listener_package) by extensions ['ignore', 'ignore_ament_install']
[0.164s] Level 1:colcon.colcon_core.package_identification:_identify(src/my_listener_package) by extension 'ignore'
[0.164s] Level 1:colcon.colcon_core.package_identification:_identify(src/my_listener_package) by extension 'ignore_ament_install'
[0.164s] Level 1:colcon.colcon_core.package_identification:_identify(src/my_listener_package) by extensions ['colcon_pkg']
[0.164s] Level 1:colcon.colcon_core.package_identification:_identify(src/my_listener_package) by extension 'colcon_pkg'
[0.164s] Level 1:colcon.colcon_core.package_identification:_identify(src/my_listener_package) by extensions ['colcon_meta']
[0.164s] Level 1:colcon.colcon_core.package_identification:_identify(src/my_listener_package) by extension 'colcon_meta'
[0.164s] Level 1:colcon.colcon_core.package_identification:_identify(src/my_listener_package) by extensions ['ros']
[0.164s] Level 1:colcon.colcon_core.package_identification:_identify(src/my_listener_package) by extension 'ros'
[0.164s] DEBUG:colcon.colcon_core.package_identification:Package 'src/my_listener_package' with type 'ros.ament_python' and name 'my_listener_package'
[0.164s] Level 1:colcon.colcon_core.package_identification:_identify(src/my_publisher_package) by extensions ['ignore', 'ignore_ament_install']
[0.164s] Level 1:colcon.colcon_core.package_identification:_identify(src/my_publisher_package) by extension 'ignore'
[0.164s] Level 1:colcon.colcon_core.package_identification:_identify(src/my_publisher_package) by extension 'ignore_ament_install'
[0.164s] Level 1:colcon.colcon_core.package_identification:_identify(src/my_publisher_package) by extensions ['colcon_pkg']
[0.164s] Level 1:colcon.colcon_core.package_identification:_identify(src/my_publisher_package) by extension 'colcon_pkg'
[0.164s] Level 1:colcon.colcon_core.package_identification:_identify(src/my_publisher_package) by extensions ['colcon_meta']
[0.164s] Level 1:colcon.colcon_core.package_identification:_identify(src/my_publisher_package) by extension 'colcon_meta'
[0.164s] Level 1:colcon.colcon_core.package_identification:_identify(src/my_publisher_package) by extensions ['ros']
[0.164s] Level 1:colcon.colcon_core.package_identification:_identify(src/my_publisher_package) by extension 'ros'
[0.165s] DEBUG:colcon.colcon_core.package_identification:Package 'src/my_publisher_package' with type 'ros.ament_python' and name 'my_publisher_package'
[0.165s] Level 1:colcon.colcon_core.package_identification:_identify(src/robot_description) by extensions ['ignore', 'ignore_ament_install']
[0.165s] Level 1:colcon.colcon_core.package_identification:_identify(src/robot_description) by extension 'ignore'
[0.165s] Level 1:colcon.colcon_core.package_identification:_identify(src/robot_description) by extension 'ignore_ament_install'
[0.165s] Level 1:colcon.colcon_core.package_identification:_identify(src/robot_description) by extensions ['colcon_pkg']
[0.165s] Level 1:colcon.colcon_core.package_identification:_identify(src/robot_description) by extension 'colcon_pkg'
[0.165s] Level 1:colcon.colcon_core.package_identification:_identify(src/robot_description) by extensions ['colcon_meta']
[0.165s] Level 1:colcon.colcon_core.package_identification:_identify(src/robot_description) by extension 'colcon_meta'
[0.165s] Level 1:colcon.colcon_core.package_identification:_identify(src/robot_description) by extensions ['ros']
[0.165s] Level 1:colcon.colcon_core.package_identification:_identify(src/robot_description) by extension 'ros'
[0.165s] DEBUG:colcon.colcon_core.package_identification:Package 'src/robot_description' with type 'ros.ament_cmake' and name 'robot_description'
[0.165s] Level 1:colcon.colcon_core.package_discovery:discover_packages(recursive) using defaults
[0.165s] Level 1:colcon.colcon_core.package_discovery:discover_packages(ignore) discover
[0.165s] Level 1:colcon.colcon_core.package_discovery:discover_packages(ignore) using defaults
[0.165s] Level 1:colcon.colcon_core.package_discovery:discover_packages(path) discover
[0.165s] Level 1:colcon.colcon_core.package_discovery:discover_packages(path) using defaults
[0.175s] Level 1:colcon.colcon_core.package_discovery:discover_packages(prefix_path) check parameters
[0.175s] Level 1:colcon.colcon_core.package_discovery:discover_packages(prefix_path) discover
[0.176s] DEBUG:colcon.colcon_installed_package_information.package_discovery:Found 444 installed packages in /opt/ros/humble
[0.177s] Level 1:colcon.colcon_core.package_discovery:discover_packages(prefix_path) using defaults
[0.198s] Level 5:colcon.colcon_core.verb:set package 'lidar_package' build argument 'cmake_args' from command line to 'None'
[0.198s] Level 5:colcon.colcon_core.verb:set package 'lidar_package' build argument 'cmake_target' from command line to 'None'
[0.198s] Level 5:colcon.colcon_core.verb:set package 'lidar_package' build argument 'cmake_target_skip_unavailable' from command line to 'False'
[0.198s] Level 5:colcon.colcon_core.verb:set package 'lidar_package' build argument 'cmake_clean_cache' from command line to 'False'
[0.198s] Level 5:colcon.colcon_core.verb:set package 'lidar_package' build argument 'cmake_clean_first' from command line to 'False'
[0.198s] Level 5:colcon.colcon_core.verb:set package 'lidar_package' build argument 'cmake_force_configure' from command line to 'False'
[0.198s] Level 5:colcon.colcon_core.verb:set package 'lidar_package' build argument 'ament_cmake_args' from command line to 'None'
[0.198s] Level 5:colcon.colcon_core.verb:set package 'lidar_package' build argument 'catkin_cmake_args' from command line to 'None'
[0.198s] Level 5:colcon.colcon_core.verb:set package 'lidar_package' build argument 'catkin_skip_building_tests' from command line to 'False'
[0.198s] DEBUG:colcon.colcon_core.verb:Building package 'lidar_package' with the following arguments: {'ament_cmake_args': None, 'build_base': '/home/devtex/uiabot_ws/build/lidar_package', 'catkin_cmake_args': None, 'catkin_skip_building_tests': False, 'cmake_args': None, 'cmake_clean_cache': False, 'cmake_clean_first': False, 'cmake_force_configure': False, 'cmake_target': None, 'cmake_target_skip_unavailable': False, 'install_base': '/home/devtex/uiabot_ws/install/lidar_package', 'merge_install': False, 'path': '/home/devtex/uiabot_ws/src/lidar_package', 'symlink_install': False, 'test_result_base': None}
[0.198s] Level 5:colcon.colcon_core.verb:set package 'my_listener_package' build argument 'cmake_args' from command line to 'None'
[0.198s] Level 5:colcon.colcon_core.verb:set package 'my_listener_package' build argument 'cmake_target' from command line to 'None'
[0.198s] Level 5:colcon.colcon_core.verb:set package 'my_listener_package' build argument 'cmake_target_skip_unavailable' from command line to 'False'
[0.198s] Level 5:colcon.colcon_core.verb:set package 'my_listener_package' build argument 'cmake_clean_cache' from command line to 'False'
[0.198s] Level 5:colcon.colcon_core.verb:set package 'my_listener_package' build argument 'cmake_clean_first' from command line to 'False'
[0.198s] Level 5:colcon.colcon_core.verb:set package 'my_listener_package' build argument 'cmake_force_configure' from command line to 'False'
[0.198s] Level 5:colcon.colcon_core.verb:set package 'my_listener_package' build argument 'ament_cmake_args' from command line to 'None'
[0.198s] Level 5:colcon.colcon_core.verb:set package 'my_listener_package' build argument 'catkin_cmake_args' from command line to 'None'
[0.198s] Level 5:colcon.colcon_core.verb:set package 'my_listener_package' build argument 'catkin_skip_building_tests' from command line to 'False'
[0.198s] DEBUG:colcon.colcon_core.verb:Building package 'my_listener_package' with the following arguments: {'ament_cmake_args': None, 'build_base': '/home/devtex/uiabot_ws/build/my_listener_package', 'catkin_cmake_args': None, 'catkin_skip_building_tests': False, 'cmake_args': None, 'cmake_clean_cache': False, 'cmake_clean_first': False, 'cmake_force_configure': False, 'cmake_target': None, 'cmake_target_skip_unavailable': False, 'install_base': '/home/devtex/uiabot_ws/install/my_listener_package', 'merge_install': False, 'path': '/home/devtex/uiabot_ws/src/my_listener_package', 'symlink_install': False, 'test_result_base': None}
[0.199s] Level 5:colcon.colcon_core.verb:set package 'my_publisher_package' build argument 'cmake_args' from command line to 'None'
[0.199s] Level 5:colcon.colcon_core.verb:set package 'my_publisher_package' build argument 'cmake_target' from command line to 'None'
[0.199s] Level 5:colcon.colcon_core.verb:set package 'my_publisher_package' build argument 'cmake_target_skip_unavailable' from command line to 'False'
[0.199s] Level 5:colcon.colcon_core.verb:set package 'my_publisher_package' build argument 'cmake_clean_cache' from command line to 'False'
[0.199s] Level 5:colcon.colcon_core.verb:set package 'my_publisher_package' build argument 'cmake_clean_first' from command line to 'False'
[0.199s] Level 5:colcon.colcon_core.verb:set package 'my_publisher_package' build argument 'cmake_force_configure' from command line to 'False'
[0.199s] Level 5:colcon.colcon_core.verb:set package 'my_publisher_package' build argument 'ament_cmake_args' from command line to 'None'
[0.199s] Level 5:colcon.colcon_core.verb:set package 'my_publisher_package' build argument 'catkin_cmake_args' from command line to 'None'
[0.199s] Level 5:colcon.colcon_core.verb:set package 'my_publisher_package' build argument 'catkin_skip_building_tests' from command line to 'False'
[0.199s] DEBUG:colcon.colcon_core.verb:Building package 'my_publisher_package' with the following arguments: {'ament_cmake_args': None, 'build_base': '/home/devtex/uiabot_ws/build/my_publisher_package', 'catkin_cmake_args': None, 'catkin_skip_building_tests': False, 'cmake_args': None, 'cmake_clean_cache': False, 'cmake_clean_first': False, 'cmake_force_configure': False, 'cmake_target': None, 'cmake_target_skip_unavailable': False, 'install_base': '/home/devtex/uiabot_ws/install/my_publisher_package', 'merge_install': False, 'path': '/home/devtex/uiabot_ws/src/my_publisher_package', 'symlink_install': False, 'test_result_base': None}
[0.199s] Level 5:colcon.colcon_core.verb:set package 'robot_description' build argument 'cmake_args' from command line to 'None'
[0.199s] Level 5:colcon.colcon_core.verb:set package 'robot_description' build argument 'cmake_target' from command line to 'None'
[0.199s] Level 5:colcon.colcon_core.verb:set package 'robot_description' build argument 'cmake_target_skip_unavailable' from command line to 'False'
[0.199s] Level 5:colcon.colcon_core.verb:set package 'robot_description' build argument 'cmake_clean_cache' from command line to 'False'
[0.199s] Level 5:colcon.colcon_core.verb:set package 'robot_description' build argument 'cmake_clean_first' from command line to 'False'
[0.199s] Level 5:colcon.colcon_core.verb:set package 'robot_description' build argument 'cmake_force_configure' from command line to 'False'
[0.199s] Level 5:colcon.colcon_core.verb:set package 'robot_description' build argument 'ament_cmake_args' from command line to 'None'
[0.199s] Level 5:colcon.colcon_core.verb:set package 'robot_description' build argument 'catkin_cmake_args' from command line to 'None'
[0.199s] Level 5:colcon.colcon_core.verb:set package 'robot_description' build argument 'catkin_skip_building_tests' from command line to 'False'
[0.199s] DEBUG:colcon.colcon_core.verb:Building package 'robot_description' with the following arguments: {'ament_cmake_args': None, 'build_base': '/home/devtex/uiabot_ws/build/robot_description', 'catkin_cmake_args': None, 'catkin_skip_building_tests': False, 'cmake_args': None, 'cmake_clean_cache': False, 'cmake_clean_first': False, 'cmake_force_configure': False, 'cmake_target': None, 'cmake_target_skip_unavailable': False, 'install_base': '/home/devtex/uiabot_ws/install/robot_description', 'merge_install': False, 'path': '/home/devtex/uiabot_ws/src/robot_description', 'symlink_install': False, 'test_result_base': None}
[0.199s] INFO:colcon.colcon_core.executor:Executing jobs using 'parallel' executor
[0.200s] DEBUG:colcon.colcon_parallel_executor.executor.parallel:run_until_complete
[0.200s] INFO:colcon.colcon_ros.task.ament_python.build:Building ROS package in '/home/devtex/uiabot_ws/src/lidar_package' with build type 'ament_python'
[0.200s] Level 1:colcon.colcon_core.shell:create_environment_hook('lidar_package', 'ament_prefix_path')
[0.201s] INFO:colcon.colcon_core.plugin_system:Skipping extension 'colcon_core.shell.bat': Not used on non-Windows systems
[0.201s] INFO:colcon.colcon_core.shell:Creating environment hook '/home/devtex/uiabot_ws/install/lidar_package/share/lidar_package/hook/ament_prefix_path.ps1'
[0.201s] INFO:colcon.colcon_core.shell:Creating environment descriptor '/home/devtex/uiabot_ws/install/lidar_package/share/lidar_package/hook/ament_prefix_path.dsv'
[0.201s] INFO:colcon.colcon_core.shell:Creating environment hook '/home/devtex/uiabot_ws/install/lidar_package/share/lidar_package/hook/ament_prefix_path.sh'
[0.202s] INFO:colcon.colcon_core.shell:Skip shell extension 'powershell' for command environment: Not usable outside of PowerShell
[0.202s] DEBUG:colcon.colcon_core.shell:Skip shell extension 'dsv' for command environment
[0.203s] INFO:colcon.colcon_ros.task.ament_python.build:Building ROS package in '/home/devtex/uiabot_ws/src/my_listener_package' with build type 'ament_python'
[0.203s] Level 1:colcon.colcon_core.shell:create_environment_hook('my_listener_package', 'ament_prefix_path')
[0.203s] INFO:colcon.colcon_core.shell:Creating environment hook '/home/devtex/uiabot_ws/install/my_listener_package/share/my_listener_package/hook/ament_prefix_path.ps1'
[0.204s] INFO:colcon.colcon_core.shell:Creating environment descriptor '/home/devtex/uiabot_ws/install/my_listener_package/share/my_listener_package/hook/ament_prefix_path.dsv'
[0.204s] INFO:colcon.colcon_core.shell:Creating environment hook '/home/devtex/uiabot_ws/install/my_listener_package/share/my_listener_package/hook/ament_prefix_path.sh'
[0.204s] INFO:colcon.colcon_core.shell:Skip shell extension 'powershell' for command environment: Not usable outside of PowerShell
[0.204s] DEBUG:colcon.colcon_core.shell:Skip shell extension 'dsv' for command environment
[0.205s] INFO:colcon.colcon_ros.task.ament_python.build:Building ROS package in '/home/devtex/uiabot_ws/src/my_publisher_package' with build type 'ament_python'
[0.205s] Level 1:colcon.colcon_core.shell:create_environment_hook('my_publisher_package', 'ament_prefix_path')
[0.205s] INFO:colcon.colcon_core.shell:Creating environment hook '/home/devtex/uiabot_ws/install/my_publisher_package/share/my_publisher_package/hook/ament_prefix_path.ps1'
[0.205s] INFO:colcon.colcon_core.shell:Creating environment descriptor '/home/devtex/uiabot_ws/install/my_publisher_package/share/my_publisher_package/hook/ament_prefix_path.dsv'
[0.206s] INFO:colcon.colcon_core.shell:Creating environment hook '/home/devtex/uiabot_ws/install/my_publisher_package/share/my_publisher_package/hook/ament_prefix_path.sh'
[0.206s] INFO:colcon.colcon_core.shell:Skip shell extension 'powershell' for command environment: Not usable outside of PowerShell
[0.206s] DEBUG:colcon.colcon_core.shell:Skip shell extension 'dsv' for command environment
[0.207s] INFO:colcon.colcon_ros.task.ament_cmake.build:Building ROS package in '/home/devtex/uiabot_ws/src/robot_description' with build type 'ament_cmake'
[0.207s] INFO:colcon.colcon_cmake.task.cmake.build:Building CMake package in '/home/devtex/uiabot_ws/src/robot_description'
[0.207s] INFO:colcon.colcon_core.shell:Skip shell extension 'powershell' for command environment: Not usable outside of PowerShell
[0.207s] DEBUG:colcon.colcon_core.shell:Skip shell extension 'dsv' for command environment
[0.374s] INFO:colcon.colcon_core.task.python.build:Building Python package in '/home/devtex/uiabot_ws/src/lidar_package'
[0.374s] INFO:colcon.colcon_core.shell:Skip shell extension 'powershell' for command environment: Not usable outside of PowerShell
[0.374s] DEBUG:colcon.colcon_core.shell:Skip shell extension 'dsv' for command environment
[0.543s] INFO:colcon.colcon_core.task.python.build:Building Python package in '/home/devtex/uiabot_ws/src/my_listener_package'
[0.544s] INFO:colcon.colcon_core.shell:Skip shell extension 'powershell' for command environment: Not usable outside of PowerShell
[0.544s] DEBUG:colcon.colcon_core.shell:Skip shell extension 'dsv' for command environment
[0.721s] INFO:colcon.colcon_core.task.python.build:Building Python package in '/home/devtex/uiabot_ws/src/my_publisher_package'
[0.721s] INFO:colcon.colcon_core.shell:Skip shell extension 'powershell' for command environment: Not usable outside of PowerShell
[0.721s] DEBUG:colcon.colcon_core.shell:Skip shell extension 'dsv' for command environment
[0.724s] DEBUG:colcon.colcon_core.event_handler.log_command:Invoking command in '/home/devtex/uiabot_ws/build/robot_description': CMAKE_PREFIX_PATH=/opt/ros/humble /usr/bin/cmake --build /home/devtex/uiabot_ws/build/robot_description -- -j32 -l32
[0.742s] DEBUG:colcon.colcon_core.event_handler.log_command:Invoked command in '/home/devtex/uiabot_ws/build/robot_description' returned '0': CMAKE_PREFIX_PATH=/opt/ros/humble /usr/bin/cmake --build /home/devtex/uiabot_ws/build/robot_description -- -j32 -l32
[0.755s] DEBUG:colcon.colcon_core.event_handler.log_command:Invoking command in '/home/devtex/uiabot_ws/build/robot_description': CMAKE_PREFIX_PATH=/opt/ros/humble /usr/bin/cmake --install /home/devtex/uiabot_ws/build/robot_description
[0.760s] Level 1:colcon.colcon_core.environment:create_environment_scripts_only(robot_description)
[0.761s] DEBUG:colcon.colcon_core.event_handler.log_command:Invoked command in '/home/devtex/uiabot_ws/build/robot_description' returned '0': CMAKE_PREFIX_PATH=/opt/ros/humble /usr/bin/cmake --install /home/devtex/uiabot_ws/build/robot_description
[0.762s] Level 1:colcon.colcon_core.environment:checking '/home/devtex/uiabot_ws/install/robot_description' for CMake module files
[0.763s] Level 1:colcon.colcon_core.environment:checking '/home/devtex/uiabot_ws/install/robot_description' for CMake config files
[0.763s] Level 1:colcon.colcon_core.shell:create_environment_hook('robot_description', 'cmake_prefix_path')
[0.763s] INFO:colcon.colcon_core.shell:Creating environment hook '/home/devtex/uiabot_ws/install/robot_description/share/robot_description/hook/cmake_prefix_path.ps1'
[0.763s] INFO:colcon.colcon_core.shell:Creating environment descriptor '/home/devtex/uiabot_ws/install/robot_description/share/robot_description/hook/cmake_prefix_path.dsv'
[0.764s] INFO:colcon.colcon_core.shell:Creating environment hook '/home/devtex/uiabot_ws/install/robot_description/share/robot_description/hook/cmake_prefix_path.sh'
[0.764s] Level 1:colcon.colcon_core.environment:checking '/home/devtex/uiabot_ws/install/robot_description/bin'
[0.764s] Level 1:colcon.colcon_core.environment:checking '/home/devtex/uiabot_ws/install/robot_description/lib/pkgconfig/robot_description.pc'
[0.764s] Level 1:colcon.colcon_core.environment:checking '/home/devtex/uiabot_ws/install/robot_description/lib/python3.10/site-packages'
[0.764s] Level 1:colcon.colcon_core.environment:checking '/home/devtex/uiabot_ws/install/robot_description/bin'
[0.765s] INFO:colcon.colcon_core.shell:Creating package script '/home/devtex/uiabot_ws/install/robot_description/share/robot_description/package.ps1'
[0.765s] INFO:colcon.colcon_core.shell:Creating package descriptor '/home/devtex/uiabot_ws/install/robot_description/share/robot_description/package.dsv'
[0.766s] INFO:colcon.colcon_core.shell:Creating package script '/home/devtex/uiabot_ws/install/robot_description/share/robot_description/package.sh'
[0.766s] INFO:colcon.colcon_core.shell:Creating package script '/home/devtex/uiabot_ws/install/robot_description/share/robot_description/package.bash'
[0.767s] INFO:colcon.colcon_core.shell:Creating package script '/home/devtex/uiabot_ws/install/robot_description/share/robot_description/package.zsh'
[0.767s] Level 1:colcon.colcon_core.environment:create_file_with_runtime_dependencies(/home/devtex/uiabot_ws/install/robot_description/share/colcon-core/packages/robot_description)
[0.777s] Level 1:colcon.colcon_core.environment:create_environment_scripts_only(robot_description)
[0.777s] Level 1:colcon.colcon_core.environment:checking '/home/devtex/uiabot_ws/install/robot_description' for CMake module files
[0.777s] Level 1:colcon.colcon_core.environment:checking '/home/devtex/uiabot_ws/install/robot_description' for CMake config files
[0.777s] Level 1:colcon.colcon_core.shell:create_environment_hook('robot_description', 'cmake_prefix_path')
[0.777s] INFO:colcon.colcon_core.shell:Creating environment hook '/home/devtex/uiabot_ws/install/robot_description/share/robot_description/hook/cmake_prefix_path.ps1'
[0.777s] INFO:colcon.colcon_core.shell:Creating environment descriptor '/home/devtex/uiabot_ws/install/robot_description/share/robot_description/hook/cmake_prefix_path.dsv'
[0.777s] INFO:colcon.colcon_core.shell:Creating environment hook '/home/devtex/uiabot_ws/install/robot_description/share/robot_description/hook/cmake_prefix_path.sh'
[0.778s] Level 1:colcon.colcon_core.environment:checking '/home/devtex/uiabot_ws/install/robot_description/bin'
[0.778s] Level 1:colcon.colcon_core.environment:checking '/home/devtex/uiabot_ws/install/robot_description/lib/pkgconfig/robot_description.pc'
[0.778s] Level 1:colcon.colcon_core.environment:checking '/home/devtex/uiabot_ws/install/robot_description/lib/python3.10/site-packages'
[0.778s] Level 1:colcon.colcon_core.environment:checking '/home/devtex/uiabot_ws/install/robot_description/bin'
[0.778s] INFO:colcon.colcon_core.shell:Creating package script '/home/devtex/uiabot_ws/install/robot_description/share/robot_description/package.ps1'
[0.778s] INFO:colcon.colcon_core.shell:Creating package descriptor '/home/devtex/uiabot_ws/install/robot_description/share/robot_description/package.dsv'
[0.778s] INFO:colcon.colcon_core.shell:Creating package script '/home/devtex/uiabot_ws/install/robot_description/share/robot_description/package.sh'
[0.778s] INFO:colcon.colcon_core.shell:Creating package script '/home/devtex/uiabot_ws/install/robot_description/share/robot_description/package.bash'
[0.778s] INFO:colcon.colcon_core.shell:Creating package script '/home/devtex/uiabot_ws/install/robot_description/share/robot_description/package.zsh'
[0.779s] Level 1:colcon.colcon_core.environment:create_file_with_runtime_dependencies(/home/devtex/uiabot_ws/install/robot_description/share/colcon-core/packages/robot_description)
[1.045s] DEBUG:colcon.colcon_core.event_handler.log_command:Invoking command in '/home/devtex/uiabot_ws/src/my_listener_package': PYTHONPATH=/home/devtex/uiabot_ws/build/my_listener_package/prefix_override:/usr/lib/python3/dist-packages/colcon_core/task/python/colcon_distutils_commands:/home/devtex/uiabot_ws/install/my_listener_package/lib/python3.10/site-packages:${PYTHONPATH} /usr/bin/python3 -W ignore:setup.py install is deprecated setup.py egg_info --egg-base ../../build/my_listener_package build --build-base /home/devtex/uiabot_ws/build/my_listener_package/build install --record /home/devtex/uiabot_ws/build/my_listener_package/install.log --single-version-externally-managed install_data
[1.048s] DEBUG:colcon.colcon_core.event_handler.log_command:Invoking command in '/home/devtex/uiabot_ws/src/my_publisher_package': PYTHONPATH=/home/devtex/uiabot_ws/build/my_publisher_package/prefix_override:/usr/lib/python3/dist-packages/colcon_core/task/python/colcon_distutils_commands:/home/devtex/uiabot_ws/install/my_publisher_package/lib/python3.10/site-packages:${PYTHONPATH} /usr/bin/python3 -W ignore:setup.py install is deprecated setup.py egg_info --egg-base ../../build/my_publisher_package build --build-base /home/devtex/uiabot_ws/build/my_publisher_package/build install --record /home/devtex/uiabot_ws/build/my_publisher_package/install.log --single-version-externally-managed install_data
[1.049s] DEBUG:colcon.colcon_core.event_handler.log_command:Invoking command in '/home/devtex/uiabot_ws/src/lidar_package': PYTHONPATH=/home/devtex/uiabot_ws/build/lidar_package/prefix_override:/usr/lib/python3/dist-packages/colcon_core/task/python/colcon_distutils_commands:/home/devtex/uiabot_ws/install/lidar_package/lib/python3.10/site-packages:${PYTHONPATH} /usr/bin/python3 -W ignore:setup.py install is deprecated setup.py egg_info --egg-base ../../build/lidar_package build --build-base /home/devtex/uiabot_ws/build/lidar_package/build install --record /home/devtex/uiabot_ws/build/lidar_package/install.log --single-version-externally-managed install_data
[1.315s] Level 1:colcon.colcon_core.environment:checking '/home/devtex/uiabot_ws/install/my_publisher_package' for CMake module files
[1.316s] DEBUG:colcon.colcon_core.event_handler.log_command:Invoked command in '/home/devtex/uiabot_ws/src/my_publisher_package' returned '0': PYTHONPATH=/home/devtex/uiabot_ws/build/my_publisher_package/prefix_override:/usr/lib/python3/dist-packages/colcon_core/task/python/colcon_distutils_commands:/home/devtex/uiabot_ws/install/my_publisher_package/lib/python3.10/site-packages:${PYTHONPATH} /usr/bin/python3 -W ignore:setup.py install is deprecated setup.py egg_info --egg-base ../../build/my_publisher_package build --build-base /home/devtex/uiabot_ws/build/my_publisher_package/build install --record /home/devtex/uiabot_ws/build/my_publisher_package/install.log --single-version-externally-managed install_data
[1.316s] Level 1:colcon.colcon_core.environment:checking '/home/devtex/uiabot_ws/install/my_publisher_package' for CMake config files
[1.316s] Level 1:colcon.colcon_core.environment:checking '/home/devtex/uiabot_ws/install/my_publisher_package/lib'
[1.316s] Level 1:colcon.colcon_core.environment:checking '/home/devtex/uiabot_ws/install/my_publisher_package/bin'
[1.316s] Level 1:colcon.colcon_core.environment:checking '/home/devtex/uiabot_ws/install/my_publisher_package/lib/pkgconfig/my_publisher_package.pc'
[1.316s] Level 1:colcon.colcon_core.environment:checking '/home/devtex/uiabot_ws/install/my_publisher_package/lib/python3.10/site-packages'
[1.316s] Level 1:colcon.colcon_core.shell:create_environment_hook('my_publisher_package', 'pythonpath')
[1.317s] INFO:colcon.colcon_core.shell:Creating environment hook '/home/devtex/uiabot_ws/install/my_publisher_package/share/my_publisher_package/hook/pythonpath.ps1'
[1.317s] INFO:colcon.colcon_core.shell:Creating environment descriptor '/home/devtex/uiabot_ws/install/my_publisher_package/share/my_publisher_package/hook/pythonpath.dsv'
[1.317s] INFO:colcon.colcon_core.shell:Creating environment hook '/home/devtex/uiabot_ws/install/my_publisher_package/share/my_publisher_package/hook/pythonpath.sh'
[1.317s] Level 1:colcon.colcon_core.environment:checking '/home/devtex/uiabot_ws/install/my_publisher_package/bin'
[1.317s] Level 1:colcon.colcon_core.environment:create_environment_scripts_only(my_publisher_package)
[1.317s] INFO:colcon.colcon_core.shell:Creating package script '/home/devtex/uiabot_ws/install/my_publisher_package/share/my_publisher_package/package.ps1'
[1.317s] INFO:colcon.colcon_core.shell:Creating package descriptor '/home/devtex/uiabot_ws/install/my_publisher_package/share/my_publisher_package/package.dsv'
[1.318s] INFO:colcon.colcon_core.shell:Creating package script '/home/devtex/uiabot_ws/install/my_publisher_package/share/my_publisher_package/package.sh'
[1.318s] INFO:colcon.colcon_core.shell:Creating package script '/home/devtex/uiabot_ws/install/my_publisher_package/share/my_publisher_package/package.bash'
[1.318s] INFO:colcon.colcon_core.shell:Creating package script '/home/devtex/uiabot_ws/install/my_publisher_package/share/my_publisher_package/package.zsh'
[1.318s] Level 1:colcon.colcon_core.environment:create_file_with_runtime_dependencies(/home/devtex/uiabot_ws/install/my_publisher_package/share/colcon-core/packages/my_publisher_package)
[1.319s] Level 1:colcon.colcon_core.environment:checking '/home/devtex/uiabot_ws/install/lidar_package' for CMake module files
[1.319s] Level 1:colcon.colcon_core.environment:checking '/home/devtex/uiabot_ws/install/lidar_package' for CMake config files
[1.319s] DEBUG:colcon.colcon_core.event_handler.log_command:Invoked command in '/home/devtex/uiabot_ws/src/lidar_package' returned '0': PYTHONPATH=/home/devtex/uiabot_ws/build/lidar_package/prefix_override:/usr/lib/python3/dist-packages/colcon_core/task/python/colcon_distutils_commands:/home/devtex/uiabot_ws/install/lidar_package/lib/python3.10/site-packages:${PYTHONPATH} /usr/bin/python3 -W ignore:setup.py install is deprecated setup.py egg_info --egg-base ../../build/lidar_package build --build-base /home/devtex/uiabot_ws/build/lidar_package/build install --record /home/devtex/uiabot_ws/build/lidar_package/install.log --single-version-externally-managed install_data
[1.319s] Level 1:colcon.colcon_core.environment:checking '/home/devtex/uiabot_ws/install/lidar_package/lib'
[1.319s] Level 1:colcon.colcon_core.environment:checking '/home/devtex/uiabot_ws/install/lidar_package/bin'
[1.319s] Level 1:colcon.colcon_core.environment:checking '/home/devtex/uiabot_ws/install/lidar_package/lib/pkgconfig/lidar_package.pc'
[1.320s] Level 1:colcon.colcon_core.environment:checking '/home/devtex/uiabot_ws/install/lidar_package/lib/python3.10/site-packages'
[1.320s] Level 1:colcon.colcon_core.shell:create_environment_hook('lidar_package', 'pythonpath')
[1.320s] INFO:colcon.colcon_core.shell:Creating environment hook '/home/devtex/uiabot_ws/install/lidar_package/share/lidar_package/hook/pythonpath.ps1'
[1.320s] INFO:colcon.colcon_core.shell:Creating environment descriptor '/home/devtex/uiabot_ws/install/lidar_package/share/lidar_package/hook/pythonpath.dsv'
[1.320s] INFO:colcon.colcon_core.shell:Creating environment hook '/home/devtex/uiabot_ws/install/lidar_package/share/lidar_package/hook/pythonpath.sh'
[1.320s] Level 1:colcon.colcon_core.environment:checking '/home/devtex/uiabot_ws/install/lidar_package/bin'
[1.320s] Level 1:colcon.colcon_core.environment:create_environment_scripts_only(lidar_package)
[1.320s] INFO:colcon.colcon_core.shell:Creating package script '/home/devtex/uiabot_ws/install/lidar_package/share/lidar_package/package.ps1'
[1.321s] INFO:colcon.colcon_core.shell:Creating package descriptor '/home/devtex/uiabot_ws/install/lidar_package/share/lidar_package/package.dsv'
[1.321s] INFO:colcon.colcon_core.shell:Creating package script '/home/devtex/uiabot_ws/install/lidar_package/share/lidar_package/package.sh'
[1.321s] INFO:colcon.colcon_core.shell:Creating package script '/home/devtex/uiabot_ws/install/lidar_package/share/lidar_package/package.bash'
[1.321s] INFO:colcon.colcon_core.shell:Creating package script '/home/devtex/uiabot_ws/install/lidar_package/share/lidar_package/package.zsh'
[1.321s] Level 1:colcon.colcon_core.environment:create_file_with_runtime_dependencies(/home/devtex/uiabot_ws/install/lidar_package/share/colcon-core/packages/lidar_package)
[1.323s] Level 1:colcon.colcon_core.environment:checking '/home/devtex/uiabot_ws/install/my_listener_package' for CMake module files
[1.323s] DEBUG:colcon.colcon_core.event_handler.log_command:Invoked command in '/home/devtex/uiabot_ws/src/my_listener_package' returned '0': PYTHONPATH=/home/devtex/uiabot_ws/build/my_listener_package/prefix_override:/usr/lib/python3/dist-packages/colcon_core/task/python/colcon_distutils_commands:/home/devtex/uiabot_ws/install/my_listener_package/lib/python3.10/site-packages:${PYTHONPATH} /usr/bin/python3 -W ignore:setup.py install is deprecated setup.py egg_info --egg-base ../../build/my_listener_package build --build-base /home/devtex/uiabot_ws/build/my_listener_package/build install --record /home/devtex/uiabot_ws/build/my_listener_package/install.log --single-version-externally-managed install_data
[1.323s] Level 1:colcon.colcon_core.environment:checking '/home/devtex/uiabot_ws/install/my_listener_package' for CMake config files
[1.323s] Level 1:colcon.colcon_core.environment:checking '/home/devtex/uiabot_ws/install/my_listener_package/lib'
[1.323s] Level 1:colcon.colcon_core.environment:checking '/home/devtex/uiabot_ws/install/my_listener_package/bin'
[1.323s] Level 1:colcon.colcon_core.environment:checking '/home/devtex/uiabot_ws/install/my_listener_package/lib/pkgconfig/my_listener_package.pc'
[1.323s] Level 1:colcon.colcon_core.environment:checking '/home/devtex/uiabot_ws/install/my_listener_package/lib/python3.10/site-packages'
[1.323s] Level 1:colcon.colcon_core.shell:create_environment_hook('my_listener_package', 'pythonpath')
[1.323s] INFO:colcon.colcon_core.shell:Creating environment hook '/home/devtex/uiabot_ws/install/my_listener_package/share/my_listener_package/hook/pythonpath.ps1'
[1.324s] INFO:colcon.colcon_core.shell:Creating environment descriptor '/home/devtex/uiabot_ws/install/my_listener_package/share/my_listener_package/hook/pythonpath.dsv'
[1.324s] INFO:colcon.colcon_core.shell:Creating environment hook '/home/devtex/uiabot_ws/install/my_listener_package/share/my_listener_package/hook/pythonpath.sh'
[1.324s] Level 1:colcon.colcon_core.environment:checking '/home/devtex/uiabot_ws/install/my_listener_package/bin'
[1.324s] Level 1:colcon.colcon_core.environment:create_environment_scripts_only(my_listener_package)
[1.324s] INFO:colcon.colcon_core.shell:Creating package script '/home/devtex/uiabot_ws/install/my_listener_package/share/my_listener_package/package.ps1'
[1.324s] INFO:colcon.colcon_core.shell:Creating package descriptor '/home/devtex/uiabot_ws/install/my_listener_package/share/my_listener_package/package.dsv'
[1.324s] INFO:colcon.colcon_core.shell:Creating package script '/home/devtex/uiabot_ws/install/my_listener_package/share/my_listener_package/package.sh'
[1.325s] INFO:colcon.colcon_core.shell:Creating package script '/home/devtex/uiabot_ws/install/my_listener_package/share/my_listener_package/package.bash'
[1.325s] INFO:colcon.colcon_core.shell:Creating package script '/home/devtex/uiabot_ws/install/my_listener_package/share/my_listener_package/package.zsh'
[1.325s] Level 1:colcon.colcon_core.environment:create_file_with_runtime_dependencies(/home/devtex/uiabot_ws/install/my_listener_package/share/colcon-core/packages/my_listener_package)
[1.325s] DEBUG:colcon.colcon_parallel_executor.executor.parallel:closing loop
[1.325s] DEBUG:colcon.colcon_parallel_executor.executor.parallel:loop closed
[1.325s] DEBUG:colcon.colcon_parallel_executor.executor.parallel:run_until_complete finished with '0'
[1.325s] DEBUG:colcon.colcon_core.event_reactor:joining thread
[1.327s] INFO:colcon.colcon_core.plugin_system:Skipping extension 'colcon_notification.desktop_notification.terminal_notifier': Not used on non-Darwin systems
[1.327s] INFO:colcon.colcon_core.plugin_system:Skipping extension 'colcon_notification.desktop_notification.win32': Not used on non-Windows systems
[1.327s] INFO:colcon.colcon_notification.desktop_notification:Sending desktop notification using 'notify2'
[1.334s] DEBUG:colcon.colcon_core.event_reactor:joined thread
[1.334s] INFO:colcon.colcon_core.shell:Creating prefix script '/home/devtex/uiabot_ws/install/local_setup.ps1'
[1.334s] INFO:colcon.colcon_core.shell:Creating prefix util module '/home/devtex/uiabot_ws/install/_local_setup_util_ps1.py'
[1.335s] INFO:colcon.colcon_core.shell:Creating prefix chain script '/home/devtex/uiabot_ws/install/setup.ps1'
[1.335s] INFO:colcon.colcon_core.shell:Creating prefix script '/home/devtex/uiabot_ws/install/local_setup.sh'
[1.335s] INFO:colcon.colcon_core.shell:Creating prefix util module '/home/devtex/uiabot_ws/install/_local_setup_util_sh.py'
[1.335s] INFO:colcon.colcon_core.shell:Creating prefix chain script '/home/devtex/uiabot_ws/install/setup.sh'
[1.336s] INFO:colcon.colcon_core.shell:Creating prefix script '/home/devtex/uiabot_ws/install/local_setup.bash'
[1.336s] INFO:colcon.colcon_core.shell:Creating prefix chain script '/home/devtex/uiabot_ws/install/setup.bash'
[1.336s] INFO:colcon.colcon_core.shell:Creating prefix script '/home/devtex/uiabot_ws/install/local_setup.zsh'
[1.336s] INFO:colcon.colcon_core.shell:Creating prefix chain script '/home/devtex/uiabot_ws/install/setup.zsh'
