running egg_info
creating ../../build/joint_state_publisher/joint_state_publisher.egg-info
writing ../../build/joint_state_publisher/joint_state_publisher.egg-info/PKG-INFO
writing dependency_links to ../../build/joint_state_publisher/joint_state_publisher.egg-info/dependency_links.txt
writing entry points to ../../build/joint_state_publisher/joint_state_publisher.egg-info/entry_points.txt
writing requirements to ../../build/joint_state_publisher/joint_state_publisher.egg-info/requires.txt
writing top-level names to ../../build/joint_state_publisher/joint_state_publisher.egg-info/top_level.txt
writing manifest file '../../build/joint_state_publisher/joint_state_publisher.egg-info/SOURCES.txt'
reading manifest file '../../build/joint_state_publisher/joint_state_publisher.egg-info/SOURCES.txt'
writing manifest file '../../build/joint_state_publisher/joint_state_publisher.egg-info/SOURCES.txt'
running build
running build_py
creating /home/uiabot/uiabot_ws/build/joint_state_publisher/build
creating /home/uiabot/uiabot_ws/build/joint_state_publisher/build/lib
creating /home/uiabot/uiabot_ws/build/joint_state_publisher/build/lib/joint_state_publisher
copying joint_state_publisher/joint_state_publisher.py -> /home/uiabot/uiabot_ws/build/joint_state_publisher/build/lib/joint_state_publisher
copying joint_state_publisher/__init__.py -> /home/uiabot/uiabot_ws/build/joint_state_publisher/build/lib/joint_state_publisher
running install
running install_lib
creating /home/uiabot/uiabot_ws/install/joint_state_publisher/lib/python3.12/site-packages/joint_state_publisher
copying /home/uiabot/uiabot_ws/build/joint_state_publisher/build/lib/joint_state_publisher/joint_state_publisher.py -> /home/uiabot/uiabot_ws/install/joint_state_publisher/lib/python3.12/site-packages/joint_state_publisher
copying /home/uiabot/uiabot_ws/build/joint_state_publisher/build/lib/joint_state_publisher/__init__.py -> /home/uiabot/uiabot_ws/install/joint_state_publisher/lib/python3.12/site-packages/joint_state_publisher
byte-compiling /home/uiabot/uiabot_ws/install/joint_state_publisher/lib/python3.12/site-packages/joint_state_publisher/joint_state_publisher.py to joint_state_publisher.cpython-312.pyc
byte-compiling /home/uiabot/uiabot_ws/install/joint_state_publisher/lib/python3.12/site-packages/joint_state_publisher/__init__.py to __init__.cpython-312.pyc
running install_data
creating /home/uiabot/uiabot_ws/install/joint_state_publisher/share/joint_state_publisher/launch
running install_egg_info
Copying ../../build/joint_state_publisher/joint_state_publisher.egg-info to /home/uiabot/uiabot_ws/install/joint_state_publisher/lib/python3.12/site-packages/joint_state_publisher-0.0.1-py3.12.egg-info
running install_scripts
Installing joint_state_publisher script to /home/uiabot/uiabot_ws/install/joint_state_publisher/lib/joint_state_publisher
writing list of installed files to '/home/uiabot/uiabot_ws/build/joint_state_publisher/install.log'
