[0.808s] Invoking command in '/home/devtex/uiabot_ws/src/lidar_package': PYTHONPATH=/home/devtex/uiabot_ws/build/lidar_package/prefix_override:/usr/lib/python3/dist-packages/colcon_core/task/python/colcon_distutils_commands:/home/devtex/uiabot_ws/install/lidar_package/lib/python3.10/site-packages:${PYTHONPATH} /usr/bin/python3 -W ignore:setup.py install is deprecated setup.py egg_info --egg-base ../../build/lidar_package build --build-base /home/devtex/uiabot_ws/build/lidar_package/build install --record /home/devtex/uiabot_ws/build/lidar_package/install.log --single-version-externally-managed install_data
[0.991s] running egg_info
[0.992s] creating ../../build/lidar_package/lidar_package.egg-info
[1.000s] writing ../../build/lidar_package/lidar_package.egg-info/PKG-INFO
[1.000s] writing dependency_links to ../../build/lidar_package/lidar_package.egg-info/dependency_links.txt
[1.000s] writing entry points to ../../build/lidar_package/lidar_package.egg-info/entry_points.txt
[1.000s] writing requirements to ../../build/lidar_package/lidar_package.egg-info/requires.txt
[1.000s] writing top-level names to ../../build/lidar_package/lidar_package.egg-info/top_level.txt
[1.000s] writing manifest file '../../build/lidar_package/lidar_package.egg-info/SOURCES.txt'
[1.013s] reading manifest file '../../build/lidar_package/lidar_package.egg-info/SOURCES.txt'
[1.014s] writing manifest file '../../build/lidar_package/lidar_package.egg-info/SOURCES.txt'
[1.014s] running build
[1.014s] running build_py
[1.014s] creating /home/devtex/uiabot_ws/build/lidar_package/build
[1.014s] creating /home/devtex/uiabot_ws/build/lidar_package/build/lib
[1.014s] creating /home/devtex/uiabot_ws/build/lidar_package/build/lib/lidar_package
[1.014s] copying lidar_package/lidar_node.py -> /home/devtex/uiabot_ws/build/lidar_package/build/lib/lidar_package
[1.014s] copying lidar_package/__init__.py -> /home/devtex/uiabot_ws/build/lidar_package/build/lib/lidar_package
[1.014s] running install
[1.017s] running install_lib
[1.024s] creating /home/devtex/uiabot_ws/install/lidar_package/lib/python3.10/site-packages/lidar_package
[1.024s] copying /home/devtex/uiabot_ws/build/lidar_package/build/lib/lidar_package/lidar_node.py -> /home/devtex/uiabot_ws/install/lidar_package/lib/python3.10/site-packages/lidar_package
[1.024s] copying /home/devtex/uiabot_ws/build/lidar_package/build/lib/lidar_package/__init__.py -> /home/devtex/uiabot_ws/install/lidar_package/lib/python3.10/site-packages/lidar_package
[1.024s] byte-compiling /home/devtex/uiabot_ws/install/lidar_package/lib/python3.10/site-packages/lidar_package/lidar_node.py to lidar_node.cpython-310.pyc
[1.024s] byte-compiling /home/devtex/uiabot_ws/install/lidar_package/lib/python3.10/site-packages/lidar_package/__init__.py to __init__.cpython-310.pyc
[1.024s] running install_data
[1.024s] creating /home/devtex/uiabot_ws/install/lidar_package/share/ament_index
[1.024s] creating /home/devtex/uiabot_ws/install/lidar_package/share/ament_index/resource_index
[1.024s] creating /home/devtex/uiabot_ws/install/lidar_package/share/ament_index/resource_index/packages
[1.024s] copying resource/lidar_package -> /home/devtex/uiabot_ws/install/lidar_package/share/ament_index/resource_index/packages
[1.024s] copying package.xml -> /home/devtex/uiabot_ws/install/lidar_package/share/lidar_package
[1.024s] running install_egg_info
[1.031s] Copying ../../build/lidar_package/lidar_package.egg-info to /home/devtex/uiabot_ws/install/lidar_package/lib/python3.10/site-packages/lidar_package-0.0.0-py3.10.egg-info
[1.032s] running install_scripts
[1.059s] Installing lidar_node script to /home/devtex/uiabot_ws/install/lidar_package/lib/lidar_package
[1.059s] writing list of installed files to '/home/devtex/uiabot_ws/build/lidar_package/install.log'
[1.079s] Invoked command in '/home/devtex/uiabot_ws/src/lidar_package' returned '0': PYTHONPATH=/home/devtex/uiabot_ws/build/lidar_package/prefix_override:/usr/lib/python3/dist-packages/colcon_core/task/python/colcon_distutils_commands:/home/devtex/uiabot_ws/install/lidar_package/lib/python3.10/site-packages:${PYTHONPATH} /usr/bin/python3 -W ignore:setup.py install is deprecated setup.py egg_info --egg-base ../../build/lidar_package build --build-base /home/devtex/uiabot_ws/build/lidar_package/build install --record /home/devtex/uiabot_ws/build/lidar_package/install.log --single-version-externally-managed install_data
