[0.485s] Invoking command in '/home/devtex/uiabot_ws/build/uiabot': CMAKE_PREFIX_PATH=/opt/ros/humble /usr/bin/cmake /home/devtex/uiabot_ws/src/robot_description -DCMAKE_INSTALL_PREFIX=/home/devtex/uiabot_ws/install/uiabot
[0.539s] -- The C compiler identification is GNU 11.4.0
[0.582s] -- The CXX compiler identification is GNU 11.4.0
[0.588s] -- Detecting C compiler ABI info
[0.616s] -- Detecting C compiler ABI info - done
[0.619s] -- Check for working C compiler: /usr/lib/ccache/cc - skipped
[0.620s] -- Detecting C compile features
[0.620s] -- Detecting C compile features - done
[0.622s] -- Detecting CXX compiler ABI info
[0.652s] -- Detecting CXX compiler ABI info - done
[0.658s] -- Check for working CXX compiler: /usr/lib/ccache/c++ - skipped
[0.658s] -- Detecting CXX compile features
[0.659s] -- Detecting CXX compile features - done
[0.662s] -- Found ament_cmake: 1.3.10 (/opt/ros/humble/share/ament_cmake/cmake)
[0.992s] -- Found Python3: /usr/bin/python3 (found version "3.10.12") found components: Interpreter 
[1.045s] -- Found ament_lint_auto: 0.12.11 (/opt/ros/humble/share/ament_lint_auto/cmake)
[1.089s] -- Added test 'copyright' to check source files copyright and LICENSE
[1.095s] -- Added test 'cppcheck' to perform static code analysis on C / C++ code
[1.095s] -- Configured cppcheck include dirs: 
[1.095s] -- Configured cppcheck exclude dirs and/or files: 
[1.100s] -- Added test 'cpplint' to check C / C++ code against the Google style
[1.100s] -- Configured cpplint exclude dirs and/or files: 
[1.101s] -- Added test 'flake8' to check Python code syntax and style conventions
[1.102s] -- Added test 'lint_cmake' to check CMake code style
[1.103s] -- Added test 'pep257' to check Python code against some of the docstring style conventions in PEP 257
[1.109s] -- Added test 'uncrustify' to check C / C++ code style
[1.109s] -- Configured uncrustify additional arguments: 
[1.110s] -- Added test 'xmllint' to check XML markup files
[1.110s] -- Configuring done
[1.111s] -- Generating done
[1.112s] -- Build files have been written to: /home/devtex/uiabot_ws/build/uiabot
[1.114s] Invoked command in '/home/devtex/uiabot_ws/build/uiabot' returned '0': CMAKE_PREFIX_PATH=/opt/ros/humble /usr/bin/cmake /home/devtex/uiabot_ws/src/robot_description -DCMAKE_INSTALL_PREFIX=/home/devtex/uiabot_ws/install/uiabot
[1.115s] Invoking command in '/home/devtex/uiabot_ws/build/uiabot': CMAKE_PREFIX_PATH=/opt/ros/humble /usr/bin/cmake --build /home/devtex/uiabot_ws/build/uiabot -- -j32 -l32
[1.130s] Invoked command in '/home/devtex/uiabot_ws/build/uiabot' returned '0': CMAKE_PREFIX_PATH=/opt/ros/humble /usr/bin/cmake --build /home/devtex/uiabot_ws/build/uiabot -- -j32 -l32
[1.142s] Invoking command in '/home/devtex/uiabot_ws/build/uiabot': CMAKE_PREFIX_PATH=/opt/ros/humble /usr/bin/cmake --install /home/devtex/uiabot_ws/build/uiabot
[1.145s] -- Install configuration: ""
[1.145s] -- Installing: /home/devtex/uiabot_ws/install/uiabot/share/uiabot/config
[1.145s] -- Installing: /home/devtex/uiabot_ws/install/uiabot/share/uiabot/config/empty.yaml
[1.145s] -- Installing: /home/devtex/uiabot_ws/install/uiabot/share/uiabot/description
[1.145s] -- Installing: /home/devtex/uiabot_ws/install/uiabot/share/uiabot/description/RP-lidar-A1.STL
[1.157s] -- Installing: /home/devtex/uiabot_ws/install/uiabot/share/uiabot/description/face.xacro
[1.157s] -- Installing: /home/devtex/uiabot_ws/install/uiabot/share/uiabot/description/ros2_control.xacro
[1.157s] -- Installing: /home/devtex/uiabot_ws/install/uiabot/share/uiabot/description/Motor.STL
[1.158s] -- Installing: /home/devtex/uiabot_ws/install/uiabot/share/uiabot/description/gazebo_control.xacro
[1.158s] -- Installing: /home/devtex/uiabot_ws/install/uiabot/share/uiabot/description/SupportWheelBracket_v03.STL
[1.158s] -- Installing: /home/devtex/uiabot_ws/install/uiabot/share/uiabot/description/robot.urdf.xacro
[1.158s] -- Installing: /home/devtex/uiabot_ws/install/uiabot/share/uiabot/description/RPLidarCasingV3_Wcut.STL
[1.160s] -- Installing: /home/devtex/uiabot_ws/install/uiabot/share/uiabot/description/AssemUiAminibot2 .STL
[1.197s] -- Installing: /home/devtex/uiabot_ws/install/uiabot/share/uiabot/description/UiAFullWafflePlate.STL
[1.202s] -- Installing: /home/devtex/uiabot_ws/install/uiabot/share/uiabot/description/lidar.xacro
[1.202s] -- Installing: /home/devtex/uiabot_ws/install/uiabot/share/uiabot/description/robot_core.xacro
[1.202s] -- Installing: /home/devtex/uiabot_ws/install/uiabot/share/uiabot/description/inertial_macros.xacro
[1.202s] -- Installing: /home/devtex/uiabot_ws/install/uiabot/share/uiabot/description/camera.xacro
[1.202s] -- Installing: /home/devtex/uiabot_ws/install/uiabot/share/uiabot/description/depth_camera.xacro
[1.202s] -- Installing: /home/devtex/uiabot_ws/install/uiabot/share/uiabot/description/MotorBracket.STL
[1.203s] -- Installing: /home/devtex/uiabot_ws/install/uiabot/share/uiabot/launch
[1.203s] -- Installing: /home/devtex/uiabot_ws/install/uiabot/share/uiabot/launch/rsp.launch.py
[1.203s] -- Installing: /home/devtex/uiabot_ws/install/uiabot/share/uiabot/worlds
[1.203s] -- Installing: /home/devtex/uiabot_ws/install/uiabot/share/uiabot/worlds/empty.world
[1.203s] -- Installing: /home/devtex/uiabot_ws/install/uiabot/share/ament_index/resource_index/package_run_dependencies/uiabot
[1.203s] -- Installing: /home/devtex/uiabot_ws/install/uiabot/share/ament_index/resource_index/parent_prefix_path/uiabot
[1.203s] -- Installing: /home/devtex/uiabot_ws/install/uiabot/share/uiabot/environment/ament_prefix_path.sh
[1.203s] -- Installing: /home/devtex/uiabot_ws/install/uiabot/share/uiabot/environment/ament_prefix_path.dsv
[1.203s] -- Installing: /home/devtex/uiabot_ws/install/uiabot/share/uiabot/environment/path.sh
[1.203s] -- Installing: /home/devtex/uiabot_ws/install/uiabot/share/uiabot/environment/path.dsv
[1.203s] -- Installing: /home/devtex/uiabot_ws/install/uiabot/share/uiabot/local_setup.bash
[1.203s] -- Installing: /home/devtex/uiabot_ws/install/uiabot/share/uiabot/local_setup.sh
[1.203s] -- Installing: /home/devtex/uiabot_ws/install/uiabot/share/uiabot/local_setup.zsh
[1.203s] -- Installing: /home/devtex/uiabot_ws/install/uiabot/share/uiabot/local_setup.dsv
[1.203s] -- Installing: /home/devtex/uiabot_ws/install/uiabot/share/uiabot/package.dsv
[1.203s] -- Installing: /home/devtex/uiabot_ws/install/uiabot/share/ament_index/resource_index/packages/uiabot
[1.203s] -- Installing: /home/devtex/uiabot_ws/install/uiabot/share/uiabot/cmake/uiabotConfig.cmake
[1.203s] -- Installing: /home/devtex/uiabot_ws/install/uiabot/share/uiabot/cmake/uiabotConfig-version.cmake
[1.203s] -- Installing: /home/devtex/uiabot_ws/install/uiabot/share/uiabot/package.xml
[1.204s] Invoked command in '/home/devtex/uiabot_ws/build/uiabot' returned '0': CMAKE_PREFIX_PATH=/opt/ros/humble /usr/bin/cmake --install /home/devtex/uiabot_ws/build/uiabot
