[2.482s] Invoking command in '/home/uiabot/uiabot_ws/src/lidar_package': DEBUGINFOD_URLS=https://debuginfod.ubuntu.com PYTHONPATH=/home/uiabot/uiabot_ws/build/lidar_package/prefix_override:/usr/lib/python3/dist-packages/colcon_core/task/python/colcon_distutils_commands:/home/uiabot/uiabot_ws/install/lidar_package/lib/python3.12/site-packages:${PYTHONPATH} /usr/bin/python3 -W ignore:setup.py install is deprecated setup.py egg_info --egg-base ../../build/lidar_package build --build-base /home/uiabot/uiabot_ws/build/lidar_package/build install --record /home/uiabot/uiabot_ws/build/lidar_package/install.log --single-version-externally-managed install_data
[2.981s] running egg_info
[3.013s] writing ../../build/lidar_package/lidar_package.egg-info/PKG-INFO
[3.014s] writing dependency_links to ../../build/lidar_package/lidar_package.egg-info/dependency_links.txt
[3.016s] writing entry points to ../../build/lidar_package/lidar_package.egg-info/entry_points.txt
[3.017s] writing requirements to ../../build/lidar_package/lidar_package.egg-info/requires.txt
[3.018s] writing top-level names to ../../build/lidar_package/lidar_package.egg-info/top_level.txt
[3.088s] reading manifest file '../../build/lidar_package/lidar_package.egg-info/SOURCES.txt'
[3.091s] writing manifest file '../../build/lidar_package/lidar_package.egg-info/SOURCES.txt'
[3.091s] running build
[3.092s] running build_py
[3.093s] running install
[3.111s] running install_lib
[3.153s] running install_data
[3.156s] running install_egg_info
[3.190s] removing '/home/uiabot/uiabot_ws/install/lidar_package/lib/python3.12/site-packages/lidar_package-0.0.0-py3.12.egg-info' (and everything under it)
[3.192s] Copying ../../build/lidar_package/lidar_package.egg-info to /home/uiabot/uiabot_ws/install/lidar_package/lib/python3.12/site-packages/lidar_package-0.0.0-py3.12.egg-info
[3.192s] running install_scripts
[3.428s] Installing lidar_node script to /home/uiabot/uiabot_ws/install/lidar_package/lib/lidar_package
[3.429s] writing list of installed files to '/home/uiabot/uiabot_ws/build/lidar_package/install.log'
[3.610s] Invoked command in '/home/uiabot/uiabot_ws/src/lidar_package' returned '0': DEBUGINFOD_URLS=https://debuginfod.ubuntu.com PYTHONPATH=/home/uiabot/uiabot_ws/build/lidar_package/prefix_override:/usr/lib/python3/dist-packages/colcon_core/task/python/colcon_distutils_commands:/home/uiabot/uiabot_ws/install/lidar_package/lib/python3.12/site-packages:${PYTHONPATH} /usr/bin/python3 -W ignore:setup.py install is deprecated setup.py egg_info --egg-base ../../build/lidar_package build --build-base /home/uiabot/uiabot_ws/build/lidar_package/build install --record /home/uiabot/uiabot_ws/build/lidar_package/install.log --single-version-externally-managed install_data
