running develop
/home/devtex/.local/lib/python3.10/site-packages/setuptools/command/develop.py:40: EasyInstallDeprecationWarning: easy_install command is deprecated.
!!

        ********************************************************************************
        Please avoid running ``setup.py`` and ``easy_install``.
        Instead, use pypa/build, pypa/installer or other
        standards-based tools.

        See https://github.com/pypa/setuptools/issues/917 for details.
        ********************************************************************************

!!
  easy_install.initialize_options(self)
running egg_info
writing my_listener_package.egg-info/PKG-INFO
writing dependency_links to my_listener_package.egg-info/dependency_links.txt
writing entry points to my_listener_package.egg-info/entry_points.txt
writing requirements to my_listener_package.egg-info/requires.txt
writing top-level names to my_listener_package.egg-info/top_level.txt
reading manifest file 'my_listener_package.egg-info/SOURCES.txt'
writing manifest file 'my_listener_package.egg-info/SOURCES.txt'
running build_ext
Creating /home/devtex/uiabot_ws/install/my_listener_package/lib/python3.10/site-packages/my-listener-package.egg-link (link to .)
Installing cmd_vel_listener script to /home/devtex/uiabot_ws/install/my_listener_package/lib/my_listener_package

Installed /home/devtex/uiabot_ws/build/my_listener_package
running symlink_data
symbolically linking /home/devtex/uiabot_ws/build/my_listener_package/resource/my_listener_package -> /home/devtex/uiabot_ws/install/my_listener_package/share/ament_index/resource_index/packages
symbolically linking /home/devtex/uiabot_ws/build/my_listener_package/package.xml -> /home/devtex/uiabot_ws/install/my_listener_package/share/my_listener_package
