[0.603s] Invoking command in '/home/devtex/uiabot_ws/build/my_listener_package': PYTHONPATH=/home/devtex/uiabot_ws/build/my_listener_package/prefix_override:/usr/lib/python3/dist-packages/colcon_core/task/python/colcon_distutils_commands:/home/devtex/uiabot_ws/install/my_listener_package/lib/python3.10/site-packages:${PYTHONPATH} /usr/bin/python3 -W ignore:setup.py install is deprecated setup.py develop --editable --build-directory /home/devtex/uiabot_ws/build/my_listener_package/build --no-deps symlink_data --force
[0.754s] running develop
[0.754s] /home/devtex/.local/lib/python3.10/site-packages/setuptools/command/develop.py:40: EasyInstallDeprecationWarning: easy_install command is deprecated.
[0.754s] !!
[0.754s] 
[0.754s]         ********************************************************************************
[0.754s]         Please avoid running ``setup.py`` and ``easy_install``.
[0.754s]         Instead, use pypa/build, pypa/installer or other
[0.754s]         standards-based tools.
[0.754s] 
[0.754s]         See https://github.com/pypa/setuptools/issues/917 for details.
[0.755s]         ********************************************************************************
[0.755s] 
[0.755s] !!
[0.755s]   easy_install.initialize_options(self)
[0.850s] running egg_info
[0.856s] writing my_listener_package.egg-info/PKG-INFO
[0.856s] writing dependency_links to my_listener_package.egg-info/dependency_links.txt
[0.856s] writing entry points to my_listener_package.egg-info/entry_points.txt
[0.856s] writing requirements to my_listener_package.egg-info/requires.txt
[0.857s] writing top-level names to my_listener_package.egg-info/top_level.txt
[0.870s] reading manifest file 'my_listener_package.egg-info/SOURCES.txt'
[0.870s] writing manifest file 'my_listener_package.egg-info/SOURCES.txt'
[0.901s] running build_ext
[0.901s] Creating /home/devtex/uiabot_ws/install/my_listener_package/lib/python3.10/site-packages/my-listener-package.egg-link (link to .)
[0.901s] Installing cmd_vel_listener script to /home/devtex/uiabot_ws/install/my_listener_package/lib/my_listener_package
[0.901s] 
[0.901s] Installed /home/devtex/uiabot_ws/build/my_listener_package
[0.901s] running symlink_data
[0.901s] symbolically linking /home/devtex/uiabot_ws/build/my_listener_package/resource/my_listener_package -> /home/devtex/uiabot_ws/install/my_listener_package/share/ament_index/resource_index/packages
[0.901s] symbolically linking /home/devtex/uiabot_ws/build/my_listener_package/package.xml -> /home/devtex/uiabot_ws/install/my_listener_package/share/my_listener_package
[0.919s] Invoked command in '/home/devtex/uiabot_ws/build/my_listener_package' returned '0': PYTHONPATH=/home/devtex/uiabot_ws/build/my_listener_package/prefix_override:/usr/lib/python3/dist-packages/colcon_core/task/python/colcon_distutils_commands:/home/devtex/uiabot_ws/install/my_listener_package/lib/python3.10/site-packages:${PYTHONPATH} /usr/bin/python3 -W ignore:setup.py install is deprecated setup.py develop --editable --build-directory /home/devtex/uiabot_ws/build/my_listener_package/build --no-deps symlink_data --force
