[2.104s] Invoking command in '/home/uiabot/uiabot_ws/src/my_publisher_package': DEBUGINFOD_URLS=https://debuginfod.ubuntu.com PYTHONPATH=/home/uiabot/uiabot_ws/build/my_publisher_package/prefix_override:/usr/lib/python3/dist-packages/colcon_core/task/python/colcon_distutils_commands:/home/uiabot/uiabot_ws/install/my_publisher_package/lib/python3.12/site-packages:${PYTHONPATH} /usr/bin/python3 -W ignore:setup.py install is deprecated setup.py egg_info --egg-base ../../build/my_publisher_package build --build-base /home/uiabot/uiabot_ws/build/my_publisher_package/build install --record /home/uiabot/uiabot_ws/build/my_publisher_package/install.log --single-version-externally-managed install_data
[2.593s] running egg_info
[2.595s] creating ../../build/my_publisher_package/my_publisher_package.egg-info
[2.636s] writing ../../build/my_publisher_package/my_publisher_package.egg-info/PKG-INFO
[2.636s] writing dependency_links to ../../build/my_publisher_package/my_publisher_package.egg-info/dependency_links.txt
[2.636s] writing entry points to ../../build/my_publisher_package/my_publisher_package.egg-info/entry_points.txt
[2.638s] writing requirements to ../../build/my_publisher_package/my_publisher_package.egg-info/requires.txt
[2.638s] writing top-level names to ../../build/my_publisher_package/my_publisher_package.egg-info/top_level.txt
[2.638s] writing manifest file '../../build/my_publisher_package/my_publisher_package.egg-info/SOURCES.txt'
[2.696s] reading manifest file '../../build/my_publisher_package/my_publisher_package.egg-info/SOURCES.txt'
[2.697s] writing manifest file '../../build/my_publisher_package/my_publisher_package.egg-info/SOURCES.txt'
[2.698s] running build
[2.698s] running build_py
[2.699s] creating /home/uiabot/uiabot_ws/build/my_publisher_package/build
[2.699s] creating /home/uiabot/uiabot_ws/build/my_publisher_package/build/lib
[2.700s] creating /home/uiabot/uiabot_ws/build/my_publisher_package/build/lib/my_publisher_package
[2.700s] copying my_publisher_package/cmd_vel_publisher.py -> /home/uiabot/uiabot_ws/build/my_publisher_package/build/lib/my_publisher_package
[2.706s] copying my_publisher_package/__init__.py -> /home/uiabot/uiabot_ws/build/my_publisher_package/build/lib/my_publisher_package
[2.707s] running install
[2.718s] running install_lib
[2.751s] creating /home/uiabot/uiabot_ws/install/my_publisher_package/lib/python3.12/site-packages/my_publisher_package
[2.751s] copying /home/uiabot/uiabot_ws/build/my_publisher_package/build/lib/my_publisher_package/cmd_vel_publisher.py -> /home/uiabot/uiabot_ws/install/my_publisher_package/lib/python3.12/site-packages/my_publisher_package
[2.751s] copying /home/uiabot/uiabot_ws/build/my_publisher_package/build/lib/my_publisher_package/__init__.py -> /home/uiabot/uiabot_ws/install/my_publisher_package/lib/python3.12/site-packages/my_publisher_package
[2.751s] byte-compiling /home/uiabot/uiabot_ws/install/my_publisher_package/lib/python3.12/site-packages/my_publisher_package/cmd_vel_publisher.py to cmd_vel_publisher.cpython-312.pyc
[2.754s] byte-compiling /home/uiabot/uiabot_ws/install/my_publisher_package/lib/python3.12/site-packages/my_publisher_package/__init__.py to __init__.cpython-312.pyc
[2.754s] running install_data
[2.757s] creating /home/uiabot/uiabot_ws/install/my_publisher_package/share/ament_index
[2.757s] creating /home/uiabot/uiabot_ws/install/my_publisher_package/share/ament_index/resource_index
[2.758s] creating /home/uiabot/uiabot_ws/install/my_publisher_package/share/ament_index/resource_index/packages
[2.758s] copying resource/my_publisher_package -> /home/uiabot/uiabot_ws/install/my_publisher_package/share/ament_index/resource_index/packages
[2.758s] copying package.xml -> /home/uiabot/uiabot_ws/install/my_publisher_package/share/my_publisher_package
[2.758s] running install_egg_info
[2.792s] Copying ../../build/my_publisher_package/my_publisher_package.egg-info to /home/uiabot/uiabot_ws/install/my_publisher_package/lib/python3.12/site-packages/my_publisher_package-0.0.0-py3.12.egg-info
[2.794s] running install_scripts
[3.041s] Installing cmd_vel_publisher script to /home/uiabot/uiabot_ws/install/my_publisher_package/lib/my_publisher_package
[3.041s] writing list of installed files to '/home/uiabot/uiabot_ws/build/my_publisher_package/install.log'
[3.201s] Invoked command in '/home/uiabot/uiabot_ws/src/my_publisher_package' returned '0': DEBUGINFOD_URLS=https://debuginfod.ubuntu.com PYTHONPATH=/home/uiabot/uiabot_ws/build/my_publisher_package/prefix_override:/usr/lib/python3/dist-packages/colcon_core/task/python/colcon_distutils_commands:/home/uiabot/uiabot_ws/install/my_publisher_package/lib/python3.12/site-packages:${PYTHONPATH} /usr/bin/python3 -W ignore:setup.py install is deprecated setup.py egg_info --egg-base ../../build/my_publisher_package build --build-base /home/uiabot/uiabot_ws/build/my_publisher_package/build install --record /home/uiabot/uiabot_ws/build/my_publisher_package/install.log --single-version-externally-managed install_data
