[1.089s] Invoking command in '/home/devtex/uiabot_ws/src/launch_package': PYTHONPATH=/home/devtex/uiabot_ws/build/launch_package/prefix_override:/usr/lib/python3/dist-packages/colcon_core/task/python/colcon_distutils_commands:/home/devtex/uiabot_ws/install/launch_package/lib/python3.10/site-packages:${PYTHONPATH} /usr/bin/python3 -W ignore:setup.py install is deprecated setup.py egg_info --egg-base ../../build/launch_package build --build-base /home/devtex/uiabot_ws/build/launch_package/build install --record /home/devtex/uiabot_ws/build/launch_package/install.log --single-version-externally-managed install_data
[1.301s] running egg_info
[1.301s] creating ../../build/launch_package/launch_package.egg-info
[1.309s] writing ../../build/launch_package/launch_package.egg-info/PKG-INFO
[1.310s] writing dependency_links to ../../build/launch_package/launch_package.egg-info/dependency_links.txt
[1.310s] writing requirements to ../../build/launch_package/launch_package.egg-info/requires.txt
[1.310s] writing top-level names to ../../build/launch_package/launch_package.egg-info/top_level.txt
[1.310s] writing manifest file '../../build/launch_package/launch_package.egg-info/SOURCES.txt'
[1.327s] reading manifest file '../../build/launch_package/launch_package.egg-info/SOURCES.txt'
[1.327s] writing manifest file '../../build/launch_package/launch_package.egg-info/SOURCES.txt'
[1.327s] running build
[1.327s] running build_py
[1.327s] creating /home/devtex/uiabot_ws/build/launch_package/build
[1.327s] creating /home/devtex/uiabot_ws/build/launch_package/build/lib
[1.327s] creating /home/devtex/uiabot_ws/build/launch_package/build/lib/launch_package
[1.327s] copying launch_package/__init__.py -> /home/devtex/uiabot_ws/build/launch_package/build/lib/launch_package
[1.327s] copying launch_package/robot_launch.py -> /home/devtex/uiabot_ws/build/launch_package/build/lib/launch_package
[1.327s] running install
[1.330s] running install_lib
[1.339s] creating /home/devtex/uiabot_ws/install/launch_package/lib/python3.10/site-packages/launch_package
[1.339s] copying /home/devtex/uiabot_ws/build/launch_package/build/lib/launch_package/__init__.py -> /home/devtex/uiabot_ws/install/launch_package/lib/python3.10/site-packages/launch_package
[1.339s] copying /home/devtex/uiabot_ws/build/launch_package/build/lib/launch_package/robot_launch.py -> /home/devtex/uiabot_ws/install/launch_package/lib/python3.10/site-packages/launch_package
[1.339s] byte-compiling /home/devtex/uiabot_ws/install/launch_package/lib/python3.10/site-packages/launch_package/__init__.py to __init__.cpython-310.pyc
[1.339s] byte-compiling /home/devtex/uiabot_ws/install/launch_package/lib/python3.10/site-packages/launch_package/robot_launch.py to robot_launch.cpython-310.pyc
[1.339s] running install_data
[1.339s] creating /home/devtex/uiabot_ws/install/launch_package/share/ament_index
[1.339s] creating /home/devtex/uiabot_ws/install/launch_package/share/ament_index/resource_index
[1.339s] creating /home/devtex/uiabot_ws/install/launch_package/share/ament_index/resource_index/packages
[1.339s] copying resource/launch_package -> /home/devtex/uiabot_ws/install/launch_package/share/ament_index/resource_index/packages
[1.340s] copying package.xml -> /home/devtex/uiabot_ws/install/launch_package/share/launch_package
[1.340s] creating /home/devtex/uiabot_ws/install/launch_package/share/launch_package/launch
[1.340s] running install_egg_info
[1.349s] Copying ../../build/launch_package/launch_package.egg-info to /home/devtex/uiabot_ws/install/launch_package/lib/python3.10/site-packages/launch_package-0.0.0-py3.10.egg-info
[1.349s] running install_scripts
[1.384s] writing list of installed files to '/home/devtex/uiabot_ws/build/launch_package/install.log'
[1.405s] Invoked command in '/home/devtex/uiabot_ws/src/launch_package' returned '0': PYTHONPATH=/home/devtex/uiabot_ws/build/launch_package/prefix_override:/usr/lib/python3/dist-packages/colcon_core/task/python/colcon_distutils_commands:/home/devtex/uiabot_ws/install/launch_package/lib/python3.10/site-packages:${PYTHONPATH} /usr/bin/python3 -W ignore:setup.py install is deprecated setup.py egg_info --egg-base ../../build/launch_package build --build-base /home/devtex/uiabot_ws/build/launch_package/build install --record /home/devtex/uiabot_ws/build/launch_package/install.log --single-version-externally-managed install_data
