running egg_info
creating ../../build/lidar_package/lidar_package.egg-info
writing ../../build/lidar_package/lidar_package.egg-info/PKG-INFO
writing dependency_links to ../../build/lidar_package/lidar_package.egg-info/dependency_links.txt
writing entry points to ../../build/lidar_package/lidar_package.egg-info/entry_points.txt
writing requirements to ../../build/lidar_package/lidar_package.egg-info/requires.txt
writing top-level names to ../../build/lidar_package/lidar_package.egg-info/top_level.txt
writing manifest file '../../build/lidar_package/lidar_package.egg-info/SOURCES.txt'
reading manifest file '../../build/lidar_package/lidar_package.egg-info/SOURCES.txt'
writing manifest file '../../build/lidar_package/lidar_package.egg-info/SOURCES.txt'
running build
running build_py
creating /home/uiabot/uiabot_ws/build/lidar_package/build
creating /home/uiabot/uiabot_ws/build/lidar_package/build/lib
creating /home/uiabot/uiabot_ws/build/lidar_package/build/lib/lidar_package
copying lidar_package/__init__.py -> /home/uiabot/uiabot_ws/build/lidar_package/build/lib/lidar_package
copying lidar_package/lidar_node.py -> /home/uiabot/uiabot_ws/build/lidar_package/build/lib/lidar_package
running install
running install_lib
creating /home/uiabot/uiabot_ws/install/lidar_package/lib/python3.12/site-packages/lidar_package
copying /home/uiabot/uiabot_ws/build/lidar_package/build/lib/lidar_package/__init__.py -> /home/uiabot/uiabot_ws/install/lidar_package/lib/python3.12/site-packages/lidar_package
copying /home/uiabot/uiabot_ws/build/lidar_package/build/lib/lidar_package/lidar_node.py -> /home/uiabot/uiabot_ws/install/lidar_package/lib/python3.12/site-packages/lidar_package
byte-compiling /home/uiabot/uiabot_ws/install/lidar_package/lib/python3.12/site-packages/lidar_package/__init__.py to __init__.cpython-312.pyc
byte-compiling /home/uiabot/uiabot_ws/install/lidar_package/lib/python3.12/site-packages/lidar_package/lidar_node.py to lidar_node.cpython-312.pyc
running install_data
creating /home/uiabot/uiabot_ws/install/lidar_package/share/ament_index
creating /home/uiabot/uiabot_ws/install/lidar_package/share/ament_index/resource_index
creating /home/uiabot/uiabot_ws/install/lidar_package/share/ament_index/resource_index/packages
copying resource/lidar_package -> /home/uiabot/uiabot_ws/install/lidar_package/share/ament_index/resource_index/packages
copying package.xml -> /home/uiabot/uiabot_ws/install/lidar_package/share/lidar_package
running install_egg_info
Copying ../../build/lidar_package/lidar_package.egg-info to /home/uiabot/uiabot_ws/install/lidar_package/lib/python3.12/site-packages/lidar_package-0.0.0-py3.12.egg-info
running install_scripts
Installing lidar_node script to /home/uiabot/uiabot_ws/install/lidar_package/lib/lidar_package
writing list of installed files to '/home/uiabot/uiabot_ws/build/lidar_package/install.log'
