[2.101s] Invoking command in '/home/uiabot/uiabot_ws/src/lidar_package': DEBUGINFOD_URLS=https://debuginfod.ubuntu.com PYTHONPATH=/home/uiabot/uiabot_ws/build/lidar_package/prefix_override:/usr/lib/python3/dist-packages/colcon_core/task/python/colcon_distutils_commands:/home/uiabot/uiabot_ws/install/lidar_package/lib/python3.12/site-packages:${PYTHONPATH} /usr/bin/python3 -W ignore:setup.py install is deprecated setup.py egg_info --egg-base ../../build/lidar_package build --build-base /home/uiabot/uiabot_ws/build/lidar_package/build install --record /home/uiabot/uiabot_ws/build/lidar_package/install.log --single-version-externally-managed install_data
[2.595s] running egg_info
[2.595s] creating ../../build/lidar_package/lidar_package.egg-info
[2.625s] writing ../../build/lidar_package/lidar_package.egg-info/PKG-INFO
[2.626s] writing dependency_links to ../../build/lidar_package/lidar_package.egg-info/dependency_links.txt
[2.629s] writing entry points to ../../build/lidar_package/lidar_package.egg-info/entry_points.txt
[2.629s] writing requirements to ../../build/lidar_package/lidar_package.egg-info/requires.txt
[2.630s] writing top-level names to ../../build/lidar_package/lidar_package.egg-info/top_level.txt
[2.630s] writing manifest file '../../build/lidar_package/lidar_package.egg-info/SOURCES.txt'
[2.697s] reading manifest file '../../build/lidar_package/lidar_package.egg-info/SOURCES.txt'
[2.698s] writing manifest file '../../build/lidar_package/lidar_package.egg-info/SOURCES.txt'
[2.698s] running build
[2.698s] running build_py
[2.698s] creating /home/uiabot/uiabot_ws/build/lidar_package/build
[2.699s] creating /home/uiabot/uiabot_ws/build/lidar_package/build/lib
[2.699s] creating /home/uiabot/uiabot_ws/build/lidar_package/build/lib/lidar_package
[2.699s] copying lidar_package/__init__.py -> /home/uiabot/uiabot_ws/build/lidar_package/build/lib/lidar_package
[2.700s] copying lidar_package/lidar_node.py -> /home/uiabot/uiabot_ws/build/lidar_package/build/lib/lidar_package
[2.700s] running install
[2.712s] running install_lib
[2.741s] creating /home/uiabot/uiabot_ws/install/lidar_package/lib/python3.12/site-packages/lidar_package
[2.741s] copying /home/uiabot/uiabot_ws/build/lidar_package/build/lib/lidar_package/__init__.py -> /home/uiabot/uiabot_ws/install/lidar_package/lib/python3.12/site-packages/lidar_package
[2.741s] copying /home/uiabot/uiabot_ws/build/lidar_package/build/lib/lidar_package/lidar_node.py -> /home/uiabot/uiabot_ws/install/lidar_package/lib/python3.12/site-packages/lidar_package
[2.744s] byte-compiling /home/uiabot/uiabot_ws/install/lidar_package/lib/python3.12/site-packages/lidar_package/__init__.py to __init__.cpython-312.pyc
[2.744s] byte-compiling /home/uiabot/uiabot_ws/install/lidar_package/lib/python3.12/site-packages/lidar_package/lidar_node.py to lidar_node.cpython-312.pyc
[2.745s] running install_data
[2.746s] creating /home/uiabot/uiabot_ws/install/lidar_package/share/ament_index
[2.746s] creating /home/uiabot/uiabot_ws/install/lidar_package/share/ament_index/resource_index
[2.747s] creating /home/uiabot/uiabot_ws/install/lidar_package/share/ament_index/resource_index/packages
[2.747s] copying resource/lidar_package -> /home/uiabot/uiabot_ws/install/lidar_package/share/ament_index/resource_index/packages
[2.748s] copying package.xml -> /home/uiabot/uiabot_ws/install/lidar_package/share/lidar_package
[2.748s] running install_egg_info
[2.789s] Copying ../../build/lidar_package/lidar_package.egg-info to /home/uiabot/uiabot_ws/install/lidar_package/lib/python3.12/site-packages/lidar_package-0.0.0-py3.12.egg-info
[2.791s] running install_scripts
[3.030s] Installing lidar_node script to /home/uiabot/uiabot_ws/install/lidar_package/lib/lidar_package
[3.030s] writing list of installed files to '/home/uiabot/uiabot_ws/build/lidar_package/install.log'
[3.196s] Invoked command in '/home/uiabot/uiabot_ws/src/lidar_package' returned '0': DEBUGINFOD_URLS=https://debuginfod.ubuntu.com PYTHONPATH=/home/uiabot/uiabot_ws/build/lidar_package/prefix_override:/usr/lib/python3/dist-packages/colcon_core/task/python/colcon_distutils_commands:/home/uiabot/uiabot_ws/install/lidar_package/lib/python3.12/site-packages:${PYTHONPATH} /usr/bin/python3 -W ignore:setup.py install is deprecated setup.py egg_info --egg-base ../../build/lidar_package build --build-base /home/uiabot/uiabot_ws/build/lidar_package/build install --record /home/uiabot/uiabot_ws/build/lidar_package/install.log --single-version-externally-managed install_data
