[0.155s] DEBUG:colcon:Command line arguments: ['/usr/bin/colcon', 'build']
[0.155s] DEBUG:colcon:Parsed command line arguments: Namespace(log_base=None, log_level=None, verb_name='build', build_base='build', install_base='install', merge_install=False, symlink_install=False, test_result_base=None, continue_on_error=False, executor='parallel', parallel_workers=4, event_handlers=None, ignore_user_meta=False, metas=['./colcon.meta'], base_paths=['.'], packages_ignore=None, packages_ignore_regex=None, paths=None, packages_up_to=None, packages_up_to_regex=None, packages_above=None, packages_above_and_dependencies=None, packages_above_depth=None, packages_select_by_dep=None, packages_skip_by_dep=None, packages_skip_up_to=None, packages_select_build_failed=False, packages_skip_build_finished=False, packages_select_test_failures=False, packages_skip_test_passed=False, packages_select=None, packages_skip=None, packages_select_regex=None, packages_skip_regex=None, packages_start=None, packages_end=None, allow_overriding=[], cmake_args=None, cmake_target=None, cmake_target_skip_unavailable=False, cmake_clean_cache=False, cmake_clean_first=False, cmake_force_configure=False, ament_cmake_args=None, catkin_cmake_args=None, catkin_skip_building_tests=False, mixin_files=None, mixin=None, verb_parser=<colcon_mixin.mixin.mixin_argument.MixinArgumentDecorator object at 0xffffab28a4b0>, verb_extension=<colcon_core.verb.build.BuildVerb object at 0xffffab440b90>, main=<bound method BuildVerb.main of <colcon_core.verb.build.BuildVerb object at 0xffffab440b90>>, mixin_verb=('build',))
[0.208s] Level 1:colcon.colcon_core.package_discovery:discover_packages(colcon_meta) check parameters
[0.208s] Level 1:colcon.colcon_core.package_discovery:discover_packages(recursive) check parameters
[0.208s] Level 1:colcon.colcon_core.package_discovery:discover_packages(ignore) check parameters
[0.208s] Level 1:colcon.colcon_core.package_discovery:discover_packages(path) check parameters
[0.208s] Level 1:colcon.colcon_core.package_discovery:discover_packages(colcon_meta) discover
[0.208s] Level 1:colcon.colcon_core.package_discovery:discover_packages(recursive) discover
[0.208s] INFO:colcon.colcon_core.package_discovery:Crawling recursively for packages in '/home/uiabot/uiabot_ws'
[0.208s] Level 1:colcon.colcon_core.package_identification:_identify(.) by extensions ['ignore', 'ignore_ament_install']
[0.208s] Level 1:colcon.colcon_core.package_identification:_identify(.) by extension 'ignore'
[0.209s] Level 1:colcon.colcon_core.package_identification:_identify(.) by extension 'ignore_ament_install'
[0.209s] Level 1:colcon.colcon_core.package_identification:_identify(.) by extensions ['colcon_pkg']
[0.209s] Level 1:colcon.colcon_core.package_identification:_identify(.) by extension 'colcon_pkg'
[0.209s] Level 1:colcon.colcon_core.package_identification:_identify(.) by extensions ['colcon_meta']
[0.209s] Level 1:colcon.colcon_core.package_identification:_identify(.) by extension 'colcon_meta'
[0.209s] Level 1:colcon.colcon_core.package_identification:_identify(.) by extensions ['ros']
[0.209s] Level 1:colcon.colcon_core.package_identification:_identify(.) by extension 'ros'
[0.249s] Level 1:colcon.colcon_core.package_identification:_identify(.) by extensions ['cmake', 'python']
[0.249s] Level 1:colcon.colcon_core.package_identification:_identify(.) by extension 'cmake'
[0.249s] Level 1:colcon.colcon_core.package_identification:_identify(.) by extension 'python'
[0.249s] Level 1:colcon.colcon_core.package_identification:_identify(.) by extensions ['python_setup_py']
[0.249s] Level 1:colcon.colcon_core.package_identification:_identify(.) by extension 'python_setup_py'
[0.250s] Level 1:colcon.colcon_core.package_identification:_identify(build) by extensions ['ignore', 'ignore_ament_install']
[0.250s] Level 1:colcon.colcon_core.package_identification:_identify(build) by extension 'ignore'
[0.250s] Level 1:colcon.colcon_core.package_identification:_identify(build) ignored
[0.250s] Level 1:colcon.colcon_core.package_identification:_identify(install) by extensions ['ignore', 'ignore_ament_install']
[0.250s] Level 1:colcon.colcon_core.package_identification:_identify(install) by extension 'ignore'
[0.250s] Level 1:colcon.colcon_core.package_identification:_identify(install) ignored
[0.250s] Level 1:colcon.colcon_core.package_identification:_identify(log) by extensions ['ignore', 'ignore_ament_install']
[0.250s] Level 1:colcon.colcon_core.package_identification:_identify(log) by extension 'ignore'
[0.250s] Level 1:colcon.colcon_core.package_identification:_identify(log) ignored
[0.250s] Level 1:colcon.colcon_core.package_identification:_identify(src) by extensions ['ignore', 'ignore_ament_install']
[0.251s] Level 1:colcon.colcon_core.package_identification:_identify(src) by extension 'ignore'
[0.251s] Level 1:colcon.colcon_core.package_identification:_identify(src) by extension 'ignore_ament_install'
[0.251s] Level 1:colcon.colcon_core.package_identification:_identify(src) by extensions ['colcon_pkg']
[0.251s] Level 1:colcon.colcon_core.package_identification:_identify(src) by extension 'colcon_pkg'
[0.251s] Level 1:colcon.colcon_core.package_identification:_identify(src) by extensions ['colcon_meta']
[0.251s] Level 1:colcon.colcon_core.package_identification:_identify(src) by extension 'colcon_meta'
[0.251s] Level 1:colcon.colcon_core.package_identification:_identify(src) by extensions ['ros']
[0.251s] Level 1:colcon.colcon_core.package_identification:_identify(src) by extension 'ros'
[0.251s] Level 1:colcon.colcon_core.package_identification:_identify(src) by extensions ['cmake', 'python']
[0.251s] Level 1:colcon.colcon_core.package_identification:_identify(src) by extension 'cmake'
[0.251s] Level 1:colcon.colcon_core.package_identification:_identify(src) by extension 'python'
[0.251s] Level 1:colcon.colcon_core.package_identification:_identify(src) by extensions ['python_setup_py']
[0.251s] Level 1:colcon.colcon_core.package_identification:_identify(src) by extension 'python_setup_py'
[0.251s] Level 1:colcon.colcon_core.package_identification:_identify(src/joint_state_publisher) by extensions ['ignore', 'ignore_ament_install']
[0.251s] Level 1:colcon.colcon_core.package_identification:_identify(src/joint_state_publisher) by extension 'ignore'
[0.251s] Level 1:colcon.colcon_core.package_identification:_identify(src/joint_state_publisher) by extension 'ignore_ament_install'
[0.251s] Level 1:colcon.colcon_core.package_identification:_identify(src/joint_state_publisher) by extensions ['colcon_pkg']
[0.251s] Level 1:colcon.colcon_core.package_identification:_identify(src/joint_state_publisher) by extension 'colcon_pkg'
[0.251s] Level 1:colcon.colcon_core.package_identification:_identify(src/joint_state_publisher) by extensions ['colcon_meta']
[0.251s] Level 1:colcon.colcon_core.package_identification:_identify(src/joint_state_publisher) by extension 'colcon_meta'
[0.252s] Level 1:colcon.colcon_core.package_identification:_identify(src/joint_state_publisher) by extensions ['ros']
[0.252s] Level 1:colcon.colcon_core.package_identification:_identify(src/joint_state_publisher) by extension 'ros'
[0.255s] DEBUG:colcon.colcon_core.package_identification:Package 'src/joint_state_publisher' with type 'ros.ament_python' and name 'joint_state_publisher'
[0.255s] Level 1:colcon.colcon_core.package_identification:_identify(src/launch_package) by extensions ['ignore', 'ignore_ament_install']
[0.255s] Level 1:colcon.colcon_core.package_identification:_identify(src/launch_package) by extension 'ignore'
[0.255s] Level 1:colcon.colcon_core.package_identification:_identify(src/launch_package) by extension 'ignore_ament_install'
[0.255s] Level 1:colcon.colcon_core.package_identification:_identify(src/launch_package) by extensions ['colcon_pkg']
[0.255s] Level 1:colcon.colcon_core.package_identification:_identify(src/launch_package) by extension 'colcon_pkg'
[0.255s] Level 1:colcon.colcon_core.package_identification:_identify(src/launch_package) by extensions ['colcon_meta']
[0.255s] Level 1:colcon.colcon_core.package_identification:_identify(src/launch_package) by extension 'colcon_meta'
[0.255s] Level 1:colcon.colcon_core.package_identification:_identify(src/launch_package) by extensions ['ros']
[0.256s] Level 1:colcon.colcon_core.package_identification:_identify(src/launch_package) by extension 'ros'
[0.256s] DEBUG:colcon.colcon_core.package_identification:Package 'src/launch_package' with type 'ros.ament_python' and name 'launch_package'
[0.256s] Level 1:colcon.colcon_core.package_identification:_identify(src/lidar_package) by extensions ['ignore', 'ignore_ament_install']
[0.256s] Level 1:colcon.colcon_core.package_identification:_identify(src/lidar_package) by extension 'ignore'
[0.256s] Level 1:colcon.colcon_core.package_identification:_identify(src/lidar_package) by extension 'ignore_ament_install'
[0.256s] Level 1:colcon.colcon_core.package_identification:_identify(src/lidar_package) by extensions ['colcon_pkg']
[0.256s] Level 1:colcon.colcon_core.package_identification:_identify(src/lidar_package) by extension 'colcon_pkg'
[0.257s] Level 1:colcon.colcon_core.package_identification:_identify(src/lidar_package) by extensions ['colcon_meta']
[0.257s] Level 1:colcon.colcon_core.package_identification:_identify(src/lidar_package) by extension 'colcon_meta'
[0.257s] Level 1:colcon.colcon_core.package_identification:_identify(src/lidar_package) by extensions ['ros']
[0.257s] Level 1:colcon.colcon_core.package_identification:_identify(src/lidar_package) by extension 'ros'
[0.257s] DEBUG:colcon.colcon_core.package_identification:Package 'src/lidar_package' with type 'ros.ament_python' and name 'lidar_package'
[0.257s] Level 1:colcon.colcon_core.package_identification:_identify(src/my_listener_package) by extensions ['ignore', 'ignore_ament_install']
[0.257s] Level 1:colcon.colcon_core.package_identification:_identify(src/my_listener_package) by extension 'ignore'
[0.257s] Level 1:colcon.colcon_core.package_identification:_identify(src/my_listener_package) by extension 'ignore_ament_install'
[0.257s] Level 1:colcon.colcon_core.package_identification:_identify(src/my_listener_package) by extensions ['colcon_pkg']
[0.258s] Level 1:colcon.colcon_core.package_identification:_identify(src/my_listener_package) by extension 'colcon_pkg'
[0.258s] Level 1:colcon.colcon_core.package_identification:_identify(src/my_listener_package) by extensions ['colcon_meta']
[0.258s] Level 1:colcon.colcon_core.package_identification:_identify(src/my_listener_package) by extension 'colcon_meta'
[0.258s] Level 1:colcon.colcon_core.package_identification:_identify(src/my_listener_package) by extensions ['ros']
[0.258s] Level 1:colcon.colcon_core.package_identification:_identify(src/my_listener_package) by extension 'ros'
[0.258s] DEBUG:colcon.colcon_core.package_identification:Package 'src/my_listener_package' with type 'ros.ament_python' and name 'my_listener_package'
[0.258s] Level 1:colcon.colcon_core.package_identification:_identify(src/my_publisher_package) by extensions ['ignore', 'ignore_ament_install']
[0.258s] Level 1:colcon.colcon_core.package_identification:_identify(src/my_publisher_package) by extension 'ignore'
[0.258s] Level 1:colcon.colcon_core.package_identification:_identify(src/my_publisher_package) by extension 'ignore_ament_install'
[0.258s] Level 1:colcon.colcon_core.package_identification:_identify(src/my_publisher_package) by extensions ['colcon_pkg']
[0.258s] Level 1:colcon.colcon_core.package_identification:_identify(src/my_publisher_package) by extension 'colcon_pkg'
[0.259s] Level 1:colcon.colcon_core.package_identification:_identify(src/my_publisher_package) by extensions ['colcon_meta']
[0.259s] Level 1:colcon.colcon_core.package_identification:_identify(src/my_publisher_package) by extension 'colcon_meta'
[0.259s] Level 1:colcon.colcon_core.package_identification:_identify(src/my_publisher_package) by extensions ['ros']
[0.259s] Level 1:colcon.colcon_core.package_identification:_identify(src/my_publisher_package) by extension 'ros'
[0.259s] DEBUG:colcon.colcon_core.package_identification:Package 'src/my_publisher_package' with type 'ros.ament_python' and name 'my_publisher_package'
[0.260s] Level 1:colcon.colcon_core.package_identification:_identify(src/robot_description) by extensions ['ignore', 'ignore_ament_install']
[0.260s] Level 1:colcon.colcon_core.package_identification:_identify(src/robot_description) by extension 'ignore'
[0.260s] Level 1:colcon.colcon_core.package_identification:_identify(src/robot_description) by extension 'ignore_ament_install'
[0.260s] Level 1:colcon.colcon_core.package_identification:_identify(src/robot_description) by extensions ['colcon_pkg']
[0.260s] Level 1:colcon.colcon_core.package_identification:_identify(src/robot_description) by extension 'colcon_pkg'
[0.260s] Level 1:colcon.colcon_core.package_identification:_identify(src/robot_description) by extensions ['colcon_meta']
[0.260s] Level 1:colcon.colcon_core.package_identification:_identify(src/robot_description) by extension 'colcon_meta'
[0.260s] Level 1:colcon.colcon_core.package_identification:_identify(src/robot_description) by extensions ['ros']
[0.260s] Level 1:colcon.colcon_core.package_identification:_identify(src/robot_description) by extension 'ros'
[0.260s] DEBUG:colcon.colcon_core.package_identification:Package 'src/robot_description' with type 'ros.ament_cmake' and name 'robot_description'
[0.260s] Level 1:colcon.colcon_core.package_identification:_identify(src/rsp_launch) by extensions ['ignore', 'ignore_ament_install']
[0.261s] Level 1:colcon.colcon_core.package_identification:_identify(src/rsp_launch) by extension 'ignore'
[0.261s] Level 1:colcon.colcon_core.package_identification:_identify(src/rsp_launch) by extension 'ignore_ament_install'
[0.261s] Level 1:colcon.colcon_core.package_identification:_identify(src/rsp_launch) by extensions ['colcon_pkg']
[0.261s] Level 1:colcon.colcon_core.package_identification:_identify(src/rsp_launch) by extension 'colcon_pkg'
[0.261s] Level 1:colcon.colcon_core.package_identification:_identify(src/rsp_launch) by extensions ['colcon_meta']
[0.261s] Level 1:colcon.colcon_core.package_identification:_identify(src/rsp_launch) by extension 'colcon_meta'
[0.261s] Level 1:colcon.colcon_core.package_identification:_identify(src/rsp_launch) by extensions ['ros']
[0.261s] Level 1:colcon.colcon_core.package_identification:_identify(src/rsp_launch) by extension 'ros'
[0.261s] DEBUG:colcon.colcon_core.package_identification:Package 'src/rsp_launch' with type 'ros.ament_python' and name 'rsp_launch'
[0.261s] Level 1:colcon.colcon_core.package_discovery:discover_packages(recursive) using defaults
[0.261s] Level 1:colcon.colcon_core.package_discovery:discover_packages(ignore) discover
[0.261s] Level 1:colcon.colcon_core.package_discovery:discover_packages(ignore) using defaults
[0.261s] Level 1:colcon.colcon_core.package_discovery:discover_packages(path) discover
[0.262s] Level 1:colcon.colcon_core.package_discovery:discover_packages(path) using defaults
[0.287s] Level 1:colcon.colcon_core.package_discovery:discover_packages(prefix_path) check parameters
[0.287s] Level 1:colcon.colcon_core.package_discovery:discover_packages(prefix_path) discover
[0.290s] DEBUG:colcon.colcon_installed_package_information.package_discovery:Found 4 installed packages in /home/uiabot/ros2_ws/install
[0.292s] DEBUG:colcon.colcon_installed_package_information.package_discovery:Found 285 installed packages in /opt/ros/jazzy
[0.293s] Level 1:colcon.colcon_core.package_discovery:discover_packages(prefix_path) using defaults
[0.355s] Level 5:colcon.colcon_core.verb:set package 'joint_state_publisher' build argument 'cmake_args' from command line to 'None'
[0.355s] Level 5:colcon.colcon_core.verb:set package 'joint_state_publisher' build argument 'cmake_target' from command line to 'None'
[0.355s] Level 5:colcon.colcon_core.verb:set package 'joint_state_publisher' build argument 'cmake_target_skip_unavailable' from command line to 'False'
[0.355s] Level 5:colcon.colcon_core.verb:set package 'joint_state_publisher' build argument 'cmake_clean_cache' from command line to 'False'
[0.355s] Level 5:colcon.colcon_core.verb:set package 'joint_state_publisher' build argument 'cmake_clean_first' from command line to 'False'
[0.355s] Level 5:colcon.colcon_core.verb:set package 'joint_state_publisher' build argument 'cmake_force_configure' from command line to 'False'
[0.355s] Level 5:colcon.colcon_core.verb:set package 'joint_state_publisher' build argument 'ament_cmake_args' from command line to 'None'
[0.355s] Level 5:colcon.colcon_core.verb:set package 'joint_state_publisher' build argument 'catkin_cmake_args' from command line to 'None'
[0.355s] Level 5:colcon.colcon_core.verb:set package 'joint_state_publisher' build argument 'catkin_skip_building_tests' from command line to 'False'
[0.355s] DEBUG:colcon.colcon_core.verb:Building package 'joint_state_publisher' with the following arguments: {'ament_cmake_args': None, 'build_base': '/home/uiabot/uiabot_ws/build/joint_state_publisher', 'catkin_cmake_args': None, 'catkin_skip_building_tests': False, 'cmake_args': None, 'cmake_clean_cache': False, 'cmake_clean_first': False, 'cmake_force_configure': False, 'cmake_target': None, 'cmake_target_skip_unavailable': False, 'install_base': '/home/uiabot/uiabot_ws/install/joint_state_publisher', 'merge_install': False, 'path': '/home/uiabot/uiabot_ws/src/joint_state_publisher', 'symlink_install': False, 'test_result_base': None}
[0.356s] Level 5:colcon.colcon_core.verb:set package 'launch_package' build argument 'cmake_args' from command line to 'None'
[0.356s] Level 5:colcon.colcon_core.verb:set package 'launch_package' build argument 'cmake_target' from command line to 'None'
[0.356s] Level 5:colcon.colcon_core.verb:set package 'launch_package' build argument 'cmake_target_skip_unavailable' from command line to 'False'
[0.356s] Level 5:colcon.colcon_core.verb:set package 'launch_package' build argument 'cmake_clean_cache' from command line to 'False'
[0.356s] Level 5:colcon.colcon_core.verb:set package 'launch_package' build argument 'cmake_clean_first' from command line to 'False'
[0.356s] Level 5:colcon.colcon_core.verb:set package 'launch_package' build argument 'cmake_force_configure' from command line to 'False'
[0.356s] Level 5:colcon.colcon_core.verb:set package 'launch_package' build argument 'ament_cmake_args' from command line to 'None'
[0.356s] Level 5:colcon.colcon_core.verb:set package 'launch_package' build argument 'catkin_cmake_args' from command line to 'None'
[0.356s] Level 5:colcon.colcon_core.verb:set package 'launch_package' build argument 'catkin_skip_building_tests' from command line to 'False'
[0.356s] DEBUG:colcon.colcon_core.verb:Building package 'launch_package' with the following arguments: {'ament_cmake_args': None, 'build_base': '/home/uiabot/uiabot_ws/build/launch_package', 'catkin_cmake_args': None, 'catkin_skip_building_tests': False, 'cmake_args': None, 'cmake_clean_cache': False, 'cmake_clean_first': False, 'cmake_force_configure': False, 'cmake_target': None, 'cmake_target_skip_unavailable': False, 'install_base': '/home/uiabot/uiabot_ws/install/launch_package', 'merge_install': False, 'path': '/home/uiabot/uiabot_ws/src/launch_package', 'symlink_install': False, 'test_result_base': None}
[0.356s] Level 5:colcon.colcon_core.verb:set package 'lidar_package' build argument 'cmake_args' from command line to 'None'
[0.356s] Level 5:colcon.colcon_core.verb:set package 'lidar_package' build argument 'cmake_target' from command line to 'None'
[0.356s] Level 5:colcon.colcon_core.verb:set package 'lidar_package' build argument 'cmake_target_skip_unavailable' from command line to 'False'
[0.356s] Level 5:colcon.colcon_core.verb:set package 'lidar_package' build argument 'cmake_clean_cache' from command line to 'False'
[0.356s] Level 5:colcon.colcon_core.verb:set package 'lidar_package' build argument 'cmake_clean_first' from command line to 'False'
[0.356s] Level 5:colcon.colcon_core.verb:set package 'lidar_package' build argument 'cmake_force_configure' from command line to 'False'
[0.356s] Level 5:colcon.colcon_core.verb:set package 'lidar_package' build argument 'ament_cmake_args' from command line to 'None'
[0.356s] Level 5:colcon.colcon_core.verb:set package 'lidar_package' build argument 'catkin_cmake_args' from command line to 'None'
[0.356s] Level 5:colcon.colcon_core.verb:set package 'lidar_package' build argument 'catkin_skip_building_tests' from command line to 'False'
[0.356s] DEBUG:colcon.colcon_core.verb:Building package 'lidar_package' with the following arguments: {'ament_cmake_args': None, 'build_base': '/home/uiabot/uiabot_ws/build/lidar_package', 'catkin_cmake_args': None, 'catkin_skip_building_tests': False, 'cmake_args': None, 'cmake_clean_cache': False, 'cmake_clean_first': False, 'cmake_force_configure': False, 'cmake_target': None, 'cmake_target_skip_unavailable': False, 'install_base': '/home/uiabot/uiabot_ws/install/lidar_package', 'merge_install': False, 'path': '/home/uiabot/uiabot_ws/src/lidar_package', 'symlink_install': False, 'test_result_base': None}
[0.357s] Level 5:colcon.colcon_core.verb:set package 'my_listener_package' build argument 'cmake_args' from command line to 'None'
[0.357s] Level 5:colcon.colcon_core.verb:set package 'my_listener_package' build argument 'cmake_target' from command line to 'None'
[0.357s] Level 5:colcon.colcon_core.verb:set package 'my_listener_package' build argument 'cmake_target_skip_unavailable' from command line to 'False'
[0.357s] Level 5:colcon.colcon_core.verb:set package 'my_listener_package' build argument 'cmake_clean_cache' from command line to 'False'
[0.357s] Level 5:colcon.colcon_core.verb:set package 'my_listener_package' build argument 'cmake_clean_first' from command line to 'False'
[0.357s] Level 5:colcon.colcon_core.verb:set package 'my_listener_package' build argument 'cmake_force_configure' from command line to 'False'
[0.357s] Level 5:colcon.colcon_core.verb:set package 'my_listener_package' build argument 'ament_cmake_args' from command line to 'None'
[0.357s] Level 5:colcon.colcon_core.verb:set package 'my_listener_package' build argument 'catkin_cmake_args' from command line to 'None'
[0.357s] Level 5:colcon.colcon_core.verb:set package 'my_listener_package' build argument 'catkin_skip_building_tests' from command line to 'False'
[0.357s] DEBUG:colcon.colcon_core.verb:Building package 'my_listener_package' with the following arguments: {'ament_cmake_args': None, 'build_base': '/home/uiabot/uiabot_ws/build/my_listener_package', 'catkin_cmake_args': None, 'catkin_skip_building_tests': False, 'cmake_args': None, 'cmake_clean_cache': False, 'cmake_clean_first': False, 'cmake_force_configure': False, 'cmake_target': None, 'cmake_target_skip_unavailable': False, 'install_base': '/home/uiabot/uiabot_ws/install/my_listener_package', 'merge_install': False, 'path': '/home/uiabot/uiabot_ws/src/my_listener_package', 'symlink_install': False, 'test_result_base': None}
[0.357s] Level 5:colcon.colcon_core.verb:set package 'my_publisher_package' build argument 'cmake_args' from command line to 'None'
[0.357s] Level 5:colcon.colcon_core.verb:set package 'my_publisher_package' build argument 'cmake_target' from command line to 'None'
[0.357s] Level 5:colcon.colcon_core.verb:set package 'my_publisher_package' build argument 'cmake_target_skip_unavailable' from command line to 'False'
[0.357s] Level 5:colcon.colcon_core.verb:set package 'my_publisher_package' build argument 'cmake_clean_cache' from command line to 'False'
[0.357s] Level 5:colcon.colcon_core.verb:set package 'my_publisher_package' build argument 'cmake_clean_first' from command line to 'False'
[0.357s] Level 5:colcon.colcon_core.verb:set package 'my_publisher_package' build argument 'cmake_force_configure' from command line to 'False'
[0.357s] Level 5:colcon.colcon_core.verb:set package 'my_publisher_package' build argument 'ament_cmake_args' from command line to 'None'
[0.358s] Level 5:colcon.colcon_core.verb:set package 'my_publisher_package' build argument 'catkin_cmake_args' from command line to 'None'
[0.358s] Level 5:colcon.colcon_core.verb:set package 'my_publisher_package' build argument 'catkin_skip_building_tests' from command line to 'False'
[0.358s] DEBUG:colcon.colcon_core.verb:Building package 'my_publisher_package' with the following arguments: {'ament_cmake_args': None, 'build_base': '/home/uiabot/uiabot_ws/build/my_publisher_package', 'catkin_cmake_args': None, 'catkin_skip_building_tests': False, 'cmake_args': None, 'cmake_clean_cache': False, 'cmake_clean_first': False, 'cmake_force_configure': False, 'cmake_target': None, 'cmake_target_skip_unavailable': False, 'install_base': '/home/uiabot/uiabot_ws/install/my_publisher_package', 'merge_install': False, 'path': '/home/uiabot/uiabot_ws/src/my_publisher_package', 'symlink_install': False, 'test_result_base': None}
[0.358s] Level 5:colcon.colcon_core.verb:set package 'robot_description' build argument 'cmake_args' from command line to 'None'
[0.358s] Level 5:colcon.colcon_core.verb:set package 'robot_description' build argument 'cmake_target' from command line to 'None'
[0.358s] Level 5:colcon.colcon_core.verb:set package 'robot_description' build argument 'cmake_target_skip_unavailable' from command line to 'False'
[0.358s] Level 5:colcon.colcon_core.verb:set package 'robot_description' build argument 'cmake_clean_cache' from command line to 'False'
[0.358s] Level 5:colcon.colcon_core.verb:set package 'robot_description' build argument 'cmake_clean_first' from command line to 'False'
[0.358s] Level 5:colcon.colcon_core.verb:set package 'robot_description' build argument 'cmake_force_configure' from command line to 'False'
[0.358s] Level 5:colcon.colcon_core.verb:set package 'robot_description' build argument 'ament_cmake_args' from command line to 'None'
[0.358s] Level 5:colcon.colcon_core.verb:set package 'robot_description' build argument 'catkin_cmake_args' from command line to 'None'
[0.358s] Level 5:colcon.colcon_core.verb:set package 'robot_description' build argument 'catkin_skip_building_tests' from command line to 'False'
[0.358s] DEBUG:colcon.colcon_core.verb:Building package 'robot_description' with the following arguments: {'ament_cmake_args': None, 'build_base': '/home/uiabot/uiabot_ws/build/robot_description', 'catkin_cmake_args': None, 'catkin_skip_building_tests': False, 'cmake_args': None, 'cmake_clean_cache': False, 'cmake_clean_first': False, 'cmake_force_configure': False, 'cmake_target': None, 'cmake_target_skip_unavailable': False, 'install_base': '/home/uiabot/uiabot_ws/install/robot_description', 'merge_install': False, 'path': '/home/uiabot/uiabot_ws/src/robot_description', 'symlink_install': False, 'test_result_base': None}
[0.358s] Level 5:colcon.colcon_core.verb:set package 'rsp_launch' build argument 'cmake_args' from command line to 'None'
[0.358s] Level 5:colcon.colcon_core.verb:set package 'rsp_launch' build argument 'cmake_target' from command line to 'None'
[0.358s] Level 5:colcon.colcon_core.verb:set package 'rsp_launch' build argument 'cmake_target_skip_unavailable' from command line to 'False'
[0.358s] Level 5:colcon.colcon_core.verb:set package 'rsp_launch' build argument 'cmake_clean_cache' from command line to 'False'
[0.358s] Level 5:colcon.colcon_core.verb:set package 'rsp_launch' build argument 'cmake_clean_first' from command line to 'False'
[0.359s] Level 5:colcon.colcon_core.verb:set package 'rsp_launch' build argument 'cmake_force_configure' from command line to 'False'
[0.359s] Level 5:colcon.colcon_core.verb:set package 'rsp_launch' build argument 'ament_cmake_args' from command line to 'None'
[0.359s] Level 5:colcon.colcon_core.verb:set package 'rsp_launch' build argument 'catkin_cmake_args' from command line to 'None'
[0.359s] Level 5:colcon.colcon_core.verb:set package 'rsp_launch' build argument 'catkin_skip_building_tests' from command line to 'False'
[0.359s] DEBUG:colcon.colcon_core.verb:Building package 'rsp_launch' with the following arguments: {'ament_cmake_args': None, 'build_base': '/home/uiabot/uiabot_ws/build/rsp_launch', 'catkin_cmake_args': None, 'catkin_skip_building_tests': False, 'cmake_args': None, 'cmake_clean_cache': False, 'cmake_clean_first': False, 'cmake_force_configure': False, 'cmake_target': None, 'cmake_target_skip_unavailable': False, 'install_base': '/home/uiabot/uiabot_ws/install/rsp_launch', 'merge_install': False, 'path': '/home/uiabot/uiabot_ws/src/rsp_launch', 'symlink_install': False, 'test_result_base': None}
[0.359s] INFO:colcon.colcon_core.executor:Executing jobs using 'parallel' executor
[0.360s] DEBUG:colcon.colcon_parallel_executor.executor.parallel:run_until_complete
[0.361s] INFO:colcon.colcon_ros.task.ament_python.build:Building ROS package in '/home/uiabot/uiabot_ws/src/joint_state_publisher' with build type 'ament_python'
[0.361s] Level 1:colcon.colcon_core.shell:create_environment_hook('joint_state_publisher', 'ament_prefix_path')
[0.365s] INFO:colcon.colcon_core.plugin_system:Skipping extension 'colcon_core.shell.bat': Not used on non-Windows systems
[0.365s] INFO:colcon.colcon_core.shell:Creating environment hook '/home/uiabot/uiabot_ws/install/joint_state_publisher/share/joint_state_publisher/hook/ament_prefix_path.ps1'
[0.367s] INFO:colcon.colcon_core.shell:Creating environment descriptor '/home/uiabot/uiabot_ws/install/joint_state_publisher/share/joint_state_publisher/hook/ament_prefix_path.dsv'
[0.368s] INFO:colcon.colcon_core.shell:Creating environment hook '/home/uiabot/uiabot_ws/install/joint_state_publisher/share/joint_state_publisher/hook/ament_prefix_path.sh'
[0.370s] INFO:colcon.colcon_core.shell:Skip shell extension 'powershell' for command environment: Not usable outside of PowerShell
[0.370s] DEBUG:colcon.colcon_core.shell:Skip shell extension 'dsv' for command environment
[0.375s] INFO:colcon.colcon_ros.task.ament_python.build:Building ROS package in '/home/uiabot/uiabot_ws/src/launch_package' with build type 'ament_python'
[0.375s] Level 1:colcon.colcon_core.shell:create_environment_hook('launch_package', 'ament_prefix_path')
[0.375s] INFO:colcon.colcon_core.shell:Creating environment hook '/home/uiabot/uiabot_ws/install/launch_package/share/launch_package/hook/ament_prefix_path.ps1'
[0.376s] INFO:colcon.colcon_core.shell:Creating environment descriptor '/home/uiabot/uiabot_ws/install/launch_package/share/launch_package/hook/ament_prefix_path.dsv'
[0.377s] INFO:colcon.colcon_core.shell:Creating environment hook '/home/uiabot/uiabot_ws/install/launch_package/share/launch_package/hook/ament_prefix_path.sh'
[0.378s] INFO:colcon.colcon_core.shell:Skip shell extension 'powershell' for command environment: Not usable outside of PowerShell
[0.378s] DEBUG:colcon.colcon_core.shell:Skip shell extension 'dsv' for command environment
[0.384s] INFO:colcon.colcon_ros.task.ament_python.build:Building ROS package in '/home/uiabot/uiabot_ws/src/lidar_package' with build type 'ament_python'
[0.384s] Level 1:colcon.colcon_core.shell:create_environment_hook('lidar_package', 'ament_prefix_path')
[0.386s] INFO:colcon.colcon_core.shell:Creating environment hook '/home/uiabot/uiabot_ws/install/lidar_package/share/lidar_package/hook/ament_prefix_path.ps1'
[0.387s] INFO:colcon.colcon_core.shell:Creating environment descriptor '/home/uiabot/uiabot_ws/install/lidar_package/share/lidar_package/hook/ament_prefix_path.dsv'
[0.388s] INFO:colcon.colcon_core.shell:Creating environment hook '/home/uiabot/uiabot_ws/install/lidar_package/share/lidar_package/hook/ament_prefix_path.sh'
[0.389s] INFO:colcon.colcon_core.shell:Skip shell extension 'powershell' for command environment: Not usable outside of PowerShell
[0.390s] DEBUG:colcon.colcon_core.shell:Skip shell extension 'dsv' for command environment
[0.394s] INFO:colcon.colcon_ros.task.ament_python.build:Building ROS package in '/home/uiabot/uiabot_ws/src/my_listener_package' with build type 'ament_python'
[0.394s] Level 1:colcon.colcon_core.shell:create_environment_hook('my_listener_package', 'ament_prefix_path')
[0.395s] INFO:colcon.colcon_core.shell:Creating environment hook '/home/uiabot/uiabot_ws/install/my_listener_package/share/my_listener_package/hook/ament_prefix_path.ps1'
[0.395s] INFO:colcon.colcon_core.shell:Creating environment descriptor '/home/uiabot/uiabot_ws/install/my_listener_package/share/my_listener_package/hook/ament_prefix_path.dsv'
[0.396s] INFO:colcon.colcon_core.shell:Creating environment hook '/home/uiabot/uiabot_ws/install/my_listener_package/share/my_listener_package/hook/ament_prefix_path.sh'
[0.398s] INFO:colcon.colcon_core.shell:Skip shell extension 'powershell' for command environment: Not usable outside of PowerShell
[0.398s] DEBUG:colcon.colcon_core.shell:Skip shell extension 'dsv' for command environment
[0.760s] WARNING:colcon.colcon_ros.task.ament_python.build:Package 'joint_state_publisher' doesn't explicitly install a marker in the package index (colcon-ros currently does it implicitly but that fallback will be removed in the future)
[0.760s] WARNING:colcon.colcon_ros.task.ament_python.build:Package 'joint_state_publisher' doesn't explicitly install the 'package.xml' file (colcon-ros currently does it implicitly but that fallback will be removed in the future)
[0.762s] INFO:colcon.colcon_core.task.python.build:Building Python package in '/home/uiabot/uiabot_ws/src/joint_state_publisher'
[0.762s] INFO:colcon.colcon_core.shell:Skip shell extension 'powershell' for command environment: Not usable outside of PowerShell
[0.762s] DEBUG:colcon.colcon_core.shell:Skip shell extension 'dsv' for command environment
[1.106s] INFO:colcon.colcon_core.task.python.build:Building Python package in '/home/uiabot/uiabot_ws/src/launch_package'
[1.107s] INFO:colcon.colcon_core.shell:Skip shell extension 'powershell' for command environment: Not usable outside of PowerShell
[1.107s] DEBUG:colcon.colcon_core.shell:Skip shell extension 'dsv' for command environment
[1.442s] INFO:colcon.colcon_core.task.python.build:Building Python package in '/home/uiabot/uiabot_ws/src/lidar_package'
[1.442s] INFO:colcon.colcon_core.shell:Skip shell extension 'powershell' for command environment: Not usable outside of PowerShell
[1.442s] DEBUG:colcon.colcon_core.shell:Skip shell extension 'dsv' for command environment
[1.790s] INFO:colcon.colcon_core.task.python.build:Building Python package in '/home/uiabot/uiabot_ws/src/my_listener_package'
[1.791s] INFO:colcon.colcon_core.shell:Skip shell extension 'powershell' for command environment: Not usable outside of PowerShell
[1.791s] DEBUG:colcon.colcon_core.shell:Skip shell extension 'dsv' for command environment
[2.961s] DEBUG:colcon.colcon_core.event_handler.log_command:Invoking command in '/home/uiabot/uiabot_ws/src/launch_package': DEBUGINFOD_URLS=https://debuginfod.ubuntu.com PYTHONPATH=/home/uiabot/uiabot_ws/build/launch_package/prefix_override:/usr/lib/python3/dist-packages/colcon_core/task/python/colcon_distutils_commands:/home/uiabot/uiabot_ws/install/launch_package/lib/python3.12/site-packages:${PYTHONPATH} /usr/bin/python3 -W ignore:setup.py install is deprecated setup.py egg_info --egg-base ../../build/launch_package build --build-base /home/uiabot/uiabot_ws/build/launch_package/build install --record /home/uiabot/uiabot_ws/build/launch_package/install.log --single-version-externally-managed install_data
[2.993s] DEBUG:colcon.colcon_core.event_handler.log_command:Invoking command in '/home/uiabot/uiabot_ws/src/lidar_package': DEBUGINFOD_URLS=https://debuginfod.ubuntu.com PYTHONPATH=/home/uiabot/uiabot_ws/build/lidar_package/prefix_override:/usr/lib/python3/dist-packages/colcon_core/task/python/colcon_distutils_commands:/home/uiabot/uiabot_ws/install/lidar_package/lib/python3.12/site-packages:${PYTHONPATH} /usr/bin/python3 -W ignore:setup.py install is deprecated setup.py egg_info --egg-base ../../build/lidar_package build --build-base /home/uiabot/uiabot_ws/build/lidar_package/build install --record /home/uiabot/uiabot_ws/build/lidar_package/install.log --single-version-externally-managed install_data
[3.011s] DEBUG:colcon.colcon_core.event_handler.log_command:Invoking command in '/home/uiabot/uiabot_ws/src/joint_state_publisher': DEBUGINFOD_URLS=https://debuginfod.ubuntu.com PYTHONPATH=/home/uiabot/uiabot_ws/build/joint_state_publisher/prefix_override:/usr/lib/python3/dist-packages/colcon_core/task/python/colcon_distutils_commands:/home/uiabot/uiabot_ws/install/joint_state_publisher/lib/python3.12/site-packages:${PYTHONPATH} /usr/bin/python3 -W ignore:setup.py install is deprecated setup.py egg_info --egg-base ../../build/joint_state_publisher build --build-base /home/uiabot/uiabot_ws/build/joint_state_publisher/build install --record /home/uiabot/uiabot_ws/build/joint_state_publisher/install.log --single-version-externally-managed install_data
[3.058s] DEBUG:colcon.colcon_core.event_handler.log_command:Invoking command in '/home/uiabot/uiabot_ws/src/my_listener_package': DEBUGINFOD_URLS=https://debuginfod.ubuntu.com PYTHONPATH=/home/uiabot/uiabot_ws/build/my_listener_package/prefix_override:/usr/lib/python3/dist-packages/colcon_core/task/python/colcon_distutils_commands:/home/uiabot/uiabot_ws/install/my_listener_package/lib/python3.12/site-packages:${PYTHONPATH} /usr/bin/python3 -W ignore:setup.py install is deprecated setup.py egg_info --egg-base ../../build/my_listener_package build --build-base /home/uiabot/uiabot_ws/build/my_listener_package/build install --record /home/uiabot/uiabot_ws/build/my_listener_package/install.log --single-version-externally-managed install_data
[3.967s] DEBUG:colcon.colcon_core.event_handler.log_command:Invoked command in '/home/uiabot/uiabot_ws/src/launch_package' returned '0': DEBUGINFOD_URLS=https://debuginfod.ubuntu.com PYTHONPATH=/home/uiabot/uiabot_ws/build/launch_package/prefix_override:/usr/lib/python3/dist-packages/colcon_core/task/python/colcon_distutils_commands:/home/uiabot/uiabot_ws/install/launch_package/lib/python3.12/site-packages:${PYTHONPATH} /usr/bin/python3 -W ignore:setup.py install is deprecated setup.py egg_info --egg-base ../../build/launch_package build --build-base /home/uiabot/uiabot_ws/build/launch_package/build install --record /home/uiabot/uiabot_ws/build/launch_package/install.log --single-version-externally-managed install_data
[3.974s] Level 1:colcon.colcon_core.environment:checking '/home/uiabot/uiabot_ws/install/launch_package' for CMake module files
[3.975s] Level 1:colcon.colcon_core.environment:checking '/home/uiabot/uiabot_ws/install/launch_package' for CMake config files
[3.977s] Level 1:colcon.colcon_core.environment:checking '/home/uiabot/uiabot_ws/install/launch_package/lib'
[3.978s] Level 1:colcon.colcon_core.environment:checking '/home/uiabot/uiabot_ws/install/launch_package/bin'
[3.978s] Level 1:colcon.colcon_core.environment:checking '/home/uiabot/uiabot_ws/install/launch_package/lib/pkgconfig/launch_package.pc'
[3.979s] Level 1:colcon.colcon_core.environment:checking '/home/uiabot/uiabot_ws/install/launch_package/lib/python3.12/site-packages'
[3.979s] Level 1:colcon.colcon_core.shell:create_environment_hook('launch_package', 'pythonpath')
[3.980s] INFO:colcon.colcon_core.shell:Creating environment hook '/home/uiabot/uiabot_ws/install/launch_package/share/launch_package/hook/pythonpath.ps1'
[3.981s] INFO:colcon.colcon_core.shell:Creating environment descriptor '/home/uiabot/uiabot_ws/install/launch_package/share/launch_package/hook/pythonpath.dsv'
[3.983s] INFO:colcon.colcon_core.shell:Creating environment hook '/home/uiabot/uiabot_ws/install/launch_package/share/launch_package/hook/pythonpath.sh'
[3.985s] Level 1:colcon.colcon_core.environment:checking '/home/uiabot/uiabot_ws/install/launch_package/bin'
[3.985s] Level 1:colcon.colcon_core.environment:create_environment_scripts_only(launch_package)
[3.986s] INFO:colcon.colcon_core.shell:Creating package script '/home/uiabot/uiabot_ws/install/launch_package/share/launch_package/package.ps1'
[3.988s] INFO:colcon.colcon_core.shell:Creating package descriptor '/home/uiabot/uiabot_ws/install/launch_package/share/launch_package/package.dsv'
[3.991s] INFO:colcon.colcon_core.shell:Creating package script '/home/uiabot/uiabot_ws/install/launch_package/share/launch_package/package.sh'
[3.996s] INFO:colcon.colcon_core.shell:Creating package script '/home/uiabot/uiabot_ws/install/launch_package/share/launch_package/package.bash'
[3.999s] INFO:colcon.colcon_core.shell:Creating package script '/home/uiabot/uiabot_ws/install/launch_package/share/launch_package/package.zsh'
[4.002s] Level 1:colcon.colcon_core.environment:create_file_with_runtime_dependencies(/home/uiabot/uiabot_ws/install/launch_package/share/colcon-core/packages/launch_package)
[4.006s] INFO:colcon.colcon_ros.task.ament_python.build:Building ROS package in '/home/uiabot/uiabot_ws/src/my_publisher_package' with build type 'ament_python'
[4.007s] Level 1:colcon.colcon_core.shell:create_environment_hook('my_publisher_package', 'ament_prefix_path')
[4.008s] INFO:colcon.colcon_core.shell:Creating environment hook '/home/uiabot/uiabot_ws/install/my_publisher_package/share/my_publisher_package/hook/ament_prefix_path.ps1'
[4.011s] INFO:colcon.colcon_core.shell:Creating environment descriptor '/home/uiabot/uiabot_ws/install/my_publisher_package/share/my_publisher_package/hook/ament_prefix_path.dsv'
[4.012s] INFO:colcon.colcon_core.shell:Creating environment hook '/home/uiabot/uiabot_ws/install/my_publisher_package/share/my_publisher_package/hook/ament_prefix_path.sh'
[4.015s] INFO:colcon.colcon_core.shell:Skip shell extension 'powershell' for command environment: Not usable outside of PowerShell
[4.015s] DEBUG:colcon.colcon_core.shell:Skip shell extension 'dsv' for command environment
[4.429s] INFO:colcon.colcon_core.task.python.build:Building Python package in '/home/uiabot/uiabot_ws/src/my_publisher_package'
[4.430s] INFO:colcon.colcon_core.shell:Skip shell extension 'powershell' for command environment: Not usable outside of PowerShell
[4.430s] DEBUG:colcon.colcon_core.shell:Skip shell extension 'dsv' for command environment
[4.436s] Level 1:colcon.colcon_core.environment:checking '/home/uiabot/uiabot_ws/install/joint_state_publisher' for CMake module files
[4.437s] DEBUG:colcon.colcon_core.event_handler.log_command:Invoked command in '/home/uiabot/uiabot_ws/src/joint_state_publisher' returned '0': DEBUGINFOD_URLS=https://debuginfod.ubuntu.com PYTHONPATH=/home/uiabot/uiabot_ws/build/joint_state_publisher/prefix_override:/usr/lib/python3/dist-packages/colcon_core/task/python/colcon_distutils_commands:/home/uiabot/uiabot_ws/install/joint_state_publisher/lib/python3.12/site-packages:${PYTHONPATH} /usr/bin/python3 -W ignore:setup.py install is deprecated setup.py egg_info --egg-base ../../build/joint_state_publisher build --build-base /home/uiabot/uiabot_ws/build/joint_state_publisher/build install --record /home/uiabot/uiabot_ws/build/joint_state_publisher/install.log --single-version-externally-managed install_data
[4.437s] Level 1:colcon.colcon_core.environment:checking '/home/uiabot/uiabot_ws/install/joint_state_publisher' for CMake config files
[4.438s] Level 1:colcon.colcon_core.environment:checking '/home/uiabot/uiabot_ws/install/joint_state_publisher/lib'
[4.438s] Level 1:colcon.colcon_core.environment:checking '/home/uiabot/uiabot_ws/install/joint_state_publisher/bin'
[4.438s] Level 1:colcon.colcon_core.environment:checking '/home/uiabot/uiabot_ws/install/joint_state_publisher/lib/pkgconfig/joint_state_publisher.pc'
[4.438s] Level 1:colcon.colcon_core.environment:checking '/home/uiabot/uiabot_ws/install/joint_state_publisher/lib/python3.12/site-packages'
[4.439s] Level 1:colcon.colcon_core.shell:create_environment_hook('joint_state_publisher', 'pythonpath')
[4.439s] INFO:colcon.colcon_core.shell:Creating environment hook '/home/uiabot/uiabot_ws/install/joint_state_publisher/share/joint_state_publisher/hook/pythonpath.ps1'
[4.440s] INFO:colcon.colcon_core.shell:Creating environment descriptor '/home/uiabot/uiabot_ws/install/joint_state_publisher/share/joint_state_publisher/hook/pythonpath.dsv'
[4.441s] INFO:colcon.colcon_core.shell:Creating environment hook '/home/uiabot/uiabot_ws/install/joint_state_publisher/share/joint_state_publisher/hook/pythonpath.sh'
[4.443s] Level 1:colcon.colcon_core.environment:checking '/home/uiabot/uiabot_ws/install/joint_state_publisher/bin'
[4.443s] Level 1:colcon.colcon_core.environment:create_environment_scripts_only(joint_state_publisher)
[4.443s] INFO:colcon.colcon_core.shell:Creating package script '/home/uiabot/uiabot_ws/install/joint_state_publisher/share/joint_state_publisher/package.ps1'
[4.444s] INFO:colcon.colcon_core.shell:Creating package descriptor '/home/uiabot/uiabot_ws/install/joint_state_publisher/share/joint_state_publisher/package.dsv'
[4.445s] INFO:colcon.colcon_core.shell:Creating package script '/home/uiabot/uiabot_ws/install/joint_state_publisher/share/joint_state_publisher/package.sh'
[4.447s] INFO:colcon.colcon_core.shell:Creating package script '/home/uiabot/uiabot_ws/install/joint_state_publisher/share/joint_state_publisher/package.bash'
[4.448s] INFO:colcon.colcon_core.shell:Creating package script '/home/uiabot/uiabot_ws/install/joint_state_publisher/share/joint_state_publisher/package.zsh'
[4.449s] Level 1:colcon.colcon_core.environment:create_file_with_runtime_dependencies(/home/uiabot/uiabot_ws/install/joint_state_publisher/share/colcon-core/packages/joint_state_publisher)
[4.450s] Level 1:colcon.colcon_core.environment:checking '/home/uiabot/uiabot_ws/install/my_listener_package' for CMake module files
[4.452s] Level 1:colcon.colcon_core.environment:checking '/home/uiabot/uiabot_ws/install/my_listener_package' for CMake config files
[4.453s] DEBUG:colcon.colcon_core.event_handler.log_command:Invoked command in '/home/uiabot/uiabot_ws/src/my_listener_package' returned '0': DEBUGINFOD_URLS=https://debuginfod.ubuntu.com PYTHONPATH=/home/uiabot/uiabot_ws/build/my_listener_package/prefix_override:/usr/lib/python3/dist-packages/colcon_core/task/python/colcon_distutils_commands:/home/uiabot/uiabot_ws/install/my_listener_package/lib/python3.12/site-packages:${PYTHONPATH} /usr/bin/python3 -W ignore:setup.py install is deprecated setup.py egg_info --egg-base ../../build/my_listener_package build --build-base /home/uiabot/uiabot_ws/build/my_listener_package/build install --record /home/uiabot/uiabot_ws/build/my_listener_package/install.log --single-version-externally-managed install_data
[4.454s] Level 1:colcon.colcon_core.environment:checking '/home/uiabot/uiabot_ws/install/my_listener_package/lib'
[4.455s] Level 1:colcon.colcon_core.environment:checking '/home/uiabot/uiabot_ws/install/my_listener_package/bin'
[4.455s] Level 1:colcon.colcon_core.environment:checking '/home/uiabot/uiabot_ws/install/my_listener_package/lib/pkgconfig/my_listener_package.pc'
[4.455s] Level 1:colcon.colcon_core.environment:checking '/home/uiabot/uiabot_ws/install/my_listener_package/lib/python3.12/site-packages'
[4.456s] Level 1:colcon.colcon_core.shell:create_environment_hook('my_listener_package', 'pythonpath')
[4.456s] INFO:colcon.colcon_core.shell:Creating environment hook '/home/uiabot/uiabot_ws/install/my_listener_package/share/my_listener_package/hook/pythonpath.ps1'
[4.457s] INFO:colcon.colcon_core.shell:Creating environment descriptor '/home/uiabot/uiabot_ws/install/my_listener_package/share/my_listener_package/hook/pythonpath.dsv'
[4.459s] INFO:colcon.colcon_core.shell:Creating environment hook '/home/uiabot/uiabot_ws/install/my_listener_package/share/my_listener_package/hook/pythonpath.sh'
[4.460s] Level 1:colcon.colcon_core.environment:checking '/home/uiabot/uiabot_ws/install/my_listener_package/bin'
[4.461s] Level 1:colcon.colcon_core.environment:create_environment_scripts_only(my_listener_package)
[4.461s] INFO:colcon.colcon_core.shell:Creating package script '/home/uiabot/uiabot_ws/install/my_listener_package/share/my_listener_package/package.ps1'
[4.462s] INFO:colcon.colcon_core.shell:Creating package descriptor '/home/uiabot/uiabot_ws/install/my_listener_package/share/my_listener_package/package.dsv'
[4.464s] INFO:colcon.colcon_core.shell:Creating package script '/home/uiabot/uiabot_ws/install/my_listener_package/share/my_listener_package/package.sh'
[4.465s] INFO:colcon.colcon_core.shell:Creating package script '/home/uiabot/uiabot_ws/install/my_listener_package/share/my_listener_package/package.bash'
[4.466s] INFO:colcon.colcon_core.shell:Creating package script '/home/uiabot/uiabot_ws/install/my_listener_package/share/my_listener_package/package.zsh'
[4.468s] Level 1:colcon.colcon_core.environment:create_file_with_runtime_dependencies(/home/uiabot/uiabot_ws/install/my_listener_package/share/colcon-core/packages/my_listener_package)
[4.469s] INFO:colcon.colcon_ros.task.ament_cmake.build:Building ROS package in '/home/uiabot/uiabot_ws/src/robot_description' with build type 'ament_cmake'
[4.469s] INFO:colcon.colcon_cmake.task.cmake.build:Building CMake package in '/home/uiabot/uiabot_ws/src/robot_description'
[4.470s] INFO:colcon.colcon_core.shell:Skip shell extension 'powershell' for command environment: Not usable outside of PowerShell
[4.470s] DEBUG:colcon.colcon_core.shell:Skip shell extension 'dsv' for command environment
[4.474s] INFO:colcon.colcon_ros.task.ament_python.build:Building ROS package in '/home/uiabot/uiabot_ws/src/rsp_launch' with build type 'ament_python'
[4.475s] Level 1:colcon.colcon_core.shell:create_environment_hook('rsp_launch', 'ament_prefix_path')
[4.475s] INFO:colcon.colcon_core.shell:Creating environment hook '/home/uiabot/uiabot_ws/install/rsp_launch/share/rsp_launch/hook/ament_prefix_path.ps1'
[4.476s] INFO:colcon.colcon_core.shell:Creating environment descriptor '/home/uiabot/uiabot_ws/install/rsp_launch/share/rsp_launch/hook/ament_prefix_path.dsv'
[4.477s] INFO:colcon.colcon_core.shell:Creating environment hook '/home/uiabot/uiabot_ws/install/rsp_launch/share/rsp_launch/hook/ament_prefix_path.sh'
[4.479s] INFO:colcon.colcon_core.shell:Skip shell extension 'powershell' for command environment: Not usable outside of PowerShell
[4.479s] DEBUG:colcon.colcon_core.shell:Skip shell extension 'dsv' for command environment
[4.486s] Level 1:colcon.colcon_core.environment:checking '/home/uiabot/uiabot_ws/install/lidar_package' for CMake module files
[4.488s] DEBUG:colcon.colcon_core.event_handler.log_command:Invoked command in '/home/uiabot/uiabot_ws/src/lidar_package' returned '0': DEBUGINFOD_URLS=https://debuginfod.ubuntu.com PYTHONPATH=/home/uiabot/uiabot_ws/build/lidar_package/prefix_override:/usr/lib/python3/dist-packages/colcon_core/task/python/colcon_distutils_commands:/home/uiabot/uiabot_ws/install/lidar_package/lib/python3.12/site-packages:${PYTHONPATH} /usr/bin/python3 -W ignore:setup.py install is deprecated setup.py egg_info --egg-base ../../build/lidar_package build --build-base /home/uiabot/uiabot_ws/build/lidar_package/build install --record /home/uiabot/uiabot_ws/build/lidar_package/install.log --single-version-externally-managed install_data
[4.488s] Level 1:colcon.colcon_core.environment:checking '/home/uiabot/uiabot_ws/install/lidar_package' for CMake config files
[4.489s] Level 1:colcon.colcon_core.environment:checking '/home/uiabot/uiabot_ws/install/lidar_package/lib'
[4.489s] Level 1:colcon.colcon_core.environment:checking '/home/uiabot/uiabot_ws/install/lidar_package/bin'
[4.490s] Level 1:colcon.colcon_core.environment:checking '/home/uiabot/uiabot_ws/install/lidar_package/lib/pkgconfig/lidar_package.pc'
[4.490s] Level 1:colcon.colcon_core.environment:checking '/home/uiabot/uiabot_ws/install/lidar_package/lib/python3.12/site-packages'
[4.490s] Level 1:colcon.colcon_core.shell:create_environment_hook('lidar_package', 'pythonpath')
[4.491s] INFO:colcon.colcon_core.shell:Creating environment hook '/home/uiabot/uiabot_ws/install/lidar_package/share/lidar_package/hook/pythonpath.ps1'
[4.492s] INFO:colcon.colcon_core.shell:Creating environment descriptor '/home/uiabot/uiabot_ws/install/lidar_package/share/lidar_package/hook/pythonpath.dsv'
[4.493s] INFO:colcon.colcon_core.shell:Creating environment hook '/home/uiabot/uiabot_ws/install/lidar_package/share/lidar_package/hook/pythonpath.sh'
[4.494s] Level 1:colcon.colcon_core.environment:checking '/home/uiabot/uiabot_ws/install/lidar_package/bin'
[4.494s] Level 1:colcon.colcon_core.environment:create_environment_scripts_only(lidar_package)
[4.495s] INFO:colcon.colcon_core.shell:Creating package script '/home/uiabot/uiabot_ws/install/lidar_package/share/lidar_package/package.ps1'
[4.495s] INFO:colcon.colcon_core.shell:Creating package descriptor '/home/uiabot/uiabot_ws/install/lidar_package/share/lidar_package/package.dsv'
[4.497s] INFO:colcon.colcon_core.shell:Creating package script '/home/uiabot/uiabot_ws/install/lidar_package/share/lidar_package/package.sh'
[4.498s] INFO:colcon.colcon_core.shell:Creating package script '/home/uiabot/uiabot_ws/install/lidar_package/share/lidar_package/package.bash'
[4.499s] INFO:colcon.colcon_core.shell:Creating package script '/home/uiabot/uiabot_ws/install/lidar_package/share/lidar_package/package.zsh'
[4.501s] Level 1:colcon.colcon_core.environment:create_file_with_runtime_dependencies(/home/uiabot/uiabot_ws/install/lidar_package/share/colcon-core/packages/lidar_package)
[4.515s] DEBUG:colcon.colcon_core.event_handler.log_command:Invoking command in '/home/uiabot/uiabot_ws/build/robot_description': CMAKE_PREFIX_PATH=${CMAKE_PREFIX_PATH}:/home/uiabot/ros2_ws/install/robot_keyboard_control:/home/uiabot/ros2_ws/install/my_publisher_package:/home/uiabot/ros2_ws/install/my_listener_package:/home/uiabot/ros2_ws/install/esp32_com:/opt/ros/jazzy DEBUGINFOD_URLS=https://debuginfod.ubuntu.com /usr/bin/cmake --build /home/uiabot/uiabot_ws/build/robot_description -- -j4 -l4
[4.911s] WARNING:colcon.colcon_ros.task.ament_python.build:Package 'rsp_launch' doesn't explicitly install a marker in the package index (colcon-ros currently does it implicitly but that fallback will be removed in the future)
[4.911s] WARNING:colcon.colcon_ros.task.ament_python.build:Package 'rsp_launch' doesn't explicitly install the 'package.xml' file (colcon-ros currently does it implicitly but that fallback will be removed in the future)
[4.912s] INFO:colcon.colcon_core.task.python.build:Building Python package in '/home/uiabot/uiabot_ws/src/rsp_launch'
[4.912s] INFO:colcon.colcon_core.shell:Skip shell extension 'powershell' for command environment: Not usable outside of PowerShell
[4.912s] DEBUG:colcon.colcon_core.shell:Skip shell extension 'dsv' for command environment
[4.919s] DEBUG:colcon.colcon_core.event_handler.log_command:Invoked command in '/home/uiabot/uiabot_ws/build/robot_description' returned '0': CMAKE_PREFIX_PATH=${CMAKE_PREFIX_PATH}:/home/uiabot/ros2_ws/install/robot_keyboard_control:/home/uiabot/ros2_ws/install/my_publisher_package:/home/uiabot/ros2_ws/install/my_listener_package:/home/uiabot/ros2_ws/install/esp32_com:/opt/ros/jazzy DEBUGINFOD_URLS=https://debuginfod.ubuntu.com /usr/bin/cmake --build /home/uiabot/uiabot_ws/build/robot_description -- -j4 -l4
[4.985s] DEBUG:colcon.colcon_core.event_handler.log_command:Invoking command in '/home/uiabot/uiabot_ws/build/robot_description': CMAKE_PREFIX_PATH=${CMAKE_PREFIX_PATH}:/home/uiabot/ros2_ws/install/robot_keyboard_control:/home/uiabot/ros2_ws/install/my_publisher_package:/home/uiabot/ros2_ws/install/my_listener_package:/home/uiabot/ros2_ws/install/esp32_com:/opt/ros/jazzy DEBUGINFOD_URLS=https://debuginfod.ubuntu.com /usr/bin/cmake --install /home/uiabot/uiabot_ws/build/robot_description
[5.011s] Level 1:colcon.colcon_core.environment:create_environment_scripts_only(robot_description)
[5.012s] Level 1:colcon.colcon_core.environment:checking '/home/uiabot/uiabot_ws/install/robot_description' for CMake module files
[5.012s] DEBUG:colcon.colcon_core.event_handler.log_command:Invoked command in '/home/uiabot/uiabot_ws/build/robot_description' returned '0': CMAKE_PREFIX_PATH=${CMAKE_PREFIX_PATH}:/home/uiabot/ros2_ws/install/robot_keyboard_control:/home/uiabot/ros2_ws/install/my_publisher_package:/home/uiabot/ros2_ws/install/my_listener_package:/home/uiabot/ros2_ws/install/esp32_com:/opt/ros/jazzy DEBUGINFOD_URLS=https://debuginfod.ubuntu.com /usr/bin/cmake --install /home/uiabot/uiabot_ws/build/robot_description
[5.013s] Level 1:colcon.colcon_core.environment:checking '/home/uiabot/uiabot_ws/install/robot_description' for CMake config files
[5.013s] Level 1:colcon.colcon_core.shell:create_environment_hook('robot_description', 'cmake_prefix_path')
[5.014s] INFO:colcon.colcon_core.shell:Creating environment hook '/home/uiabot/uiabot_ws/install/robot_description/share/robot_description/hook/cmake_prefix_path.ps1'
[5.015s] INFO:colcon.colcon_core.shell:Creating environment descriptor '/home/uiabot/uiabot_ws/install/robot_description/share/robot_description/hook/cmake_prefix_path.dsv'
[5.016s] INFO:colcon.colcon_core.shell:Creating environment hook '/home/uiabot/uiabot_ws/install/robot_description/share/robot_description/hook/cmake_prefix_path.sh'
[5.017s] Level 1:colcon.colcon_core.environment:checking '/home/uiabot/uiabot_ws/install/robot_description/bin'
[5.017s] Level 1:colcon.colcon_core.environment:checking '/home/uiabot/uiabot_ws/install/robot_description/lib/pkgconfig/robot_description.pc'
[5.017s] Level 1:colcon.colcon_core.environment:checking '/home/uiabot/uiabot_ws/install/robot_description/lib/python3.12/site-packages'
[5.017s] Level 1:colcon.colcon_core.environment:checking '/home/uiabot/uiabot_ws/install/robot_description/bin'
[5.018s] INFO:colcon.colcon_core.shell:Creating package script '/home/uiabot/uiabot_ws/install/robot_description/share/robot_description/package.ps1'
[5.019s] INFO:colcon.colcon_core.shell:Creating package descriptor '/home/uiabot/uiabot_ws/install/robot_description/share/robot_description/package.dsv'
[5.020s] INFO:colcon.colcon_core.shell:Creating package script '/home/uiabot/uiabot_ws/install/robot_description/share/robot_description/package.sh'
[5.020s] INFO:colcon.colcon_core.shell:Creating package script '/home/uiabot/uiabot_ws/install/robot_description/share/robot_description/package.bash'
[5.021s] INFO:colcon.colcon_core.shell:Creating package script '/home/uiabot/uiabot_ws/install/robot_description/share/robot_description/package.zsh'
[5.022s] Level 1:colcon.colcon_core.environment:create_file_with_runtime_dependencies(/home/uiabot/uiabot_ws/install/robot_description/share/colcon-core/packages/robot_description)
[5.062s] Level 1:colcon.colcon_core.environment:create_environment_scripts_only(robot_description)
[5.063s] Level 1:colcon.colcon_core.environment:checking '/home/uiabot/uiabot_ws/install/robot_description' for CMake module files
[5.064s] Level 1:colcon.colcon_core.environment:checking '/home/uiabot/uiabot_ws/install/robot_description' for CMake config files
[5.064s] Level 1:colcon.colcon_core.shell:create_environment_hook('robot_description', 'cmake_prefix_path')
[5.064s] INFO:colcon.colcon_core.shell:Creating environment hook '/home/uiabot/uiabot_ws/install/robot_description/share/robot_description/hook/cmake_prefix_path.ps1'
[5.065s] INFO:colcon.colcon_core.shell:Creating environment descriptor '/home/uiabot/uiabot_ws/install/robot_description/share/robot_description/hook/cmake_prefix_path.dsv'
[5.066s] INFO:colcon.colcon_core.shell:Creating environment hook '/home/uiabot/uiabot_ws/install/robot_description/share/robot_description/hook/cmake_prefix_path.sh'
[5.067s] Level 1:colcon.colcon_core.environment:checking '/home/uiabot/uiabot_ws/install/robot_description/bin'
[5.068s] Level 1:colcon.colcon_core.environment:checking '/home/uiabot/uiabot_ws/install/robot_description/lib/pkgconfig/robot_description.pc'
[5.068s] Level 1:colcon.colcon_core.environment:checking '/home/uiabot/uiabot_ws/install/robot_description/lib/python3.12/site-packages'
[5.068s] Level 1:colcon.colcon_core.environment:checking '/home/uiabot/uiabot_ws/install/robot_description/bin'
[5.069s] INFO:colcon.colcon_core.shell:Creating package script '/home/uiabot/uiabot_ws/install/robot_description/share/robot_description/package.ps1'
[5.069s] INFO:colcon.colcon_core.shell:Creating package descriptor '/home/uiabot/uiabot_ws/install/robot_description/share/robot_description/package.dsv'
[5.070s] INFO:colcon.colcon_core.shell:Creating package script '/home/uiabot/uiabot_ws/install/robot_description/share/robot_description/package.sh'
[5.071s] INFO:colcon.colcon_core.shell:Creating package script '/home/uiabot/uiabot_ws/install/robot_description/share/robot_description/package.bash'
[5.072s] INFO:colcon.colcon_core.shell:Creating package script '/home/uiabot/uiabot_ws/install/robot_description/share/robot_description/package.zsh'
[5.073s] Level 1:colcon.colcon_core.environment:create_file_with_runtime_dependencies(/home/uiabot/uiabot_ws/install/robot_description/share/colcon-core/packages/robot_description)
[5.510s] DEBUG:colcon.colcon_core.event_handler.log_command:Invoking command in '/home/uiabot/uiabot_ws/src/my_publisher_package': DEBUGINFOD_URLS=https://debuginfod.ubuntu.com PYTHONPATH=/home/uiabot/uiabot_ws/build/my_publisher_package/prefix_override:/usr/lib/python3/dist-packages/colcon_core/task/python/colcon_distutils_commands:/home/uiabot/uiabot_ws/install/my_publisher_package/lib/python3.12/site-packages:${PYTHONPATH} /usr/bin/python3 -W ignore:setup.py install is deprecated setup.py egg_info --egg-base ../../build/my_publisher_package build --build-base /home/uiabot/uiabot_ws/build/my_publisher_package/build install --record /home/uiabot/uiabot_ws/build/my_publisher_package/install.log --single-version-externally-managed install_data
[5.879s] DEBUG:colcon.colcon_core.event_handler.log_command:Invoking command in '/home/uiabot/uiabot_ws/src/rsp_launch': DEBUGINFOD_URLS=https://debuginfod.ubuntu.com PYTHONPATH=/home/uiabot/uiabot_ws/build/rsp_launch/prefix_override:/usr/lib/python3/dist-packages/colcon_core/task/python/colcon_distutils_commands:/home/uiabot/uiabot_ws/install/rsp_launch/lib/python3.12/site-packages:${PYTHONPATH} /usr/bin/python3 -W ignore:setup.py install is deprecated setup.py egg_info --egg-base ../../build/rsp_launch build --build-base /home/uiabot/uiabot_ws/build/rsp_launch/build install --record /home/uiabot/uiabot_ws/build/rsp_launch/install.log --single-version-externally-managed install_data
[6.339s] Level 1:colcon.colcon_core.environment:checking '/home/uiabot/uiabot_ws/install/my_publisher_package' for CMake module files
[6.340s] DEBUG:colcon.colcon_core.event_handler.log_command:Invoked command in '/home/uiabot/uiabot_ws/src/my_publisher_package' returned '0': DEBUGINFOD_URLS=https://debuginfod.ubuntu.com PYTHONPATH=/home/uiabot/uiabot_ws/build/my_publisher_package/prefix_override:/usr/lib/python3/dist-packages/colcon_core/task/python/colcon_distutils_commands:/home/uiabot/uiabot_ws/install/my_publisher_package/lib/python3.12/site-packages:${PYTHONPATH} /usr/bin/python3 -W ignore:setup.py install is deprecated setup.py egg_info --egg-base ../../build/my_publisher_package build --build-base /home/uiabot/uiabot_ws/build/my_publisher_package/build install --record /home/uiabot/uiabot_ws/build/my_publisher_package/install.log --single-version-externally-managed install_data
[6.340s] Level 1:colcon.colcon_core.environment:checking '/home/uiabot/uiabot_ws/install/my_publisher_package' for CMake config files
[6.341s] Level 1:colcon.colcon_core.environment:checking '/home/uiabot/uiabot_ws/install/my_publisher_package/lib'
[6.341s] Level 1:colcon.colcon_core.environment:checking '/home/uiabot/uiabot_ws/install/my_publisher_package/bin'
[6.341s] Level 1:colcon.colcon_core.environment:checking '/home/uiabot/uiabot_ws/install/my_publisher_package/lib/pkgconfig/my_publisher_package.pc'
[6.341s] Level 1:colcon.colcon_core.environment:checking '/home/uiabot/uiabot_ws/install/my_publisher_package/lib/python3.12/site-packages'
[6.341s] Level 1:colcon.colcon_core.shell:create_environment_hook('my_publisher_package', 'pythonpath')
[6.341s] INFO:colcon.colcon_core.shell:Creating environment hook '/home/uiabot/uiabot_ws/install/my_publisher_package/share/my_publisher_package/hook/pythonpath.ps1'
[6.342s] INFO:colcon.colcon_core.shell:Creating environment descriptor '/home/uiabot/uiabot_ws/install/my_publisher_package/share/my_publisher_package/hook/pythonpath.dsv'
[6.343s] INFO:colcon.colcon_core.shell:Creating environment hook '/home/uiabot/uiabot_ws/install/my_publisher_package/share/my_publisher_package/hook/pythonpath.sh'
[6.344s] Level 1:colcon.colcon_core.environment:checking '/home/uiabot/uiabot_ws/install/my_publisher_package/bin'
[6.344s] Level 1:colcon.colcon_core.environment:create_environment_scripts_only(my_publisher_package)
[6.344s] INFO:colcon.colcon_core.shell:Creating package script '/home/uiabot/uiabot_ws/install/my_publisher_package/share/my_publisher_package/package.ps1'
[6.345s] INFO:colcon.colcon_core.shell:Creating package descriptor '/home/uiabot/uiabot_ws/install/my_publisher_package/share/my_publisher_package/package.dsv'
[6.346s] INFO:colcon.colcon_core.shell:Creating package script '/home/uiabot/uiabot_ws/install/my_publisher_package/share/my_publisher_package/package.sh'
[6.347s] INFO:colcon.colcon_core.shell:Creating package script '/home/uiabot/uiabot_ws/install/my_publisher_package/share/my_publisher_package/package.bash'
[6.347s] INFO:colcon.colcon_core.shell:Creating package script '/home/uiabot/uiabot_ws/install/my_publisher_package/share/my_publisher_package/package.zsh'
[6.348s] Level 1:colcon.colcon_core.environment:create_file_with_runtime_dependencies(/home/uiabot/uiabot_ws/install/my_publisher_package/share/colcon-core/packages/my_publisher_package)
[6.691s] Level 1:colcon.colcon_core.environment:checking '/home/uiabot/uiabot_ws/install/rsp_launch' for CMake module files
[6.692s] DEBUG:colcon.colcon_core.event_handler.log_command:Invoked command in '/home/uiabot/uiabot_ws/src/rsp_launch' returned '0': DEBUGINFOD_URLS=https://debuginfod.ubuntu.com PYTHONPATH=/home/uiabot/uiabot_ws/build/rsp_launch/prefix_override:/usr/lib/python3/dist-packages/colcon_core/task/python/colcon_distutils_commands:/home/uiabot/uiabot_ws/install/rsp_launch/lib/python3.12/site-packages:${PYTHONPATH} /usr/bin/python3 -W ignore:setup.py install is deprecated setup.py egg_info --egg-base ../../build/rsp_launch build --build-base /home/uiabot/uiabot_ws/build/rsp_launch/build install --record /home/uiabot/uiabot_ws/build/rsp_launch/install.log --single-version-externally-managed install_data
[6.692s] Level 1:colcon.colcon_core.environment:checking '/home/uiabot/uiabot_ws/install/rsp_launch' for CMake config files
[6.693s] Level 1:colcon.colcon_core.environment:checking '/home/uiabot/uiabot_ws/install/rsp_launch/lib'
[6.693s] Level 1:colcon.colcon_core.environment:checking '/home/uiabot/uiabot_ws/install/rsp_launch/bin'
[6.693s] Level 1:colcon.colcon_core.environment:checking '/home/uiabot/uiabot_ws/install/rsp_launch/lib/pkgconfig/rsp_launch.pc'
[6.694s] Level 1:colcon.colcon_core.environment:checking '/home/uiabot/uiabot_ws/install/rsp_launch/lib/python3.12/site-packages'
[6.694s] Level 1:colcon.colcon_core.shell:create_environment_hook('rsp_launch', 'pythonpath')
[6.694s] INFO:colcon.colcon_core.shell:Creating environment hook '/home/uiabot/uiabot_ws/install/rsp_launch/share/rsp_launch/hook/pythonpath.ps1'
[6.695s] INFO:colcon.colcon_core.shell:Creating environment descriptor '/home/uiabot/uiabot_ws/install/rsp_launch/share/rsp_launch/hook/pythonpath.dsv'
[6.696s] INFO:colcon.colcon_core.shell:Creating environment hook '/home/uiabot/uiabot_ws/install/rsp_launch/share/rsp_launch/hook/pythonpath.sh'
[6.697s] Level 1:colcon.colcon_core.environment:checking '/home/uiabot/uiabot_ws/install/rsp_launch/bin'
[6.697s] Level 1:colcon.colcon_core.environment:create_environment_scripts_only(rsp_launch)
[6.697s] INFO:colcon.colcon_core.shell:Creating package script '/home/uiabot/uiabot_ws/install/rsp_launch/share/rsp_launch/package.ps1'
[6.698s] INFO:colcon.colcon_core.shell:Creating package descriptor '/home/uiabot/uiabot_ws/install/rsp_launch/share/rsp_launch/package.dsv'
[6.699s] INFO:colcon.colcon_core.shell:Creating package script '/home/uiabot/uiabot_ws/install/rsp_launch/share/rsp_launch/package.sh'
[6.699s] INFO:colcon.colcon_core.shell:Creating package script '/home/uiabot/uiabot_ws/install/rsp_launch/share/rsp_launch/package.bash'
[6.701s] INFO:colcon.colcon_core.shell:Creating package script '/home/uiabot/uiabot_ws/install/rsp_launch/share/rsp_launch/package.zsh'
[6.702s] Level 1:colcon.colcon_core.environment:create_file_with_runtime_dependencies(/home/uiabot/uiabot_ws/install/rsp_launch/share/colcon-core/packages/rsp_launch)
[6.702s] DEBUG:colcon.colcon_parallel_executor.executor.parallel:closing loop
[6.703s] DEBUG:colcon.colcon_parallel_executor.executor.parallel:loop closed
[6.703s] DEBUG:colcon.colcon_parallel_executor.executor.parallel:run_until_complete finished with '0'
[6.703s] DEBUG:colcon.colcon_core.event_reactor:joining thread
[6.717s] INFO:colcon.colcon_core.plugin_system:Skipping extension 'colcon_notification.desktop_notification.terminal_notifier': Not used on non-Darwin systems
[6.718s] INFO:colcon.colcon_core.plugin_system:Skipping extension 'colcon_notification.desktop_notification.win32': Not used on non-Windows systems
[6.718s] INFO:colcon.colcon_notification.desktop_notification:Sending desktop notification using 'notify2'
[6.748s] DEBUG:colcon.colcon_core.event_reactor:joined thread
[6.749s] INFO:colcon.colcon_core.shell:Creating prefix script '/home/uiabot/uiabot_ws/install/local_setup.ps1'
[6.750s] INFO:colcon.colcon_core.shell:Creating prefix util module '/home/uiabot/uiabot_ws/install/_local_setup_util_ps1.py'
[6.751s] INFO:colcon.colcon_core.shell:Creating prefix chain script '/home/uiabot/uiabot_ws/install/setup.ps1'
[6.753s] INFO:colcon.colcon_core.shell:Creating prefix script '/home/uiabot/uiabot_ws/install/local_setup.sh'
[6.754s] INFO:colcon.colcon_core.shell:Creating prefix util module '/home/uiabot/uiabot_ws/install/_local_setup_util_sh.py'
[6.754s] INFO:colcon.colcon_core.shell:Creating prefix chain script '/home/uiabot/uiabot_ws/install/setup.sh'
[6.758s] INFO:colcon.colcon_core.shell:Creating prefix script '/home/uiabot/uiabot_ws/install/local_setup.bash'
[6.761s] INFO:colcon.colcon_core.shell:Creating prefix chain script '/home/uiabot/uiabot_ws/install/setup.bash'
[6.763s] INFO:colcon.colcon_core.shell:Creating prefix script '/home/uiabot/uiabot_ws/install/local_setup.zsh'
[6.764s] INFO:colcon.colcon_core.shell:Creating prefix chain script '/home/uiabot/uiabot_ws/install/setup.zsh'
