[0.052s] Invoking command in '/home/uiabot/uiabot_ws/build/joint_states_publisher': CMAKE_PREFIX_PATH=${CMAKE_PREFIX_PATH}:/home/uiabot/uiabot_ws/install/rsp_launch:/home/uiabot/uiabot_ws/install/my_publisher_package:/home/uiabot/uiabot_ws/install/my_listener_package:/home/uiabot/uiabot_ws/install/lidar_package:/home/uiabot/uiabot_ws/install/launch_package:/home/uiabot/ros2_ws/install/robot_keyboard_control:/home/uiabot/ros2_ws/install/my_publisher_package:/home/uiabot/ros2_ws/install/my_listener_package:/home/uiabot/ros2_ws/install/esp32_com:/opt/ros/jazzy DEBUGINFOD_URLS=https://debuginfod.ubuntu.com /usr/bin/cmake /home/uiabot/uiabot_ws/src/joint_states_publisher -DCMAKE_INSTALL_PREFIX=/home/uiabot/uiabot_ws/install/joint_states_publisher
[0.916s] -- The C compiler identification is GNU 13.2.0
[0.917s] -- The CXX compiler identification is GNU 13.2.0
[0.917s] -- Detecting C compiler ABI info
[0.917s] -- Detecting C compiler ABI info - done
[0.917s] -- Check for working C compiler: /usr/bin/cc - skipped
[0.918s] -- Detecting C compile features
[0.918s] -- Detecting C compile features - done
[0.918s] -- Detecting CXX compiler ABI info
[0.918s] -- Detecting CXX compiler ABI info - done
[0.918s] -- Check for working CXX compiler: /usr/bin/c++ - skipped
[0.918s] -- Detecting CXX compile features
[0.918s] -- Detecting CXX compile features - done
[0.919s] -- Found ament_cmake: 2.5.2 (/opt/ros/jazzy/share/ament_cmake/cmake)
[1.089s] -- Found Python3: /usr/bin/python3 (found version "3.12.3") found components: Interpreter 
[1.281s] -- Found ament_lint_auto: 0.17.1 (/opt/ros/jazzy/share/ament_lint_auto/cmake)
[1.585s] -- Added test 'flake8' to check Python code syntax and style conventions
[1.585s] -- Configured 'flake8' exclude dirs and/or files: 
[1.587s] -- Added test 'lint_cmake' to check CMake code style
[1.587s] -- Added test 'pep257' to check Python code against some of the docstring style conventions in PEP 257
[1.588s] -- Added test 'xmllint' to check XML markup files
[1.591s] -- Configuring done (1.5s)
[1.596s] -- Generating done (0.0s)
[1.598s] -- Build files have been written to: /home/uiabot/uiabot_ws/build/joint_states_publisher
[1.617s] Invoked command in '/home/uiabot/uiabot_ws/build/joint_states_publisher' returned '0': CMAKE_PREFIX_PATH=${CMAKE_PREFIX_PATH}:/home/uiabot/uiabot_ws/install/rsp_launch:/home/uiabot/uiabot_ws/install/my_publisher_package:/home/uiabot/uiabot_ws/install/my_listener_package:/home/uiabot/uiabot_ws/install/lidar_package:/home/uiabot/uiabot_ws/install/launch_package:/home/uiabot/ros2_ws/install/robot_keyboard_control:/home/uiabot/ros2_ws/install/my_publisher_package:/home/uiabot/ros2_ws/install/my_listener_package:/home/uiabot/ros2_ws/install/esp32_com:/opt/ros/jazzy DEBUGINFOD_URLS=https://debuginfod.ubuntu.com /usr/bin/cmake /home/uiabot/uiabot_ws/src/joint_states_publisher -DCMAKE_INSTALL_PREFIX=/home/uiabot/uiabot_ws/install/joint_states_publisher
[1.617s] Invoking command in '/home/uiabot/uiabot_ws/build/joint_states_publisher': CMAKE_PREFIX_PATH=${CMAKE_PREFIX_PATH}:/home/uiabot/uiabot_ws/install/rsp_launch:/home/uiabot/uiabot_ws/install/my_publisher_package:/home/uiabot/uiabot_ws/install/my_listener_package:/home/uiabot/uiabot_ws/install/lidar_package:/home/uiabot/uiabot_ws/install/launch_package:/home/uiabot/ros2_ws/install/robot_keyboard_control:/home/uiabot/ros2_ws/install/my_publisher_package:/home/uiabot/ros2_ws/install/my_listener_package:/home/uiabot/ros2_ws/install/esp32_com:/opt/ros/jazzy DEBUGINFOD_URLS=https://debuginfod.ubuntu.com /usr/bin/cmake --build /home/uiabot/uiabot_ws/build/joint_states_publisher -- -j4 -l4
[1.701s] Invoked command in '/home/uiabot/uiabot_ws/build/joint_states_publisher' returned '0': CMAKE_PREFIX_PATH=${CMAKE_PREFIX_PATH}:/home/uiabot/uiabot_ws/install/rsp_launch:/home/uiabot/uiabot_ws/install/my_publisher_package:/home/uiabot/uiabot_ws/install/my_listener_package:/home/uiabot/uiabot_ws/install/lidar_package:/home/uiabot/uiabot_ws/install/launch_package:/home/uiabot/ros2_ws/install/robot_keyboard_control:/home/uiabot/ros2_ws/install/my_publisher_package:/home/uiabot/ros2_ws/install/my_listener_package:/home/uiabot/ros2_ws/install/esp32_com:/opt/ros/jazzy DEBUGINFOD_URLS=https://debuginfod.ubuntu.com /usr/bin/cmake --build /home/uiabot/uiabot_ws/build/joint_states_publisher -- -j4 -l4
[1.776s] Invoking command in '/home/uiabot/uiabot_ws/build/joint_states_publisher': CMAKE_PREFIX_PATH=${CMAKE_PREFIX_PATH}:/home/uiabot/uiabot_ws/install/rsp_launch:/home/uiabot/uiabot_ws/install/my_publisher_package:/home/uiabot/uiabot_ws/install/my_listener_package:/home/uiabot/uiabot_ws/install/lidar_package:/home/uiabot/uiabot_ws/install/launch_package:/home/uiabot/ros2_ws/install/robot_keyboard_control:/home/uiabot/ros2_ws/install/my_publisher_package:/home/uiabot/ros2_ws/install/my_listener_package:/home/uiabot/ros2_ws/install/esp32_com:/opt/ros/jazzy DEBUGINFOD_URLS=https://debuginfod.ubuntu.com /usr/bin/cmake --install /home/uiabot/uiabot_ws/build/joint_states_publisher
[1.795s] -- Install configuration: ""
[1.795s] -- Installing: /home/uiabot/uiabot_ws/install/joint_states_publisher/share/ament_index/resource_index/package_run_dependencies/joint_states_publisher
[1.795s] -- Installing: /home/uiabot/uiabot_ws/install/joint_states_publisher/share/ament_index/resource_index/parent_prefix_path/joint_states_publisher
[1.795s] -- Installing: /home/uiabot/uiabot_ws/install/joint_states_publisher/share/joint_states_publisher/environment/ament_prefix_path.sh
[1.795s] -- Installing: /home/uiabot/uiabot_ws/install/joint_states_publisher/share/joint_states_publisher/environment/ament_prefix_path.dsv
[1.796s] -- Installing: /home/uiabot/uiabot_ws/install/joint_states_publisher/share/joint_states_publisher/environment/path.sh
[1.797s] -- Installing: /home/uiabot/uiabot_ws/install/joint_states_publisher/share/joint_states_publisher/environment/path.dsv
[1.797s] -- Installing: /home/uiabot/uiabot_ws/install/joint_states_publisher/share/joint_states_publisher/local_setup.bash
[1.797s] -- Installing: /home/uiabot/uiabot_ws/install/joint_states_publisher/share/joint_states_publisher/local_setup.sh
[1.798s] -- Installing: /home/uiabot/uiabot_ws/install/joint_states_publisher/share/joint_states_publisher/local_setup.zsh
[1.799s] -- Installing: /home/uiabot/uiabot_ws/install/joint_states_publisher/share/joint_states_publisher/local_setup.dsv
[1.799s] -- Installing: /home/uiabot/uiabot_ws/install/joint_states_publisher/share/joint_states_publisher/package.dsv
[1.799s] -- Installing: /home/uiabot/uiabot_ws/install/joint_states_publisher/share/ament_index/resource_index/packages/joint_states_publisher
[1.799s] -- Installing: /home/uiabot/uiabot_ws/install/joint_states_publisher/share/joint_states_publisher/cmake/joint_states_publisherConfig.cmake
[1.799s] -- Installing: /home/uiabot/uiabot_ws/install/joint_states_publisher/share/joint_states_publisher/cmake/joint_states_publisherConfig-version.cmake
[1.800s] -- Installing: /home/uiabot/uiabot_ws/install/joint_states_publisher/share/joint_states_publisher/package.xml
[1.805s] Invoked command in '/home/uiabot/uiabot_ws/build/joint_states_publisher' returned '0': CMAKE_PREFIX_PATH=${CMAKE_PREFIX_PATH}:/home/uiabot/uiabot_ws/install/rsp_launch:/home/uiabot/uiabot_ws/install/my_publisher_package:/home/uiabot/uiabot_ws/install/my_listener_package:/home/uiabot/uiabot_ws/install/lidar_package:/home/uiabot/uiabot_ws/install/launch_package:/home/uiabot/ros2_ws/install/robot_keyboard_control:/home/uiabot/ros2_ws/install/my_publisher_package:/home/uiabot/ros2_ws/install/my_listener_package:/home/uiabot/ros2_ws/install/esp32_com:/opt/ros/jazzy DEBUGINFOD_URLS=https://debuginfod.ubuntu.com /usr/bin/cmake --install /home/uiabot/uiabot_ws/build/joint_states_publisher
