[0.156s] DEBUG:colcon:Command line arguments: ['/usr/bin/colcon', 'build']
[0.156s] DEBUG:colcon:Parsed command line arguments: Namespace(log_base=None, log_level=None, verb_name='build', build_base='build', install_base='install', merge_install=False, symlink_install=False, test_result_base=None, continue_on_error=False, executor='parallel', parallel_workers=4, event_handlers=None, ignore_user_meta=False, metas=['./colcon.meta'], base_paths=['.'], packages_ignore=None, packages_ignore_regex=None, paths=None, packages_up_to=None, packages_up_to_regex=None, packages_above=None, packages_above_and_dependencies=None, packages_above_depth=None, packages_select_by_dep=None, packages_skip_by_dep=None, packages_skip_up_to=None, packages_select_build_failed=False, packages_skip_build_finished=False, packages_select_test_failures=False, packages_skip_test_passed=False, packages_select=None, packages_skip=None, packages_select_regex=None, packages_skip_regex=None, packages_start=None, packages_end=None, allow_overriding=[], cmake_args=None, cmake_target=None, cmake_target_skip_unavailable=False, cmake_clean_cache=False, cmake_clean_first=False, cmake_force_configure=False, ament_cmake_args=None, catkin_cmake_args=None, catkin_skip_building_tests=False, mixin_files=None, mixin=None, verb_parser=<colcon_mixin.mixin.mixin_argument.MixinArgumentDecorator object at 0xffffac28aea0>, verb_extension=<colcon_core.verb.build.BuildVerb object at 0xffffac435520>, main=<bound method BuildVerb.main of <colcon_core.verb.build.BuildVerb object at 0xffffac435520>>, mixin_verb=('build',))
[0.210s] Level 1:colcon.colcon_core.package_discovery:discover_packages(colcon_meta) check parameters
[0.210s] Level 1:colcon.colcon_core.package_discovery:discover_packages(recursive) check parameters
[0.210s] Level 1:colcon.colcon_core.package_discovery:discover_packages(ignore) check parameters
[0.210s] Level 1:colcon.colcon_core.package_discovery:discover_packages(path) check parameters
[0.210s] Level 1:colcon.colcon_core.package_discovery:discover_packages(colcon_meta) discover
[0.210s] Level 1:colcon.colcon_core.package_discovery:discover_packages(recursive) discover
[0.210s] INFO:colcon.colcon_core.package_discovery:Crawling recursively for packages in '/home/uiabot/uiabot_ws'
[0.210s] Level 1:colcon.colcon_core.package_identification:_identify(.) by extensions ['ignore', 'ignore_ament_install']
[0.210s] Level 1:colcon.colcon_core.package_identification:_identify(.) by extension 'ignore'
[0.211s] Level 1:colcon.colcon_core.package_identification:_identify(.) by extension 'ignore_ament_install'
[0.211s] Level 1:colcon.colcon_core.package_identification:_identify(.) by extensions ['colcon_pkg']
[0.211s] Level 1:colcon.colcon_core.package_identification:_identify(.) by extension 'colcon_pkg'
[0.211s] Level 1:colcon.colcon_core.package_identification:_identify(.) by extensions ['colcon_meta']
[0.211s] Level 1:colcon.colcon_core.package_identification:_identify(.) by extension 'colcon_meta'
[0.211s] Level 1:colcon.colcon_core.package_identification:_identify(.) by extensions ['ros']
[0.211s] Level 1:colcon.colcon_core.package_identification:_identify(.) by extension 'ros'
[0.251s] Level 1:colcon.colcon_core.package_identification:_identify(.) by extensions ['cmake', 'python']
[0.251s] Level 1:colcon.colcon_core.package_identification:_identify(.) by extension 'cmake'
[0.251s] Level 1:colcon.colcon_core.package_identification:_identify(.) by extension 'python'
[0.251s] Level 1:colcon.colcon_core.package_identification:_identify(.) by extensions ['python_setup_py']
[0.251s] Level 1:colcon.colcon_core.package_identification:_identify(.) by extension 'python_setup_py'
[0.251s] Level 1:colcon.colcon_core.package_identification:_identify(build) by extensions ['ignore', 'ignore_ament_install']
[0.252s] Level 1:colcon.colcon_core.package_identification:_identify(build) by extension 'ignore'
[0.252s] Level 1:colcon.colcon_core.package_identification:_identify(build) ignored
[0.252s] Level 1:colcon.colcon_core.package_identification:_identify(install) by extensions ['ignore', 'ignore_ament_install']
[0.252s] Level 1:colcon.colcon_core.package_identification:_identify(install) by extension 'ignore'
[0.252s] Level 1:colcon.colcon_core.package_identification:_identify(install) ignored
[0.252s] Level 1:colcon.colcon_core.package_identification:_identify(log) by extensions ['ignore', 'ignore_ament_install']
[0.252s] Level 1:colcon.colcon_core.package_identification:_identify(log) by extension 'ignore'
[0.252s] Level 1:colcon.colcon_core.package_identification:_identify(log) ignored
[0.252s] Level 1:colcon.colcon_core.package_identification:_identify(src) by extensions ['ignore', 'ignore_ament_install']
[0.252s] Level 1:colcon.colcon_core.package_identification:_identify(src) by extension 'ignore'
[0.252s] Level 1:colcon.colcon_core.package_identification:_identify(src) by extension 'ignore_ament_install'
[0.252s] Level 1:colcon.colcon_core.package_identification:_identify(src) by extensions ['colcon_pkg']
[0.253s] Level 1:colcon.colcon_core.package_identification:_identify(src) by extension 'colcon_pkg'
[0.253s] Level 1:colcon.colcon_core.package_identification:_identify(src) by extensions ['colcon_meta']
[0.253s] Level 1:colcon.colcon_core.package_identification:_identify(src) by extension 'colcon_meta'
[0.253s] Level 1:colcon.colcon_core.package_identification:_identify(src) by extensions ['ros']
[0.253s] Level 1:colcon.colcon_core.package_identification:_identify(src) by extension 'ros'
[0.253s] Level 1:colcon.colcon_core.package_identification:_identify(src) by extensions ['cmake', 'python']
[0.253s] Level 1:colcon.colcon_core.package_identification:_identify(src) by extension 'cmake'
[0.253s] Level 1:colcon.colcon_core.package_identification:_identify(src) by extension 'python'
[0.253s] Level 1:colcon.colcon_core.package_identification:_identify(src) by extensions ['python_setup_py']
[0.253s] Level 1:colcon.colcon_core.package_identification:_identify(src) by extension 'python_setup_py'
[0.253s] Level 1:colcon.colcon_core.package_identification:_identify(src/joint_states_publisher) by extensions ['ignore', 'ignore_ament_install']
[0.253s] Level 1:colcon.colcon_core.package_identification:_identify(src/joint_states_publisher) by extension 'ignore'
[0.253s] Level 1:colcon.colcon_core.package_identification:_identify(src/joint_states_publisher) by extension 'ignore_ament_install'
[0.253s] Level 1:colcon.colcon_core.package_identification:_identify(src/joint_states_publisher) by extensions ['colcon_pkg']
[0.253s] Level 1:colcon.colcon_core.package_identification:_identify(src/joint_states_publisher) by extension 'colcon_pkg'
[0.253s] Level 1:colcon.colcon_core.package_identification:_identify(src/joint_states_publisher) by extensions ['colcon_meta']
[0.253s] Level 1:colcon.colcon_core.package_identification:_identify(src/joint_states_publisher) by extension 'colcon_meta'
[0.253s] Level 1:colcon.colcon_core.package_identification:_identify(src/joint_states_publisher) by extensions ['ros']
[0.253s] Level 1:colcon.colcon_core.package_identification:_identify(src/joint_states_publisher) by extension 'ros'
[0.257s] DEBUG:colcon.colcon_core.package_identification:Package 'src/joint_states_publisher' with type 'ros.ament_cmake' and name 'joint_states_publisher'
[0.257s] Level 1:colcon.colcon_core.package_identification:_identify(src/launch_package) by extensions ['ignore', 'ignore_ament_install']
[0.257s] Level 1:colcon.colcon_core.package_identification:_identify(src/launch_package) by extension 'ignore'
[0.257s] Level 1:colcon.colcon_core.package_identification:_identify(src/launch_package) by extension 'ignore_ament_install'
[0.257s] Level 1:colcon.colcon_core.package_identification:_identify(src/launch_package) by extensions ['colcon_pkg']
[0.257s] Level 1:colcon.colcon_core.package_identification:_identify(src/launch_package) by extension 'colcon_pkg'
[0.257s] Level 1:colcon.colcon_core.package_identification:_identify(src/launch_package) by extensions ['colcon_meta']
[0.257s] Level 1:colcon.colcon_core.package_identification:_identify(src/launch_package) by extension 'colcon_meta'
[0.257s] Level 1:colcon.colcon_core.package_identification:_identify(src/launch_package) by extensions ['ros']
[0.257s] Level 1:colcon.colcon_core.package_identification:_identify(src/launch_package) by extension 'ros'
[0.258s] DEBUG:colcon.colcon_core.package_identification:Package 'src/launch_package' with type 'ros.ament_python' and name 'launch_package'
[0.258s] Level 1:colcon.colcon_core.package_identification:_identify(src/lidar_package) by extensions ['ignore', 'ignore_ament_install']
[0.258s] Level 1:colcon.colcon_core.package_identification:_identify(src/lidar_package) by extension 'ignore'
[0.258s] Level 1:colcon.colcon_core.package_identification:_identify(src/lidar_package) by extension 'ignore_ament_install'
[0.258s] Level 1:colcon.colcon_core.package_identification:_identify(src/lidar_package) by extensions ['colcon_pkg']
[0.258s] Level 1:colcon.colcon_core.package_identification:_identify(src/lidar_package) by extension 'colcon_pkg'
[0.258s] Level 1:colcon.colcon_core.package_identification:_identify(src/lidar_package) by extensions ['colcon_meta']
[0.258s] Level 1:colcon.colcon_core.package_identification:_identify(src/lidar_package) by extension 'colcon_meta'
[0.258s] Level 1:colcon.colcon_core.package_identification:_identify(src/lidar_package) by extensions ['ros']
[0.258s] Level 1:colcon.colcon_core.package_identification:_identify(src/lidar_package) by extension 'ros'
[0.259s] DEBUG:colcon.colcon_core.package_identification:Package 'src/lidar_package' with type 'ros.ament_python' and name 'lidar_package'
[0.259s] Level 1:colcon.colcon_core.package_identification:_identify(src/my_listener_package) by extensions ['ignore', 'ignore_ament_install']
[0.259s] Level 1:colcon.colcon_core.package_identification:_identify(src/my_listener_package) by extension 'ignore'
[0.259s] Level 1:colcon.colcon_core.package_identification:_identify(src/my_listener_package) by extension 'ignore_ament_install'
[0.259s] Level 1:colcon.colcon_core.package_identification:_identify(src/my_listener_package) by extensions ['colcon_pkg']
[0.259s] Level 1:colcon.colcon_core.package_identification:_identify(src/my_listener_package) by extension 'colcon_pkg'
[0.259s] Level 1:colcon.colcon_core.package_identification:_identify(src/my_listener_package) by extensions ['colcon_meta']
[0.259s] Level 1:colcon.colcon_core.package_identification:_identify(src/my_listener_package) by extension 'colcon_meta'
[0.259s] Level 1:colcon.colcon_core.package_identification:_identify(src/my_listener_package) by extensions ['ros']
[0.259s] Level 1:colcon.colcon_core.package_identification:_identify(src/my_listener_package) by extension 'ros'
[0.260s] DEBUG:colcon.colcon_core.package_identification:Package 'src/my_listener_package' with type 'ros.ament_python' and name 'my_listener_package'
[0.260s] Level 1:colcon.colcon_core.package_identification:_identify(src/my_publisher_package) by extensions ['ignore', 'ignore_ament_install']
[0.260s] Level 1:colcon.colcon_core.package_identification:_identify(src/my_publisher_package) by extension 'ignore'
[0.260s] Level 1:colcon.colcon_core.package_identification:_identify(src/my_publisher_package) by extension 'ignore_ament_install'
[0.260s] Level 1:colcon.colcon_core.package_identification:_identify(src/my_publisher_package) by extensions ['colcon_pkg']
[0.260s] Level 1:colcon.colcon_core.package_identification:_identify(src/my_publisher_package) by extension 'colcon_pkg'
[0.260s] Level 1:colcon.colcon_core.package_identification:_identify(src/my_publisher_package) by extensions ['colcon_meta']
[0.260s] Level 1:colcon.colcon_core.package_identification:_identify(src/my_publisher_package) by extension 'colcon_meta'
[0.260s] Level 1:colcon.colcon_core.package_identification:_identify(src/my_publisher_package) by extensions ['ros']
[0.260s] Level 1:colcon.colcon_core.package_identification:_identify(src/my_publisher_package) by extension 'ros'
[0.261s] DEBUG:colcon.colcon_core.package_identification:Package 'src/my_publisher_package' with type 'ros.ament_python' and name 'my_publisher_package'
[0.261s] Level 1:colcon.colcon_core.package_identification:_identify(src/robot_description) by extensions ['ignore', 'ignore_ament_install']
[0.261s] Level 1:colcon.colcon_core.package_identification:_identify(src/robot_description) by extension 'ignore'
[0.261s] Level 1:colcon.colcon_core.package_identification:_identify(src/robot_description) by extension 'ignore_ament_install'
[0.261s] Level 1:colcon.colcon_core.package_identification:_identify(src/robot_description) by extensions ['colcon_pkg']
[0.261s] Level 1:colcon.colcon_core.package_identification:_identify(src/robot_description) by extension 'colcon_pkg'
[0.261s] Level 1:colcon.colcon_core.package_identification:_identify(src/robot_description) by extensions ['colcon_meta']
[0.261s] Level 1:colcon.colcon_core.package_identification:_identify(src/robot_description) by extension 'colcon_meta'
[0.261s] Level 1:colcon.colcon_core.package_identification:_identify(src/robot_description) by extensions ['ros']
[0.261s] Level 1:colcon.colcon_core.package_identification:_identify(src/robot_description) by extension 'ros'
[0.262s] DEBUG:colcon.colcon_core.package_identification:Package 'src/robot_description' with type 'ros.ament_cmake' and name 'robot_description'
[0.262s] Level 1:colcon.colcon_core.package_identification:_identify(src/rsp_launch) by extensions ['ignore', 'ignore_ament_install']
[0.262s] Level 1:colcon.colcon_core.package_identification:_identify(src/rsp_launch) by extension 'ignore'
[0.262s] Level 1:colcon.colcon_core.package_identification:_identify(src/rsp_launch) by extension 'ignore_ament_install'
[0.262s] Level 1:colcon.colcon_core.package_identification:_identify(src/rsp_launch) by extensions ['colcon_pkg']
[0.262s] Level 1:colcon.colcon_core.package_identification:_identify(src/rsp_launch) by extension 'colcon_pkg'
[0.262s] Level 1:colcon.colcon_core.package_identification:_identify(src/rsp_launch) by extensions ['colcon_meta']
[0.262s] Level 1:colcon.colcon_core.package_identification:_identify(src/rsp_launch) by extension 'colcon_meta'
[0.262s] Level 1:colcon.colcon_core.package_identification:_identify(src/rsp_launch) by extensions ['ros']
[0.262s] Level 1:colcon.colcon_core.package_identification:_identify(src/rsp_launch) by extension 'ros'
[0.263s] DEBUG:colcon.colcon_core.package_identification:Package 'src/rsp_launch' with type 'ros.ament_python' and name 'rsp_launch'
[0.263s] Level 1:colcon.colcon_core.package_discovery:discover_packages(recursive) using defaults
[0.263s] Level 1:colcon.colcon_core.package_discovery:discover_packages(ignore) discover
[0.263s] Level 1:colcon.colcon_core.package_discovery:discover_packages(ignore) using defaults
[0.263s] Level 1:colcon.colcon_core.package_discovery:discover_packages(path) discover
[0.263s] Level 1:colcon.colcon_core.package_discovery:discover_packages(path) using defaults
[0.288s] Level 1:colcon.colcon_core.package_discovery:discover_packages(prefix_path) check parameters
[0.288s] Level 1:colcon.colcon_core.package_discovery:discover_packages(prefix_path) discover
[0.291s] DEBUG:colcon.colcon_installed_package_information.package_discovery:Found 7 installed packages in /home/uiabot/uiabot_ws/install
[0.292s] DEBUG:colcon.colcon_installed_package_information.package_discovery:Found 4 installed packages in /home/uiabot/ros2_ws/install
[0.294s] DEBUG:colcon.colcon_installed_package_information.package_discovery:Found 285 installed packages in /opt/ros/jazzy
[0.297s] Level 1:colcon.colcon_core.package_discovery:discover_packages(prefix_path) using defaults
[0.357s] Level 5:colcon.colcon_core.verb:set package 'joint_states_publisher' build argument 'cmake_args' from command line to 'None'
[0.357s] Level 5:colcon.colcon_core.verb:set package 'joint_states_publisher' build argument 'cmake_target' from command line to 'None'
[0.357s] Level 5:colcon.colcon_core.verb:set package 'joint_states_publisher' build argument 'cmake_target_skip_unavailable' from command line to 'False'
[0.357s] Level 5:colcon.colcon_core.verb:set package 'joint_states_publisher' build argument 'cmake_clean_cache' from command line to 'False'
[0.357s] Level 5:colcon.colcon_core.verb:set package 'joint_states_publisher' build argument 'cmake_clean_first' from command line to 'False'
[0.357s] Level 5:colcon.colcon_core.verb:set package 'joint_states_publisher' build argument 'cmake_force_configure' from command line to 'False'
[0.357s] Level 5:colcon.colcon_core.verb:set package 'joint_states_publisher' build argument 'ament_cmake_args' from command line to 'None'
[0.357s] Level 5:colcon.colcon_core.verb:set package 'joint_states_publisher' build argument 'catkin_cmake_args' from command line to 'None'
[0.357s] Level 5:colcon.colcon_core.verb:set package 'joint_states_publisher' build argument 'catkin_skip_building_tests' from command line to 'False'
[0.357s] DEBUG:colcon.colcon_core.verb:Building package 'joint_states_publisher' with the following arguments: {'ament_cmake_args': None, 'build_base': '/home/uiabot/uiabot_ws/build/joint_states_publisher', 'catkin_cmake_args': None, 'catkin_skip_building_tests': False, 'cmake_args': None, 'cmake_clean_cache': False, 'cmake_clean_first': False, 'cmake_force_configure': False, 'cmake_target': None, 'cmake_target_skip_unavailable': False, 'install_base': '/home/uiabot/uiabot_ws/install/joint_states_publisher', 'merge_install': False, 'path': '/home/uiabot/uiabot_ws/src/joint_states_publisher', 'symlink_install': False, 'test_result_base': None}
[0.358s] Level 5:colcon.colcon_core.verb:set package 'launch_package' build argument 'cmake_args' from command line to 'None'
[0.358s] Level 5:colcon.colcon_core.verb:set package 'launch_package' build argument 'cmake_target' from command line to 'None'
[0.358s] Level 5:colcon.colcon_core.verb:set package 'launch_package' build argument 'cmake_target_skip_unavailable' from command line to 'False'
[0.358s] Level 5:colcon.colcon_core.verb:set package 'launch_package' build argument 'cmake_clean_cache' from command line to 'False'
[0.358s] Level 5:colcon.colcon_core.verb:set package 'launch_package' build argument 'cmake_clean_first' from command line to 'False'
[0.358s] Level 5:colcon.colcon_core.verb:set package 'launch_package' build argument 'cmake_force_configure' from command line to 'False'
[0.358s] Level 5:colcon.colcon_core.verb:set package 'launch_package' build argument 'ament_cmake_args' from command line to 'None'
[0.358s] Level 5:colcon.colcon_core.verb:set package 'launch_package' build argument 'catkin_cmake_args' from command line to 'None'
[0.358s] Level 5:colcon.colcon_core.verb:set package 'launch_package' build argument 'catkin_skip_building_tests' from command line to 'False'
[0.358s] DEBUG:colcon.colcon_core.verb:Building package 'launch_package' with the following arguments: {'ament_cmake_args': None, 'build_base': '/home/uiabot/uiabot_ws/build/launch_package', 'catkin_cmake_args': None, 'catkin_skip_building_tests': False, 'cmake_args': None, 'cmake_clean_cache': False, 'cmake_clean_first': False, 'cmake_force_configure': False, 'cmake_target': None, 'cmake_target_skip_unavailable': False, 'install_base': '/home/uiabot/uiabot_ws/install/launch_package', 'merge_install': False, 'path': '/home/uiabot/uiabot_ws/src/launch_package', 'symlink_install': False, 'test_result_base': None}
[0.358s] Level 5:colcon.colcon_core.verb:set package 'lidar_package' build argument 'cmake_args' from command line to 'None'
[0.358s] Level 5:colcon.colcon_core.verb:set package 'lidar_package' build argument 'cmake_target' from command line to 'None'
[0.358s] Level 5:colcon.colcon_core.verb:set package 'lidar_package' build argument 'cmake_target_skip_unavailable' from command line to 'False'
[0.358s] Level 5:colcon.colcon_core.verb:set package 'lidar_package' build argument 'cmake_clean_cache' from command line to 'False'
[0.358s] Level 5:colcon.colcon_core.verb:set package 'lidar_package' build argument 'cmake_clean_first' from command line to 'False'
[0.358s] Level 5:colcon.colcon_core.verb:set package 'lidar_package' build argument 'cmake_force_configure' from command line to 'False'
[0.358s] Level 5:colcon.colcon_core.verb:set package 'lidar_package' build argument 'ament_cmake_args' from command line to 'None'
[0.359s] Level 5:colcon.colcon_core.verb:set package 'lidar_package' build argument 'catkin_cmake_args' from command line to 'None'
[0.359s] Level 5:colcon.colcon_core.verb:set package 'lidar_package' build argument 'catkin_skip_building_tests' from command line to 'False'
[0.359s] DEBUG:colcon.colcon_core.verb:Building package 'lidar_package' with the following arguments: {'ament_cmake_args': None, 'build_base': '/home/uiabot/uiabot_ws/build/lidar_package', 'catkin_cmake_args': None, 'catkin_skip_building_tests': False, 'cmake_args': None, 'cmake_clean_cache': False, 'cmake_clean_first': False, 'cmake_force_configure': False, 'cmake_target': None, 'cmake_target_skip_unavailable': False, 'install_base': '/home/uiabot/uiabot_ws/install/lidar_package', 'merge_install': False, 'path': '/home/uiabot/uiabot_ws/src/lidar_package', 'symlink_install': False, 'test_result_base': None}
[0.359s] Level 5:colcon.colcon_core.verb:set package 'my_listener_package' build argument 'cmake_args' from command line to 'None'
[0.359s] Level 5:colcon.colcon_core.verb:set package 'my_listener_package' build argument 'cmake_target' from command line to 'None'
[0.359s] Level 5:colcon.colcon_core.verb:set package 'my_listener_package' build argument 'cmake_target_skip_unavailable' from command line to 'False'
[0.359s] Level 5:colcon.colcon_core.verb:set package 'my_listener_package' build argument 'cmake_clean_cache' from command line to 'False'
[0.359s] Level 5:colcon.colcon_core.verb:set package 'my_listener_package' build argument 'cmake_clean_first' from command line to 'False'
[0.359s] Level 5:colcon.colcon_core.verb:set package 'my_listener_package' build argument 'cmake_force_configure' from command line to 'False'
[0.359s] Level 5:colcon.colcon_core.verb:set package 'my_listener_package' build argument 'ament_cmake_args' from command line to 'None'
[0.359s] Level 5:colcon.colcon_core.verb:set package 'my_listener_package' build argument 'catkin_cmake_args' from command line to 'None'
[0.359s] Level 5:colcon.colcon_core.verb:set package 'my_listener_package' build argument 'catkin_skip_building_tests' from command line to 'False'
[0.359s] DEBUG:colcon.colcon_core.verb:Building package 'my_listener_package' with the following arguments: {'ament_cmake_args': None, 'build_base': '/home/uiabot/uiabot_ws/build/my_listener_package', 'catkin_cmake_args': None, 'catkin_skip_building_tests': False, 'cmake_args': None, 'cmake_clean_cache': False, 'cmake_clean_first': False, 'cmake_force_configure': False, 'cmake_target': None, 'cmake_target_skip_unavailable': False, 'install_base': '/home/uiabot/uiabot_ws/install/my_listener_package', 'merge_install': False, 'path': '/home/uiabot/uiabot_ws/src/my_listener_package', 'symlink_install': False, 'test_result_base': None}
[0.359s] Level 5:colcon.colcon_core.verb:set package 'my_publisher_package' build argument 'cmake_args' from command line to 'None'
[0.359s] Level 5:colcon.colcon_core.verb:set package 'my_publisher_package' build argument 'cmake_target' from command line to 'None'
[0.359s] Level 5:colcon.colcon_core.verb:set package 'my_publisher_package' build argument 'cmake_target_skip_unavailable' from command line to 'False'
[0.360s] Level 5:colcon.colcon_core.verb:set package 'my_publisher_package' build argument 'cmake_clean_cache' from command line to 'False'
[0.360s] Level 5:colcon.colcon_core.verb:set package 'my_publisher_package' build argument 'cmake_clean_first' from command line to 'False'
[0.360s] Level 5:colcon.colcon_core.verb:set package 'my_publisher_package' build argument 'cmake_force_configure' from command line to 'False'
[0.360s] Level 5:colcon.colcon_core.verb:set package 'my_publisher_package' build argument 'ament_cmake_args' from command line to 'None'
[0.360s] Level 5:colcon.colcon_core.verb:set package 'my_publisher_package' build argument 'catkin_cmake_args' from command line to 'None'
[0.360s] Level 5:colcon.colcon_core.verb:set package 'my_publisher_package' build argument 'catkin_skip_building_tests' from command line to 'False'
[0.360s] DEBUG:colcon.colcon_core.verb:Building package 'my_publisher_package' with the following arguments: {'ament_cmake_args': None, 'build_base': '/home/uiabot/uiabot_ws/build/my_publisher_package', 'catkin_cmake_args': None, 'catkin_skip_building_tests': False, 'cmake_args': None, 'cmake_clean_cache': False, 'cmake_clean_first': False, 'cmake_force_configure': False, 'cmake_target': None, 'cmake_target_skip_unavailable': False, 'install_base': '/home/uiabot/uiabot_ws/install/my_publisher_package', 'merge_install': False, 'path': '/home/uiabot/uiabot_ws/src/my_publisher_package', 'symlink_install': False, 'test_result_base': None}
[0.360s] Level 5:colcon.colcon_core.verb:set package 'robot_description' build argument 'cmake_args' from command line to 'None'
[0.360s] Level 5:colcon.colcon_core.verb:set package 'robot_description' build argument 'cmake_target' from command line to 'None'
[0.360s] Level 5:colcon.colcon_core.verb:set package 'robot_description' build argument 'cmake_target_skip_unavailable' from command line to 'False'
[0.360s] Level 5:colcon.colcon_core.verb:set package 'robot_description' build argument 'cmake_clean_cache' from command line to 'False'
[0.360s] Level 5:colcon.colcon_core.verb:set package 'robot_description' build argument 'cmake_clean_first' from command line to 'False'
[0.360s] Level 5:colcon.colcon_core.verb:set package 'robot_description' build argument 'cmake_force_configure' from command line to 'False'
[0.360s] Level 5:colcon.colcon_core.verb:set package 'robot_description' build argument 'ament_cmake_args' from command line to 'None'
[0.360s] Level 5:colcon.colcon_core.verb:set package 'robot_description' build argument 'catkin_cmake_args' from command line to 'None'
[0.360s] Level 5:colcon.colcon_core.verb:set package 'robot_description' build argument 'catkin_skip_building_tests' from command line to 'False'
[0.360s] DEBUG:colcon.colcon_core.verb:Building package 'robot_description' with the following arguments: {'ament_cmake_args': None, 'build_base': '/home/uiabot/uiabot_ws/build/robot_description', 'catkin_cmake_args': None, 'catkin_skip_building_tests': False, 'cmake_args': None, 'cmake_clean_cache': False, 'cmake_clean_first': False, 'cmake_force_configure': False, 'cmake_target': None, 'cmake_target_skip_unavailable': False, 'install_base': '/home/uiabot/uiabot_ws/install/robot_description', 'merge_install': False, 'path': '/home/uiabot/uiabot_ws/src/robot_description', 'symlink_install': False, 'test_result_base': None}
[0.360s] Level 5:colcon.colcon_core.verb:set package 'rsp_launch' build argument 'cmake_args' from command line to 'None'
[0.361s] Level 5:colcon.colcon_core.verb:set package 'rsp_launch' build argument 'cmake_target' from command line to 'None'
[0.361s] Level 5:colcon.colcon_core.verb:set package 'rsp_launch' build argument 'cmake_target_skip_unavailable' from command line to 'False'
[0.361s] Level 5:colcon.colcon_core.verb:set package 'rsp_launch' build argument 'cmake_clean_cache' from command line to 'False'
[0.361s] Level 5:colcon.colcon_core.verb:set package 'rsp_launch' build argument 'cmake_clean_first' from command line to 'False'
[0.361s] Level 5:colcon.colcon_core.verb:set package 'rsp_launch' build argument 'cmake_force_configure' from command line to 'False'
[0.361s] Level 5:colcon.colcon_core.verb:set package 'rsp_launch' build argument 'ament_cmake_args' from command line to 'None'
[0.361s] Level 5:colcon.colcon_core.verb:set package 'rsp_launch' build argument 'catkin_cmake_args' from command line to 'None'
[0.361s] Level 5:colcon.colcon_core.verb:set package 'rsp_launch' build argument 'catkin_skip_building_tests' from command line to 'False'
[0.361s] DEBUG:colcon.colcon_core.verb:Building package 'rsp_launch' with the following arguments: {'ament_cmake_args': None, 'build_base': '/home/uiabot/uiabot_ws/build/rsp_launch', 'catkin_cmake_args': None, 'catkin_skip_building_tests': False, 'cmake_args': None, 'cmake_clean_cache': False, 'cmake_clean_first': False, 'cmake_force_configure': False, 'cmake_target': None, 'cmake_target_skip_unavailable': False, 'install_base': '/home/uiabot/uiabot_ws/install/rsp_launch', 'merge_install': False, 'path': '/home/uiabot/uiabot_ws/src/rsp_launch', 'symlink_install': False, 'test_result_base': None}
[0.361s] INFO:colcon.colcon_core.executor:Executing jobs using 'parallel' executor
[0.362s] DEBUG:colcon.colcon_parallel_executor.executor.parallel:run_until_complete
[0.363s] INFO:colcon.colcon_ros.task.ament_cmake.build:Building ROS package in '/home/uiabot/uiabot_ws/src/joint_states_publisher' with build type 'ament_cmake'
[0.363s] INFO:colcon.colcon_cmake.task.cmake.build:Building CMake package in '/home/uiabot/uiabot_ws/src/joint_states_publisher'
[0.367s] INFO:colcon.colcon_core.plugin_system:Skipping extension 'colcon_core.shell.bat': Not used on non-Windows systems
[0.367s] INFO:colcon.colcon_core.shell:Skip shell extension 'powershell' for command environment: Not usable outside of PowerShell
[0.367s] DEBUG:colcon.colcon_core.shell:Skip shell extension 'dsv' for command environment
[0.376s] INFO:colcon.colcon_ros.task.ament_python.build:Building ROS package in '/home/uiabot/uiabot_ws/src/launch_package' with build type 'ament_python'
[0.377s] Level 1:colcon.colcon_core.shell:create_environment_hook('launch_package', 'ament_prefix_path')
[0.377s] INFO:colcon.colcon_core.shell:Creating environment hook '/home/uiabot/uiabot_ws/install/launch_package/share/launch_package/hook/ament_prefix_path.ps1'
[0.379s] INFO:colcon.colcon_core.shell:Creating environment descriptor '/home/uiabot/uiabot_ws/install/launch_package/share/launch_package/hook/ament_prefix_path.dsv'
[0.380s] INFO:colcon.colcon_core.shell:Creating environment hook '/home/uiabot/uiabot_ws/install/launch_package/share/launch_package/hook/ament_prefix_path.sh'
[0.382s] INFO:colcon.colcon_core.shell:Skip shell extension 'powershell' for command environment: Not usable outside of PowerShell
[0.382s] DEBUG:colcon.colcon_core.shell:Skip shell extension 'dsv' for command environment
[0.389s] INFO:colcon.colcon_ros.task.ament_python.build:Building ROS package in '/home/uiabot/uiabot_ws/src/lidar_package' with build type 'ament_python'
[0.389s] Level 1:colcon.colcon_core.shell:create_environment_hook('lidar_package', 'ament_prefix_path')
[0.390s] INFO:colcon.colcon_core.shell:Creating environment hook '/home/uiabot/uiabot_ws/install/lidar_package/share/lidar_package/hook/ament_prefix_path.ps1'
[0.391s] INFO:colcon.colcon_core.shell:Creating environment descriptor '/home/uiabot/uiabot_ws/install/lidar_package/share/lidar_package/hook/ament_prefix_path.dsv'
[0.392s] INFO:colcon.colcon_core.shell:Creating environment hook '/home/uiabot/uiabot_ws/install/lidar_package/share/lidar_package/hook/ament_prefix_path.sh'
[0.394s] INFO:colcon.colcon_core.shell:Skip shell extension 'powershell' for command environment: Not usable outside of PowerShell
[0.394s] DEBUG:colcon.colcon_core.shell:Skip shell extension 'dsv' for command environment
[0.401s] INFO:colcon.colcon_ros.task.ament_python.build:Building ROS package in '/home/uiabot/uiabot_ws/src/my_listener_package' with build type 'ament_python'
[0.402s] Level 1:colcon.colcon_core.shell:create_environment_hook('my_listener_package', 'ament_prefix_path')
[0.402s] INFO:colcon.colcon_core.shell:Creating environment hook '/home/uiabot/uiabot_ws/install/my_listener_package/share/my_listener_package/hook/ament_prefix_path.ps1'
[0.403s] INFO:colcon.colcon_core.shell:Creating environment descriptor '/home/uiabot/uiabot_ws/install/my_listener_package/share/my_listener_package/hook/ament_prefix_path.dsv'
[0.404s] INFO:colcon.colcon_core.shell:Creating environment hook '/home/uiabot/uiabot_ws/install/my_listener_package/share/my_listener_package/hook/ament_prefix_path.sh'
[0.406s] INFO:colcon.colcon_core.shell:Skip shell extension 'powershell' for command environment: Not usable outside of PowerShell
[0.406s] DEBUG:colcon.colcon_core.shell:Skip shell extension 'dsv' for command environment
[0.423s] DEBUG:colcon.colcon_core.event_handler.log_command:Invoking command in '/home/uiabot/uiabot_ws/build/joint_states_publisher': CMAKE_PREFIX_PATH=${CMAKE_PREFIX_PATH}:/home/uiabot/uiabot_ws/install/rsp_launch:/home/uiabot/uiabot_ws/install/my_publisher_package:/home/uiabot/uiabot_ws/install/my_listener_package:/home/uiabot/uiabot_ws/install/lidar_package:/home/uiabot/uiabot_ws/install/launch_package:/home/uiabot/ros2_ws/install/robot_keyboard_control:/home/uiabot/ros2_ws/install/my_publisher_package:/home/uiabot/ros2_ws/install/my_listener_package:/home/uiabot/ros2_ws/install/esp32_com:/opt/ros/jazzy DEBUGINFOD_URLS=https://debuginfod.ubuntu.com /usr/bin/cmake --build /home/uiabot/uiabot_ws/build/joint_states_publisher -- -j4 -l4
[0.825s] INFO:colcon.colcon_core.task.python.build:Building Python package in '/home/uiabot/uiabot_ws/src/launch_package'
[0.825s] INFO:colcon.colcon_core.shell:Skip shell extension 'powershell' for command environment: Not usable outside of PowerShell
[0.825s] DEBUG:colcon.colcon_core.shell:Skip shell extension 'dsv' for command environment
[1.194s] INFO:colcon.colcon_core.task.python.build:Building Python package in '/home/uiabot/uiabot_ws/src/lidar_package'
[1.195s] INFO:colcon.colcon_core.shell:Skip shell extension 'powershell' for command environment: Not usable outside of PowerShell
[1.195s] DEBUG:colcon.colcon_core.shell:Skip shell extension 'dsv' for command environment
[1.204s] DEBUG:colcon.colcon_core.event_handler.log_command:Invoked command in '/home/uiabot/uiabot_ws/build/joint_states_publisher' returned '0': CMAKE_PREFIX_PATH=${CMAKE_PREFIX_PATH}:/home/uiabot/uiabot_ws/install/rsp_launch:/home/uiabot/uiabot_ws/install/my_publisher_package:/home/uiabot/uiabot_ws/install/my_listener_package:/home/uiabot/uiabot_ws/install/lidar_package:/home/uiabot/uiabot_ws/install/launch_package:/home/uiabot/ros2_ws/install/robot_keyboard_control:/home/uiabot/ros2_ws/install/my_publisher_package:/home/uiabot/ros2_ws/install/my_listener_package:/home/uiabot/ros2_ws/install/esp32_com:/opt/ros/jazzy DEBUGINFOD_URLS=https://debuginfod.ubuntu.com /usr/bin/cmake --build /home/uiabot/uiabot_ws/build/joint_states_publisher -- -j4 -l4
[1.555s] INFO:colcon.colcon_core.task.python.build:Building Python package in '/home/uiabot/uiabot_ws/src/my_listener_package'
[1.555s] INFO:colcon.colcon_core.shell:Skip shell extension 'powershell' for command environment: Not usable outside of PowerShell
[1.555s] DEBUG:colcon.colcon_core.shell:Skip shell extension 'dsv' for command environment
[1.596s] DEBUG:colcon.colcon_core.event_handler.log_command:Invoking command in '/home/uiabot/uiabot_ws/build/joint_states_publisher': CMAKE_PREFIX_PATH=${CMAKE_PREFIX_PATH}:/home/uiabot/uiabot_ws/install/rsp_launch:/home/uiabot/uiabot_ws/install/my_publisher_package:/home/uiabot/uiabot_ws/install/my_listener_package:/home/uiabot/uiabot_ws/install/lidar_package:/home/uiabot/uiabot_ws/install/launch_package:/home/uiabot/ros2_ws/install/robot_keyboard_control:/home/uiabot/ros2_ws/install/my_publisher_package:/home/uiabot/ros2_ws/install/my_listener_package:/home/uiabot/ros2_ws/install/esp32_com:/opt/ros/jazzy DEBUGINFOD_URLS=https://debuginfod.ubuntu.com /usr/bin/cmake --install /home/uiabot/uiabot_ws/build/joint_states_publisher
[1.621s] Level 1:colcon.colcon_core.environment:create_environment_scripts_only(joint_states_publisher)
[1.622s] DEBUG:colcon.colcon_core.event_handler.log_command:Invoked command in '/home/uiabot/uiabot_ws/build/joint_states_publisher' returned '0': CMAKE_PREFIX_PATH=${CMAKE_PREFIX_PATH}:/home/uiabot/uiabot_ws/install/rsp_launch:/home/uiabot/uiabot_ws/install/my_publisher_package:/home/uiabot/uiabot_ws/install/my_listener_package:/home/uiabot/uiabot_ws/install/lidar_package:/home/uiabot/uiabot_ws/install/launch_package:/home/uiabot/ros2_ws/install/robot_keyboard_control:/home/uiabot/ros2_ws/install/my_publisher_package:/home/uiabot/ros2_ws/install/my_listener_package:/home/uiabot/ros2_ws/install/esp32_com:/opt/ros/jazzy DEBUGINFOD_URLS=https://debuginfod.ubuntu.com /usr/bin/cmake --install /home/uiabot/uiabot_ws/build/joint_states_publisher
[1.628s] Level 1:colcon.colcon_core.environment:checking '/home/uiabot/uiabot_ws/install/joint_states_publisher' for CMake module files
[1.629s] Level 1:colcon.colcon_core.environment:checking '/home/uiabot/uiabot_ws/install/joint_states_publisher' for CMake config files
[1.630s] Level 1:colcon.colcon_core.shell:create_environment_hook('joint_states_publisher', 'cmake_prefix_path')
[1.630s] INFO:colcon.colcon_core.shell:Creating environment hook '/home/uiabot/uiabot_ws/install/joint_states_publisher/share/joint_states_publisher/hook/cmake_prefix_path.ps1'
[1.631s] INFO:colcon.colcon_core.shell:Creating environment descriptor '/home/uiabot/uiabot_ws/install/joint_states_publisher/share/joint_states_publisher/hook/cmake_prefix_path.dsv'
[1.633s] INFO:colcon.colcon_core.shell:Creating environment hook '/home/uiabot/uiabot_ws/install/joint_states_publisher/share/joint_states_publisher/hook/cmake_prefix_path.sh'
[1.635s] Level 1:colcon.colcon_core.environment:checking '/home/uiabot/uiabot_ws/install/joint_states_publisher/bin'
[1.635s] Level 1:colcon.colcon_core.environment:checking '/home/uiabot/uiabot_ws/install/joint_states_publisher/lib/pkgconfig/joint_states_publisher.pc'
[1.636s] Level 1:colcon.colcon_core.environment:checking '/home/uiabot/uiabot_ws/install/joint_states_publisher/lib/python3.12/site-packages'
[1.636s] Level 1:colcon.colcon_core.environment:checking '/home/uiabot/uiabot_ws/install/joint_states_publisher/bin'
[1.636s] INFO:colcon.colcon_core.shell:Creating package script '/home/uiabot/uiabot_ws/install/joint_states_publisher/share/joint_states_publisher/package.ps1'
[1.639s] INFO:colcon.colcon_core.shell:Creating package descriptor '/home/uiabot/uiabot_ws/install/joint_states_publisher/share/joint_states_publisher/package.dsv'
[1.640s] INFO:colcon.colcon_core.shell:Creating package script '/home/uiabot/uiabot_ws/install/joint_states_publisher/share/joint_states_publisher/package.sh'
[1.642s] INFO:colcon.colcon_core.shell:Creating package script '/home/uiabot/uiabot_ws/install/joint_states_publisher/share/joint_states_publisher/package.bash'
[1.643s] INFO:colcon.colcon_core.shell:Creating package script '/home/uiabot/uiabot_ws/install/joint_states_publisher/share/joint_states_publisher/package.zsh'
[1.644s] Level 1:colcon.colcon_core.environment:create_file_with_runtime_dependencies(/home/uiabot/uiabot_ws/install/joint_states_publisher/share/colcon-core/packages/joint_states_publisher)
[1.712s] Level 1:colcon.colcon_core.environment:create_environment_scripts_only(joint_states_publisher)
[1.712s] Level 1:colcon.colcon_core.environment:checking '/home/uiabot/uiabot_ws/install/joint_states_publisher' for CMake module files
[1.713s] Level 1:colcon.colcon_core.environment:checking '/home/uiabot/uiabot_ws/install/joint_states_publisher' for CMake config files
[1.714s] Level 1:colcon.colcon_core.shell:create_environment_hook('joint_states_publisher', 'cmake_prefix_path')
[1.714s] INFO:colcon.colcon_core.shell:Creating environment hook '/home/uiabot/uiabot_ws/install/joint_states_publisher/share/joint_states_publisher/hook/cmake_prefix_path.ps1'
[1.715s] INFO:colcon.colcon_core.shell:Creating environment descriptor '/home/uiabot/uiabot_ws/install/joint_states_publisher/share/joint_states_publisher/hook/cmake_prefix_path.dsv'
[1.716s] INFO:colcon.colcon_core.shell:Creating environment hook '/home/uiabot/uiabot_ws/install/joint_states_publisher/share/joint_states_publisher/hook/cmake_prefix_path.sh'
[1.717s] Level 1:colcon.colcon_core.environment:checking '/home/uiabot/uiabot_ws/install/joint_states_publisher/bin'
[1.718s] Level 1:colcon.colcon_core.environment:checking '/home/uiabot/uiabot_ws/install/joint_states_publisher/lib/pkgconfig/joint_states_publisher.pc'
[1.718s] Level 1:colcon.colcon_core.environment:checking '/home/uiabot/uiabot_ws/install/joint_states_publisher/lib/python3.12/site-packages'
[1.718s] Level 1:colcon.colcon_core.environment:checking '/home/uiabot/uiabot_ws/install/joint_states_publisher/bin'
[1.719s] INFO:colcon.colcon_core.shell:Creating package script '/home/uiabot/uiabot_ws/install/joint_states_publisher/share/joint_states_publisher/package.ps1'
[1.720s] INFO:colcon.colcon_core.shell:Creating package descriptor '/home/uiabot/uiabot_ws/install/joint_states_publisher/share/joint_states_publisher/package.dsv'
[1.721s] INFO:colcon.colcon_core.shell:Creating package script '/home/uiabot/uiabot_ws/install/joint_states_publisher/share/joint_states_publisher/package.sh'
[1.722s] INFO:colcon.colcon_core.shell:Creating package script '/home/uiabot/uiabot_ws/install/joint_states_publisher/share/joint_states_publisher/package.bash'
[1.723s] INFO:colcon.colcon_core.shell:Creating package script '/home/uiabot/uiabot_ws/install/joint_states_publisher/share/joint_states_publisher/package.zsh'
[1.724s] Level 1:colcon.colcon_core.environment:create_file_with_runtime_dependencies(/home/uiabot/uiabot_ws/install/joint_states_publisher/share/colcon-core/packages/joint_states_publisher)
[1.726s] INFO:colcon.colcon_ros.task.ament_python.build:Building ROS package in '/home/uiabot/uiabot_ws/src/my_publisher_package' with build type 'ament_python'
[1.726s] Level 1:colcon.colcon_core.shell:create_environment_hook('my_publisher_package', 'ament_prefix_path')
[1.726s] INFO:colcon.colcon_core.shell:Creating environment hook '/home/uiabot/uiabot_ws/install/my_publisher_package/share/my_publisher_package/hook/ament_prefix_path.ps1'
[1.733s] INFO:colcon.colcon_core.shell:Creating environment descriptor '/home/uiabot/uiabot_ws/install/my_publisher_package/share/my_publisher_package/hook/ament_prefix_path.dsv'
[1.739s] INFO:colcon.colcon_core.shell:Creating environment hook '/home/uiabot/uiabot_ws/install/my_publisher_package/share/my_publisher_package/hook/ament_prefix_path.sh'
[1.744s] INFO:colcon.colcon_core.shell:Skip shell extension 'powershell' for command environment: Not usable outside of PowerShell
[1.745s] DEBUG:colcon.colcon_core.shell:Skip shell extension 'dsv' for command environment
[2.372s] INFO:colcon.colcon_core.task.python.build:Building Python package in '/home/uiabot/uiabot_ws/src/my_publisher_package'
[2.372s] INFO:colcon.colcon_core.shell:Skip shell extension 'powershell' for command environment: Not usable outside of PowerShell
[2.372s] DEBUG:colcon.colcon_core.shell:Skip shell extension 'dsv' for command environment
[3.408s] DEBUG:colcon.colcon_core.event_handler.log_command:Invoking command in '/home/uiabot/uiabot_ws/src/launch_package': DEBUGINFOD_URLS=https://debuginfod.ubuntu.com PYTHONPATH=/home/uiabot/uiabot_ws/build/launch_package/prefix_override:/usr/lib/python3/dist-packages/colcon_core/task/python/colcon_distutils_commands:/home/uiabot/uiabot_ws/install/launch_package/lib/python3.12/site-packages:${PYTHONPATH} /usr/bin/python3 -W ignore:setup.py install is deprecated setup.py egg_info --egg-base ../../build/launch_package build --build-base /home/uiabot/uiabot_ws/build/launch_package/build install --record /home/uiabot/uiabot_ws/build/launch_package/install.log --single-version-externally-managed install_data
[3.458s] DEBUG:colcon.colcon_core.event_handler.log_command:Invoking command in '/home/uiabot/uiabot_ws/src/my_listener_package': DEBUGINFOD_URLS=https://debuginfod.ubuntu.com PYTHONPATH=/home/uiabot/uiabot_ws/build/my_listener_package/prefix_override:/usr/lib/python3/dist-packages/colcon_core/task/python/colcon_distutils_commands:/home/uiabot/uiabot_ws/install/my_listener_package/lib/python3.12/site-packages:${PYTHONPATH} /usr/bin/python3 -W ignore:setup.py install is deprecated setup.py egg_info --egg-base ../../build/my_listener_package build --build-base /home/uiabot/uiabot_ws/build/my_listener_package/build install --record /home/uiabot/uiabot_ws/build/my_listener_package/install.log --single-version-externally-managed install_data
[3.603s] DEBUG:colcon.colcon_core.event_handler.log_command:Invoking command in '/home/uiabot/uiabot_ws/src/lidar_package': DEBUGINFOD_URLS=https://debuginfod.ubuntu.com PYTHONPATH=/home/uiabot/uiabot_ws/build/lidar_package/prefix_override:/usr/lib/python3/dist-packages/colcon_core/task/python/colcon_distutils_commands:/home/uiabot/uiabot_ws/install/lidar_package/lib/python3.12/site-packages:${PYTHONPATH} /usr/bin/python3 -W ignore:setup.py install is deprecated setup.py egg_info --egg-base ../../build/lidar_package build --build-base /home/uiabot/uiabot_ws/build/lidar_package/build install --record /home/uiabot/uiabot_ws/build/lidar_package/install.log --single-version-externally-managed install_data
[4.915s] DEBUG:colcon.colcon_core.event_handler.log_command:Invoking command in '/home/uiabot/uiabot_ws/src/my_publisher_package': DEBUGINFOD_URLS=https://debuginfod.ubuntu.com PYTHONPATH=/home/uiabot/uiabot_ws/build/my_publisher_package/prefix_override:/usr/lib/python3/dist-packages/colcon_core/task/python/colcon_distutils_commands:/home/uiabot/uiabot_ws/install/my_publisher_package/lib/python3.12/site-packages:${PYTHONPATH} /usr/bin/python3 -W ignore:setup.py install is deprecated setup.py egg_info --egg-base ../../build/my_publisher_package build --build-base /home/uiabot/uiabot_ws/build/my_publisher_package/build install --record /home/uiabot/uiabot_ws/build/my_publisher_package/install.log --single-version-externally-managed install_data
[5.714s] Level 1:colcon.colcon_core.environment:checking '/home/uiabot/uiabot_ws/install/launch_package' for CMake module files
[5.715s] Level 1:colcon.colcon_core.environment:checking '/home/uiabot/uiabot_ws/install/launch_package' for CMake config files
[5.725s] Level 1:colcon.colcon_core.environment:checking '/home/uiabot/uiabot_ws/install/launch_package/lib'
[5.726s] Level 1:colcon.colcon_core.environment:checking '/home/uiabot/uiabot_ws/install/launch_package/bin'
[5.728s] DEBUG:colcon.colcon_core.event_handler.log_command:Invoked command in '/home/uiabot/uiabot_ws/src/launch_package' returned '0': DEBUGINFOD_URLS=https://debuginfod.ubuntu.com PYTHONPATH=/home/uiabot/uiabot_ws/build/launch_package/prefix_override:/usr/lib/python3/dist-packages/colcon_core/task/python/colcon_distutils_commands:/home/uiabot/uiabot_ws/install/launch_package/lib/python3.12/site-packages:${PYTHONPATH} /usr/bin/python3 -W ignore:setup.py install is deprecated setup.py egg_info --egg-base ../../build/launch_package build --build-base /home/uiabot/uiabot_ws/build/launch_package/build install --record /home/uiabot/uiabot_ws/build/launch_package/install.log --single-version-externally-managed install_data
[5.729s] Level 1:colcon.colcon_core.environment:checking '/home/uiabot/uiabot_ws/install/launch_package/lib/pkgconfig/launch_package.pc'
[5.729s] Level 1:colcon.colcon_core.environment:checking '/home/uiabot/uiabot_ws/install/launch_package/lib/python3.12/site-packages'
[5.729s] Level 1:colcon.colcon_core.shell:create_environment_hook('launch_package', 'pythonpath')
[5.730s] INFO:colcon.colcon_core.shell:Creating environment hook '/home/uiabot/uiabot_ws/install/launch_package/share/launch_package/hook/pythonpath.ps1'
[5.731s] INFO:colcon.colcon_core.shell:Creating environment descriptor '/home/uiabot/uiabot_ws/install/launch_package/share/launch_package/hook/pythonpath.dsv'
[5.738s] INFO:colcon.colcon_core.shell:Creating environment hook '/home/uiabot/uiabot_ws/install/launch_package/share/launch_package/hook/pythonpath.sh'
[5.740s] Level 1:colcon.colcon_core.environment:checking '/home/uiabot/uiabot_ws/install/launch_package/bin'
[5.741s] Level 1:colcon.colcon_core.environment:create_environment_scripts_only(launch_package)
[5.742s] INFO:colcon.colcon_core.shell:Creating package script '/home/uiabot/uiabot_ws/install/launch_package/share/launch_package/package.ps1'
[5.747s] INFO:colcon.colcon_core.shell:Creating package descriptor '/home/uiabot/uiabot_ws/install/launch_package/share/launch_package/package.dsv'
[5.749s] INFO:colcon.colcon_core.shell:Creating package script '/home/uiabot/uiabot_ws/install/launch_package/share/launch_package/package.sh'
[5.752s] INFO:colcon.colcon_core.shell:Creating package script '/home/uiabot/uiabot_ws/install/launch_package/share/launch_package/package.bash'
[5.754s] INFO:colcon.colcon_core.shell:Creating package script '/home/uiabot/uiabot_ws/install/launch_package/share/launch_package/package.zsh'
[5.755s] Level 1:colcon.colcon_core.environment:create_file_with_runtime_dependencies(/home/uiabot/uiabot_ws/install/launch_package/share/colcon-core/packages/launch_package)
[5.759s] INFO:colcon.colcon_ros.task.ament_cmake.build:Building ROS package in '/home/uiabot/uiabot_ws/src/robot_description' with build type 'ament_cmake'
[5.759s] INFO:colcon.colcon_cmake.task.cmake.build:Building CMake package in '/home/uiabot/uiabot_ws/src/robot_description'
[5.760s] INFO:colcon.colcon_core.shell:Skip shell extension 'powershell' for command environment: Not usable outside of PowerShell
[5.760s] DEBUG:colcon.colcon_core.shell:Skip shell extension 'dsv' for command environment
[5.779s] Level 1:colcon.colcon_core.environment:checking '/home/uiabot/uiabot_ws/install/my_listener_package' for CMake module files
[5.780s] DEBUG:colcon.colcon_core.event_handler.log_command:Invoked command in '/home/uiabot/uiabot_ws/src/my_listener_package' returned '0': DEBUGINFOD_URLS=https://debuginfod.ubuntu.com PYTHONPATH=/home/uiabot/uiabot_ws/build/my_listener_package/prefix_override:/usr/lib/python3/dist-packages/colcon_core/task/python/colcon_distutils_commands:/home/uiabot/uiabot_ws/install/my_listener_package/lib/python3.12/site-packages:${PYTHONPATH} /usr/bin/python3 -W ignore:setup.py install is deprecated setup.py egg_info --egg-base ../../build/my_listener_package build --build-base /home/uiabot/uiabot_ws/build/my_listener_package/build install --record /home/uiabot/uiabot_ws/build/my_listener_package/install.log --single-version-externally-managed install_data
[5.781s] Level 1:colcon.colcon_core.environment:checking '/home/uiabot/uiabot_ws/install/my_listener_package' for CMake config files
[5.783s] Level 1:colcon.colcon_core.environment:checking '/home/uiabot/uiabot_ws/install/my_listener_package/lib'
[5.783s] Level 1:colcon.colcon_core.environment:checking '/home/uiabot/uiabot_ws/install/my_listener_package/bin'
[5.783s] Level 1:colcon.colcon_core.environment:checking '/home/uiabot/uiabot_ws/install/my_listener_package/lib/pkgconfig/my_listener_package.pc'
[5.784s] Level 1:colcon.colcon_core.environment:checking '/home/uiabot/uiabot_ws/install/my_listener_package/lib/python3.12/site-packages'
[5.784s] Level 1:colcon.colcon_core.shell:create_environment_hook('my_listener_package', 'pythonpath')
[5.786s] INFO:colcon.colcon_core.shell:Creating environment hook '/home/uiabot/uiabot_ws/install/my_listener_package/share/my_listener_package/hook/pythonpath.ps1'
[5.787s] INFO:colcon.colcon_core.shell:Creating environment descriptor '/home/uiabot/uiabot_ws/install/my_listener_package/share/my_listener_package/hook/pythonpath.dsv'
[5.789s] INFO:colcon.colcon_core.shell:Creating environment hook '/home/uiabot/uiabot_ws/install/my_listener_package/share/my_listener_package/hook/pythonpath.sh'
[5.791s] Level 1:colcon.colcon_core.environment:checking '/home/uiabot/uiabot_ws/install/my_listener_package/bin'
[5.792s] Level 1:colcon.colcon_core.environment:create_environment_scripts_only(my_listener_package)
[5.793s] INFO:colcon.colcon_core.shell:Creating package script '/home/uiabot/uiabot_ws/install/my_listener_package/share/my_listener_package/package.ps1'
[5.795s] INFO:colcon.colcon_core.shell:Creating package descriptor '/home/uiabot/uiabot_ws/install/my_listener_package/share/my_listener_package/package.dsv'
[5.797s] INFO:colcon.colcon_core.shell:Creating package script '/home/uiabot/uiabot_ws/install/my_listener_package/share/my_listener_package/package.sh'
[5.799s] INFO:colcon.colcon_core.shell:Creating package script '/home/uiabot/uiabot_ws/install/my_listener_package/share/my_listener_package/package.bash'
[5.800s] INFO:colcon.colcon_core.shell:Creating package script '/home/uiabot/uiabot_ws/install/my_listener_package/share/my_listener_package/package.zsh'
[5.801s] Level 1:colcon.colcon_core.environment:create_file_with_runtime_dependencies(/home/uiabot/uiabot_ws/install/my_listener_package/share/colcon-core/packages/my_listener_package)
[5.805s] INFO:colcon.colcon_ros.task.ament_python.build:Building ROS package in '/home/uiabot/uiabot_ws/src/rsp_launch' with build type 'ament_python'
[5.805s] Level 1:colcon.colcon_core.shell:create_environment_hook('rsp_launch', 'ament_prefix_path')
[5.806s] INFO:colcon.colcon_core.shell:Creating environment hook '/home/uiabot/uiabot_ws/install/rsp_launch/share/rsp_launch/hook/ament_prefix_path.ps1'
[5.808s] INFO:colcon.colcon_core.shell:Creating environment descriptor '/home/uiabot/uiabot_ws/install/rsp_launch/share/rsp_launch/hook/ament_prefix_path.dsv'
[5.810s] INFO:colcon.colcon_core.shell:Creating environment hook '/home/uiabot/uiabot_ws/install/rsp_launch/share/rsp_launch/hook/ament_prefix_path.sh'
[5.821s] INFO:colcon.colcon_core.shell:Skip shell extension 'powershell' for command environment: Not usable outside of PowerShell
[5.821s] DEBUG:colcon.colcon_core.shell:Skip shell extension 'dsv' for command environment
[5.849s] DEBUG:colcon.colcon_core.event_handler.log_command:Invoking command in '/home/uiabot/uiabot_ws/build/robot_description': CMAKE_PREFIX_PATH=${CMAKE_PREFIX_PATH}:/home/uiabot/uiabot_ws/install/rsp_launch:/home/uiabot/uiabot_ws/install/my_publisher_package:/home/uiabot/uiabot_ws/install/my_listener_package:/home/uiabot/uiabot_ws/install/lidar_package:/home/uiabot/uiabot_ws/install/launch_package:/home/uiabot/ros2_ws/install/robot_keyboard_control:/home/uiabot/ros2_ws/install/my_publisher_package:/home/uiabot/ros2_ws/install/my_listener_package:/home/uiabot/ros2_ws/install/esp32_com:/opt/ros/jazzy DEBUGINFOD_URLS=https://debuginfod.ubuntu.com /usr/bin/cmake --build /home/uiabot/uiabot_ws/build/robot_description -- -j4 -l4
[6.405s] WARNING:colcon.colcon_ros.task.ament_python.build:Package 'rsp_launch' doesn't explicitly install a marker in the package index (colcon-ros currently does it implicitly but that fallback will be removed in the future)
[6.406s] WARNING:colcon.colcon_ros.task.ament_python.build:Package 'rsp_launch' doesn't explicitly install the 'package.xml' file (colcon-ros currently does it implicitly but that fallback will be removed in the future)
[6.406s] INFO:colcon.colcon_core.task.python.build:Building Python package in '/home/uiabot/uiabot_ws/src/rsp_launch'
[6.407s] INFO:colcon.colcon_core.shell:Skip shell extension 'powershell' for command environment: Not usable outside of PowerShell
[6.407s] DEBUG:colcon.colcon_core.shell:Skip shell extension 'dsv' for command environment
[6.414s] Level 1:colcon.colcon_core.environment:checking '/home/uiabot/uiabot_ws/install/lidar_package' for CMake module files
[6.415s] Level 1:colcon.colcon_core.environment:checking '/home/uiabot/uiabot_ws/install/lidar_package' for CMake config files
[6.416s] DEBUG:colcon.colcon_core.event_handler.log_command:Invoked command in '/home/uiabot/uiabot_ws/src/lidar_package' returned '0': DEBUGINFOD_URLS=https://debuginfod.ubuntu.com PYTHONPATH=/home/uiabot/uiabot_ws/build/lidar_package/prefix_override:/usr/lib/python3/dist-packages/colcon_core/task/python/colcon_distutils_commands:/home/uiabot/uiabot_ws/install/lidar_package/lib/python3.12/site-packages:${PYTHONPATH} /usr/bin/python3 -W ignore:setup.py install is deprecated setup.py egg_info --egg-base ../../build/lidar_package build --build-base /home/uiabot/uiabot_ws/build/lidar_package/build install --record /home/uiabot/uiabot_ws/build/lidar_package/install.log --single-version-externally-managed install_data
[6.418s] Level 1:colcon.colcon_core.environment:checking '/home/uiabot/uiabot_ws/install/lidar_package/lib'
[6.418s] Level 1:colcon.colcon_core.environment:checking '/home/uiabot/uiabot_ws/install/lidar_package/bin'
[6.418s] Level 1:colcon.colcon_core.environment:checking '/home/uiabot/uiabot_ws/install/lidar_package/lib/pkgconfig/lidar_package.pc'
[6.418s] Level 1:colcon.colcon_core.environment:checking '/home/uiabot/uiabot_ws/install/lidar_package/lib/python3.12/site-packages'
[6.419s] Level 1:colcon.colcon_core.shell:create_environment_hook('lidar_package', 'pythonpath')
[6.419s] INFO:colcon.colcon_core.shell:Creating environment hook '/home/uiabot/uiabot_ws/install/lidar_package/share/lidar_package/hook/pythonpath.ps1'
[6.421s] INFO:colcon.colcon_core.shell:Creating environment descriptor '/home/uiabot/uiabot_ws/install/lidar_package/share/lidar_package/hook/pythonpath.dsv'
[6.422s] INFO:colcon.colcon_core.shell:Creating environment hook '/home/uiabot/uiabot_ws/install/lidar_package/share/lidar_package/hook/pythonpath.sh'
[6.423s] Level 1:colcon.colcon_core.environment:checking '/home/uiabot/uiabot_ws/install/lidar_package/bin'
[6.423s] Level 1:colcon.colcon_core.environment:create_environment_scripts_only(lidar_package)
[6.424s] INFO:colcon.colcon_core.shell:Creating package script '/home/uiabot/uiabot_ws/install/lidar_package/share/lidar_package/package.ps1'
[6.425s] INFO:colcon.colcon_core.shell:Creating package descriptor '/home/uiabot/uiabot_ws/install/lidar_package/share/lidar_package/package.dsv'
[6.426s] INFO:colcon.colcon_core.shell:Creating package script '/home/uiabot/uiabot_ws/install/lidar_package/share/lidar_package/package.sh'
[6.427s] INFO:colcon.colcon_core.shell:Creating package script '/home/uiabot/uiabot_ws/install/lidar_package/share/lidar_package/package.bash'
[6.428s] INFO:colcon.colcon_core.shell:Creating package script '/home/uiabot/uiabot_ws/install/lidar_package/share/lidar_package/package.zsh'
[6.428s] Level 1:colcon.colcon_core.environment:create_file_with_runtime_dependencies(/home/uiabot/uiabot_ws/install/lidar_package/share/colcon-core/packages/lidar_package)
[6.433s] DEBUG:colcon.colcon_core.event_handler.log_command:Invoked command in '/home/uiabot/uiabot_ws/build/robot_description' returned '0': CMAKE_PREFIX_PATH=${CMAKE_PREFIX_PATH}:/home/uiabot/uiabot_ws/install/rsp_launch:/home/uiabot/uiabot_ws/install/my_publisher_package:/home/uiabot/uiabot_ws/install/my_listener_package:/home/uiabot/uiabot_ws/install/lidar_package:/home/uiabot/uiabot_ws/install/launch_package:/home/uiabot/ros2_ws/install/robot_keyboard_control:/home/uiabot/ros2_ws/install/my_publisher_package:/home/uiabot/ros2_ws/install/my_listener_package:/home/uiabot/ros2_ws/install/esp32_com:/opt/ros/jazzy DEBUGINFOD_URLS=https://debuginfod.ubuntu.com /usr/bin/cmake --build /home/uiabot/uiabot_ws/build/robot_description -- -j4 -l4
[6.493s] DEBUG:colcon.colcon_core.event_handler.log_command:Invoking command in '/home/uiabot/uiabot_ws/build/robot_description': CMAKE_PREFIX_PATH=${CMAKE_PREFIX_PATH}:/home/uiabot/uiabot_ws/install/rsp_launch:/home/uiabot/uiabot_ws/install/my_publisher_package:/home/uiabot/uiabot_ws/install/my_listener_package:/home/uiabot/uiabot_ws/install/lidar_package:/home/uiabot/uiabot_ws/install/launch_package:/home/uiabot/ros2_ws/install/robot_keyboard_control:/home/uiabot/ros2_ws/install/my_publisher_package:/home/uiabot/ros2_ws/install/my_listener_package:/home/uiabot/ros2_ws/install/esp32_com:/opt/ros/jazzy DEBUGINFOD_URLS=https://debuginfod.ubuntu.com /usr/bin/cmake --install /home/uiabot/uiabot_ws/build/robot_description
[6.535s] Level 1:colcon.colcon_core.environment:create_environment_scripts_only(robot_description)
[6.536s] Level 1:colcon.colcon_core.environment:checking '/home/uiabot/uiabot_ws/install/robot_description' for CMake module files
[6.537s] DEBUG:colcon.colcon_core.event_handler.log_command:Invoked command in '/home/uiabot/uiabot_ws/build/robot_description' returned '0': CMAKE_PREFIX_PATH=${CMAKE_PREFIX_PATH}:/home/uiabot/uiabot_ws/install/rsp_launch:/home/uiabot/uiabot_ws/install/my_publisher_package:/home/uiabot/uiabot_ws/install/my_listener_package:/home/uiabot/uiabot_ws/install/lidar_package:/home/uiabot/uiabot_ws/install/launch_package:/home/uiabot/ros2_ws/install/robot_keyboard_control:/home/uiabot/ros2_ws/install/my_publisher_package:/home/uiabot/ros2_ws/install/my_listener_package:/home/uiabot/ros2_ws/install/esp32_com:/opt/ros/jazzy DEBUGINFOD_URLS=https://debuginfod.ubuntu.com /usr/bin/cmake --install /home/uiabot/uiabot_ws/build/robot_description
[6.537s] Level 1:colcon.colcon_core.environment:checking '/home/uiabot/uiabot_ws/install/robot_description' for CMake config files
[6.538s] Level 1:colcon.colcon_core.shell:create_environment_hook('robot_description', 'cmake_prefix_path')
[6.538s] INFO:colcon.colcon_core.shell:Creating environment hook '/home/uiabot/uiabot_ws/install/robot_description/share/robot_description/hook/cmake_prefix_path.ps1'
[6.539s] INFO:colcon.colcon_core.shell:Creating environment descriptor '/home/uiabot/uiabot_ws/install/robot_description/share/robot_description/hook/cmake_prefix_path.dsv'
[6.541s] INFO:colcon.colcon_core.shell:Creating environment hook '/home/uiabot/uiabot_ws/install/robot_description/share/robot_description/hook/cmake_prefix_path.sh'
[6.542s] Level 1:colcon.colcon_core.environment:checking '/home/uiabot/uiabot_ws/install/robot_description/bin'
[6.543s] Level 1:colcon.colcon_core.environment:checking '/home/uiabot/uiabot_ws/install/robot_description/lib/pkgconfig/robot_description.pc'
[6.543s] Level 1:colcon.colcon_core.environment:checking '/home/uiabot/uiabot_ws/install/robot_description/lib/python3.12/site-packages'
[6.543s] Level 1:colcon.colcon_core.environment:checking '/home/uiabot/uiabot_ws/install/robot_description/bin'
[6.544s] INFO:colcon.colcon_core.shell:Creating package script '/home/uiabot/uiabot_ws/install/robot_description/share/robot_description/package.ps1'
[6.545s] INFO:colcon.colcon_core.shell:Creating package descriptor '/home/uiabot/uiabot_ws/install/robot_description/share/robot_description/package.dsv'
[6.546s] INFO:colcon.colcon_core.shell:Creating package script '/home/uiabot/uiabot_ws/install/robot_description/share/robot_description/package.sh'
[6.548s] INFO:colcon.colcon_core.shell:Creating package script '/home/uiabot/uiabot_ws/install/robot_description/share/robot_description/package.bash'
[6.550s] INFO:colcon.colcon_core.shell:Creating package script '/home/uiabot/uiabot_ws/install/robot_description/share/robot_description/package.zsh'
[6.551s] Level 1:colcon.colcon_core.environment:create_file_with_runtime_dependencies(/home/uiabot/uiabot_ws/install/robot_description/share/colcon-core/packages/robot_description)
[6.565s] Level 1:colcon.colcon_core.environment:checking '/home/uiabot/uiabot_ws/install/my_publisher_package' for CMake module files
[6.567s] Level 1:colcon.colcon_core.environment:checking '/home/uiabot/uiabot_ws/install/my_publisher_package' for CMake config files
[6.568s] Level 1:colcon.colcon_core.environment:checking '/home/uiabot/uiabot_ws/install/my_publisher_package/lib'
[6.568s] Level 1:colcon.colcon_core.environment:checking '/home/uiabot/uiabot_ws/install/my_publisher_package/bin'
[6.569s] Level 1:colcon.colcon_core.environment:checking '/home/uiabot/uiabot_ws/install/my_publisher_package/lib/pkgconfig/my_publisher_package.pc'
[6.566s] DEBUG:colcon.colcon_core.event_handler.log_command:Invoked command in '/home/uiabot/uiabot_ws/src/my_publisher_package' returned '0': DEBUGINFOD_URLS=https://debuginfod.ubuntu.com PYTHONPATH=/home/uiabot/uiabot_ws/build/my_publisher_package/prefix_override:/usr/lib/python3/dist-packages/colcon_core/task/python/colcon_distutils_commands:/home/uiabot/uiabot_ws/install/my_publisher_package/lib/python3.12/site-packages:${PYTHONPATH} /usr/bin/python3 -W ignore:setup.py install is deprecated setup.py egg_info --egg-base ../../build/my_publisher_package build --build-base /home/uiabot/uiabot_ws/build/my_publisher_package/build install --record /home/uiabot/uiabot_ws/build/my_publisher_package/install.log --single-version-externally-managed install_data
[6.569s] Level 1:colcon.colcon_core.environment:checking '/home/uiabot/uiabot_ws/install/my_publisher_package/lib/python3.12/site-packages'
[6.570s] Level 1:colcon.colcon_core.shell:create_environment_hook('my_publisher_package', 'pythonpath')
[6.571s] INFO:colcon.colcon_core.shell:Creating environment hook '/home/uiabot/uiabot_ws/install/my_publisher_package/share/my_publisher_package/hook/pythonpath.ps1'
[6.572s] INFO:colcon.colcon_core.shell:Creating environment descriptor '/home/uiabot/uiabot_ws/install/my_publisher_package/share/my_publisher_package/hook/pythonpath.dsv'
[6.574s] INFO:colcon.colcon_core.shell:Creating environment hook '/home/uiabot/uiabot_ws/install/my_publisher_package/share/my_publisher_package/hook/pythonpath.sh'
[6.576s] Level 1:colcon.colcon_core.environment:checking '/home/uiabot/uiabot_ws/install/my_publisher_package/bin'
[6.576s] Level 1:colcon.colcon_core.environment:create_environment_scripts_only(my_publisher_package)
[6.577s] INFO:colcon.colcon_core.shell:Creating package script '/home/uiabot/uiabot_ws/install/my_publisher_package/share/my_publisher_package/package.ps1'
[6.578s] INFO:colcon.colcon_core.shell:Creating package descriptor '/home/uiabot/uiabot_ws/install/my_publisher_package/share/my_publisher_package/package.dsv'
[6.580s] INFO:colcon.colcon_core.shell:Creating package script '/home/uiabot/uiabot_ws/install/my_publisher_package/share/my_publisher_package/package.sh'
[6.581s] INFO:colcon.colcon_core.shell:Creating package script '/home/uiabot/uiabot_ws/install/my_publisher_package/share/my_publisher_package/package.bash'
[6.583s] INFO:colcon.colcon_core.shell:Creating package script '/home/uiabot/uiabot_ws/install/my_publisher_package/share/my_publisher_package/package.zsh'
[6.585s] Level 1:colcon.colcon_core.environment:create_file_with_runtime_dependencies(/home/uiabot/uiabot_ws/install/my_publisher_package/share/colcon-core/packages/my_publisher_package)
[6.632s] Level 1:colcon.colcon_core.environment:create_environment_scripts_only(robot_description)
[6.633s] Level 1:colcon.colcon_core.environment:checking '/home/uiabot/uiabot_ws/install/robot_description' for CMake module files
[6.635s] Level 1:colcon.colcon_core.environment:checking '/home/uiabot/uiabot_ws/install/robot_description' for CMake config files
[6.635s] Level 1:colcon.colcon_core.shell:create_environment_hook('robot_description', 'cmake_prefix_path')
[6.636s] INFO:colcon.colcon_core.shell:Creating environment hook '/home/uiabot/uiabot_ws/install/robot_description/share/robot_description/hook/cmake_prefix_path.ps1'
[6.638s] INFO:colcon.colcon_core.shell:Creating environment descriptor '/home/uiabot/uiabot_ws/install/robot_description/share/robot_description/hook/cmake_prefix_path.dsv'
[6.641s] INFO:colcon.colcon_core.shell:Creating environment hook '/home/uiabot/uiabot_ws/install/robot_description/share/robot_description/hook/cmake_prefix_path.sh'
[6.645s] Level 1:colcon.colcon_core.environment:checking '/home/uiabot/uiabot_ws/install/robot_description/bin'
[6.645s] Level 1:colcon.colcon_core.environment:checking '/home/uiabot/uiabot_ws/install/robot_description/lib/pkgconfig/robot_description.pc'
[6.646s] Level 1:colcon.colcon_core.environment:checking '/home/uiabot/uiabot_ws/install/robot_description/lib/python3.12/site-packages'
[6.646s] Level 1:colcon.colcon_core.environment:checking '/home/uiabot/uiabot_ws/install/robot_description/bin'
[6.647s] INFO:colcon.colcon_core.shell:Creating package script '/home/uiabot/uiabot_ws/install/robot_description/share/robot_description/package.ps1'
[6.648s] INFO:colcon.colcon_core.shell:Creating package descriptor '/home/uiabot/uiabot_ws/install/robot_description/share/robot_description/package.dsv'
[6.650s] INFO:colcon.colcon_core.shell:Creating package script '/home/uiabot/uiabot_ws/install/robot_description/share/robot_description/package.sh'
[6.653s] INFO:colcon.colcon_core.shell:Creating package script '/home/uiabot/uiabot_ws/install/robot_description/share/robot_description/package.bash'
[6.656s] INFO:colcon.colcon_core.shell:Creating package script '/home/uiabot/uiabot_ws/install/robot_description/share/robot_description/package.zsh'
[6.657s] Level 1:colcon.colcon_core.environment:create_file_with_runtime_dependencies(/home/uiabot/uiabot_ws/install/robot_description/share/colcon-core/packages/robot_description)
[7.618s] DEBUG:colcon.colcon_core.event_handler.log_command:Invoking command in '/home/uiabot/uiabot_ws/src/rsp_launch': DEBUGINFOD_URLS=https://debuginfod.ubuntu.com PYTHONPATH=/home/uiabot/uiabot_ws/build/rsp_launch/prefix_override:/usr/lib/python3/dist-packages/colcon_core/task/python/colcon_distutils_commands:/home/uiabot/uiabot_ws/install/rsp_launch/lib/python3.12/site-packages:${PYTHONPATH} /usr/bin/python3 -W ignore:setup.py install is deprecated setup.py egg_info --egg-base ../../build/rsp_launch build --build-base /home/uiabot/uiabot_ws/build/rsp_launch/build install --record /home/uiabot/uiabot_ws/build/rsp_launch/install.log --single-version-externally-managed install_data
[8.803s] Level 1:colcon.colcon_core.environment:checking '/home/uiabot/uiabot_ws/install/rsp_launch' for CMake module files
[8.804s] DEBUG:colcon.colcon_core.event_handler.log_command:Invoked command in '/home/uiabot/uiabot_ws/src/rsp_launch' returned '0': DEBUGINFOD_URLS=https://debuginfod.ubuntu.com PYTHONPATH=/home/uiabot/uiabot_ws/build/rsp_launch/prefix_override:/usr/lib/python3/dist-packages/colcon_core/task/python/colcon_distutils_commands:/home/uiabot/uiabot_ws/install/rsp_launch/lib/python3.12/site-packages:${PYTHONPATH} /usr/bin/python3 -W ignore:setup.py install is deprecated setup.py egg_info --egg-base ../../build/rsp_launch build --build-base /home/uiabot/uiabot_ws/build/rsp_launch/build install --record /home/uiabot/uiabot_ws/build/rsp_launch/install.log --single-version-externally-managed install_data
[8.804s] Level 1:colcon.colcon_core.environment:checking '/home/uiabot/uiabot_ws/install/rsp_launch' for CMake config files
[8.805s] Level 1:colcon.colcon_core.environment:checking '/home/uiabot/uiabot_ws/install/rsp_launch/lib'
[8.805s] Level 1:colcon.colcon_core.environment:checking '/home/uiabot/uiabot_ws/install/rsp_launch/bin'
[8.805s] Level 1:colcon.colcon_core.environment:checking '/home/uiabot/uiabot_ws/install/rsp_launch/lib/pkgconfig/rsp_launch.pc'
[8.805s] Level 1:colcon.colcon_core.environment:checking '/home/uiabot/uiabot_ws/install/rsp_launch/lib/python3.12/site-packages'
[8.806s] Level 1:colcon.colcon_core.shell:create_environment_hook('rsp_launch', 'pythonpath')
[8.806s] INFO:colcon.colcon_core.shell:Creating environment hook '/home/uiabot/uiabot_ws/install/rsp_launch/share/rsp_launch/hook/pythonpath.ps1'
[8.807s] INFO:colcon.colcon_core.shell:Creating environment descriptor '/home/uiabot/uiabot_ws/install/rsp_launch/share/rsp_launch/hook/pythonpath.dsv'
[8.808s] INFO:colcon.colcon_core.shell:Creating environment hook '/home/uiabot/uiabot_ws/install/rsp_launch/share/rsp_launch/hook/pythonpath.sh'
[8.810s] Level 1:colcon.colcon_core.environment:checking '/home/uiabot/uiabot_ws/install/rsp_launch/bin'
[8.810s] Level 1:colcon.colcon_core.environment:create_environment_scripts_only(rsp_launch)
[8.810s] INFO:colcon.colcon_core.shell:Creating package script '/home/uiabot/uiabot_ws/install/rsp_launch/share/rsp_launch/package.ps1'
[8.811s] INFO:colcon.colcon_core.shell:Creating package descriptor '/home/uiabot/uiabot_ws/install/rsp_launch/share/rsp_launch/package.dsv'
[8.812s] INFO:colcon.colcon_core.shell:Creating package script '/home/uiabot/uiabot_ws/install/rsp_launch/share/rsp_launch/package.sh'
[8.813s] INFO:colcon.colcon_core.shell:Creating package script '/home/uiabot/uiabot_ws/install/rsp_launch/share/rsp_launch/package.bash'
[8.815s] INFO:colcon.colcon_core.shell:Creating package script '/home/uiabot/uiabot_ws/install/rsp_launch/share/rsp_launch/package.zsh'
[8.816s] Level 1:colcon.colcon_core.environment:create_file_with_runtime_dependencies(/home/uiabot/uiabot_ws/install/rsp_launch/share/colcon-core/packages/rsp_launch)
[8.817s] DEBUG:colcon.colcon_parallel_executor.executor.parallel:closing loop
[8.818s] DEBUG:colcon.colcon_parallel_executor.executor.parallel:loop closed
[8.818s] DEBUG:colcon.colcon_parallel_executor.executor.parallel:run_until_complete finished with '0'
[8.818s] DEBUG:colcon.colcon_core.event_reactor:joining thread
[8.830s] INFO:colcon.colcon_core.plugin_system:Skipping extension 'colcon_notification.desktop_notification.terminal_notifier': Not used on non-Darwin systems
[8.830s] INFO:colcon.colcon_core.plugin_system:Skipping extension 'colcon_notification.desktop_notification.win32': Not used on non-Windows systems
[8.830s] INFO:colcon.colcon_notification.desktop_notification:Sending desktop notification using 'notify2'
[8.864s] DEBUG:colcon.colcon_core.event_reactor:joined thread
[8.864s] INFO:colcon.colcon_core.shell:Creating prefix script '/home/uiabot/uiabot_ws/install/local_setup.ps1'
[8.866s] INFO:colcon.colcon_core.shell:Creating prefix util module '/home/uiabot/uiabot_ws/install/_local_setup_util_ps1.py'
[8.868s] INFO:colcon.colcon_core.shell:Creating prefix chain script '/home/uiabot/uiabot_ws/install/setup.ps1'
[8.870s] INFO:colcon.colcon_core.shell:Creating prefix script '/home/uiabot/uiabot_ws/install/local_setup.sh'
[8.873s] INFO:colcon.colcon_core.shell:Creating prefix util module '/home/uiabot/uiabot_ws/install/_local_setup_util_sh.py'
[8.875s] INFO:colcon.colcon_core.shell:Creating prefix chain script '/home/uiabot/uiabot_ws/install/setup.sh'
[8.877s] INFO:colcon.colcon_core.shell:Creating prefix script '/home/uiabot/uiabot_ws/install/local_setup.bash'
[8.879s] INFO:colcon.colcon_core.shell:Creating prefix chain script '/home/uiabot/uiabot_ws/install/setup.bash'
[8.880s] INFO:colcon.colcon_core.shell:Creating prefix script '/home/uiabot/uiabot_ws/install/local_setup.zsh'
[8.882s] INFO:colcon.colcon_core.shell:Creating prefix chain script '/home/uiabot/uiabot_ws/install/setup.zsh'
