running egg_info
creating ../../build/my_listener_package/my_listener_package.egg-info
writing ../../build/my_listener_package/my_listener_package.egg-info/PKG-INFO
writing dependency_links to ../../build/my_listener_package/my_listener_package.egg-info/dependency_links.txt
writing entry points to ../../build/my_listener_package/my_listener_package.egg-info/entry_points.txt
writing requirements to ../../build/my_listener_package/my_listener_package.egg-info/requires.txt
writing top-level names to ../../build/my_listener_package/my_listener_package.egg-info/top_level.txt
writing manifest file '../../build/my_listener_package/my_listener_package.egg-info/SOURCES.txt'
reading manifest file '../../build/my_listener_package/my_listener_package.egg-info/SOURCES.txt'
writing manifest file '../../build/my_listener_package/my_listener_package.egg-info/SOURCES.txt'
running build
running build_py
creating /home/uiabot/uiabot_ws/build/my_listener_package/build
creating /home/uiabot/uiabot_ws/build/my_listener_package/build/lib
creating /home/uiabot/uiabot_ws/build/my_listener_package/build/lib/my_listener_package
copying my_listener_package/cmd_vel_listener.py -> /home/uiabot/uiabot_ws/build/my_listener_package/build/lib/my_listener_package
copying my_listener_package/__init__.py -> /home/uiabot/uiabot_ws/build/my_listener_package/build/lib/my_listener_package
running install
running install_lib
creating /home/uiabot/uiabot_ws/install/my_listener_package/lib/python3.12/site-packages/my_listener_package
copying /home/uiabot/uiabot_ws/build/my_listener_package/build/lib/my_listener_package/cmd_vel_listener.py -> /home/uiabot/uiabot_ws/install/my_listener_package/lib/python3.12/site-packages/my_listener_package
copying /home/uiabot/uiabot_ws/build/my_listener_package/build/lib/my_listener_package/__init__.py -> /home/uiabot/uiabot_ws/install/my_listener_package/lib/python3.12/site-packages/my_listener_package
byte-compiling /home/uiabot/uiabot_ws/install/my_listener_package/lib/python3.12/site-packages/my_listener_package/cmd_vel_listener.py to cmd_vel_listener.cpython-312.pyc
byte-compiling /home/uiabot/uiabot_ws/install/my_listener_package/lib/python3.12/site-packages/my_listener_package/__init__.py to __init__.cpython-312.pyc
running install_data
creating /home/uiabot/uiabot_ws/install/my_listener_package/share/ament_index
creating /home/uiabot/uiabot_ws/install/my_listener_package/share/ament_index/resource_index
creating /home/uiabot/uiabot_ws/install/my_listener_package/share/ament_index/resource_index/packages
copying resource/my_listener_package -> /home/uiabot/uiabot_ws/install/my_listener_package/share/ament_index/resource_index/packages
copying package.xml -> /home/uiabot/uiabot_ws/install/my_listener_package/share/my_listener_package
running install_egg_info
Copying ../../build/my_listener_package/my_listener_package.egg-info to /home/uiabot/uiabot_ws/install/my_listener_package/lib/python3.12/site-packages/my_listener_package-0.0.0-py3.12.egg-info
running install_scripts
Installing cmd_vel_listener script to /home/uiabot/uiabot_ws/install/my_listener_package/lib/my_listener_package
writing list of installed files to '/home/uiabot/uiabot_ws/build/my_listener_package/install.log'
