[2.076s] Invoking command in '/home/uiabot/uiabot_ws/src/my_listener_package': DEBUGINFOD_URLS=https://debuginfod.ubuntu.com PYTHONPATH=/home/uiabot/uiabot_ws/build/my_listener_package/prefix_override:/usr/lib/python3/dist-packages/colcon_core/task/python/colcon_distutils_commands:/home/uiabot/uiabot_ws/install/my_listener_package/lib/python3.12/site-packages:${PYTHONPATH} /usr/bin/python3 -W ignore:setup.py install is deprecated setup.py egg_info --egg-base ../../build/my_listener_package build --build-base /home/uiabot/uiabot_ws/build/my_listener_package/build install --record /home/uiabot/uiabot_ws/build/my_listener_package/install.log --single-version-externally-managed install_data
[2.604s] running egg_info
[2.606s] creating ../../build/my_listener_package/my_listener_package.egg-info
[2.642s] writing ../../build/my_listener_package/my_listener_package.egg-info/PKG-INFO
[2.644s] writing dependency_links to ../../build/my_listener_package/my_listener_package.egg-info/dependency_links.txt
[2.645s] writing entry points to ../../build/my_listener_package/my_listener_package.egg-info/entry_points.txt
[2.645s] writing requirements to ../../build/my_listener_package/my_listener_package.egg-info/requires.txt
[2.645s] writing top-level names to ../../build/my_listener_package/my_listener_package.egg-info/top_level.txt
[2.645s] writing manifest file '../../build/my_listener_package/my_listener_package.egg-info/SOURCES.txt'
[2.704s] reading manifest file '../../build/my_listener_package/my_listener_package.egg-info/SOURCES.txt'
[2.705s] writing manifest file '../../build/my_listener_package/my_listener_package.egg-info/SOURCES.txt'
[2.706s] running build
[2.706s] running build_py
[2.707s] creating /home/uiabot/uiabot_ws/build/my_listener_package/build
[2.707s] creating /home/uiabot/uiabot_ws/build/my_listener_package/build/lib
[2.707s] creating /home/uiabot/uiabot_ws/build/my_listener_package/build/lib/my_listener_package
[2.707s] copying my_listener_package/cmd_vel_listener.py -> /home/uiabot/uiabot_ws/build/my_listener_package/build/lib/my_listener_package
[2.709s] copying my_listener_package/__init__.py -> /home/uiabot/uiabot_ws/build/my_listener_package/build/lib/my_listener_package
[2.709s] running install
[2.719s] running install_lib
[2.750s] creating /home/uiabot/uiabot_ws/install/my_listener_package/lib/python3.12/site-packages/my_listener_package
[2.750s] copying /home/uiabot/uiabot_ws/build/my_listener_package/build/lib/my_listener_package/cmd_vel_listener.py -> /home/uiabot/uiabot_ws/install/my_listener_package/lib/python3.12/site-packages/my_listener_package
[2.750s] copying /home/uiabot/uiabot_ws/build/my_listener_package/build/lib/my_listener_package/__init__.py -> /home/uiabot/uiabot_ws/install/my_listener_package/lib/python3.12/site-packages/my_listener_package
[2.752s] byte-compiling /home/uiabot/uiabot_ws/install/my_listener_package/lib/python3.12/site-packages/my_listener_package/cmd_vel_listener.py to cmd_vel_listener.cpython-312.pyc
[2.753s] byte-compiling /home/uiabot/uiabot_ws/install/my_listener_package/lib/python3.12/site-packages/my_listener_package/__init__.py to __init__.cpython-312.pyc
[2.753s] running install_data
[2.753s] creating /home/uiabot/uiabot_ws/install/my_listener_package/share/ament_index
[2.756s] creating /home/uiabot/uiabot_ws/install/my_listener_package/share/ament_index/resource_index
[2.756s] creating /home/uiabot/uiabot_ws/install/my_listener_package/share/ament_index/resource_index/packages
[2.756s] copying resource/my_listener_package -> /home/uiabot/uiabot_ws/install/my_listener_package/share/ament_index/resource_index/packages
[2.757s] copying package.xml -> /home/uiabot/uiabot_ws/install/my_listener_package/share/my_listener_package
[2.757s] running install_egg_info
[2.790s] Copying ../../build/my_listener_package/my_listener_package.egg-info to /home/uiabot/uiabot_ws/install/my_listener_package/lib/python3.12/site-packages/my_listener_package-0.0.0-py3.12.egg-info
[2.791s] running install_scripts
[3.029s] Installing cmd_vel_listener script to /home/uiabot/uiabot_ws/install/my_listener_package/lib/my_listener_package
[3.030s] writing list of installed files to '/home/uiabot/uiabot_ws/build/my_listener_package/install.log'
[3.216s] Invoked command in '/home/uiabot/uiabot_ws/src/my_listener_package' returned '0': DEBUGINFOD_URLS=https://debuginfod.ubuntu.com PYTHONPATH=/home/uiabot/uiabot_ws/build/my_listener_package/prefix_override:/usr/lib/python3/dist-packages/colcon_core/task/python/colcon_distutils_commands:/home/uiabot/uiabot_ws/install/my_listener_package/lib/python3.12/site-packages:${PYTHONPATH} /usr/bin/python3 -W ignore:setup.py install is deprecated setup.py egg_info --egg-base ../../build/my_listener_package build --build-base /home/uiabot/uiabot_ws/build/my_listener_package/build install --record /home/uiabot/uiabot_ws/build/my_listener_package/install.log --single-version-externally-managed install_data
