[2.664s] Invoking command in '/home/uiabot/uiabot_ws/src/my_listener_package': DEBUGINFOD_URLS=https://debuginfod.ubuntu.com PYTHONPATH=/home/uiabot/uiabot_ws/build/my_listener_package/prefix_override:/usr/lib/python3/dist-packages/colcon_core/task/python/colcon_distutils_commands:/home/uiabot/uiabot_ws/install/my_listener_package/lib/python3.12/site-packages:${PYTHONPATH} /usr/bin/python3 -W ignore:setup.py install is deprecated setup.py egg_info --egg-base ../../build/my_listener_package build --build-base /home/uiabot/uiabot_ws/build/my_listener_package/build install --record /home/uiabot/uiabot_ws/build/my_listener_package/install.log --single-version-externally-managed install_data
[3.138s] running egg_info
[3.168s] writing ../../build/my_listener_package/my_listener_package.egg-info/PKG-INFO
[3.169s] writing dependency_links to ../../build/my_listener_package/my_listener_package.egg-info/dependency_links.txt
[3.169s] writing entry points to ../../build/my_listener_package/my_listener_package.egg-info/entry_points.txt
[3.170s] writing requirements to ../../build/my_listener_package/my_listener_package.egg-info/requires.txt
[3.171s] writing top-level names to ../../build/my_listener_package/my_listener_package.egg-info/top_level.txt
[3.235s] reading manifest file '../../build/my_listener_package/my_listener_package.egg-info/SOURCES.txt'
[3.236s] writing manifest file '../../build/my_listener_package/my_listener_package.egg-info/SOURCES.txt'
[3.236s] running build
[3.236s] running build_py
[3.236s] running install
[3.248s] running install_lib
[3.279s] running install_data
[3.279s] running install_egg_info
[3.316s] removing '/home/uiabot/uiabot_ws/install/my_listener_package/lib/python3.12/site-packages/my_listener_package-0.0.0-py3.12.egg-info' (and everything under it)
[3.317s] Copying ../../build/my_listener_package/my_listener_package.egg-info to /home/uiabot/uiabot_ws/install/my_listener_package/lib/python3.12/site-packages/my_listener_package-0.0.0-py3.12.egg-info
[3.318s] running install_scripts
[3.562s] Installing cmd_vel_listener script to /home/uiabot/uiabot_ws/install/my_listener_package/lib/my_listener_package
[3.562s] writing list of installed files to '/home/uiabot/uiabot_ws/build/my_listener_package/install.log'
[4.058s] Invoked command in '/home/uiabot/uiabot_ws/src/my_listener_package' returned '0': DEBUGINFOD_URLS=https://debuginfod.ubuntu.com PYTHONPATH=/home/uiabot/uiabot_ws/build/my_listener_package/prefix_override:/usr/lib/python3/dist-packages/colcon_core/task/python/colcon_distutils_commands:/home/uiabot/uiabot_ws/install/my_listener_package/lib/python3.12/site-packages:${PYTHONPATH} /usr/bin/python3 -W ignore:setup.py install is deprecated setup.py egg_info --egg-base ../../build/my_listener_package build --build-base /home/uiabot/uiabot_ws/build/my_listener_package/build install --record /home/uiabot/uiabot_ws/build/my_listener_package/install.log --single-version-externally-managed install_data
