[0.561s] Invoking command in '/home/devtex/uiabot_ws/src/my_listener_package': PYTHONPATH=/home/devtex/uiabot_ws/build/my_listener_package/prefix_override:/usr/lib/python3/dist-packages/colcon_core/task/python/colcon_distutils_commands:/home/devtex/uiabot_ws/install/my_listener_package/lib/python3.10/site-packages:${PYTHONPATH} /usr/bin/python3 -W ignore:setup.py install is deprecated setup.py egg_info --egg-base ../../build/my_listener_package build --build-base /home/devtex/uiabot_ws/build/my_listener_package/build install --record /home/devtex/uiabot_ws/build/my_listener_package/install.log --single-version-externally-managed install_data
[0.666s] running egg_info
[0.666s] creating ../../build/my_listener_package/my_listener_package.egg-info
[0.672s] writing ../../build/my_listener_package/my_listener_package.egg-info/PKG-INFO
[0.672s] writing dependency_links to ../../build/my_listener_package/my_listener_package.egg-info/dependency_links.txt
[0.672s] writing entry points to ../../build/my_listener_package/my_listener_package.egg-info/entry_points.txt
[0.672s] writing requirements to ../../build/my_listener_package/my_listener_package.egg-info/requires.txt
[0.672s] writing top-level names to ../../build/my_listener_package/my_listener_package.egg-info/top_level.txt
[0.672s] writing manifest file '../../build/my_listener_package/my_listener_package.egg-info/SOURCES.txt'
[0.686s] reading manifest file '../../build/my_listener_package/my_listener_package.egg-info/SOURCES.txt'
[0.686s] writing manifest file '../../build/my_listener_package/my_listener_package.egg-info/SOURCES.txt'
[0.686s] running build
[0.686s] running build_py
[0.686s] creating /home/devtex/uiabot_ws/build/my_listener_package/build
[0.686s] creating /home/devtex/uiabot_ws/build/my_listener_package/build/lib
[0.686s] creating /home/devtex/uiabot_ws/build/my_listener_package/build/lib/my_listener_package
[0.686s] copying my_listener_package/cmd_vel_listener.py -> /home/devtex/uiabot_ws/build/my_listener_package/build/lib/my_listener_package
[0.686s] copying my_listener_package/__init__.py -> /home/devtex/uiabot_ws/build/my_listener_package/build/lib/my_listener_package
[0.686s] running install
[0.689s] running install_lib
[0.695s] creating /home/devtex/uiabot_ws/install/my_listener_package/lib/python3.10/site-packages/my_listener_package
[0.695s] copying /home/devtex/uiabot_ws/build/my_listener_package/build/lib/my_listener_package/cmd_vel_listener.py -> /home/devtex/uiabot_ws/install/my_listener_package/lib/python3.10/site-packages/my_listener_package
[0.695s] copying /home/devtex/uiabot_ws/build/my_listener_package/build/lib/my_listener_package/__init__.py -> /home/devtex/uiabot_ws/install/my_listener_package/lib/python3.10/site-packages/my_listener_package
[0.696s] byte-compiling /home/devtex/uiabot_ws/install/my_listener_package/lib/python3.10/site-packages/my_listener_package/cmd_vel_listener.py to cmd_vel_listener.cpython-310.pyc
[0.696s] byte-compiling /home/devtex/uiabot_ws/install/my_listener_package/lib/python3.10/site-packages/my_listener_package/__init__.py to __init__.cpython-310.pyc
[0.696s] running install_data
[0.696s] creating /home/devtex/uiabot_ws/install/my_listener_package/share/ament_index
[0.696s] creating /home/devtex/uiabot_ws/install/my_listener_package/share/ament_index/resource_index
[0.696s] creating /home/devtex/uiabot_ws/install/my_listener_package/share/ament_index/resource_index/packages
[0.696s] copying resource/my_listener_package -> /home/devtex/uiabot_ws/install/my_listener_package/share/ament_index/resource_index/packages
[0.696s] copying package.xml -> /home/devtex/uiabot_ws/install/my_listener_package/share/my_listener_package
[0.696s] running install_egg_info
[0.703s] Copying ../../build/my_listener_package/my_listener_package.egg-info to /home/devtex/uiabot_ws/install/my_listener_package/lib/python3.10/site-packages/my_listener_package-0.0.0-py3.10.egg-info
[0.703s] running install_scripts
[0.771s] Installing cmd_vel_listener script to /home/devtex/uiabot_ws/install/my_listener_package/lib/my_listener_package
[0.771s] writing list of installed files to '/home/devtex/uiabot_ws/build/my_listener_package/install.log'
[0.790s] Invoked command in '/home/devtex/uiabot_ws/src/my_listener_package' returned '0': PYTHONPATH=/home/devtex/uiabot_ws/build/my_listener_package/prefix_override:/usr/lib/python3/dist-packages/colcon_core/task/python/colcon_distutils_commands:/home/devtex/uiabot_ws/install/my_listener_package/lib/python3.10/site-packages:${PYTHONPATH} /usr/bin/python3 -W ignore:setup.py install is deprecated setup.py egg_info --egg-base ../../build/my_listener_package build --build-base /home/devtex/uiabot_ws/build/my_listener_package/build install --record /home/devtex/uiabot_ws/build/my_listener_package/install.log --single-version-externally-managed install_data
