[0.989s] Invoking command in '/home/uiabot/uiabot_ws/build/robot_description': CMAKE_PREFIX_PATH=${CMAKE_PREFIX_PATH}:/home/uiabot/ros2_ws/install/robot_keyboard_control:/home/uiabot/ros2_ws/install/my_publisher_package:/home/uiabot/ros2_ws/install/my_listener_package:/home/uiabot/ros2_ws/install/esp32_com:/opt/ros/jazzy DEBUGINFOD_URLS=https://debuginfod.ubuntu.com /usr/bin/cmake --build /home/uiabot/uiabot_ws/build/robot_description -- -j4 -l4
[1.331s] Invoked command in '/home/uiabot/uiabot_ws/build/robot_description' returned '0': CMAKE_PREFIX_PATH=${CMAKE_PREFIX_PATH}:/home/uiabot/ros2_ws/install/robot_keyboard_control:/home/uiabot/ros2_ws/install/my_publisher_package:/home/uiabot/ros2_ws/install/my_listener_package:/home/uiabot/ros2_ws/install/esp32_com:/opt/ros/jazzy DEBUGINFOD_URLS=https://debuginfod.ubuntu.com /usr/bin/cmake --build /home/uiabot/uiabot_ws/build/robot_description -- -j4 -l4
[1.395s] Invoking command in '/home/uiabot/uiabot_ws/build/robot_description': CMAKE_PREFIX_PATH=${CMAKE_PREFIX_PATH}:/home/uiabot/ros2_ws/install/robot_keyboard_control:/home/uiabot/ros2_ws/install/my_publisher_package:/home/uiabot/ros2_ws/install/my_listener_package:/home/uiabot/ros2_ws/install/esp32_com:/opt/ros/jazzy DEBUGINFOD_URLS=https://debuginfod.ubuntu.com /usr/bin/cmake --install /home/uiabot/uiabot_ws/build/robot_description
[1.414s] -- Install configuration: ""
[1.417s] -- Up-to-date: /home/uiabot/uiabot_ws/install/robot_description/share/robot_description/config
[1.420s] -- Up-to-date: /home/uiabot/uiabot_ws/install/robot_description/share/robot_description/config/empty.yaml
[1.420s] -- Up-to-date: /home/uiabot/uiabot_ws/install/robot_description/share/robot_description/config/uiabot_config.rviz
[1.420s] -- Up-to-date: /home/uiabot/uiabot_ws/install/robot_description/share/robot_description/description
[1.423s] -- Up-to-date: /home/uiabot/uiabot_ws/install/robot_description/share/robot_description/description/robot_core.xacro
[1.423s] -- Up-to-date: /home/uiabot/uiabot_ws/install/robot_description/share/robot_description/description/lidar.xacro
[1.423s] -- Up-to-date: /home/uiabot/uiabot_ws/install/robot_description/share/robot_description/description/inertial_macros.xacro
[1.423s] -- Up-to-date: /home/uiabot/uiabot_ws/install/robot_description/share/robot_description/description/AssemUiAminibot2 .STL
[1.423s] -- Up-to-date: /home/uiabot/uiabot_ws/install/robot_description/share/robot_description/description/Motor.STL
[1.423s] -- Up-to-date: /home/uiabot/uiabot_ws/install/robot_description/share/robot_description/description/RP-lidar-A1.STL
[1.423s] -- Up-to-date: /home/uiabot/uiabot_ws/install/robot_description/share/robot_description/description/MotorBracket.STL
[1.423s] -- Up-to-date: /home/uiabot/uiabot_ws/install/robot_description/share/robot_description/description/SupportWheelBracket_v03.STL
[1.423s] -- Up-to-date: /home/uiabot/uiabot_ws/install/robot_description/share/robot_description/description/robot.urdf.xacro
[1.423s] -- Up-to-date: /home/uiabot/uiabot_ws/install/robot_description/share/robot_description/description/UiAFullWafflePlate.STL
[1.423s] -- Up-to-date: /home/uiabot/uiabot_ws/install/robot_description/share/robot_description/description/ros2_control.xacro
[1.424s] -- Up-to-date: /home/uiabot/uiabot_ws/install/robot_description/share/robot_description/description/RPLidarCasingV3_Wcut.STL
[1.424s] -- Up-to-date: /home/uiabot/uiabot_ws/install/robot_description/share/robot_description/description/gazebo_control.xacro
[1.424s] -- Up-to-date: /home/uiabot/uiabot_ws/install/robot_description/share/robot_description/launch
[1.424s] -- Up-to-date: /home/uiabot/uiabot_ws/install/robot_description/share/robot_description/launch/launch_sim.launch.py
[1.425s] -- Up-to-date: /home/uiabot/uiabot_ws/install/robot_description/share/robot_description/launch/rsp.launch.py
[1.425s] -- Up-to-date: /home/uiabot/uiabot_ws/install/robot_description/share/robot_description/worlds
[1.427s] -- Up-to-date: /home/uiabot/uiabot_ws/install/robot_description/share/robot_description/worlds/empty.world
[1.431s] -- Up-to-date: /home/uiabot/uiabot_ws/install/robot_description/share/ament_index/resource_index/package_run_dependencies/robot_description
[1.432s] -- Up-to-date: /home/uiabot/uiabot_ws/install/robot_description/share/ament_index/resource_index/parent_prefix_path/robot_description
[1.433s] -- Up-to-date: /home/uiabot/uiabot_ws/install/robot_description/share/robot_description/environment/ament_prefix_path.sh
[1.434s] -- Up-to-date: /home/uiabot/uiabot_ws/install/robot_description/share/robot_description/environment/ament_prefix_path.dsv
[1.434s] -- Up-to-date: /home/uiabot/uiabot_ws/install/robot_description/share/robot_description/environment/path.sh
[1.435s] -- Up-to-date: /home/uiabot/uiabot_ws/install/robot_description/share/robot_description/environment/path.dsv
[1.435s] -- Up-to-date: /home/uiabot/uiabot_ws/install/robot_description/share/robot_description/local_setup.bash
[1.435s] -- Up-to-date: /home/uiabot/uiabot_ws/install/robot_description/share/robot_description/local_setup.sh
[1.435s] -- Up-to-date: /home/uiabot/uiabot_ws/install/robot_description/share/robot_description/local_setup.zsh
[1.435s] -- Up-to-date: /home/uiabot/uiabot_ws/install/robot_description/share/robot_description/local_setup.dsv
[1.435s] -- Installing: /home/uiabot/uiabot_ws/install/robot_description/share/robot_description/package.dsv
[1.436s] -- Up-to-date: /home/uiabot/uiabot_ws/install/robot_description/share/ament_index/resource_index/packages/robot_description
[1.437s] -- Up-to-date: /home/uiabot/uiabot_ws/install/robot_description/share/robot_description/cmake/robot_descriptionConfig.cmake
[1.437s] -- Up-to-date: /home/uiabot/uiabot_ws/install/robot_description/share/robot_description/cmake/robot_descriptionConfig-version.cmake
[1.437s] -- Up-to-date: /home/uiabot/uiabot_ws/install/robot_description/share/robot_description/package.xml
[1.441s] Invoked command in '/home/uiabot/uiabot_ws/build/robot_description' returned '0': CMAKE_PREFIX_PATH=${CMAKE_PREFIX_PATH}:/home/uiabot/ros2_ws/install/robot_keyboard_control:/home/uiabot/ros2_ws/install/my_publisher_package:/home/uiabot/ros2_ws/install/my_listener_package:/home/uiabot/ros2_ws/install/esp32_com:/opt/ros/jazzy DEBUGINFOD_URLS=https://debuginfod.ubuntu.com /usr/bin/cmake --install /home/uiabot/uiabot_ws/build/robot_description
