[2.653s] Invoking command in '/home/uiabot/uiabot_ws/src/lidar_package': DEBUGINFOD_URLS=https://debuginfod.ubuntu.com PYTHONPATH=/home/uiabot/uiabot_ws/build/lidar_package/prefix_override:/usr/lib/python3/dist-packages/colcon_core/task/python/colcon_distutils_commands:/home/uiabot/uiabot_ws/install/lidar_package/lib/python3.12/site-packages:${PYTHONPATH} /usr/bin/python3 -W ignore:setup.py install is deprecated setup.py egg_info --egg-base ../../build/lidar_package build --build-base /home/uiabot/uiabot_ws/build/lidar_package/build install --record /home/uiabot/uiabot_ws/build/lidar_package/install.log --single-version-externally-managed install_data
[3.146s] running egg_info
[3.147s] creating ../../build/lidar_package/lidar_package.egg-info
[3.177s] writing ../../build/lidar_package/lidar_package.egg-info/PKG-INFO
[3.179s] writing dependency_links to ../../build/lidar_package/lidar_package.egg-info/dependency_links.txt
[3.179s] writing entry points to ../../build/lidar_package/lidar_package.egg-info/entry_points.txt
[3.179s] writing requirements to ../../build/lidar_package/lidar_package.egg-info/requires.txt
[3.179s] writing top-level names to ../../build/lidar_package/lidar_package.egg-info/top_level.txt
[3.179s] writing manifest file '../../build/lidar_package/lidar_package.egg-info/SOURCES.txt'
[3.241s] reading manifest file '../../build/lidar_package/lidar_package.egg-info/SOURCES.txt'
[3.242s] writing manifest file '../../build/lidar_package/lidar_package.egg-info/SOURCES.txt'
[3.243s] running build
[3.244s] running build_py
[3.244s] creating /home/uiabot/uiabot_ws/build/lidar_package/build
[3.244s] creating /home/uiabot/uiabot_ws/build/lidar_package/build/lib
[3.245s] creating /home/uiabot/uiabot_ws/build/lidar_package/build/lib/lidar_package
[3.245s] copying lidar_package/__init__.py -> /home/uiabot/uiabot_ws/build/lidar_package/build/lib/lidar_package
[3.246s] copying lidar_package/lidar_node.py -> /home/uiabot/uiabot_ws/build/lidar_package/build/lib/lidar_package
[3.246s] running install
[3.260s] running install_lib
[3.291s] creating /home/uiabot/uiabot_ws/install/lidar_package/lib/python3.12/site-packages/lidar_package
[3.291s] copying /home/uiabot/uiabot_ws/build/lidar_package/build/lib/lidar_package/__init__.py -> /home/uiabot/uiabot_ws/install/lidar_package/lib/python3.12/site-packages/lidar_package
[3.292s] copying /home/uiabot/uiabot_ws/build/lidar_package/build/lib/lidar_package/lidar_node.py -> /home/uiabot/uiabot_ws/install/lidar_package/lib/python3.12/site-packages/lidar_package
[3.294s] byte-compiling /home/uiabot/uiabot_ws/install/lidar_package/lib/python3.12/site-packages/lidar_package/__init__.py to __init__.cpython-312.pyc
[3.294s] byte-compiling /home/uiabot/uiabot_ws/install/lidar_package/lib/python3.12/site-packages/lidar_package/lidar_node.py to lidar_node.cpython-312.pyc
[3.295s] running install_data
[3.296s] creating /home/uiabot/uiabot_ws/install/lidar_package/share/ament_index
[3.296s] creating /home/uiabot/uiabot_ws/install/lidar_package/share/ament_index/resource_index
[3.296s] creating /home/uiabot/uiabot_ws/install/lidar_package/share/ament_index/resource_index/packages
[3.296s] copying resource/lidar_package -> /home/uiabot/uiabot_ws/install/lidar_package/share/ament_index/resource_index/packages
[3.297s] copying package.xml -> /home/uiabot/uiabot_ws/install/lidar_package/share/lidar_package
[3.297s] running install_egg_info
[3.335s] Copying ../../build/lidar_package/lidar_package.egg-info to /home/uiabot/uiabot_ws/install/lidar_package/lib/python3.12/site-packages/lidar_package-0.0.0-py3.12.egg-info
[3.337s] running install_scripts
[3.586s] Installing lidar_node script to /home/uiabot/uiabot_ws/install/lidar_package/lib/lidar_package
[3.587s] writing list of installed files to '/home/uiabot/uiabot_ws/build/lidar_package/install.log'
[3.788s] Invoked command in '/home/uiabot/uiabot_ws/src/lidar_package' returned '0': DEBUGINFOD_URLS=https://debuginfod.ubuntu.com PYTHONPATH=/home/uiabot/uiabot_ws/build/lidar_package/prefix_override:/usr/lib/python3/dist-packages/colcon_core/task/python/colcon_distutils_commands:/home/uiabot/uiabot_ws/install/lidar_package/lib/python3.12/site-packages:${PYTHONPATH} /usr/bin/python3 -W ignore:setup.py install is deprecated setup.py egg_info --egg-base ../../build/lidar_package build --build-base /home/uiabot/uiabot_ws/build/lidar_package/build install --record /home/uiabot/uiabot_ws/build/lidar_package/install.log --single-version-externally-managed install_data
