[2.414s] Invoking command in '/home/uiabot/uiabot_ws/src/my_listener_package': DEBUGINFOD_URLS=https://debuginfod.ubuntu.com PYTHONPATH=/home/uiabot/uiabot_ws/build/my_listener_package/prefix_override:/usr/lib/python3/dist-packages/colcon_core/task/python/colcon_distutils_commands:/home/uiabot/uiabot_ws/install/my_listener_package/lib/python3.12/site-packages:${PYTHONPATH} /usr/bin/python3 -W ignore:setup.py install is deprecated setup.py egg_info --egg-base ../../build/my_listener_package build --build-base /home/uiabot/uiabot_ws/build/my_listener_package/build install --record /home/uiabot/uiabot_ws/build/my_listener_package/install.log --single-version-externally-managed install_data
[2.920s] running egg_info
[2.953s] writing ../../build/my_listener_package/my_listener_package.egg-info/PKG-INFO
[2.954s] writing dependency_links to ../../build/my_listener_package/my_listener_package.egg-info/dependency_links.txt
[2.955s] writing entry points to ../../build/my_listener_package/my_listener_package.egg-info/entry_points.txt
[2.956s] writing requirements to ../../build/my_listener_package/my_listener_package.egg-info/requires.txt
[2.957s] writing top-level names to ../../build/my_listener_package/my_listener_package.egg-info/top_level.txt
[3.039s] reading manifest file '../../build/my_listener_package/my_listener_package.egg-info/SOURCES.txt'
[3.039s] writing manifest file '../../build/my_listener_package/my_listener_package.egg-info/SOURCES.txt'
[3.039s] running build
[3.039s] running build_py
[3.040s] running install
[3.050s] running install_lib
[3.081s] running install_data
[3.081s] running install_egg_info
[3.122s] removing '/home/uiabot/uiabot_ws/install/my_listener_package/lib/python3.12/site-packages/my_listener_package-0.0.0-py3.12.egg-info' (and everything under it)
[3.122s] Copying ../../build/my_listener_package/my_listener_package.egg-info to /home/uiabot/uiabot_ws/install/my_listener_package/lib/python3.12/site-packages/my_listener_package-0.0.0-py3.12.egg-info
[3.124s] running install_scripts
[3.363s] Installing cmd_vel_listener script to /home/uiabot/uiabot_ws/install/my_listener_package/lib/my_listener_package
[3.363s] writing list of installed files to '/home/uiabot/uiabot_ws/build/my_listener_package/install.log'
[3.525s] Invoked command in '/home/uiabot/uiabot_ws/src/my_listener_package' returned '0': DEBUGINFOD_URLS=https://debuginfod.ubuntu.com PYTHONPATH=/home/uiabot/uiabot_ws/build/my_listener_package/prefix_override:/usr/lib/python3/dist-packages/colcon_core/task/python/colcon_distutils_commands:/home/uiabot/uiabot_ws/install/my_listener_package/lib/python3.12/site-packages:${PYTHONPATH} /usr/bin/python3 -W ignore:setup.py install is deprecated setup.py egg_info --egg-base ../../build/my_listener_package build --build-base /home/uiabot/uiabot_ws/build/my_listener_package/build install --record /home/uiabot/uiabot_ws/build/my_listener_package/install.log --single-version-externally-managed install_data
