[0.559s] Invoking command in '/home/devtex/uiabot_ws/src/my_publisher_package': PYTHONPATH=/home/devtex/uiabot_ws/build/my_publisher_package/prefix_override:/usr/lib/python3/dist-packages/colcon_core/task/python/colcon_distutils_commands:/home/devtex/uiabot_ws/install/my_publisher_package/lib/python3.10/site-packages:${PYTHONPATH} /usr/bin/python3 -W ignore:setup.py install is deprecated setup.py egg_info --egg-base ../../build/my_publisher_package build --build-base /home/devtex/uiabot_ws/build/my_publisher_package/build install --record /home/devtex/uiabot_ws/build/my_publisher_package/install.log --single-version-externally-managed install_data
[0.667s] running egg_info
[0.673s] writing ../../build/my_publisher_package/my_publisher_package.egg-info/PKG-INFO
[0.673s] writing dependency_links to ../../build/my_publisher_package/my_publisher_package.egg-info/dependency_links.txt
[0.673s] writing entry points to ../../build/my_publisher_package/my_publisher_package.egg-info/entry_points.txt
[0.674s] writing requirements to ../../build/my_publisher_package/my_publisher_package.egg-info/requires.txt
[0.674s] writing top-level names to ../../build/my_publisher_package/my_publisher_package.egg-info/top_level.txt
[0.687s] reading manifest file '../../build/my_publisher_package/my_publisher_package.egg-info/SOURCES.txt'
[0.687s] writing manifest file '../../build/my_publisher_package/my_publisher_package.egg-info/SOURCES.txt'
[0.687s] running build
[0.687s] running build_py
[0.688s] running install
[0.690s] running install_lib
[0.703s] running install_data
[0.703s] running install_egg_info
[0.711s] removing '/home/devtex/uiabot_ws/install/my_publisher_package/lib/python3.10/site-packages/my_publisher_package-0.0.0-py3.10.egg-info' (and everything under it)
[0.712s] Copying ../../build/my_publisher_package/my_publisher_package.egg-info to /home/devtex/uiabot_ws/install/my_publisher_package/lib/python3.10/site-packages/my_publisher_package-0.0.0-py3.10.egg-info
[0.712s] running install_scripts
[0.779s] Installing cmd_vel_publisher script to /home/devtex/uiabot_ws/install/my_publisher_package/lib/my_publisher_package
[0.779s] writing list of installed files to '/home/devtex/uiabot_ws/build/my_publisher_package/install.log'
[0.792s] Invoked command in '/home/devtex/uiabot_ws/src/my_publisher_package' returned '0': PYTHONPATH=/home/devtex/uiabot_ws/build/my_publisher_package/prefix_override:/usr/lib/python3/dist-packages/colcon_core/task/python/colcon_distutils_commands:/home/devtex/uiabot_ws/install/my_publisher_package/lib/python3.10/site-packages:${PYTHONPATH} /usr/bin/python3 -W ignore:setup.py install is deprecated setup.py egg_info --egg-base ../../build/my_publisher_package build --build-base /home/devtex/uiabot_ws/build/my_publisher_package/build install --record /home/devtex/uiabot_ws/build/my_publisher_package/install.log --single-version-externally-managed install_data
