[0.976s] Invoking command in '/home/uiabot/uiabot_ws/build/robot_description': CMAKE_PREFIX_PATH=${CMAKE_PREFIX_PATH}:/home/uiabot/ros2_ws/install/robot_keyboard_control:/home/uiabot/ros2_ws/install/my_publisher_package:/home/uiabot/ros2_ws/install/my_listener_package:/home/uiabot/ros2_ws/install/esp32_com:/opt/ros/jazzy DEBUGINFOD_URLS=https://debuginfod.ubuntu.com /usr/bin/cmake --build /home/uiabot/uiabot_ws/build/robot_description -- -j4 -l4
[1.280s] Invoked command in '/home/uiabot/uiabot_ws/build/robot_description' returned '0': CMAKE_PREFIX_PATH=${CMAKE_PREFIX_PATH}:/home/uiabot/ros2_ws/install/robot_keyboard_control:/home/uiabot/ros2_ws/install/my_publisher_package:/home/uiabot/ros2_ws/install/my_listener_package:/home/uiabot/ros2_ws/install/esp32_com:/opt/ros/jazzy DEBUGINFOD_URLS=https://debuginfod.ubuntu.com /usr/bin/cmake --build /home/uiabot/uiabot_ws/build/robot_description -- -j4 -l4
[1.342s] Invoking command in '/home/uiabot/uiabot_ws/build/robot_description': CMAKE_PREFIX_PATH=${CMAKE_PREFIX_PATH}:/home/uiabot/ros2_ws/install/robot_keyboard_control:/home/uiabot/ros2_ws/install/my_publisher_package:/home/uiabot/ros2_ws/install/my_listener_package:/home/uiabot/ros2_ws/install/esp32_com:/opt/ros/jazzy DEBUGINFOD_URLS=https://debuginfod.ubuntu.com /usr/bin/cmake --install /home/uiabot/uiabot_ws/build/robot_description
[1.359s] -- Install configuration: ""
[1.361s] -- Up-to-date: /home/uiabot/uiabot_ws/install/robot_description/share/robot_description/config
[1.363s] -- Up-to-date: /home/uiabot/uiabot_ws/install/robot_description/share/robot_description/config/empty.yaml
[1.363s] -- Up-to-date: /home/uiabot/uiabot_ws/install/robot_description/share/robot_description/config/uiabot_config.rviz
[1.363s] -- Up-to-date: /home/uiabot/uiabot_ws/install/robot_description/share/robot_description/description
[1.365s] -- Up-to-date: /home/uiabot/uiabot_ws/install/robot_description/share/robot_description/description/robot_core.xacro
[1.365s] -- Up-to-date: /home/uiabot/uiabot_ws/install/robot_description/share/robot_description/description/lidar.xacro
[1.365s] -- Up-to-date: /home/uiabot/uiabot_ws/install/robot_description/share/robot_description/description/inertial_macros.xacro
[1.365s] -- Up-to-date: /home/uiabot/uiabot_ws/install/robot_description/share/robot_description/description/AssemUiAminibot2 .STL
[1.365s] -- Up-to-date: /home/uiabot/uiabot_ws/install/robot_description/share/robot_description/description/Motor.STL
[1.366s] -- Up-to-date: /home/uiabot/uiabot_ws/install/robot_description/share/robot_description/description/RP-lidar-A1.STL
[1.366s] -- Up-to-date: /home/uiabot/uiabot_ws/install/robot_description/share/robot_description/description/MotorBracket.STL
[1.366s] -- Up-to-date: /home/uiabot/uiabot_ws/install/robot_description/share/robot_description/description/SupportWheelBracket_v03.STL
[1.366s] -- Up-to-date: /home/uiabot/uiabot_ws/install/robot_description/share/robot_description/description/robot.urdf.xacro
[1.366s] -- Up-to-date: /home/uiabot/uiabot_ws/install/robot_description/share/robot_description/description/UiAFullWafflePlate.STL
[1.367s] -- Up-to-date: /home/uiabot/uiabot_ws/install/robot_description/share/robot_description/description/ros2_control.xacro
[1.367s] -- Up-to-date: /home/uiabot/uiabot_ws/install/robot_description/share/robot_description/description/RPLidarCasingV3_Wcut.STL
[1.367s] -- Up-to-date: /home/uiabot/uiabot_ws/install/robot_description/share/robot_description/description/gazebo_control.xacro
[1.367s] -- Up-to-date: /home/uiabot/uiabot_ws/install/robot_description/share/robot_description/launch
[1.367s] -- Up-to-date: /home/uiabot/uiabot_ws/install/robot_description/share/robot_description/launch/launch_sim.launch.py
[1.368s] -- Up-to-date: /home/uiabot/uiabot_ws/install/robot_description/share/robot_description/launch/rsp.launch.py
[1.368s] -- Up-to-date: /home/uiabot/uiabot_ws/install/robot_description/share/robot_description/worlds
[1.370s] -- Up-to-date: /home/uiabot/uiabot_ws/install/robot_description/share/robot_description/worlds/empty.world
[1.372s] -- Up-to-date: /home/uiabot/uiabot_ws/install/robot_description/share/ament_index/resource_index/package_run_dependencies/robot_description
[1.373s] -- Up-to-date: /home/uiabot/uiabot_ws/install/robot_description/share/ament_index/resource_index/parent_prefix_path/robot_description
[1.374s] -- Up-to-date: /home/uiabot/uiabot_ws/install/robot_description/share/robot_description/environment/ament_prefix_path.sh
[1.375s] -- Up-to-date: /home/uiabot/uiabot_ws/install/robot_description/share/robot_description/environment/ament_prefix_path.dsv
[1.375s] -- Up-to-date: /home/uiabot/uiabot_ws/install/robot_description/share/robot_description/environment/path.sh
[1.375s] -- Up-to-date: /home/uiabot/uiabot_ws/install/robot_description/share/robot_description/environment/path.dsv
[1.376s] -- Up-to-date: /home/uiabot/uiabot_ws/install/robot_description/share/robot_description/local_setup.bash
[1.376s] -- Up-to-date: /home/uiabot/uiabot_ws/install/robot_description/share/robot_description/local_setup.sh
[1.376s] -- Up-to-date: /home/uiabot/uiabot_ws/install/robot_description/share/robot_description/local_setup.zsh
[1.376s] -- Up-to-date: /home/uiabot/uiabot_ws/install/robot_description/share/robot_description/local_setup.dsv
[1.377s] -- Installing: /home/uiabot/uiabot_ws/install/robot_description/share/robot_description/package.dsv
[1.378s] -- Up-to-date: /home/uiabot/uiabot_ws/install/robot_description/share/ament_index/resource_index/packages/robot_description
[1.382s] -- Up-to-date: /home/uiabot/uiabot_ws/install/robot_description/share/robot_description/cmake/robot_descriptionConfig.cmake
[1.382s] -- Up-to-date: /home/uiabot/uiabot_ws/install/robot_description/share/robot_description/cmake/robot_descriptionConfig-version.cmake
[1.383s] -- Up-to-date: /home/uiabot/uiabot_ws/install/robot_description/share/robot_description/package.xml
[1.384s] Invoked command in '/home/uiabot/uiabot_ws/build/robot_description' returned '0': CMAKE_PREFIX_PATH=${CMAKE_PREFIX_PATH}:/home/uiabot/ros2_ws/install/robot_keyboard_control:/home/uiabot/ros2_ws/install/my_publisher_package:/home/uiabot/ros2_ws/install/my_listener_package:/home/uiabot/ros2_ws/install/esp32_com:/opt/ros/jazzy DEBUGINFOD_URLS=https://debuginfod.ubuntu.com /usr/bin/cmake --install /home/uiabot/uiabot_ws/build/robot_description
