[0.604s] Invoking command in '/home/devtex/uiabot_ws/src/lidar_package': PYTHONPATH=/home/devtex/uiabot_ws/build/lidar_package/prefix_override:/usr/lib/python3/dist-packages/colcon_core/task/python/colcon_distutils_commands:/home/devtex/uiabot_ws/install/lidar_package/lib/python3.10/site-packages:${PYTHONPATH} /usr/bin/python3 -W ignore:setup.py install is deprecated setup.py egg_info --egg-base ../../build/lidar_package build --build-base /home/devtex/uiabot_ws/build/lidar_package/build install --record /home/devtex/uiabot_ws/build/lidar_package/install.log --single-version-externally-managed install_data
[0.717s] running egg_info
[0.725s] writing ../../build/lidar_package/lidar_package.egg-info/PKG-INFO
[0.725s] writing dependency_links to ../../build/lidar_package/lidar_package.egg-info/dependency_links.txt
[0.725s] writing entry points to ../../build/lidar_package/lidar_package.egg-info/entry_points.txt
[0.725s] writing requirements to ../../build/lidar_package/lidar_package.egg-info/requires.txt
[0.725s] writing top-level names to ../../build/lidar_package/lidar_package.egg-info/top_level.txt
[0.741s] reading manifest file '../../build/lidar_package/lidar_package.egg-info/SOURCES.txt'
[0.741s] writing manifest file '../../build/lidar_package/lidar_package.egg-info/SOURCES.txt'
[0.741s] running build
[0.741s] running build_py
[0.741s] copying lidar_package/lidar_node.py -> /home/devtex/uiabot_ws/build/lidar_package/build/lib/lidar_package
[0.741s] copying lidar_package/__init__.py -> /home/devtex/uiabot_ws/build/lidar_package/build/lib/lidar_package
[0.742s] running install
[0.745s] running install_lib
[0.753s] running install_data
[0.753s] copying resource/lidar_package -> /home/devtex/uiabot_ws/install/lidar_package/share/ament_index/resource_index/packages
[0.753s] copying package.xml -> /home/devtex/uiabot_ws/install/lidar_package/share/lidar_package
[0.753s] running install_egg_info
[0.762s] removing '/home/devtex/uiabot_ws/install/lidar_package/lib/python3.10/site-packages/lidar_package-0.0.0-py3.10.egg-info' (and everything under it)
[0.762s] Copying ../../build/lidar_package/lidar_package.egg-info to /home/devtex/uiabot_ws/install/lidar_package/lib/python3.10/site-packages/lidar_package-0.0.0-py3.10.egg-info
[0.762s] running install_scripts
[0.840s] Installing lidar_node script to /home/devtex/uiabot_ws/install/lidar_package/lib/lidar_package
[0.840s] writing list of installed files to '/home/devtex/uiabot_ws/build/lidar_package/install.log'
[0.852s] Invoked command in '/home/devtex/uiabot_ws/src/lidar_package' returned '0': PYTHONPATH=/home/devtex/uiabot_ws/build/lidar_package/prefix_override:/usr/lib/python3/dist-packages/colcon_core/task/python/colcon_distutils_commands:/home/devtex/uiabot_ws/install/lidar_package/lib/python3.10/site-packages:${PYTHONPATH} /usr/bin/python3 -W ignore:setup.py install is deprecated setup.py egg_info --egg-base ../../build/lidar_package build --build-base /home/devtex/uiabot_ws/build/lidar_package/build install --record /home/devtex/uiabot_ws/build/lidar_package/install.log --single-version-externally-managed install_data
