running egg_info
creating ../../build/rsp_launch/rsp_launch.egg-info
writing ../../build/rsp_launch/rsp_launch.egg-info/PKG-INFO
writing dependency_links to ../../build/rsp_launch/rsp_launch.egg-info/dependency_links.txt
writing requirements to ../../build/rsp_launch/rsp_launch.egg-info/requires.txt
writing top-level names to ../../build/rsp_launch/rsp_launch.egg-info/top_level.txt
writing manifest file '../../build/rsp_launch/rsp_launch.egg-info/SOURCES.txt'
reading manifest file '../../build/rsp_launch/rsp_launch.egg-info/SOURCES.txt'
writing manifest file '../../build/rsp_launch/rsp_launch.egg-info/SOURCES.txt'
running build
running build_py
creating /home/uiabot/uiabot_ws/build/rsp_launch/build
creating /home/uiabot/uiabot_ws/build/rsp_launch/build/lib
creating /home/uiabot/uiabot_ws/build/rsp_launch/build/lib/rsp_launch
copying rsp_launch/__init__.py -> /home/uiabot/uiabot_ws/build/rsp_launch/build/lib/rsp_launch
running install
running install_lib
creating /home/uiabot/uiabot_ws/install/rsp_launch/lib/python3.12/site-packages/rsp_launch
copying /home/uiabot/uiabot_ws/build/rsp_launch/build/lib/rsp_launch/__init__.py -> /home/uiabot/uiabot_ws/install/rsp_launch/lib/python3.12/site-packages/rsp_launch
byte-compiling /home/uiabot/uiabot_ws/install/rsp_launch/lib/python3.12/site-packages/rsp_launch/__init__.py to __init__.cpython-312.pyc
running install_data
creating /home/uiabot/uiabot_ws/install/rsp_launch/share/rsp_launch/launch
copying launch/rsp.launch.py -> /home/uiabot/uiabot_ws/install/rsp_launch/share/rsp_launch/launch
creating /home/uiabot/uiabot_ws/install/rsp_launch/share/rsp_launch/description
creating /home/uiabot/uiabot_ws/install/rsp_launch/share/rsp_launch/config
running install_egg_info
Copying ../../build/rsp_launch/rsp_launch.egg-info to /home/uiabot/uiabot_ws/install/rsp_launch/lib/python3.12/site-packages/rsp_launch-0.0.1-py3.12.egg-info
running install_scripts
writing list of installed files to '/home/uiabot/uiabot_ws/build/rsp_launch/install.log'
