[0.602s] Invoking command in '/home/devtex/uiabot_ws/build/my_publisher_package': PYTHONPATH=/home/devtex/uiabot_ws/build/my_publisher_package/prefix_override:/usr/lib/python3/dist-packages/colcon_core/task/python/colcon_distutils_commands:/home/devtex/uiabot_ws/install/my_publisher_package/lib/python3.10/site-packages:${PYTHONPATH} /usr/bin/python3 -W ignore:setup.py install is deprecated setup.py develop --editable --build-directory /home/devtex/uiabot_ws/build/my_publisher_package/build --no-deps symlink_data --force
[0.752s] /home/devtex/.local/lib/python3.10/site-packages/setuptools/command/develop.py:40: EasyInstallDeprecationWarning: easy_install command is deprecated.
[0.752s] !!
[0.752s] 
[0.752s]         ********************************************************************************
[0.752s]         Please avoid running ``setup.py`` and ``easy_install``.
[0.752s]         Instead, use pypa/build, pypa/installer or other
[0.752s]         standards-based tools.
[0.752s] 
[0.752s]         See https://github.com/pypa/setuptools/issues/917 for details.
[0.752s]         ********************************************************************************
[0.753s] 
[0.753s] !!
[0.753s]   easy_install.initialize_options(self)
[0.753s] running develop
[0.848s] running egg_info
[0.854s] writing my_publisher_package.egg-info/PKG-INFO
[0.855s] writing dependency_links to my_publisher_package.egg-info/dependency_links.txt
[0.855s] writing entry points to my_publisher_package.egg-info/entry_points.txt
[0.855s] writing requirements to my_publisher_package.egg-info/requires.txt
[0.855s] writing top-level names to my_publisher_package.egg-info/top_level.txt
[0.868s] reading manifest file 'my_publisher_package.egg-info/SOURCES.txt'
[0.868s] writing manifest file 'my_publisher_package.egg-info/SOURCES.txt'
[0.899s] running build_ext
[0.899s] Creating /home/devtex/uiabot_ws/install/my_publisher_package/lib/python3.10/site-packages/my-publisher-package.egg-link (link to .)
[0.899s] Installing cmd_vel_publisher script to /home/devtex/uiabot_ws/install/my_publisher_package/lib/my_publisher_package
[0.899s] 
[0.899s] Installed /home/devtex/uiabot_ws/build/my_publisher_package
[0.899s] running symlink_data
[0.900s] symbolically linking /home/devtex/uiabot_ws/build/my_publisher_package/resource/my_publisher_package -> /home/devtex/uiabot_ws/install/my_publisher_package/share/ament_index/resource_index/packages
[0.900s] symbolically linking /home/devtex/uiabot_ws/build/my_publisher_package/package.xml -> /home/devtex/uiabot_ws/install/my_publisher_package/share/my_publisher_package
[0.919s] Invoked command in '/home/devtex/uiabot_ws/build/my_publisher_package' returned '0': PYTHONPATH=/home/devtex/uiabot_ws/build/my_publisher_package/prefix_override:/usr/lib/python3/dist-packages/colcon_core/task/python/colcon_distutils_commands:/home/devtex/uiabot_ws/install/my_publisher_package/lib/python3.10/site-packages:${PYTHONPATH} /usr/bin/python3 -W ignore:setup.py install is deprecated setup.py develop --editable --build-directory /home/devtex/uiabot_ws/build/my_publisher_package/build --no-deps symlink_data --force
