[1.788s] Invoking command in '/home/uiabot/uiabot_ws/src/my_publisher_package': DEBUGINFOD_URLS=https://debuginfod.ubuntu.com PYTHONPATH=/home/uiabot/uiabot_ws/build/my_publisher_package/prefix_override:/usr/lib/python3/dist-packages/colcon_core/task/python/colcon_distutils_commands:/home/uiabot/uiabot_ws/install/my_publisher_package/lib/python3.12/site-packages:${PYTHONPATH} /usr/bin/python3 -W ignore:setup.py install is deprecated setup.py egg_info --egg-base ../../build/my_publisher_package build --build-base /home/uiabot/uiabot_ws/build/my_publisher_package/build install --record /home/uiabot/uiabot_ws/build/my_publisher_package/install.log --single-version-externally-managed install_data
[2.408s] running egg_info
[2.438s] writing ../../build/my_publisher_package/my_publisher_package.egg-info/PKG-INFO
[2.438s] writing dependency_links to ../../build/my_publisher_package/my_publisher_package.egg-info/dependency_links.txt
[2.439s] writing entry points to ../../build/my_publisher_package/my_publisher_package.egg-info/entry_points.txt
[2.440s] writing requirements to ../../build/my_publisher_package/my_publisher_package.egg-info/requires.txt
[2.441s] writing top-level names to ../../build/my_publisher_package/my_publisher_package.egg-info/top_level.txt
[2.502s] reading manifest file '../../build/my_publisher_package/my_publisher_package.egg-info/SOURCES.txt'
[2.503s] writing manifest file '../../build/my_publisher_package/my_publisher_package.egg-info/SOURCES.txt'
[2.503s] running build
[2.503s] running build_py
[2.504s] running install
[2.514s] running install_lib
[2.541s] running install_data
[2.541s] running install_egg_info
[2.573s] removing '/home/uiabot/uiabot_ws/install/my_publisher_package/lib/python3.12/site-packages/my_publisher_package-0.0.0-py3.12.egg-info' (and everything under it)
[2.573s] Copying ../../build/my_publisher_package/my_publisher_package.egg-info to /home/uiabot/uiabot_ws/install/my_publisher_package/lib/python3.12/site-packages/my_publisher_package-0.0.0-py3.12.egg-info
[2.575s] running install_scripts
[2.800s] Installing cmd_vel_publisher script to /home/uiabot/uiabot_ws/install/my_publisher_package/lib/my_publisher_package
[2.802s] writing list of installed files to '/home/uiabot/uiabot_ws/build/my_publisher_package/install.log'
[2.953s] Invoked command in '/home/uiabot/uiabot_ws/src/my_publisher_package' returned '0': DEBUGINFOD_URLS=https://debuginfod.ubuntu.com PYTHONPATH=/home/uiabot/uiabot_ws/build/my_publisher_package/prefix_override:/usr/lib/python3/dist-packages/colcon_core/task/python/colcon_distutils_commands:/home/uiabot/uiabot_ws/install/my_publisher_package/lib/python3.12/site-packages:${PYTHONPATH} /usr/bin/python3 -W ignore:setup.py install is deprecated setup.py egg_info --egg-base ../../build/my_publisher_package build --build-base /home/uiabot/uiabot_ws/build/my_publisher_package/build install --record /home/uiabot/uiabot_ws/build/my_publisher_package/install.log --single-version-externally-managed install_data
