[0.062s] DEBUG:colcon:Command line arguments: ['/usr/bin/colcon', 'build']
[0.062s] DEBUG:colcon:Parsed command line arguments: Namespace(log_base=None, log_level=None, verb_name='build', build_base='build', install_base='install', merge_install=False, symlink_install=False, test_result_base=None, continue_on_error=False, executor='parallel', parallel_workers=32, event_handlers=None, ignore_user_meta=False, metas=['./colcon.meta'], base_paths=['.'], packages_ignore=None, packages_ignore_regex=None, paths=None, packages_up_to=None, packages_up_to_regex=None, packages_above=None, packages_above_and_dependencies=None, packages_above_depth=None, packages_select_by_dep=None, packages_skip_by_dep=None, packages_skip_up_to=None, packages_select_build_failed=False, packages_skip_build_finished=False, packages_select_test_failures=False, packages_skip_test_passed=False, packages_select=None, packages_skip=None, packages_select_regex=None, packages_skip_regex=None, packages_start=None, packages_end=None, allow_overriding=[], cmake_args=None, cmake_target=None, cmake_target_skip_unavailable=False, cmake_clean_cache=False, cmake_clean_first=False, cmake_force_configure=False, ament_cmake_args=None, catkin_cmake_args=None, catkin_skip_building_tests=False, mixin_files=None, mixin=None, verb_parser=<colcon_mixin.mixin.mixin_argument.MixinArgumentDecorator object at 0x7a9dde72fdf0>, verb_extension=<colcon_core.verb.build.BuildVerb object at 0x7a9dde72f400>, main=<bound method BuildVerb.main of <colcon_core.verb.build.BuildVerb object at 0x7a9dde72f400>>, mixin_verb=('build',))
[0.178s] Level 1:colcon.colcon_core.package_discovery:discover_packages(colcon_meta) check parameters
[0.178s] Level 1:colcon.colcon_core.package_discovery:discover_packages(recursive) check parameters
[0.178s] Level 1:colcon.colcon_core.package_discovery:discover_packages(ignore) check parameters
[0.178s] Level 1:colcon.colcon_core.package_discovery:discover_packages(path) check parameters
[0.178s] Level 1:colcon.colcon_core.package_discovery:discover_packages(colcon_meta) discover
[0.178s] Level 1:colcon.colcon_core.package_discovery:discover_packages(recursive) discover
[0.178s] INFO:colcon.colcon_core.package_discovery:Crawling recursively for packages in '/home/devtex/uiabot_ws'
[0.178s] Level 1:colcon.colcon_core.package_identification:_identify(.) by extensions ['ignore', 'ignore_ament_install']
[0.178s] Level 1:colcon.colcon_core.package_identification:_identify(.) by extension 'ignore'
[0.178s] Level 1:colcon.colcon_core.package_identification:_identify(.) by extension 'ignore_ament_install'
[0.178s] Level 1:colcon.colcon_core.package_identification:_identify(.) by extensions ['colcon_pkg']
[0.178s] Level 1:colcon.colcon_core.package_identification:_identify(.) by extension 'colcon_pkg'
[0.178s] Level 1:colcon.colcon_core.package_identification:_identify(.) by extensions ['colcon_meta']
[0.178s] Level 1:colcon.colcon_core.package_identification:_identify(.) by extension 'colcon_meta'
[0.178s] Level 1:colcon.colcon_core.package_identification:_identify(.) by extensions ['ros']
[0.178s] Level 1:colcon.colcon_core.package_identification:_identify(.) by extension 'ros'
[0.186s] Level 1:colcon.colcon_core.package_identification:_identify(.) by extensions ['cmake', 'python']
[0.186s] Level 1:colcon.colcon_core.package_identification:_identify(.) by extension 'cmake'
[0.186s] Level 1:colcon.colcon_core.package_identification:_identify(.) by extension 'python'
[0.186s] Level 1:colcon.colcon_core.package_identification:_identify(.) by extensions ['python_setup_py']
[0.186s] Level 1:colcon.colcon_core.package_identification:_identify(.) by extension 'python_setup_py'
[0.186s] Level 1:colcon.colcon_core.package_identification:_identify(build) by extensions ['ignore', 'ignore_ament_install']
[0.186s] Level 1:colcon.colcon_core.package_identification:_identify(build) by extension 'ignore'
[0.186s] Level 1:colcon.colcon_core.package_identification:_identify(build) ignored
[0.186s] Level 1:colcon.colcon_core.package_identification:_identify(install) by extensions ['ignore', 'ignore_ament_install']
[0.186s] Level 1:colcon.colcon_core.package_identification:_identify(install) by extension 'ignore'
[0.186s] Level 1:colcon.colcon_core.package_identification:_identify(install) ignored
[0.186s] Level 1:colcon.colcon_core.package_identification:_identify(log) by extensions ['ignore', 'ignore_ament_install']
[0.186s] Level 1:colcon.colcon_core.package_identification:_identify(log) by extension 'ignore'
[0.186s] Level 1:colcon.colcon_core.package_identification:_identify(log) ignored
[0.186s] Level 1:colcon.colcon_core.package_identification:_identify(src) by extensions ['ignore', 'ignore_ament_install']
[0.186s] Level 1:colcon.colcon_core.package_identification:_identify(src) by extension 'ignore'
[0.186s] Level 1:colcon.colcon_core.package_identification:_identify(src) by extension 'ignore_ament_install'
[0.186s] Level 1:colcon.colcon_core.package_identification:_identify(src) by extensions ['colcon_pkg']
[0.186s] Level 1:colcon.colcon_core.package_identification:_identify(src) by extension 'colcon_pkg'
[0.186s] Level 1:colcon.colcon_core.package_identification:_identify(src) by extensions ['colcon_meta']
[0.186s] Level 1:colcon.colcon_core.package_identification:_identify(src) by extension 'colcon_meta'
[0.186s] Level 1:colcon.colcon_core.package_identification:_identify(src) by extensions ['ros']
[0.186s] Level 1:colcon.colcon_core.package_identification:_identify(src) by extension 'ros'
[0.186s] Level 1:colcon.colcon_core.package_identification:_identify(src) by extensions ['cmake', 'python']
[0.186s] Level 1:colcon.colcon_core.package_identification:_identify(src) by extension 'cmake'
[0.186s] Level 1:colcon.colcon_core.package_identification:_identify(src) by extension 'python'
[0.186s] Level 1:colcon.colcon_core.package_identification:_identify(src) by extensions ['python_setup_py']
[0.186s] Level 1:colcon.colcon_core.package_identification:_identify(src) by extension 'python_setup_py'
[0.186s] Level 1:colcon.colcon_core.package_identification:_identify(src/launch_package) by extensions ['ignore', 'ignore_ament_install']
[0.187s] Level 1:colcon.colcon_core.package_identification:_identify(src/launch_package) by extension 'ignore'
[0.187s] Level 1:colcon.colcon_core.package_identification:_identify(src/launch_package) by extension 'ignore_ament_install'
[0.187s] Level 1:colcon.colcon_core.package_identification:_identify(src/launch_package) by extensions ['colcon_pkg']
[0.187s] Level 1:colcon.colcon_core.package_identification:_identify(src/launch_package) by extension 'colcon_pkg'
[0.187s] Level 1:colcon.colcon_core.package_identification:_identify(src/launch_package) by extensions ['colcon_meta']
[0.187s] Level 1:colcon.colcon_core.package_identification:_identify(src/launch_package) by extension 'colcon_meta'
[0.187s] Level 1:colcon.colcon_core.package_identification:_identify(src/launch_package) by extensions ['ros']
[0.187s] Level 1:colcon.colcon_core.package_identification:_identify(src/launch_package) by extension 'ros'
[0.188s] DEBUG:colcon.colcon_core.package_identification:Package 'src/launch_package' with type 'ros.ament_python' and name 'launch_package'
[0.188s] Level 1:colcon.colcon_core.package_identification:_identify(src/lidar_package) by extensions ['ignore', 'ignore_ament_install']
[0.188s] Level 1:colcon.colcon_core.package_identification:_identify(src/lidar_package) by extension 'ignore'
[0.188s] Level 1:colcon.colcon_core.package_identification:_identify(src/lidar_package) by extension 'ignore_ament_install'
[0.188s] Level 1:colcon.colcon_core.package_identification:_identify(src/lidar_package) by extensions ['colcon_pkg']
[0.188s] Level 1:colcon.colcon_core.package_identification:_identify(src/lidar_package) by extension 'colcon_pkg'
[0.188s] Level 1:colcon.colcon_core.package_identification:_identify(src/lidar_package) by extensions ['colcon_meta']
[0.188s] Level 1:colcon.colcon_core.package_identification:_identify(src/lidar_package) by extension 'colcon_meta'
[0.188s] Level 1:colcon.colcon_core.package_identification:_identify(src/lidar_package) by extensions ['ros']
[0.188s] Level 1:colcon.colcon_core.package_identification:_identify(src/lidar_package) by extension 'ros'
[0.188s] DEBUG:colcon.colcon_core.package_identification:Package 'src/lidar_package' with type 'ros.ament_python' and name 'lidar_package'
[0.188s] Level 1:colcon.colcon_core.package_identification:_identify(src/my_listener_package) by extensions ['ignore', 'ignore_ament_install']
[0.188s] Level 1:colcon.colcon_core.package_identification:_identify(src/my_listener_package) by extension 'ignore'
[0.189s] Level 1:colcon.colcon_core.package_identification:_identify(src/my_listener_package) by extension 'ignore_ament_install'
[0.189s] Level 1:colcon.colcon_core.package_identification:_identify(src/my_listener_package) by extensions ['colcon_pkg']
[0.189s] Level 1:colcon.colcon_core.package_identification:_identify(src/my_listener_package) by extension 'colcon_pkg'
[0.189s] Level 1:colcon.colcon_core.package_identification:_identify(src/my_listener_package) by extensions ['colcon_meta']
[0.189s] Level 1:colcon.colcon_core.package_identification:_identify(src/my_listener_package) by extension 'colcon_meta'
[0.189s] Level 1:colcon.colcon_core.package_identification:_identify(src/my_listener_package) by extensions ['ros']
[0.189s] Level 1:colcon.colcon_core.package_identification:_identify(src/my_listener_package) by extension 'ros'
[0.189s] DEBUG:colcon.colcon_core.package_identification:Package 'src/my_listener_package' with type 'ros.ament_python' and name 'my_listener_package'
[0.189s] Level 1:colcon.colcon_core.package_identification:_identify(src/my_publisher_package) by extensions ['ignore', 'ignore_ament_install']
[0.189s] Level 1:colcon.colcon_core.package_identification:_identify(src/my_publisher_package) by extension 'ignore'
[0.189s] Level 1:colcon.colcon_core.package_identification:_identify(src/my_publisher_package) by extension 'ignore_ament_install'
[0.189s] Level 1:colcon.colcon_core.package_identification:_identify(src/my_publisher_package) by extensions ['colcon_pkg']
[0.189s] Level 1:colcon.colcon_core.package_identification:_identify(src/my_publisher_package) by extension 'colcon_pkg'
[0.189s] Level 1:colcon.colcon_core.package_identification:_identify(src/my_publisher_package) by extensions ['colcon_meta']
[0.189s] Level 1:colcon.colcon_core.package_identification:_identify(src/my_publisher_package) by extension 'colcon_meta'
[0.189s] Level 1:colcon.colcon_core.package_identification:_identify(src/my_publisher_package) by extensions ['ros']
[0.189s] Level 1:colcon.colcon_core.package_identification:_identify(src/my_publisher_package) by extension 'ros'
[0.189s] DEBUG:colcon.colcon_core.package_identification:Package 'src/my_publisher_package' with type 'ros.ament_python' and name 'my_publisher_package'
[0.189s] Level 1:colcon.colcon_core.package_identification:_identify(src/robot_description) by extensions ['ignore', 'ignore_ament_install']
[0.189s] Level 1:colcon.colcon_core.package_identification:_identify(src/robot_description) by extension 'ignore'
[0.190s] Level 1:colcon.colcon_core.package_identification:_identify(src/robot_description) by extension 'ignore_ament_install'
[0.190s] Level 1:colcon.colcon_core.package_identification:_identify(src/robot_description) by extensions ['colcon_pkg']
[0.190s] Level 1:colcon.colcon_core.package_identification:_identify(src/robot_description) by extension 'colcon_pkg'
[0.190s] Level 1:colcon.colcon_core.package_identification:_identify(src/robot_description) by extensions ['colcon_meta']
[0.190s] Level 1:colcon.colcon_core.package_identification:_identify(src/robot_description) by extension 'colcon_meta'
[0.190s] Level 1:colcon.colcon_core.package_identification:_identify(src/robot_description) by extensions ['ros']
[0.190s] Level 1:colcon.colcon_core.package_identification:_identify(src/robot_description) by extension 'ros'
[0.190s] DEBUG:colcon.colcon_core.package_identification:Package 'src/robot_description' with type 'ros.ament_cmake' and name 'robot_description'
[0.190s] Level 1:colcon.colcon_core.package_discovery:discover_packages(recursive) using defaults
[0.190s] Level 1:colcon.colcon_core.package_discovery:discover_packages(ignore) discover
[0.190s] Level 1:colcon.colcon_core.package_discovery:discover_packages(ignore) using defaults
[0.190s] Level 1:colcon.colcon_core.package_discovery:discover_packages(path) discover
[0.190s] Level 1:colcon.colcon_core.package_discovery:discover_packages(path) using defaults
[0.200s] Level 1:colcon.colcon_core.package_discovery:discover_packages(prefix_path) check parameters
[0.200s] Level 1:colcon.colcon_core.package_discovery:discover_packages(prefix_path) discover
[0.201s] DEBUG:colcon.colcon_installed_package_information.package_discovery:Found 6 installed packages in /home/devtex/uiabot_ws/install
[0.202s] DEBUG:colcon.colcon_installed_package_information.package_discovery:Found 444 installed packages in /opt/ros/humble
[0.203s] Level 1:colcon.colcon_core.package_discovery:discover_packages(prefix_path) using defaults
[0.228s] Level 5:colcon.colcon_core.verb:set package 'launch_package' build argument 'cmake_args' from command line to 'None'
[0.228s] Level 5:colcon.colcon_core.verb:set package 'launch_package' build argument 'cmake_target' from command line to 'None'
[0.228s] Level 5:colcon.colcon_core.verb:set package 'launch_package' build argument 'cmake_target_skip_unavailable' from command line to 'False'
[0.228s] Level 5:colcon.colcon_core.verb:set package 'launch_package' build argument 'cmake_clean_cache' from command line to 'False'
[0.228s] Level 5:colcon.colcon_core.verb:set package 'launch_package' build argument 'cmake_clean_first' from command line to 'False'
[0.228s] Level 5:colcon.colcon_core.verb:set package 'launch_package' build argument 'cmake_force_configure' from command line to 'False'
[0.228s] Level 5:colcon.colcon_core.verb:set package 'launch_package' build argument 'ament_cmake_args' from command line to 'None'
[0.228s] Level 5:colcon.colcon_core.verb:set package 'launch_package' build argument 'catkin_cmake_args' from command line to 'None'
[0.228s] Level 5:colcon.colcon_core.verb:set package 'launch_package' build argument 'catkin_skip_building_tests' from command line to 'False'
[0.228s] DEBUG:colcon.colcon_core.verb:Building package 'launch_package' with the following arguments: {'ament_cmake_args': None, 'build_base': '/home/devtex/uiabot_ws/build/launch_package', 'catkin_cmake_args': None, 'catkin_skip_building_tests': False, 'cmake_args': None, 'cmake_clean_cache': False, 'cmake_clean_first': False, 'cmake_force_configure': False, 'cmake_target': None, 'cmake_target_skip_unavailable': False, 'install_base': '/home/devtex/uiabot_ws/install/launch_package', 'merge_install': False, 'path': '/home/devtex/uiabot_ws/src/launch_package', 'symlink_install': False, 'test_result_base': None}
[0.228s] Level 5:colcon.colcon_core.verb:set package 'lidar_package' build argument 'cmake_args' from command line to 'None'
[0.228s] Level 5:colcon.colcon_core.verb:set package 'lidar_package' build argument 'cmake_target' from command line to 'None'
[0.228s] Level 5:colcon.colcon_core.verb:set package 'lidar_package' build argument 'cmake_target_skip_unavailable' from command line to 'False'
[0.228s] Level 5:colcon.colcon_core.verb:set package 'lidar_package' build argument 'cmake_clean_cache' from command line to 'False'
[0.228s] Level 5:colcon.colcon_core.verb:set package 'lidar_package' build argument 'cmake_clean_first' from command line to 'False'
[0.228s] Level 5:colcon.colcon_core.verb:set package 'lidar_package' build argument 'cmake_force_configure' from command line to 'False'
[0.228s] Level 5:colcon.colcon_core.verb:set package 'lidar_package' build argument 'ament_cmake_args' from command line to 'None'
[0.228s] Level 5:colcon.colcon_core.verb:set package 'lidar_package' build argument 'catkin_cmake_args' from command line to 'None'
[0.228s] Level 5:colcon.colcon_core.verb:set package 'lidar_package' build argument 'catkin_skip_building_tests' from command line to 'False'
[0.228s] DEBUG:colcon.colcon_core.verb:Building package 'lidar_package' with the following arguments: {'ament_cmake_args': None, 'build_base': '/home/devtex/uiabot_ws/build/lidar_package', 'catkin_cmake_args': None, 'catkin_skip_building_tests': False, 'cmake_args': None, 'cmake_clean_cache': False, 'cmake_clean_first': False, 'cmake_force_configure': False, 'cmake_target': None, 'cmake_target_skip_unavailable': False, 'install_base': '/home/devtex/uiabot_ws/install/lidar_package', 'merge_install': False, 'path': '/home/devtex/uiabot_ws/src/lidar_package', 'symlink_install': False, 'test_result_base': None}
[0.228s] Level 5:colcon.colcon_core.verb:set package 'my_listener_package' build argument 'cmake_args' from command line to 'None'
[0.228s] Level 5:colcon.colcon_core.verb:set package 'my_listener_package' build argument 'cmake_target' from command line to 'None'
[0.228s] Level 5:colcon.colcon_core.verb:set package 'my_listener_package' build argument 'cmake_target_skip_unavailable' from command line to 'False'
[0.228s] Level 5:colcon.colcon_core.verb:set package 'my_listener_package' build argument 'cmake_clean_cache' from command line to 'False'
[0.228s] Level 5:colcon.colcon_core.verb:set package 'my_listener_package' build argument 'cmake_clean_first' from command line to 'False'
[0.228s] Level 5:colcon.colcon_core.verb:set package 'my_listener_package' build argument 'cmake_force_configure' from command line to 'False'
[0.228s] Level 5:colcon.colcon_core.verb:set package 'my_listener_package' build argument 'ament_cmake_args' from command line to 'None'
[0.228s] Level 5:colcon.colcon_core.verb:set package 'my_listener_package' build argument 'catkin_cmake_args' from command line to 'None'
[0.228s] Level 5:colcon.colcon_core.verb:set package 'my_listener_package' build argument 'catkin_skip_building_tests' from command line to 'False'
[0.228s] DEBUG:colcon.colcon_core.verb:Building package 'my_listener_package' with the following arguments: {'ament_cmake_args': None, 'build_base': '/home/devtex/uiabot_ws/build/my_listener_package', 'catkin_cmake_args': None, 'catkin_skip_building_tests': False, 'cmake_args': None, 'cmake_clean_cache': False, 'cmake_clean_first': False, 'cmake_force_configure': False, 'cmake_target': None, 'cmake_target_skip_unavailable': False, 'install_base': '/home/devtex/uiabot_ws/install/my_listener_package', 'merge_install': False, 'path': '/home/devtex/uiabot_ws/src/my_listener_package', 'symlink_install': False, 'test_result_base': None}
[0.228s] Level 5:colcon.colcon_core.verb:set package 'my_publisher_package' build argument 'cmake_args' from command line to 'None'
[0.228s] Level 5:colcon.colcon_core.verb:set package 'my_publisher_package' build argument 'cmake_target' from command line to 'None'
[0.228s] Level 5:colcon.colcon_core.verb:set package 'my_publisher_package' build argument 'cmake_target_skip_unavailable' from command line to 'False'
[0.229s] Level 5:colcon.colcon_core.verb:set package 'my_publisher_package' build argument 'cmake_clean_cache' from command line to 'False'
[0.229s] Level 5:colcon.colcon_core.verb:set package 'my_publisher_package' build argument 'cmake_clean_first' from command line to 'False'
[0.229s] Level 5:colcon.colcon_core.verb:set package 'my_publisher_package' build argument 'cmake_force_configure' from command line to 'False'
[0.229s] Level 5:colcon.colcon_core.verb:set package 'my_publisher_package' build argument 'ament_cmake_args' from command line to 'None'
[0.229s] Level 5:colcon.colcon_core.verb:set package 'my_publisher_package' build argument 'catkin_cmake_args' from command line to 'None'
[0.229s] Level 5:colcon.colcon_core.verb:set package 'my_publisher_package' build argument 'catkin_skip_building_tests' from command line to 'False'
[0.229s] DEBUG:colcon.colcon_core.verb:Building package 'my_publisher_package' with the following arguments: {'ament_cmake_args': None, 'build_base': '/home/devtex/uiabot_ws/build/my_publisher_package', 'catkin_cmake_args': None, 'catkin_skip_building_tests': False, 'cmake_args': None, 'cmake_clean_cache': False, 'cmake_clean_first': False, 'cmake_force_configure': False, 'cmake_target': None, 'cmake_target_skip_unavailable': False, 'install_base': '/home/devtex/uiabot_ws/install/my_publisher_package', 'merge_install': False, 'path': '/home/devtex/uiabot_ws/src/my_publisher_package', 'symlink_install': False, 'test_result_base': None}
[0.229s] Level 5:colcon.colcon_core.verb:set package 'robot_description' build argument 'cmake_args' from command line to 'None'
[0.229s] Level 5:colcon.colcon_core.verb:set package 'robot_description' build argument 'cmake_target' from command line to 'None'
[0.229s] Level 5:colcon.colcon_core.verb:set package 'robot_description' build argument 'cmake_target_skip_unavailable' from command line to 'False'
[0.229s] Level 5:colcon.colcon_core.verb:set package 'robot_description' build argument 'cmake_clean_cache' from command line to 'False'
[0.229s] Level 5:colcon.colcon_core.verb:set package 'robot_description' build argument 'cmake_clean_first' from command line to 'False'
[0.229s] Level 5:colcon.colcon_core.verb:set package 'robot_description' build argument 'cmake_force_configure' from command line to 'False'
[0.229s] Level 5:colcon.colcon_core.verb:set package 'robot_description' build argument 'ament_cmake_args' from command line to 'None'
[0.229s] Level 5:colcon.colcon_core.verb:set package 'robot_description' build argument 'catkin_cmake_args' from command line to 'None'
[0.229s] Level 5:colcon.colcon_core.verb:set package 'robot_description' build argument 'catkin_skip_building_tests' from command line to 'False'
[0.229s] DEBUG:colcon.colcon_core.verb:Building package 'robot_description' with the following arguments: {'ament_cmake_args': None, 'build_base': '/home/devtex/uiabot_ws/build/robot_description', 'catkin_cmake_args': None, 'catkin_skip_building_tests': False, 'cmake_args': None, 'cmake_clean_cache': False, 'cmake_clean_first': False, 'cmake_force_configure': False, 'cmake_target': None, 'cmake_target_skip_unavailable': False, 'install_base': '/home/devtex/uiabot_ws/install/robot_description', 'merge_install': False, 'path': '/home/devtex/uiabot_ws/src/robot_description', 'symlink_install': False, 'test_result_base': None}
[0.229s] INFO:colcon.colcon_core.executor:Executing jobs using 'parallel' executor
[0.229s] DEBUG:colcon.colcon_parallel_executor.executor.parallel:run_until_complete
[0.230s] INFO:colcon.colcon_ros.task.ament_python.build:Building ROS package in '/home/devtex/uiabot_ws/src/launch_package' with build type 'ament_python'
[0.230s] Level 1:colcon.colcon_core.shell:create_environment_hook('launch_package', 'ament_prefix_path')
[0.231s] INFO:colcon.colcon_core.plugin_system:Skipping extension 'colcon_core.shell.bat': Not used on non-Windows systems
[0.231s] INFO:colcon.colcon_core.shell:Creating environment hook '/home/devtex/uiabot_ws/install/launch_package/share/launch_package/hook/ament_prefix_path.ps1'
[0.231s] INFO:colcon.colcon_core.shell:Creating environment descriptor '/home/devtex/uiabot_ws/install/launch_package/share/launch_package/hook/ament_prefix_path.dsv'
[0.231s] INFO:colcon.colcon_core.shell:Creating environment hook '/home/devtex/uiabot_ws/install/launch_package/share/launch_package/hook/ament_prefix_path.sh'
[0.232s] INFO:colcon.colcon_core.shell:Skip shell extension 'powershell' for command environment: Not usable outside of PowerShell
[0.232s] DEBUG:colcon.colcon_core.shell:Skip shell extension 'dsv' for command environment
[0.234s] INFO:colcon.colcon_ros.task.ament_python.build:Building ROS package in '/home/devtex/uiabot_ws/src/lidar_package' with build type 'ament_python'
[0.234s] Level 1:colcon.colcon_core.shell:create_environment_hook('lidar_package', 'ament_prefix_path')
[0.234s] INFO:colcon.colcon_core.shell:Creating environment hook '/home/devtex/uiabot_ws/install/lidar_package/share/lidar_package/hook/ament_prefix_path.ps1'
[0.234s] INFO:colcon.colcon_core.shell:Creating environment descriptor '/home/devtex/uiabot_ws/install/lidar_package/share/lidar_package/hook/ament_prefix_path.dsv'
[0.234s] INFO:colcon.colcon_core.shell:Creating environment hook '/home/devtex/uiabot_ws/install/lidar_package/share/lidar_package/hook/ament_prefix_path.sh'
[0.234s] INFO:colcon.colcon_core.shell:Skip shell extension 'powershell' for command environment: Not usable outside of PowerShell
[0.234s] DEBUG:colcon.colcon_core.shell:Skip shell extension 'dsv' for command environment
[0.236s] INFO:colcon.colcon_ros.task.ament_python.build:Building ROS package in '/home/devtex/uiabot_ws/src/my_listener_package' with build type 'ament_python'
[0.237s] Level 1:colcon.colcon_core.shell:create_environment_hook('my_listener_package', 'ament_prefix_path')
[0.237s] INFO:colcon.colcon_core.shell:Creating environment hook '/home/devtex/uiabot_ws/install/my_listener_package/share/my_listener_package/hook/ament_prefix_path.ps1'
[0.237s] INFO:colcon.colcon_core.shell:Creating environment descriptor '/home/devtex/uiabot_ws/install/my_listener_package/share/my_listener_package/hook/ament_prefix_path.dsv'
[0.237s] INFO:colcon.colcon_core.shell:Creating environment hook '/home/devtex/uiabot_ws/install/my_listener_package/share/my_listener_package/hook/ament_prefix_path.sh'
[0.237s] INFO:colcon.colcon_core.shell:Skip shell extension 'powershell' for command environment: Not usable outside of PowerShell
[0.237s] DEBUG:colcon.colcon_core.shell:Skip shell extension 'dsv' for command environment
[0.239s] INFO:colcon.colcon_ros.task.ament_python.build:Building ROS package in '/home/devtex/uiabot_ws/src/my_publisher_package' with build type 'ament_python'
[0.239s] Level 1:colcon.colcon_core.shell:create_environment_hook('my_publisher_package', 'ament_prefix_path')
[0.239s] INFO:colcon.colcon_core.shell:Creating environment hook '/home/devtex/uiabot_ws/install/my_publisher_package/share/my_publisher_package/hook/ament_prefix_path.ps1'
[0.239s] INFO:colcon.colcon_core.shell:Creating environment descriptor '/home/devtex/uiabot_ws/install/my_publisher_package/share/my_publisher_package/hook/ament_prefix_path.dsv'
[0.239s] INFO:colcon.colcon_core.shell:Creating environment hook '/home/devtex/uiabot_ws/install/my_publisher_package/share/my_publisher_package/hook/ament_prefix_path.sh'
[0.239s] INFO:colcon.colcon_core.shell:Skip shell extension 'powershell' for command environment: Not usable outside of PowerShell
[0.240s] DEBUG:colcon.colcon_core.shell:Skip shell extension 'dsv' for command environment
[0.241s] INFO:colcon.colcon_ros.task.ament_cmake.build:Building ROS package in '/home/devtex/uiabot_ws/src/robot_description' with build type 'ament_cmake'
[0.241s] INFO:colcon.colcon_cmake.task.cmake.build:Building CMake package in '/home/devtex/uiabot_ws/src/robot_description'
[0.241s] INFO:colcon.colcon_core.shell:Skip shell extension 'powershell' for command environment: Not usable outside of PowerShell
[0.241s] DEBUG:colcon.colcon_core.shell:Skip shell extension 'dsv' for command environment
[0.419s] INFO:colcon.colcon_core.task.python.build:Building Python package in '/home/devtex/uiabot_ws/src/launch_package'
[0.419s] INFO:colcon.colcon_core.shell:Skip shell extension 'powershell' for command environment: Not usable outside of PowerShell
[0.419s] DEBUG:colcon.colcon_core.shell:Skip shell extension 'dsv' for command environment
[0.582s] INFO:colcon.colcon_core.task.python.build:Building Python package in '/home/devtex/uiabot_ws/src/lidar_package'
[0.582s] INFO:colcon.colcon_core.shell:Skip shell extension 'powershell' for command environment: Not usable outside of PowerShell
[0.582s] DEBUG:colcon.colcon_core.shell:Skip shell extension 'dsv' for command environment
[0.745s] INFO:colcon.colcon_core.task.python.build:Building Python package in '/home/devtex/uiabot_ws/src/my_listener_package'
[0.745s] INFO:colcon.colcon_core.shell:Skip shell extension 'powershell' for command environment: Not usable outside of PowerShell
[0.745s] DEBUG:colcon.colcon_core.shell:Skip shell extension 'dsv' for command environment
[0.907s] INFO:colcon.colcon_core.task.python.build:Building Python package in '/home/devtex/uiabot_ws/src/my_publisher_package'
[0.908s] INFO:colcon.colcon_core.shell:Skip shell extension 'powershell' for command environment: Not usable outside of PowerShell
[0.908s] DEBUG:colcon.colcon_core.shell:Skip shell extension 'dsv' for command environment
[0.912s] DEBUG:colcon.colcon_core.event_handler.log_command:Invoking command in '/home/devtex/uiabot_ws/build/robot_description': CMAKE_PREFIX_PATH=${CMAKE_PREFIX_PATH}:/home/devtex/uiabot_ws/install/launch_package:/home/devtex/uiabot_ws/install/my_publisher_package:/home/devtex/uiabot_ws/install/my_listener_package:/home/devtex/uiabot_ws/install/lidar_package:/opt/ros/humble /usr/bin/cmake --build /home/devtex/uiabot_ws/build/robot_description -- -j32 -l32
[0.929s] DEBUG:colcon.colcon_core.event_handler.log_command:Invoked command in '/home/devtex/uiabot_ws/build/robot_description' returned '0': CMAKE_PREFIX_PATH=${CMAKE_PREFIX_PATH}:/home/devtex/uiabot_ws/install/launch_package:/home/devtex/uiabot_ws/install/my_publisher_package:/home/devtex/uiabot_ws/install/my_listener_package:/home/devtex/uiabot_ws/install/lidar_package:/opt/ros/humble /usr/bin/cmake --build /home/devtex/uiabot_ws/build/robot_description -- -j32 -l32
[0.942s] DEBUG:colcon.colcon_core.event_handler.log_command:Invoking command in '/home/devtex/uiabot_ws/build/robot_description': CMAKE_PREFIX_PATH=${CMAKE_PREFIX_PATH}:/home/devtex/uiabot_ws/install/launch_package:/home/devtex/uiabot_ws/install/my_publisher_package:/home/devtex/uiabot_ws/install/my_listener_package:/home/devtex/uiabot_ws/install/lidar_package:/opt/ros/humble /usr/bin/cmake --install /home/devtex/uiabot_ws/build/robot_description
[0.946s] Level 1:colcon.colcon_core.environment:create_environment_scripts_only(robot_description)
[0.946s] DEBUG:colcon.colcon_core.event_handler.log_command:Invoked command in '/home/devtex/uiabot_ws/build/robot_description' returned '0': CMAKE_PREFIX_PATH=${CMAKE_PREFIX_PATH}:/home/devtex/uiabot_ws/install/launch_package:/home/devtex/uiabot_ws/install/my_publisher_package:/home/devtex/uiabot_ws/install/my_listener_package:/home/devtex/uiabot_ws/install/lidar_package:/opt/ros/humble /usr/bin/cmake --install /home/devtex/uiabot_ws/build/robot_description
[0.948s] Level 1:colcon.colcon_core.environment:checking '/home/devtex/uiabot_ws/install/robot_description' for CMake module files
[0.948s] Level 1:colcon.colcon_core.environment:checking '/home/devtex/uiabot_ws/install/robot_description' for CMake config files
[0.948s] Level 1:colcon.colcon_core.shell:create_environment_hook('robot_description', 'cmake_prefix_path')
[0.948s] INFO:colcon.colcon_core.shell:Creating environment hook '/home/devtex/uiabot_ws/install/robot_description/share/robot_description/hook/cmake_prefix_path.ps1'
[0.948s] INFO:colcon.colcon_core.shell:Creating environment descriptor '/home/devtex/uiabot_ws/install/robot_description/share/robot_description/hook/cmake_prefix_path.dsv'
[0.949s] INFO:colcon.colcon_core.shell:Creating environment hook '/home/devtex/uiabot_ws/install/robot_description/share/robot_description/hook/cmake_prefix_path.sh'
[0.949s] Level 1:colcon.colcon_core.environment:checking '/home/devtex/uiabot_ws/install/robot_description/bin'
[0.949s] Level 1:colcon.colcon_core.environment:checking '/home/devtex/uiabot_ws/install/robot_description/lib/pkgconfig/robot_description.pc'
[0.949s] Level 1:colcon.colcon_core.environment:checking '/home/devtex/uiabot_ws/install/robot_description/lib/python3.10/site-packages'
[0.949s] Level 1:colcon.colcon_core.environment:checking '/home/devtex/uiabot_ws/install/robot_description/bin'
[0.949s] INFO:colcon.colcon_core.shell:Creating package script '/home/devtex/uiabot_ws/install/robot_description/share/robot_description/package.ps1'
[0.950s] INFO:colcon.colcon_core.shell:Creating package descriptor '/home/devtex/uiabot_ws/install/robot_description/share/robot_description/package.dsv'
[0.950s] INFO:colcon.colcon_core.shell:Creating package script '/home/devtex/uiabot_ws/install/robot_description/share/robot_description/package.sh'
[0.950s] INFO:colcon.colcon_core.shell:Creating package script '/home/devtex/uiabot_ws/install/robot_description/share/robot_description/package.bash'
[0.951s] INFO:colcon.colcon_core.shell:Creating package script '/home/devtex/uiabot_ws/install/robot_description/share/robot_description/package.zsh'
[0.951s] Level 1:colcon.colcon_core.environment:create_file_with_runtime_dependencies(/home/devtex/uiabot_ws/install/robot_description/share/colcon-core/packages/robot_description)
[0.960s] Level 1:colcon.colcon_core.environment:create_environment_scripts_only(robot_description)
[0.960s] Level 1:colcon.colcon_core.environment:checking '/home/devtex/uiabot_ws/install/robot_description' for CMake module files
[0.960s] Level 1:colcon.colcon_core.environment:checking '/home/devtex/uiabot_ws/install/robot_description' for CMake config files
[0.960s] Level 1:colcon.colcon_core.shell:create_environment_hook('robot_description', 'cmake_prefix_path')
[0.960s] INFO:colcon.colcon_core.shell:Creating environment hook '/home/devtex/uiabot_ws/install/robot_description/share/robot_description/hook/cmake_prefix_path.ps1'
[0.961s] INFO:colcon.colcon_core.shell:Creating environment descriptor '/home/devtex/uiabot_ws/install/robot_description/share/robot_description/hook/cmake_prefix_path.dsv'
[0.961s] INFO:colcon.colcon_core.shell:Creating environment hook '/home/devtex/uiabot_ws/install/robot_description/share/robot_description/hook/cmake_prefix_path.sh'
[0.961s] Level 1:colcon.colcon_core.environment:checking '/home/devtex/uiabot_ws/install/robot_description/bin'
[0.961s] Level 1:colcon.colcon_core.environment:checking '/home/devtex/uiabot_ws/install/robot_description/lib/pkgconfig/robot_description.pc'
[0.961s] Level 1:colcon.colcon_core.environment:checking '/home/devtex/uiabot_ws/install/robot_description/lib/python3.10/site-packages'
[0.961s] Level 1:colcon.colcon_core.environment:checking '/home/devtex/uiabot_ws/install/robot_description/bin'
[0.961s] INFO:colcon.colcon_core.shell:Creating package script '/home/devtex/uiabot_ws/install/robot_description/share/robot_description/package.ps1'
[0.962s] INFO:colcon.colcon_core.shell:Creating package descriptor '/home/devtex/uiabot_ws/install/robot_description/share/robot_description/package.dsv'
[0.962s] INFO:colcon.colcon_core.shell:Creating package script '/home/devtex/uiabot_ws/install/robot_description/share/robot_description/package.sh'
[0.962s] INFO:colcon.colcon_core.shell:Creating package script '/home/devtex/uiabot_ws/install/robot_description/share/robot_description/package.bash'
[0.962s] INFO:colcon.colcon_core.shell:Creating package script '/home/devtex/uiabot_ws/install/robot_description/share/robot_description/package.zsh'
[0.962s] Level 1:colcon.colcon_core.environment:create_file_with_runtime_dependencies(/home/devtex/uiabot_ws/install/robot_description/share/colcon-core/packages/robot_description)
[1.241s] DEBUG:colcon.colcon_core.event_handler.log_command:Invoking command in '/home/devtex/uiabot_ws/src/lidar_package': PYTHONPATH=/home/devtex/uiabot_ws/build/lidar_package/prefix_override:/usr/lib/python3/dist-packages/colcon_core/task/python/colcon_distutils_commands:/home/devtex/uiabot_ws/install/lidar_package/lib/python3.10/site-packages:${PYTHONPATH} /usr/bin/python3 -W ignore:setup.py install is deprecated setup.py egg_info --egg-base ../../build/lidar_package build --build-base /home/devtex/uiabot_ws/build/lidar_package/build install --record /home/devtex/uiabot_ws/build/lidar_package/install.log --single-version-externally-managed install_data
[1.242s] DEBUG:colcon.colcon_core.event_handler.log_command:Invoking command in '/home/devtex/uiabot_ws/src/my_listener_package': PYTHONPATH=/home/devtex/uiabot_ws/build/my_listener_package/prefix_override:/usr/lib/python3/dist-packages/colcon_core/task/python/colcon_distutils_commands:/home/devtex/uiabot_ws/install/my_listener_package/lib/python3.10/site-packages:${PYTHONPATH} /usr/bin/python3 -W ignore:setup.py install is deprecated setup.py egg_info --egg-base ../../build/my_listener_package build --build-base /home/devtex/uiabot_ws/build/my_listener_package/build install --record /home/devtex/uiabot_ws/build/my_listener_package/install.log --single-version-externally-managed install_data
[1.242s] DEBUG:colcon.colcon_core.event_handler.log_command:Invoking command in '/home/devtex/uiabot_ws/src/my_publisher_package': PYTHONPATH=/home/devtex/uiabot_ws/build/my_publisher_package/prefix_override:/usr/lib/python3/dist-packages/colcon_core/task/python/colcon_distutils_commands:/home/devtex/uiabot_ws/install/my_publisher_package/lib/python3.10/site-packages:${PYTHONPATH} /usr/bin/python3 -W ignore:setup.py install is deprecated setup.py egg_info --egg-base ../../build/my_publisher_package build --build-base /home/devtex/uiabot_ws/build/my_publisher_package/build install --record /home/devtex/uiabot_ws/build/my_publisher_package/install.log --single-version-externally-managed install_data
[1.262s] DEBUG:colcon.colcon_core.event_handler.log_command:Invoking command in '/home/devtex/uiabot_ws/src/launch_package': PYTHONPATH=/home/devtex/uiabot_ws/build/launch_package/prefix_override:/usr/lib/python3/dist-packages/colcon_core/task/python/colcon_distutils_commands:/home/devtex/uiabot_ws/install/launch_package/lib/python3.10/site-packages:${PYTHONPATH} /usr/bin/python3 -W ignore:setup.py install is deprecated setup.py egg_info --egg-base ../../build/launch_package build --build-base /home/devtex/uiabot_ws/build/launch_package/build install --record /home/devtex/uiabot_ws/build/launch_package/install.log --single-version-externally-managed install_data
[1.516s] Level 1:colcon.colcon_core.environment:checking '/home/devtex/uiabot_ws/install/my_publisher_package' for CMake module files
[1.517s] Level 1:colcon.colcon_core.environment:checking '/home/devtex/uiabot_ws/install/my_publisher_package' for CMake config files
[1.517s] DEBUG:colcon.colcon_core.event_handler.log_command:Invoked command in '/home/devtex/uiabot_ws/src/my_publisher_package' returned '0': PYTHONPATH=/home/devtex/uiabot_ws/build/my_publisher_package/prefix_override:/usr/lib/python3/dist-packages/colcon_core/task/python/colcon_distutils_commands:/home/devtex/uiabot_ws/install/my_publisher_package/lib/python3.10/site-packages:${PYTHONPATH} /usr/bin/python3 -W ignore:setup.py install is deprecated setup.py egg_info --egg-base ../../build/my_publisher_package build --build-base /home/devtex/uiabot_ws/build/my_publisher_package/build install --record /home/devtex/uiabot_ws/build/my_publisher_package/install.log --single-version-externally-managed install_data
[1.517s] Level 1:colcon.colcon_core.environment:checking '/home/devtex/uiabot_ws/install/my_publisher_package/lib'
[1.517s] Level 1:colcon.colcon_core.environment:checking '/home/devtex/uiabot_ws/install/my_publisher_package/bin'
[1.517s] Level 1:colcon.colcon_core.environment:checking '/home/devtex/uiabot_ws/install/my_publisher_package/lib/pkgconfig/my_publisher_package.pc'
[1.517s] Level 1:colcon.colcon_core.environment:checking '/home/devtex/uiabot_ws/install/my_publisher_package/lib/python3.10/site-packages'
[1.517s] Level 1:colcon.colcon_core.shell:create_environment_hook('my_publisher_package', 'pythonpath')
[1.517s] INFO:colcon.colcon_core.shell:Creating environment hook '/home/devtex/uiabot_ws/install/my_publisher_package/share/my_publisher_package/hook/pythonpath.ps1'
[1.518s] INFO:colcon.colcon_core.shell:Creating environment descriptor '/home/devtex/uiabot_ws/install/my_publisher_package/share/my_publisher_package/hook/pythonpath.dsv'
[1.518s] INFO:colcon.colcon_core.shell:Creating environment hook '/home/devtex/uiabot_ws/install/my_publisher_package/share/my_publisher_package/hook/pythonpath.sh'
[1.518s] Level 1:colcon.colcon_core.environment:checking '/home/devtex/uiabot_ws/install/my_publisher_package/bin'
[1.518s] Level 1:colcon.colcon_core.environment:create_environment_scripts_only(my_publisher_package)
[1.518s] INFO:colcon.colcon_core.shell:Creating package script '/home/devtex/uiabot_ws/install/my_publisher_package/share/my_publisher_package/package.ps1'
[1.518s] INFO:colcon.colcon_core.shell:Creating package descriptor '/home/devtex/uiabot_ws/install/my_publisher_package/share/my_publisher_package/package.dsv'
[1.519s] INFO:colcon.colcon_core.shell:Creating package script '/home/devtex/uiabot_ws/install/my_publisher_package/share/my_publisher_package/package.sh'
[1.519s] INFO:colcon.colcon_core.shell:Creating package script '/home/devtex/uiabot_ws/install/my_publisher_package/share/my_publisher_package/package.bash'
[1.519s] INFO:colcon.colcon_core.shell:Creating package script '/home/devtex/uiabot_ws/install/my_publisher_package/share/my_publisher_package/package.zsh'
[1.519s] Level 1:colcon.colcon_core.environment:create_file_with_runtime_dependencies(/home/devtex/uiabot_ws/install/my_publisher_package/share/colcon-core/packages/my_publisher_package)
[1.520s] Level 1:colcon.colcon_core.environment:checking '/home/devtex/uiabot_ws/install/my_listener_package' for CMake module files
[1.521s] DEBUG:colcon.colcon_core.event_handler.log_command:Invoked command in '/home/devtex/uiabot_ws/src/my_listener_package' returned '0': PYTHONPATH=/home/devtex/uiabot_ws/build/my_listener_package/prefix_override:/usr/lib/python3/dist-packages/colcon_core/task/python/colcon_distutils_commands:/home/devtex/uiabot_ws/install/my_listener_package/lib/python3.10/site-packages:${PYTHONPATH} /usr/bin/python3 -W ignore:setup.py install is deprecated setup.py egg_info --egg-base ../../build/my_listener_package build --build-base /home/devtex/uiabot_ws/build/my_listener_package/build install --record /home/devtex/uiabot_ws/build/my_listener_package/install.log --single-version-externally-managed install_data
[1.521s] Level 1:colcon.colcon_core.environment:checking '/home/devtex/uiabot_ws/install/my_listener_package' for CMake config files
[1.521s] Level 1:colcon.colcon_core.environment:checking '/home/devtex/uiabot_ws/install/my_listener_package/lib'
[1.521s] Level 1:colcon.colcon_core.environment:checking '/home/devtex/uiabot_ws/install/my_listener_package/bin'
[1.521s] Level 1:colcon.colcon_core.environment:checking '/home/devtex/uiabot_ws/install/my_listener_package/lib/pkgconfig/my_listener_package.pc'
[1.521s] Level 1:colcon.colcon_core.environment:checking '/home/devtex/uiabot_ws/install/my_listener_package/lib/python3.10/site-packages'
[1.521s] Level 1:colcon.colcon_core.shell:create_environment_hook('my_listener_package', 'pythonpath')
[1.521s] INFO:colcon.colcon_core.shell:Creating environment hook '/home/devtex/uiabot_ws/install/my_listener_package/share/my_listener_package/hook/pythonpath.ps1'
[1.521s] INFO:colcon.colcon_core.shell:Creating environment descriptor '/home/devtex/uiabot_ws/install/my_listener_package/share/my_listener_package/hook/pythonpath.dsv'
[1.521s] INFO:colcon.colcon_core.shell:Creating environment hook '/home/devtex/uiabot_ws/install/my_listener_package/share/my_listener_package/hook/pythonpath.sh'
[1.522s] Level 1:colcon.colcon_core.environment:checking '/home/devtex/uiabot_ws/install/my_listener_package/bin'
[1.522s] Level 1:colcon.colcon_core.environment:create_environment_scripts_only(my_listener_package)
[1.522s] INFO:colcon.colcon_core.shell:Creating package script '/home/devtex/uiabot_ws/install/my_listener_package/share/my_listener_package/package.ps1'
[1.522s] INFO:colcon.colcon_core.shell:Creating package descriptor '/home/devtex/uiabot_ws/install/my_listener_package/share/my_listener_package/package.dsv'
[1.522s] INFO:colcon.colcon_core.shell:Creating package script '/home/devtex/uiabot_ws/install/my_listener_package/share/my_listener_package/package.sh'
[1.522s] INFO:colcon.colcon_core.shell:Creating package script '/home/devtex/uiabot_ws/install/my_listener_package/share/my_listener_package/package.bash'
[1.522s] INFO:colcon.colcon_core.shell:Creating package script '/home/devtex/uiabot_ws/install/my_listener_package/share/my_listener_package/package.zsh'
[1.522s] Level 1:colcon.colcon_core.environment:create_file_with_runtime_dependencies(/home/devtex/uiabot_ws/install/my_listener_package/share/colcon-core/packages/my_listener_package)
[1.523s] Level 1:colcon.colcon_core.environment:checking '/home/devtex/uiabot_ws/install/lidar_package' for CMake module files
[1.523s] Level 1:colcon.colcon_core.environment:checking '/home/devtex/uiabot_ws/install/lidar_package' for CMake config files
[1.523s] DEBUG:colcon.colcon_core.event_handler.log_command:Invoked command in '/home/devtex/uiabot_ws/src/lidar_package' returned '0': PYTHONPATH=/home/devtex/uiabot_ws/build/lidar_package/prefix_override:/usr/lib/python3/dist-packages/colcon_core/task/python/colcon_distutils_commands:/home/devtex/uiabot_ws/install/lidar_package/lib/python3.10/site-packages:${PYTHONPATH} /usr/bin/python3 -W ignore:setup.py install is deprecated setup.py egg_info --egg-base ../../build/lidar_package build --build-base /home/devtex/uiabot_ws/build/lidar_package/build install --record /home/devtex/uiabot_ws/build/lidar_package/install.log --single-version-externally-managed install_data
[1.523s] Level 1:colcon.colcon_core.environment:checking '/home/devtex/uiabot_ws/install/lidar_package/lib'
[1.523s] Level 1:colcon.colcon_core.environment:checking '/home/devtex/uiabot_ws/install/lidar_package/bin'
[1.523s] Level 1:colcon.colcon_core.environment:checking '/home/devtex/uiabot_ws/install/lidar_package/lib/pkgconfig/lidar_package.pc'
[1.523s] Level 1:colcon.colcon_core.environment:checking '/home/devtex/uiabot_ws/install/lidar_package/lib/python3.10/site-packages'
[1.523s] Level 1:colcon.colcon_core.shell:create_environment_hook('lidar_package', 'pythonpath')
[1.524s] INFO:colcon.colcon_core.shell:Creating environment hook '/home/devtex/uiabot_ws/install/lidar_package/share/lidar_package/hook/pythonpath.ps1'
[1.524s] INFO:colcon.colcon_core.shell:Creating environment descriptor '/home/devtex/uiabot_ws/install/lidar_package/share/lidar_package/hook/pythonpath.dsv'
[1.524s] INFO:colcon.colcon_core.shell:Creating environment hook '/home/devtex/uiabot_ws/install/lidar_package/share/lidar_package/hook/pythonpath.sh'
[1.524s] Level 1:colcon.colcon_core.environment:checking '/home/devtex/uiabot_ws/install/lidar_package/bin'
[1.524s] Level 1:colcon.colcon_core.environment:create_environment_scripts_only(lidar_package)
[1.524s] INFO:colcon.colcon_core.shell:Creating package script '/home/devtex/uiabot_ws/install/lidar_package/share/lidar_package/package.ps1'
[1.524s] INFO:colcon.colcon_core.shell:Creating package descriptor '/home/devtex/uiabot_ws/install/lidar_package/share/lidar_package/package.dsv'
[1.524s] INFO:colcon.colcon_core.shell:Creating package script '/home/devtex/uiabot_ws/install/lidar_package/share/lidar_package/package.sh'
[1.525s] INFO:colcon.colcon_core.shell:Creating package script '/home/devtex/uiabot_ws/install/lidar_package/share/lidar_package/package.bash'
[1.525s] INFO:colcon.colcon_core.shell:Creating package script '/home/devtex/uiabot_ws/install/lidar_package/share/lidar_package/package.zsh'
[1.525s] Level 1:colcon.colcon_core.environment:create_file_with_runtime_dependencies(/home/devtex/uiabot_ws/install/lidar_package/share/colcon-core/packages/lidar_package)
[1.532s] Level 1:colcon.colcon_core.environment:checking '/home/devtex/uiabot_ws/install/launch_package' for CMake module files
[1.532s] DEBUG:colcon.colcon_core.event_handler.log_command:Invoked command in '/home/devtex/uiabot_ws/src/launch_package' returned '0': PYTHONPATH=/home/devtex/uiabot_ws/build/launch_package/prefix_override:/usr/lib/python3/dist-packages/colcon_core/task/python/colcon_distutils_commands:/home/devtex/uiabot_ws/install/launch_package/lib/python3.10/site-packages:${PYTHONPATH} /usr/bin/python3 -W ignore:setup.py install is deprecated setup.py egg_info --egg-base ../../build/launch_package build --build-base /home/devtex/uiabot_ws/build/launch_package/build install --record /home/devtex/uiabot_ws/build/launch_package/install.log --single-version-externally-managed install_data
[1.532s] Level 1:colcon.colcon_core.environment:checking '/home/devtex/uiabot_ws/install/launch_package' for CMake config files
[1.532s] Level 1:colcon.colcon_core.environment:checking '/home/devtex/uiabot_ws/install/launch_package/lib'
[1.532s] Level 1:colcon.colcon_core.environment:checking '/home/devtex/uiabot_ws/install/launch_package/bin'
[1.532s] Level 1:colcon.colcon_core.environment:checking '/home/devtex/uiabot_ws/install/launch_package/lib/pkgconfig/launch_package.pc'
[1.532s] Level 1:colcon.colcon_core.environment:checking '/home/devtex/uiabot_ws/install/launch_package/lib/python3.10/site-packages'
[1.532s] Level 1:colcon.colcon_core.shell:create_environment_hook('launch_package', 'pythonpath')
[1.532s] INFO:colcon.colcon_core.shell:Creating environment hook '/home/devtex/uiabot_ws/install/launch_package/share/launch_package/hook/pythonpath.ps1'
[1.533s] INFO:colcon.colcon_core.shell:Creating environment descriptor '/home/devtex/uiabot_ws/install/launch_package/share/launch_package/hook/pythonpath.dsv'
[1.533s] INFO:colcon.colcon_core.shell:Creating environment hook '/home/devtex/uiabot_ws/install/launch_package/share/launch_package/hook/pythonpath.sh'
[1.533s] Level 1:colcon.colcon_core.environment:checking '/home/devtex/uiabot_ws/install/launch_package/bin'
[1.533s] Level 1:colcon.colcon_core.environment:create_environment_scripts_only(launch_package)
[1.533s] INFO:colcon.colcon_core.shell:Creating package script '/home/devtex/uiabot_ws/install/launch_package/share/launch_package/package.ps1'
[1.533s] INFO:colcon.colcon_core.shell:Creating package descriptor '/home/devtex/uiabot_ws/install/launch_package/share/launch_package/package.dsv'
[1.533s] INFO:colcon.colcon_core.shell:Creating package script '/home/devtex/uiabot_ws/install/launch_package/share/launch_package/package.sh'
[1.534s] INFO:colcon.colcon_core.shell:Creating package script '/home/devtex/uiabot_ws/install/launch_package/share/launch_package/package.bash'
[1.534s] INFO:colcon.colcon_core.shell:Creating package script '/home/devtex/uiabot_ws/install/launch_package/share/launch_package/package.zsh'
[1.534s] Level 1:colcon.colcon_core.environment:create_file_with_runtime_dependencies(/home/devtex/uiabot_ws/install/launch_package/share/colcon-core/packages/launch_package)
[1.534s] DEBUG:colcon.colcon_parallel_executor.executor.parallel:closing loop
[1.534s] DEBUG:colcon.colcon_parallel_executor.executor.parallel:loop closed
[1.534s] DEBUG:colcon.colcon_parallel_executor.executor.parallel:run_until_complete finished with '0'
[1.534s] DEBUG:colcon.colcon_core.event_reactor:joining thread
[1.538s] INFO:colcon.colcon_core.plugin_system:Skipping extension 'colcon_notification.desktop_notification.terminal_notifier': Not used on non-Darwin systems
[1.538s] INFO:colcon.colcon_core.plugin_system:Skipping extension 'colcon_notification.desktop_notification.win32': Not used on non-Windows systems
[1.538s] INFO:colcon.colcon_notification.desktop_notification:Sending desktop notification using 'notify2'
[1.544s] DEBUG:colcon.colcon_core.event_reactor:joined thread
[1.544s] INFO:colcon.colcon_core.shell:Creating prefix script '/home/devtex/uiabot_ws/install/local_setup.ps1'
[1.544s] INFO:colcon.colcon_core.shell:Creating prefix util module '/home/devtex/uiabot_ws/install/_local_setup_util_ps1.py'
[1.545s] INFO:colcon.colcon_core.shell:Creating prefix chain script '/home/devtex/uiabot_ws/install/setup.ps1'
[1.545s] INFO:colcon.colcon_core.shell:Creating prefix script '/home/devtex/uiabot_ws/install/local_setup.sh'
[1.545s] INFO:colcon.colcon_core.shell:Creating prefix util module '/home/devtex/uiabot_ws/install/_local_setup_util_sh.py'
[1.546s] INFO:colcon.colcon_core.shell:Creating prefix chain script '/home/devtex/uiabot_ws/install/setup.sh'
[1.546s] INFO:colcon.colcon_core.shell:Creating prefix script '/home/devtex/uiabot_ws/install/local_setup.bash'
[1.546s] INFO:colcon.colcon_core.shell:Creating prefix chain script '/home/devtex/uiabot_ws/install/setup.bash'
[1.546s] INFO:colcon.colcon_core.shell:Creating prefix script '/home/devtex/uiabot_ws/install/local_setup.zsh'
[1.547s] INFO:colcon.colcon_core.shell:Creating prefix chain script '/home/devtex/uiabot_ws/install/setup.zsh'
