[2.018s] Invoking command in '/home/uiabot/uiabot_ws/src/lidar_package': DEBUGINFOD_URLS=https://debuginfod.ubuntu.com PYTHONPATH=/home/uiabot/uiabot_ws/build/lidar_package/prefix_override:/usr/lib/python3/dist-packages/colcon_core/task/python/colcon_distutils_commands:/home/uiabot/uiabot_ws/install/lidar_package/lib/python3.12/site-packages:${PYTHONPATH} /usr/bin/python3 -W ignore:setup.py install is deprecated setup.py egg_info --egg-base ../../build/lidar_package build --build-base /home/uiabot/uiabot_ws/build/lidar_package/build install --record /home/uiabot/uiabot_ws/build/lidar_package/install.log --single-version-externally-managed install_data
[2.439s] running egg_info
[2.465s] writing ../../build/lidar_package/lidar_package.egg-info/PKG-INFO
[2.465s] writing dependency_links to ../../build/lidar_package/lidar_package.egg-info/dependency_links.txt
[2.467s] writing entry points to ../../build/lidar_package/lidar_package.egg-info/entry_points.txt
[2.468s] writing requirements to ../../build/lidar_package/lidar_package.egg-info/requires.txt
[2.469s] writing top-level names to ../../build/lidar_package/lidar_package.egg-info/top_level.txt
[2.524s] reading manifest file '../../build/lidar_package/lidar_package.egg-info/SOURCES.txt'
[2.525s] writing manifest file '../../build/lidar_package/lidar_package.egg-info/SOURCES.txt'
[2.526s] running build
[2.526s] running build_py
[2.526s] running install
[2.536s] running install_lib
[2.564s] running install_data
[2.564s] running install_egg_info
[2.592s] removing '/home/uiabot/uiabot_ws/install/lidar_package/lib/python3.12/site-packages/lidar_package-0.0.0-py3.12.egg-info' (and everything under it)
[2.592s] Copying ../../build/lidar_package/lidar_package.egg-info to /home/uiabot/uiabot_ws/install/lidar_package/lib/python3.12/site-packages/lidar_package-0.0.0-py3.12.egg-info
[2.594s] running install_scripts
[2.785s] Installing lidar_node script to /home/uiabot/uiabot_ws/install/lidar_package/lib/lidar_package
[2.786s] writing list of installed files to '/home/uiabot/uiabot_ws/build/lidar_package/install.log'
[2.929s] Invoked command in '/home/uiabot/uiabot_ws/src/lidar_package' returned '0': DEBUGINFOD_URLS=https://debuginfod.ubuntu.com PYTHONPATH=/home/uiabot/uiabot_ws/build/lidar_package/prefix_override:/usr/lib/python3/dist-packages/colcon_core/task/python/colcon_distutils_commands:/home/uiabot/uiabot_ws/install/lidar_package/lib/python3.12/site-packages:${PYTHONPATH} /usr/bin/python3 -W ignore:setup.py install is deprecated setup.py egg_info --egg-base ../../build/lidar_package build --build-base /home/uiabot/uiabot_ws/build/lidar_package/build install --record /home/uiabot/uiabot_ws/build/lidar_package/install.log --single-version-externally-managed install_data
