[0.606s] Invoking command in '/home/devtex/uiabot_ws/build/my_publisher_package': PYTHONPATH=/home/devtex/uiabot_ws/build/my_publisher_package/prefix_override:/usr/lib/python3/dist-packages/colcon_core/task/python/colcon_distutils_commands:/home/devtex/uiabot_ws/install/my_publisher_package/lib/python3.10/site-packages:${PYTHONPATH} /usr/bin/python3 -W ignore:setup.py install is deprecated setup.py develop --editable --build-directory /home/devtex/uiabot_ws/build/my_publisher_package/build --no-deps symlink_data --force
[0.685s] /home/devtex/.local/lib/python3.10/site-packages/setuptools/_distutils/dist.py:261: UserWarning: Unknown distribution option: 'tests_require'
[0.685s]   warnings.warn(msg)
[0.762s] running develop
[0.762s] /home/devtex/.local/lib/python3.10/site-packages/setuptools/command/develop.py:41: EasyInstallDeprecationWarning: easy_install command is deprecated.
[0.762s] !!
[0.762s] 
[0.762s]         ********************************************************************************
[0.762s]         Please avoid running ``setup.py`` and ``easy_install``.
[0.762s]         Instead, use pypa/build, pypa/installer or other
[0.762s]         standards-based tools.
[0.762s] 
[0.762s]         See https://github.com/pypa/setuptools/issues/917 for details.
[0.762s]         ********************************************************************************
[0.762s] 
[0.762s] !!
[0.762s]   easy_install.initialize_options(self)
[0.769s] Traceback (most recent call last):
[0.769s]   File "/home/devtex/uiabot_ws/build/my_publisher_package/setup.py", line 5, in <module>
[0.769s]     setup(
[0.769s]   File "/home/devtex/.local/lib/python3.10/site-packages/setuptools/__init__.py", line 117, in setup
[0.769s]     return distutils.core.setup(**attrs)
[0.769s]   File "/home/devtex/.local/lib/python3.10/site-packages/setuptools/_distutils/core.py", line 183, in setup
[0.769s]     return run_commands(dist)
[0.769s]   File "/home/devtex/.local/lib/python3.10/site-packages/setuptools/_distutils/core.py", line 199, in run_commands
[0.769s]     dist.run_commands()
[0.769s]   File "/home/devtex/.local/lib/python3.10/site-packages/setuptools/_distutils/dist.py", line 954, in run_commands
[0.769s]     self.run_command(cmd)
[0.769s]   File "/home/devtex/.local/lib/python3.10/site-packages/setuptools/dist.py", line 950, in run_command
[0.769s]     super().run_command(command)
[0.769s]   File "/home/devtex/.local/lib/python3.10/site-packages/setuptools/_distutils/dist.py", line 972, in run_command
[0.769s]     cmd_obj.ensure_finalized()
[0.769s]   File "/home/devtex/.local/lib/python3.10/site-packages/setuptools/_distutils/cmd.py", line 111, in ensure_finalized
[0.769s]     self.finalize_options()
[0.769s]   File "/home/devtex/.local/lib/python3.10/site-packages/setuptools/command/develop.py", line 51, in finalize_options
[0.769s]     easy_install.finalize_options(self)
[0.769s]   File "/home/devtex/.local/lib/python3.10/site-packages/setuptools/command/easy_install.py", line 253, in finalize_options
[0.769s]     'dist_fullname': self.distribution.get_fullname(),
[0.770s]   File "/home/devtex/.local/lib/python3.10/site-packages/setuptools/_core_metadata.py", line 267, in get_fullname
[0.770s]     return _distribution_fullname(self.get_name(), self.get_version())
[0.770s]   File "/home/devtex/.local/lib/python3.10/site-packages/setuptools/_core_metadata.py", line 285, in _distribution_fullname
[0.770s]     canonicalize_version(version, strip_trailing_zero=False),
[0.770s] TypeError: canonicalize_version() got an unexpected keyword argument 'strip_trailing_zero'
[0.783s] Invoked command in '/home/devtex/uiabot_ws/build/my_publisher_package' returned '1': PYTHONPATH=/home/devtex/uiabot_ws/build/my_publisher_package/prefix_override:/usr/lib/python3/dist-packages/colcon_core/task/python/colcon_distutils_commands:/home/devtex/uiabot_ws/install/my_publisher_package/lib/python3.10/site-packages:${PYTHONPATH} /usr/bin/python3 -W ignore:setup.py install is deprecated setup.py develop --editable --build-directory /home/devtex/uiabot_ws/build/my_publisher_package/build --no-deps symlink_data --force
