[0.555s] Invoking command in '/home/devtex/uiabot_ws/src/my_listener_package': PYTHONPATH=/home/devtex/uiabot_ws/build/my_listener_package/prefix_override:/usr/lib/python3/dist-packages/colcon_core/task/python/colcon_distutils_commands:/home/devtex/uiabot_ws/install/my_listener_package/lib/python3.10/site-packages:${PYTHONPATH} /usr/bin/python3 -W ignore:setup.py install is deprecated setup.py egg_info --egg-base ../../build/my_listener_package build --build-base /home/devtex/uiabot_ws/build/my_listener_package/build install --record /home/devtex/uiabot_ws/build/my_listener_package/install.log --single-version-externally-managed install_data
[0.663s] running egg_info
[0.669s] writing ../../build/my_listener_package/my_listener_package.egg-info/PKG-INFO
[0.669s] writing dependency_links to ../../build/my_listener_package/my_listener_package.egg-info/dependency_links.txt
[0.670s] writing entry points to ../../build/my_listener_package/my_listener_package.egg-info/entry_points.txt
[0.670s] writing requirements to ../../build/my_listener_package/my_listener_package.egg-info/requires.txt
[0.670s] writing top-level names to ../../build/my_listener_package/my_listener_package.egg-info/top_level.txt
[0.683s] reading manifest file '../../build/my_listener_package/my_listener_package.egg-info/SOURCES.txt'
[0.684s] writing manifest file '../../build/my_listener_package/my_listener_package.egg-info/SOURCES.txt'
[0.684s] running build
[0.684s] running build_py
[0.684s] running install
[0.687s] running install_lib
[0.694s] running install_data
[0.694s] running install_egg_info
[0.707s] removing '/home/devtex/uiabot_ws/install/my_listener_package/lib/python3.10/site-packages/my_listener_package-0.0.0-py3.10.egg-info' (and everything under it)
[0.707s] Copying ../../build/my_listener_package/my_listener_package.egg-info to /home/devtex/uiabot_ws/install/my_listener_package/lib/python3.10/site-packages/my_listener_package-0.0.0-py3.10.egg-info
[0.708s] running install_scripts
[0.782s] Installing cmd_vel_listener script to /home/devtex/uiabot_ws/install/my_listener_package/lib/my_listener_package
[0.782s] writing list of installed files to '/home/devtex/uiabot_ws/build/my_listener_package/install.log'
[0.799s] Invoked command in '/home/devtex/uiabot_ws/src/my_listener_package' returned '0': PYTHONPATH=/home/devtex/uiabot_ws/build/my_listener_package/prefix_override:/usr/lib/python3/dist-packages/colcon_core/task/python/colcon_distutils_commands:/home/devtex/uiabot_ws/install/my_listener_package/lib/python3.10/site-packages:${PYTHONPATH} /usr/bin/python3 -W ignore:setup.py install is deprecated setup.py egg_info --egg-base ../../build/my_listener_package build --build-base /home/devtex/uiabot_ws/build/my_listener_package/build install --record /home/devtex/uiabot_ws/build/my_listener_package/install.log --single-version-externally-managed install_data
