[0.557s] Invoking command in '/home/devtex/uiabot_ws/src/my_publisher_package': PYTHONPATH=/home/devtex/uiabot_ws/build/my_publisher_package/prefix_override:/usr/lib/python3/dist-packages/colcon_core/task/python/colcon_distutils_commands:/home/devtex/uiabot_ws/install/my_publisher_package/lib/python3.10/site-packages:${PYTHONPATH} /usr/bin/python3 -W ignore:setup.py install is deprecated setup.py egg_info --egg-base ../../build/my_publisher_package build --build-base /home/devtex/uiabot_ws/build/my_publisher_package/build install --record /home/devtex/uiabot_ws/build/my_publisher_package/install.log --single-version-externally-managed install_data
[0.664s] running egg_info
[0.664s] creating ../../build/my_publisher_package/my_publisher_package.egg-info
[0.671s] writing ../../build/my_publisher_package/my_publisher_package.egg-info/PKG-INFO
[0.671s] writing dependency_links to ../../build/my_publisher_package/my_publisher_package.egg-info/dependency_links.txt
[0.671s] writing entry points to ../../build/my_publisher_package/my_publisher_package.egg-info/entry_points.txt
[0.671s] writing requirements to ../../build/my_publisher_package/my_publisher_package.egg-info/requires.txt
[0.671s] writing top-level names to ../../build/my_publisher_package/my_publisher_package.egg-info/top_level.txt
[0.671s] writing manifest file '../../build/my_publisher_package/my_publisher_package.egg-info/SOURCES.txt'
[0.684s] reading manifest file '../../build/my_publisher_package/my_publisher_package.egg-info/SOURCES.txt'
[0.685s] writing manifest file '../../build/my_publisher_package/my_publisher_package.egg-info/SOURCES.txt'
[0.685s] running build
[0.685s] running build_py
[0.685s] creating /home/devtex/uiabot_ws/build/my_publisher_package/build
[0.685s] creating /home/devtex/uiabot_ws/build/my_publisher_package/build/lib
[0.685s] creating /home/devtex/uiabot_ws/build/my_publisher_package/build/lib/my_publisher_package
[0.685s] copying my_publisher_package/cmd_vel_publisher.py -> /home/devtex/uiabot_ws/build/my_publisher_package/build/lib/my_publisher_package
[0.685s] copying my_publisher_package/__init__.py -> /home/devtex/uiabot_ws/build/my_publisher_package/build/lib/my_publisher_package
[0.685s] running install
[0.688s] running install_lib
[0.694s] creating /home/devtex/uiabot_ws/install/my_publisher_package/lib/python3.10/site-packages/my_publisher_package
[0.694s] copying /home/devtex/uiabot_ws/build/my_publisher_package/build/lib/my_publisher_package/cmd_vel_publisher.py -> /home/devtex/uiabot_ws/install/my_publisher_package/lib/python3.10/site-packages/my_publisher_package
[0.694s] copying /home/devtex/uiabot_ws/build/my_publisher_package/build/lib/my_publisher_package/__init__.py -> /home/devtex/uiabot_ws/install/my_publisher_package/lib/python3.10/site-packages/my_publisher_package
[0.694s] byte-compiling /home/devtex/uiabot_ws/install/my_publisher_package/lib/python3.10/site-packages/my_publisher_package/cmd_vel_publisher.py to cmd_vel_publisher.cpython-310.pyc
[0.695s] byte-compiling /home/devtex/uiabot_ws/install/my_publisher_package/lib/python3.10/site-packages/my_publisher_package/__init__.py to __init__.cpython-310.pyc
[0.695s] running install_data
[0.695s] creating /home/devtex/uiabot_ws/install/my_publisher_package/share/ament_index
[0.695s] creating /home/devtex/uiabot_ws/install/my_publisher_package/share/ament_index/resource_index
[0.695s] creating /home/devtex/uiabot_ws/install/my_publisher_package/share/ament_index/resource_index/packages
[0.695s] copying resource/my_publisher_package -> /home/devtex/uiabot_ws/install/my_publisher_package/share/ament_index/resource_index/packages
[0.695s] copying package.xml -> /home/devtex/uiabot_ws/install/my_publisher_package/share/my_publisher_package
[0.695s] running install_egg_info
[0.702s] Copying ../../build/my_publisher_package/my_publisher_package.egg-info to /home/devtex/uiabot_ws/install/my_publisher_package/lib/python3.10/site-packages/my_publisher_package-0.0.0-py3.10.egg-info
[0.702s] running install_scripts
[0.770s] Installing cmd_vel_publisher script to /home/devtex/uiabot_ws/install/my_publisher_package/lib/my_publisher_package
[0.770s] writing list of installed files to '/home/devtex/uiabot_ws/build/my_publisher_package/install.log'
[0.789s] Invoked command in '/home/devtex/uiabot_ws/src/my_publisher_package' returned '0': PYTHONPATH=/home/devtex/uiabot_ws/build/my_publisher_package/prefix_override:/usr/lib/python3/dist-packages/colcon_core/task/python/colcon_distutils_commands:/home/devtex/uiabot_ws/install/my_publisher_package/lib/python3.10/site-packages:${PYTHONPATH} /usr/bin/python3 -W ignore:setup.py install is deprecated setup.py egg_info --egg-base ../../build/my_publisher_package build --build-base /home/devtex/uiabot_ws/build/my_publisher_package/build install --record /home/devtex/uiabot_ws/build/my_publisher_package/install.log --single-version-externally-managed install_data
