running develop
Removing /home/devtex/uiabot_ws/install/my_publisher_package/lib/python3.10/site-packages/my-publisher-package.egg-link (link to .)
running egg_info
writing ../../build/my_publisher_package/my_publisher_package.egg-info/PKG-INFO
writing dependency_links to ../../build/my_publisher_package/my_publisher_package.egg-info/dependency_links.txt
writing entry points to ../../build/my_publisher_package/my_publisher_package.egg-info/entry_points.txt
writing requirements to ../../build/my_publisher_package/my_publisher_package.egg-info/requires.txt
writing top-level names to ../../build/my_publisher_package/my_publisher_package.egg-info/top_level.txt
reading manifest file '../../build/my_publisher_package/my_publisher_package.egg-info/SOURCES.txt'
writing manifest file '../../build/my_publisher_package/my_publisher_package.egg-info/SOURCES.txt'
running build
running build_py
running install
running install_lib
creating /home/devtex/uiabot_ws/install/my_publisher_package/lib/python3.10/site-packages/my_publisher_package
copying /home/devtex/uiabot_ws/build/my_publisher_package/build/lib/my_publisher_package/cmd_vel_publisher.py -> /home/devtex/uiabot_ws/install/my_publisher_package/lib/python3.10/site-packages/my_publisher_package
copying /home/devtex/uiabot_ws/build/my_publisher_package/build/lib/my_publisher_package/__init__.py -> /home/devtex/uiabot_ws/install/my_publisher_package/lib/python3.10/site-packages/my_publisher_package
byte-compiling /home/devtex/uiabot_ws/install/my_publisher_package/lib/python3.10/site-packages/my_publisher_package/cmd_vel_publisher.py to cmd_vel_publisher.cpython-310.pyc
byte-compiling /home/devtex/uiabot_ws/install/my_publisher_package/lib/python3.10/site-packages/my_publisher_package/__init__.py to __init__.cpython-310.pyc
running install_data
copying resource/my_publisher_package -> /home/devtex/uiabot_ws/install/my_publisher_package/share/ament_index/resource_index/packages
copying package.xml -> /home/devtex/uiabot_ws/install/my_publisher_package/share/my_publisher_package
running install_egg_info
Copying ../../build/my_publisher_package/my_publisher_package.egg-info to /home/devtex/uiabot_ws/install/my_publisher_package/lib/python3.10/site-packages/my_publisher_package-0.0.0-py3.10.egg-info
running install_scripts
Installing cmd_vel_publisher script to /home/devtex/uiabot_ws/install/my_publisher_package/lib/my_publisher_package
writing list of installed files to '/home/devtex/uiabot_ws/build/my_publisher_package/install.log'
