[0.608s] Invoking command in '/home/devtex/uiabot_ws/build/my_publisher_package': PYTHONPATH=/home/devtex/uiabot_ws/build/my_publisher_package/prefix_override:/usr/lib/python3/dist-packages/colcon_core/task/python/colcon_distutils_commands:/home/devtex/uiabot_ws/install/my_publisher_package/lib/python3.10/site-packages:${PYTHONPATH} /usr/bin/python3 -W ignore:setup.py install is deprecated setup.py develop --uninstall --editable --build-directory /home/devtex/uiabot_ws/build/my_publisher_package/build
[0.750s] running develop
[0.750s] /home/devtex/.local/lib/python3.10/site-packages/setuptools/command/develop.py:40: EasyInstallDeprecationWarning: easy_install command is deprecated.
[0.750s] !!
[0.750s] 
[0.750s]         ********************************************************************************
[0.750s]         Please avoid running ``setup.py`` and ``easy_install``.
[0.750s]         Instead, use pypa/build, pypa/installer or other
[0.750s]         standards-based tools.
[0.750s] 
[0.750s]         See https://github.com/pypa/setuptools/issues/917 for details.
[0.750s]         ********************************************************************************
[0.750s] 
[0.750s] !!
[0.750s]   easy_install.initialize_options(self)
[0.852s] Removing /home/devtex/uiabot_ws/install/my_publisher_package/lib/python3.10/site-packages/my-publisher-package.egg-link (link to .)
[0.867s] Invoked command in '/home/devtex/uiabot_ws/build/my_publisher_package' returned '0': PYTHONPATH=/home/devtex/uiabot_ws/build/my_publisher_package/prefix_override:/usr/lib/python3/dist-packages/colcon_core/task/python/colcon_distutils_commands:/home/devtex/uiabot_ws/install/my_publisher_package/lib/python3.10/site-packages:${PYTHONPATH} /usr/bin/python3 -W ignore:setup.py install is deprecated setup.py develop --uninstall --editable --build-directory /home/devtex/uiabot_ws/build/my_publisher_package/build
[0.868s] Invoking command in '/home/devtex/uiabot_ws/src/my_publisher_package': PYTHONPATH=/home/devtex/uiabot_ws/build/my_publisher_package/prefix_override:/usr/lib/python3/dist-packages/colcon_core/task/python/colcon_distutils_commands:/home/devtex/uiabot_ws/install/my_publisher_package/lib/python3.10/site-packages:${PYTHONPATH} /usr/bin/python3 -W ignore:setup.py install is deprecated setup.py egg_info --egg-base ../../build/my_publisher_package build --build-base /home/devtex/uiabot_ws/build/my_publisher_package/build install --record /home/devtex/uiabot_ws/build/my_publisher_package/install.log --single-version-externally-managed install_data --force
[0.981s] running egg_info
[0.987s] writing ../../build/my_publisher_package/my_publisher_package.egg-info/PKG-INFO
[0.987s] writing dependency_links to ../../build/my_publisher_package/my_publisher_package.egg-info/dependency_links.txt
[0.987s] writing entry points to ../../build/my_publisher_package/my_publisher_package.egg-info/entry_points.txt
[0.988s] writing requirements to ../../build/my_publisher_package/my_publisher_package.egg-info/requires.txt
[0.988s] writing top-level names to ../../build/my_publisher_package/my_publisher_package.egg-info/top_level.txt
[1.002s] reading manifest file '../../build/my_publisher_package/my_publisher_package.egg-info/SOURCES.txt'
[1.003s] writing manifest file '../../build/my_publisher_package/my_publisher_package.egg-info/SOURCES.txt'
[1.003s] running build
[1.003s] running build_py
[1.003s] running install
[1.005s] running install_lib
[1.013s] creating /home/devtex/uiabot_ws/install/my_publisher_package/lib/python3.10/site-packages/my_publisher_package
[1.013s] copying /home/devtex/uiabot_ws/build/my_publisher_package/build/lib/my_publisher_package/cmd_vel_publisher.py -> /home/devtex/uiabot_ws/install/my_publisher_package/lib/python3.10/site-packages/my_publisher_package
[1.013s] copying /home/devtex/uiabot_ws/build/my_publisher_package/build/lib/my_publisher_package/__init__.py -> /home/devtex/uiabot_ws/install/my_publisher_package/lib/python3.10/site-packages/my_publisher_package
[1.013s] byte-compiling /home/devtex/uiabot_ws/install/my_publisher_package/lib/python3.10/site-packages/my_publisher_package/cmd_vel_publisher.py to cmd_vel_publisher.cpython-310.pyc
[1.014s] byte-compiling /home/devtex/uiabot_ws/install/my_publisher_package/lib/python3.10/site-packages/my_publisher_package/__init__.py to __init__.cpython-310.pyc
[1.014s] running install_data
[1.014s] copying resource/my_publisher_package -> /home/devtex/uiabot_ws/install/my_publisher_package/share/ament_index/resource_index/packages
[1.014s] copying package.xml -> /home/devtex/uiabot_ws/install/my_publisher_package/share/my_publisher_package
[1.014s] running install_egg_info
[1.022s] Copying ../../build/my_publisher_package/my_publisher_package.egg-info to /home/devtex/uiabot_ws/install/my_publisher_package/lib/python3.10/site-packages/my_publisher_package-0.0.0-py3.10.egg-info
[1.022s] running install_scripts
[1.097s] Installing cmd_vel_publisher script to /home/devtex/uiabot_ws/install/my_publisher_package/lib/my_publisher_package
[1.097s] writing list of installed files to '/home/devtex/uiabot_ws/build/my_publisher_package/install.log'
[1.109s] Invoked command in '/home/devtex/uiabot_ws/src/my_publisher_package' returned '0': PYTHONPATH=/home/devtex/uiabot_ws/build/my_publisher_package/prefix_override:/usr/lib/python3/dist-packages/colcon_core/task/python/colcon_distutils_commands:/home/devtex/uiabot_ws/install/my_publisher_package/lib/python3.10/site-packages:${PYTHONPATH} /usr/bin/python3 -W ignore:setup.py install is deprecated setup.py egg_info --egg-base ../../build/my_publisher_package build --build-base /home/devtex/uiabot_ws/build/my_publisher_package/build install --record /home/devtex/uiabot_ws/build/my_publisher_package/install.log --single-version-externally-managed install_data --force
