[0.599s] Invoking command in '/home/devtex/uiabot_ws/build/my_listener_package': PYTHONPATH=/home/devtex/uiabot_ws/build/my_listener_package/prefix_override:/usr/lib/python3/dist-packages/colcon_core/task/python/colcon_distutils_commands:/home/devtex/uiabot_ws/install/my_listener_package/lib/python3.10/site-packages:${PYTHONPATH} /usr/bin/python3 -W ignore:setup.py install is deprecated setup.py develop --uninstall --editable --build-directory /home/devtex/uiabot_ws/build/my_listener_package/build
[0.744s] running develop
[0.744s] /home/devtex/.local/lib/python3.10/site-packages/setuptools/command/develop.py:40: EasyInstallDeprecationWarning: easy_install command is deprecated.
[0.744s] !!
[0.744s] 
[0.744s]         ********************************************************************************
[0.744s]         Please avoid running ``setup.py`` and ``easy_install``.
[0.744s]         Instead, use pypa/build, pypa/installer or other
[0.744s]         standards-based tools.
[0.744s] 
[0.744s]         See https://github.com/pypa/setuptools/issues/917 for details.
[0.744s]         ********************************************************************************
[0.744s] 
[0.744s] !!
[0.744s]   easy_install.initialize_options(self)
[0.845s] Removing /home/devtex/uiabot_ws/install/my_listener_package/lib/python3.10/site-packages/my-listener-package.egg-link (link to .)
[0.859s] Invoked command in '/home/devtex/uiabot_ws/build/my_listener_package' returned '0': PYTHONPATH=/home/devtex/uiabot_ws/build/my_listener_package/prefix_override:/usr/lib/python3/dist-packages/colcon_core/task/python/colcon_distutils_commands:/home/devtex/uiabot_ws/install/my_listener_package/lib/python3.10/site-packages:${PYTHONPATH} /usr/bin/python3 -W ignore:setup.py install is deprecated setup.py develop --uninstall --editable --build-directory /home/devtex/uiabot_ws/build/my_listener_package/build
[0.860s] Invoking command in '/home/devtex/uiabot_ws/src/my_listener_package': PYTHONPATH=/home/devtex/uiabot_ws/build/my_listener_package/prefix_override:/usr/lib/python3/dist-packages/colcon_core/task/python/colcon_distutils_commands:/home/devtex/uiabot_ws/install/my_listener_package/lib/python3.10/site-packages:${PYTHONPATH} /usr/bin/python3 -W ignore:setup.py install is deprecated setup.py egg_info --egg-base ../../build/my_listener_package build --build-base /home/devtex/uiabot_ws/build/my_listener_package/build install --record /home/devtex/uiabot_ws/build/my_listener_package/install.log --single-version-externally-managed install_data --force
[0.969s] running egg_info
[0.976s] writing ../../build/my_listener_package/my_listener_package.egg-info/PKG-INFO
[0.976s] writing dependency_links to ../../build/my_listener_package/my_listener_package.egg-info/dependency_links.txt
[0.977s] writing entry points to ../../build/my_listener_package/my_listener_package.egg-info/entry_points.txt
[0.977s] writing requirements to ../../build/my_listener_package/my_listener_package.egg-info/requires.txt
[0.977s] writing top-level names to ../../build/my_listener_package/my_listener_package.egg-info/top_level.txt
[0.991s] reading manifest file '../../build/my_listener_package/my_listener_package.egg-info/SOURCES.txt'
[0.991s] writing manifest file '../../build/my_listener_package/my_listener_package.egg-info/SOURCES.txt'
[0.991s] running build
[0.991s] running build_py
[0.991s] running install
[0.994s] running install_lib
[1.001s] creating /home/devtex/uiabot_ws/install/my_listener_package/lib/python3.10/site-packages/my_listener_package
[1.001s] copying /home/devtex/uiabot_ws/build/my_listener_package/build/lib/my_listener_package/cmd_vel_listener.py -> /home/devtex/uiabot_ws/install/my_listener_package/lib/python3.10/site-packages/my_listener_package
[1.001s] copying /home/devtex/uiabot_ws/build/my_listener_package/build/lib/my_listener_package/__init__.py -> /home/devtex/uiabot_ws/install/my_listener_package/lib/python3.10/site-packages/my_listener_package
[1.001s] byte-compiling /home/devtex/uiabot_ws/install/my_listener_package/lib/python3.10/site-packages/my_listener_package/cmd_vel_listener.py to cmd_vel_listener.cpython-310.pyc
[1.001s] byte-compiling /home/devtex/uiabot_ws/install/my_listener_package/lib/python3.10/site-packages/my_listener_package/__init__.py to __init__.cpython-310.pyc
[1.001s] running install_data
[1.001s] copying resource/my_listener_package -> /home/devtex/uiabot_ws/install/my_listener_package/share/ament_index/resource_index/packages
[1.001s] copying package.xml -> /home/devtex/uiabot_ws/install/my_listener_package/share/my_listener_package
[1.001s] running install_egg_info
[1.009s] Copying ../../build/my_listener_package/my_listener_package.egg-info to /home/devtex/uiabot_ws/install/my_listener_package/lib/python3.10/site-packages/my_listener_package-0.0.0-py3.10.egg-info
[1.009s] running install_scripts
[1.078s] Installing cmd_vel_listener script to /home/devtex/uiabot_ws/install/my_listener_package/lib/my_listener_package
[1.078s] writing list of installed files to '/home/devtex/uiabot_ws/build/my_listener_package/install.log'
[1.090s] Invoked command in '/home/devtex/uiabot_ws/src/my_listener_package' returned '0': PYTHONPATH=/home/devtex/uiabot_ws/build/my_listener_package/prefix_override:/usr/lib/python3/dist-packages/colcon_core/task/python/colcon_distutils_commands:/home/devtex/uiabot_ws/install/my_listener_package/lib/python3.10/site-packages:${PYTHONPATH} /usr/bin/python3 -W ignore:setup.py install is deprecated setup.py egg_info --egg-base ../../build/my_listener_package build --build-base /home/devtex/uiabot_ws/build/my_listener_package/build install --record /home/devtex/uiabot_ws/build/my_listener_package/install.log --single-version-externally-managed install_data --force
