[0.501s] Invoking command in '/home/devtex/uiabot_ws/build/robot_description': CMAKE_PREFIX_PATH=${CMAKE_PREFIX_PATH}:/home/devtex/uiabot_ws/install/my_publisher_package:/home/devtex/uiabot_ws/install/my_listener_package:/home/devtex/uiabot_ws/install/lidar_package:/opt/ros/humble /usr/bin/cmake /home/devtex/uiabot_ws/src/robot_description -DCMAKE_INSTALL_PREFIX=/home/devtex/uiabot_ws/install/robot_description
[0.526s] -- The C compiler identification is GNU 11.4.0
[0.553s] -- The CXX compiler identification is GNU 11.4.0
[0.558s] -- Detecting C compiler ABI info
[0.585s] -- Detecting C compiler ABI info - done
[0.588s] -- Check for working C compiler: /usr/lib/ccache/cc - skipped
[0.588s] -- Detecting C compile features
[0.588s] -- Detecting C compile features - done
[0.590s] -- Detecting CXX compiler ABI info
[0.619s] -- Detecting CXX compiler ABI info - done
[0.623s] -- Check for working CXX compiler: /usr/lib/ccache/c++ - skipped
[0.623s] -- Detecting CXX compile features
[0.623s] -- Detecting CXX compile features - done
[0.625s] -- Found ament_cmake: 1.3.10 (/opt/ros/humble/share/ament_cmake/cmake)
[0.956s] -- Found Python3: /usr/bin/python3 (found version "3.10.12") found components: Interpreter 
[1.000s] -- Found ament_lint_auto: 0.12.11 (/opt/ros/humble/share/ament_lint_auto/cmake)
[1.030s] -- Configuring incomplete, errors occurred!
[1.030s] See also "/home/devtex/uiabot_ws/build/robot_description/CMakeFiles/CMakeOutput.log".
[1.030s] [31mCMake Error at /opt/ros/humble/share/ament_cmake_core/cmake/core/ament_package_xml.cmake:53 (message):
[1.030s]   ament_package_xml() package name 'robot_description' in '/package.xml' does
[1.030s]   not match current PROJECT_NAME 'uiabot'.  You must call project() with the
[1.030s]   same package name before.
[1.030s] Call Stack (most recent call first):
[1.030s]   /opt/ros/humble/share/ament_lint_auto/cmake/ament_lint_auto_find_test_dependencies.cmake:31 (ament_package_xml)
[1.030s]   CMakeLists.txt:32 (ament_lint_auto_find_test_dependencies)
[1.030s] 
[1.030s] [0m
[1.033s] Invoked command in '/home/devtex/uiabot_ws/build/robot_description' returned '1': CMAKE_PREFIX_PATH=${CMAKE_PREFIX_PATH}:/home/devtex/uiabot_ws/install/my_publisher_package:/home/devtex/uiabot_ws/install/my_listener_package:/home/devtex/uiabot_ws/install/lidar_package:/opt/ros/humble /usr/bin/cmake /home/devtex/uiabot_ws/src/robot_description -DCMAKE_INSTALL_PREFIX=/home/devtex/uiabot_ws/install/robot_description
