-- Found ament_cmake: 1.3.10 (/opt/ros/humble/share/ament_cmake/cmake)
-- Override CMake install command with custom implementation using symlinks instead of copying resources
-- Found ament_lint_auto: 0.12.11 (/opt/ros/humble/share/ament_lint_auto/cmake)
-- Added test 'copyright' to check source files copyright and LICENSE
-- Added test 'flake8' to check Python code syntax and style conventions
-- Added test 'lint_cmake' to check CMake code style
-- Added test 'pep257' to check Python code against some of the docstring style conventions in PEP 257
-- Added test 'xmllint' to check XML markup files
-- Configuring done
-- Generating done
-- Build files have been written to: /home/devtex/uiabot_ws/build/uiabot
-- Install configuration: ""
-- Execute custom install script
-- Symlinking: /home/devtex/uiabot_ws/install/uiabot/share/uiabot/config/empty.yaml
-- Symlinking: /home/devtex/uiabot_ws/install/uiabot/share/uiabot/description/AssemUiAminibot2 .STL
-- Symlinking: /home/devtex/uiabot_ws/install/uiabot/share/uiabot/description/Motor.STL
-- Symlinking: /home/devtex/uiabot_ws/install/uiabot/share/uiabot/description/MotorBracket.STL
-- Symlinking: /home/devtex/uiabot_ws/install/uiabot/share/uiabot/description/RP-lidar-A1.STL
-- Symlinking: /home/devtex/uiabot_ws/install/uiabot/share/uiabot/description/RPLidarCasingV3_Wcut.STL
-- Symlinking: /home/devtex/uiabot_ws/install/uiabot/share/uiabot/description/SupportWheelBracket_v03.STL
-- Symlinking: /home/devtex/uiabot_ws/install/uiabot/share/uiabot/description/UiAFullWafflePlate.STL
-- Symlinking: /home/devtex/uiabot_ws/install/uiabot/share/uiabot/description/camera.xacro
-- Symlinking: /home/devtex/uiabot_ws/install/uiabot/share/uiabot/description/depth_camera.xacro
-- Symlinking: /home/devtex/uiabot_ws/install/uiabot/share/uiabot/description/face.xacro
-- Symlinking: /home/devtex/uiabot_ws/install/uiabot/share/uiabot/description/gazebo_control.xacro
-- Symlinking: /home/devtex/uiabot_ws/install/uiabot/share/uiabot/description/inertial_macros.xacro
-- Symlinking: /home/devtex/uiabot_ws/install/uiabot/share/uiabot/description/lidar.xacro
-- Symlinking: /home/devtex/uiabot_ws/install/uiabot/share/uiabot/description/robot.urdf.xacro
-- Symlinking: /home/devtex/uiabot_ws/install/uiabot/share/uiabot/description/robot_core.xacro
-- Symlinking: /home/devtex/uiabot_ws/install/uiabot/share/uiabot/description/ros2_control.xacro
-- Symlinking: /home/devtex/uiabot_ws/install/uiabot/share/uiabot/launch/rsp.launch.py
-- Symlinking: /home/devtex/uiabot_ws/install/uiabot/share/uiabot/worlds/empty.world
-- Symlinking: /home/devtex/uiabot_ws/install/uiabot/share/ament_index/resource_index/package_run_dependencies/uiabot
-- Symlinking: /home/devtex/uiabot_ws/install/uiabot/share/ament_index/resource_index/parent_prefix_path/uiabot
-- Symlinking: /home/devtex/uiabot_ws/install/uiabot/share/uiabot/environment/ament_prefix_path.sh
-- Symlinking: /home/devtex/uiabot_ws/install/uiabot/share/uiabot/environment/ament_prefix_path.dsv
-- Symlinking: /home/devtex/uiabot_ws/install/uiabot/share/uiabot/environment/path.sh
-- Symlinking: /home/devtex/uiabot_ws/install/uiabot/share/uiabot/environment/path.dsv
-- Symlinking: /home/devtex/uiabot_ws/install/uiabot/share/uiabot/local_setup.bash
-- Symlinking: /home/devtex/uiabot_ws/install/uiabot/share/uiabot/local_setup.sh
-- Symlinking: /home/devtex/uiabot_ws/install/uiabot/share/uiabot/local_setup.zsh
-- Symlinking: /home/devtex/uiabot_ws/install/uiabot/share/uiabot/local_setup.dsv
-- Symlinking: /home/devtex/uiabot_ws/install/uiabot/share/uiabot/package.dsv
-- Symlinking: /home/devtex/uiabot_ws/install/uiabot/share/ament_index/resource_index/packages/uiabot
-- Symlinking: /home/devtex/uiabot_ws/install/uiabot/share/uiabot/cmake/uiabotConfig.cmake
-- Symlinking: /home/devtex/uiabot_ws/install/uiabot/share/uiabot/cmake/uiabotConfig-version.cmake
-- Symlinking: /home/devtex/uiabot_ws/install/uiabot/share/uiabot/package.xml
