[0.843s] Invoking command in '/home/devtex/uiabot_ws/src/lidar_package': PYTHONPATH=/home/devtex/uiabot_ws/build/lidar_package/prefix_override:/usr/lib/python3/dist-packages/colcon_core/task/python/colcon_distutils_commands:/home/devtex/uiabot_ws/install/lidar_package/lib/python3.10/site-packages:${PYTHONPATH} /usr/bin/python3 -W ignore:setup.py install is deprecated setup.py egg_info --egg-base ../../build/lidar_package build --build-base /home/devtex/uiabot_ws/build/lidar_package/build install --record /home/devtex/uiabot_ws/build/lidar_package/install.log --single-version-externally-managed install_data
[1.026s] running egg_info
[1.033s] writing ../../build/lidar_package/lidar_package.egg-info/PKG-INFO
[1.033s] writing dependency_links to ../../build/lidar_package/lidar_package.egg-info/dependency_links.txt
[1.033s] writing entry points to ../../build/lidar_package/lidar_package.egg-info/entry_points.txt
[1.033s] writing requirements to ../../build/lidar_package/lidar_package.egg-info/requires.txt
[1.033s] writing top-level names to ../../build/lidar_package/lidar_package.egg-info/top_level.txt
[1.046s] reading manifest file '../../build/lidar_package/lidar_package.egg-info/SOURCES.txt'
[1.047s] writing manifest file '../../build/lidar_package/lidar_package.egg-info/SOURCES.txt'
[1.047s] running build
[1.047s] running build_py
[1.047s] running install
[1.049s] running install_lib
[1.056s] running install_data
[1.056s] running install_egg_info
[1.064s] removing '/home/devtex/uiabot_ws/install/lidar_package/lib/python3.10/site-packages/lidar_package-0.0.0-py3.10.egg-info' (and everything under it)
[1.064s] Copying ../../build/lidar_package/lidar_package.egg-info to /home/devtex/uiabot_ws/install/lidar_package/lib/python3.10/site-packages/lidar_package-0.0.0-py3.10.egg-info
[1.064s] running install_scripts
[1.092s] Installing lidar_node script to /home/devtex/uiabot_ws/install/lidar_package/lib/lidar_package
[1.092s] writing list of installed files to '/home/devtex/uiabot_ws/build/lidar_package/install.log'
[1.118s] Invoked command in '/home/devtex/uiabot_ws/src/lidar_package' returned '0': PYTHONPATH=/home/devtex/uiabot_ws/build/lidar_package/prefix_override:/usr/lib/python3/dist-packages/colcon_core/task/python/colcon_distutils_commands:/home/devtex/uiabot_ws/install/lidar_package/lib/python3.10/site-packages:${PYTHONPATH} /usr/bin/python3 -W ignore:setup.py install is deprecated setup.py egg_info --egg-base ../../build/lidar_package build --build-base /home/devtex/uiabot_ws/build/lidar_package/build install --record /home/devtex/uiabot_ws/build/lidar_package/install.log --single-version-externally-managed install_data
