[3.214s] Invoking command in '/home/uiabot/uiabot_ws/src/lidar_package': DEBUGINFOD_URLS=https://debuginfod.ubuntu.com PYTHONPATH=/home/uiabot/uiabot_ws/build/lidar_package/prefix_override:/usr/lib/python3/dist-packages/colcon_core/task/python/colcon_distutils_commands:/home/uiabot/uiabot_ws/install/lidar_package/lib/python3.12/site-packages:${PYTHONPATH} /usr/bin/python3 -W ignore:setup.py install is deprecated setup.py egg_info --egg-base ../../build/lidar_package build --build-base /home/uiabot/uiabot_ws/build/lidar_package/build install --record /home/uiabot/uiabot_ws/build/lidar_package/install.log --single-version-externally-managed install_data
[4.334s] running egg_info
[4.459s] writing ../../build/lidar_package/lidar_package.egg-info/PKG-INFO
[4.463s] writing dependency_links to ../../build/lidar_package/lidar_package.egg-info/dependency_links.txt
[4.465s] writing entry points to ../../build/lidar_package/lidar_package.egg-info/entry_points.txt
[4.468s] writing requirements to ../../build/lidar_package/lidar_package.egg-info/requires.txt
[4.470s] writing top-level names to ../../build/lidar_package/lidar_package.egg-info/top_level.txt
[4.618s] reading manifest file '../../build/lidar_package/lidar_package.egg-info/SOURCES.txt'
[4.627s] writing manifest file '../../build/lidar_package/lidar_package.egg-info/SOURCES.txt'
[4.627s] running build
[4.627s] running build_py
[4.627s] running install
[4.642s] running install_lib
[4.705s] running install_data
[4.707s] running install_egg_info
[4.782s] removing '/home/uiabot/uiabot_ws/install/lidar_package/lib/python3.12/site-packages/lidar_package-0.0.0-py3.12.egg-info' (and everything under it)
[4.783s] Copying ../../build/lidar_package/lidar_package.egg-info to /home/uiabot/uiabot_ws/install/lidar_package/lib/python3.12/site-packages/lidar_package-0.0.0-py3.12.egg-info
[4.785s] running install_scripts
[5.234s] Installing lidar_node script to /home/uiabot/uiabot_ws/install/lidar_package/lib/lidar_package
[5.239s] writing list of installed files to '/home/uiabot/uiabot_ws/build/lidar_package/install.log'
[6.027s] Invoked command in '/home/uiabot/uiabot_ws/src/lidar_package' returned '0': DEBUGINFOD_URLS=https://debuginfod.ubuntu.com PYTHONPATH=/home/uiabot/uiabot_ws/build/lidar_package/prefix_override:/usr/lib/python3/dist-packages/colcon_core/task/python/colcon_distutils_commands:/home/uiabot/uiabot_ws/install/lidar_package/lib/python3.12/site-packages:${PYTHONPATH} /usr/bin/python3 -W ignore:setup.py install is deprecated setup.py egg_info --egg-base ../../build/lidar_package build --build-base /home/uiabot/uiabot_ws/build/lidar_package/build install --record /home/uiabot/uiabot_ws/build/lidar_package/install.log --single-version-externally-managed install_data
