running egg_info
writing ../../build/my_listener_package/my_listener_package.egg-info/PKG-INFO
writing dependency_links to ../../build/my_listener_package/my_listener_package.egg-info/dependency_links.txt
writing entry points to ../../build/my_listener_package/my_listener_package.egg-info/entry_points.txt
writing requirements to ../../build/my_listener_package/my_listener_package.egg-info/requires.txt
writing top-level names to ../../build/my_listener_package/my_listener_package.egg-info/top_level.txt
reading manifest file '../../build/my_listener_package/my_listener_package.egg-info/SOURCES.txt'
writing manifest file '../../build/my_listener_package/my_listener_package.egg-info/SOURCES.txt'
running build
running build_py
copying my_listener_package/cmd_vel_listener.py -> /home/devtex/uiabot_ws/build/my_listener_package/build/lib/my_listener_package
copying my_listener_package/__init__.py -> /home/devtex/uiabot_ws/build/my_listener_package/build/lib/my_listener_package
running install
running install_lib
copying /home/devtex/uiabot_ws/build/my_listener_package/build/lib/my_listener_package/cmd_vel_listener.py -> /home/devtex/uiabot_ws/install/my_listener_package/lib/python3.10/site-packages/my_listener_package
copying /home/devtex/uiabot_ws/build/my_listener_package/build/lib/my_listener_package/__init__.py -> /home/devtex/uiabot_ws/install/my_listener_package/lib/python3.10/site-packages/my_listener_package
byte-compiling /home/devtex/uiabot_ws/install/my_listener_package/lib/python3.10/site-packages/my_listener_package/cmd_vel_listener.py to cmd_vel_listener.cpython-310.pyc
byte-compiling /home/devtex/uiabot_ws/install/my_listener_package/lib/python3.10/site-packages/my_listener_package/__init__.py to __init__.cpython-310.pyc
running install_data
copying resource/my_listener_package -> /home/devtex/uiabot_ws/install/my_listener_package/share/ament_index/resource_index/packages
copying package.xml -> /home/devtex/uiabot_ws/install/my_listener_package/share/my_listener_package
running install_egg_info
removing '/home/devtex/uiabot_ws/install/my_listener_package/lib/python3.10/site-packages/my_listener_package-0.0.0-py3.10.egg-info' (and everything under it)
Copying ../../build/my_listener_package/my_listener_package.egg-info to /home/devtex/uiabot_ws/install/my_listener_package/lib/python3.10/site-packages/my_listener_package-0.0.0-py3.10.egg-info
running install_scripts
Installing cmd_vel_listener script to /home/devtex/uiabot_ws/install/my_listener_package/lib/my_listener_package
writing list of installed files to '/home/devtex/uiabot_ws/build/my_listener_package/install.log'
