[0.149s] DEBUG:colcon:Command line arguments: ['/usr/bin/colcon', 'build']
[0.149s] DEBUG:colcon:Parsed command line arguments: Namespace(log_base=None, log_level=None, verb_name='build', build_base='build', install_base='install', merge_install=False, symlink_install=False, test_result_base=None, continue_on_error=False, executor='parallel', parallel_workers=4, event_handlers=None, ignore_user_meta=False, metas=['./colcon.meta'], base_paths=['.'], packages_ignore=None, packages_ignore_regex=None, paths=None, packages_up_to=None, packages_up_to_regex=None, packages_above=None, packages_above_and_dependencies=None, packages_above_depth=None, packages_select_by_dep=None, packages_skip_by_dep=None, packages_skip_up_to=None, packages_select_build_failed=False, packages_skip_build_finished=False, packages_select_test_failures=False, packages_skip_test_passed=False, packages_select=None, packages_skip=None, packages_select_regex=None, packages_skip_regex=None, packages_start=None, packages_end=None, allow_overriding=[], cmake_args=None, cmake_target=None, cmake_target_skip_unavailable=False, cmake_clean_cache=False, cmake_clean_first=False, cmake_force_configure=False, ament_cmake_args=None, catkin_cmake_args=None, catkin_skip_building_tests=False, mixin_files=None, mixin=None, verb_parser=<colcon_mixin.mixin.mixin_argument.MixinArgumentDecorator object at 0xffffa99c2330>, verb_extension=<colcon_core.verb.build.BuildVerb object at 0xffffa9b79220>, main=<bound method BuildVerb.main of <colcon_core.verb.build.BuildVerb object at 0xffffa9b79220>>, mixin_verb=('build',))
[0.200s] Level 1:colcon.colcon_core.package_discovery:discover_packages(colcon_meta) check parameters
[0.200s] Level 1:colcon.colcon_core.package_discovery:discover_packages(recursive) check parameters
[0.200s] Level 1:colcon.colcon_core.package_discovery:discover_packages(ignore) check parameters
[0.200s] Level 1:colcon.colcon_core.package_discovery:discover_packages(path) check parameters
[0.200s] Level 1:colcon.colcon_core.package_discovery:discover_packages(colcon_meta) discover
[0.200s] Level 1:colcon.colcon_core.package_discovery:discover_packages(recursive) discover
[0.200s] INFO:colcon.colcon_core.package_discovery:Crawling recursively for packages in '/home/uiabot/uiabot_ws'
[0.200s] Level 1:colcon.colcon_core.package_identification:_identify(.) by extensions ['ignore', 'ignore_ament_install']
[0.201s] Level 1:colcon.colcon_core.package_identification:_identify(.) by extension 'ignore'
[0.201s] Level 1:colcon.colcon_core.package_identification:_identify(.) by extension 'ignore_ament_install'
[0.201s] Level 1:colcon.colcon_core.package_identification:_identify(.) by extensions ['colcon_pkg']
[0.201s] Level 1:colcon.colcon_core.package_identification:_identify(.) by extension 'colcon_pkg'
[0.201s] Level 1:colcon.colcon_core.package_identification:_identify(.) by extensions ['colcon_meta']
[0.201s] Level 1:colcon.colcon_core.package_identification:_identify(.) by extension 'colcon_meta'
[0.201s] Level 1:colcon.colcon_core.package_identification:_identify(.) by extensions ['ros']
[0.201s] Level 1:colcon.colcon_core.package_identification:_identify(.) by extension 'ros'
[0.240s] Level 1:colcon.colcon_core.package_identification:_identify(.) by extensions ['cmake', 'python']
[0.240s] Level 1:colcon.colcon_core.package_identification:_identify(.) by extension 'cmake'
[0.240s] Level 1:colcon.colcon_core.package_identification:_identify(.) by extension 'python'
[0.240s] Level 1:colcon.colcon_core.package_identification:_identify(.) by extensions ['python_setup_py']
[0.240s] Level 1:colcon.colcon_core.package_identification:_identify(.) by extension 'python_setup_py'
[0.240s] Level 1:colcon.colcon_core.package_identification:_identify(build) by extensions ['ignore', 'ignore_ament_install']
[0.241s] Level 1:colcon.colcon_core.package_identification:_identify(build) by extension 'ignore'
[0.241s] Level 1:colcon.colcon_core.package_identification:_identify(build) ignored
[0.241s] Level 1:colcon.colcon_core.package_identification:_identify(install) by extensions ['ignore', 'ignore_ament_install']
[0.241s] Level 1:colcon.colcon_core.package_identification:_identify(install) by extension 'ignore'
[0.241s] Level 1:colcon.colcon_core.package_identification:_identify(install) ignored
[0.241s] Level 1:colcon.colcon_core.package_identification:_identify(log) by extensions ['ignore', 'ignore_ament_install']
[0.241s] Level 1:colcon.colcon_core.package_identification:_identify(log) by extension 'ignore'
[0.241s] Level 1:colcon.colcon_core.package_identification:_identify(log) ignored
[0.241s] Level 1:colcon.colcon_core.package_identification:_identify(src) by extensions ['ignore', 'ignore_ament_install']
[0.241s] Level 1:colcon.colcon_core.package_identification:_identify(src) by extension 'ignore'
[0.241s] Level 1:colcon.colcon_core.package_identification:_identify(src) by extension 'ignore_ament_install'
[0.242s] Level 1:colcon.colcon_core.package_identification:_identify(src) by extensions ['colcon_pkg']
[0.242s] Level 1:colcon.colcon_core.package_identification:_identify(src) by extension 'colcon_pkg'
[0.242s] Level 1:colcon.colcon_core.package_identification:_identify(src) by extensions ['colcon_meta']
[0.242s] Level 1:colcon.colcon_core.package_identification:_identify(src) by extension 'colcon_meta'
[0.242s] Level 1:colcon.colcon_core.package_identification:_identify(src) by extensions ['ros']
[0.242s] Level 1:colcon.colcon_core.package_identification:_identify(src) by extension 'ros'
[0.242s] Level 1:colcon.colcon_core.package_identification:_identify(src) by extensions ['cmake', 'python']
[0.242s] Level 1:colcon.colcon_core.package_identification:_identify(src) by extension 'cmake'
[0.242s] Level 1:colcon.colcon_core.package_identification:_identify(src) by extension 'python'
[0.242s] Level 1:colcon.colcon_core.package_identification:_identify(src) by extensions ['python_setup_py']
[0.242s] Level 1:colcon.colcon_core.package_identification:_identify(src) by extension 'python_setup_py'
[0.242s] Level 1:colcon.colcon_core.package_identification:_identify(src/lidar_package) by extensions ['ignore', 'ignore_ament_install']
[0.242s] Level 1:colcon.colcon_core.package_identification:_identify(src/lidar_package) by extension 'ignore'
[0.242s] Level 1:colcon.colcon_core.package_identification:_identify(src/lidar_package) by extension 'ignore_ament_install'
[0.242s] Level 1:colcon.colcon_core.package_identification:_identify(src/lidar_package) by extensions ['colcon_pkg']
[0.242s] Level 1:colcon.colcon_core.package_identification:_identify(src/lidar_package) by extension 'colcon_pkg'
[0.242s] Level 1:colcon.colcon_core.package_identification:_identify(src/lidar_package) by extensions ['colcon_meta']
[0.242s] Level 1:colcon.colcon_core.package_identification:_identify(src/lidar_package) by extension 'colcon_meta'
[0.242s] Level 1:colcon.colcon_core.package_identification:_identify(src/lidar_package) by extensions ['ros']
[0.242s] Level 1:colcon.colcon_core.package_identification:_identify(src/lidar_package) by extension 'ros'
[0.246s] DEBUG:colcon.colcon_core.package_identification:Package 'src/lidar_package' with type 'ros.ament_python' and name 'lidar_package'
[0.246s] Level 1:colcon.colcon_core.package_identification:_identify(src/my_listener_package) by extensions ['ignore', 'ignore_ament_install']
[0.246s] Level 1:colcon.colcon_core.package_identification:_identify(src/my_listener_package) by extension 'ignore'
[0.246s] Level 1:colcon.colcon_core.package_identification:_identify(src/my_listener_package) by extension 'ignore_ament_install'
[0.246s] Level 1:colcon.colcon_core.package_identification:_identify(src/my_listener_package) by extensions ['colcon_pkg']
[0.246s] Level 1:colcon.colcon_core.package_identification:_identify(src/my_listener_package) by extension 'colcon_pkg'
[0.246s] Level 1:colcon.colcon_core.package_identification:_identify(src/my_listener_package) by extensions ['colcon_meta']
[0.246s] Level 1:colcon.colcon_core.package_identification:_identify(src/my_listener_package) by extension 'colcon_meta'
[0.246s] Level 1:colcon.colcon_core.package_identification:_identify(src/my_listener_package) by extensions ['ros']
[0.246s] Level 1:colcon.colcon_core.package_identification:_identify(src/my_listener_package) by extension 'ros'
[0.247s] DEBUG:colcon.colcon_core.package_identification:Package 'src/my_listener_package' with type 'ros.ament_python' and name 'my_listener_package'
[0.247s] Level 1:colcon.colcon_core.package_identification:_identify(src/my_publisher_package) by extensions ['ignore', 'ignore_ament_install']
[0.247s] Level 1:colcon.colcon_core.package_identification:_identify(src/my_publisher_package) by extension 'ignore'
[0.247s] Level 1:colcon.colcon_core.package_identification:_identify(src/my_publisher_package) by extension 'ignore_ament_install'
[0.247s] Level 1:colcon.colcon_core.package_identification:_identify(src/my_publisher_package) by extensions ['colcon_pkg']
[0.247s] Level 1:colcon.colcon_core.package_identification:_identify(src/my_publisher_package) by extension 'colcon_pkg'
[0.247s] Level 1:colcon.colcon_core.package_identification:_identify(src/my_publisher_package) by extensions ['colcon_meta']
[0.247s] Level 1:colcon.colcon_core.package_identification:_identify(src/my_publisher_package) by extension 'colcon_meta'
[0.247s] Level 1:colcon.colcon_core.package_identification:_identify(src/my_publisher_package) by extensions ['ros']
[0.247s] Level 1:colcon.colcon_core.package_identification:_identify(src/my_publisher_package) by extension 'ros'
[0.248s] DEBUG:colcon.colcon_core.package_identification:Package 'src/my_publisher_package' with type 'ros.ament_python' and name 'my_publisher_package'
[0.248s] Level 1:colcon.colcon_core.package_identification:_identify(src/robot_description) by extensions ['ignore', 'ignore_ament_install']
[0.248s] Level 1:colcon.colcon_core.package_identification:_identify(src/robot_description) by extension 'ignore'
[0.248s] Level 1:colcon.colcon_core.package_identification:_identify(src/robot_description) by extension 'ignore_ament_install'
[0.248s] Level 1:colcon.colcon_core.package_identification:_identify(src/robot_description) by extensions ['colcon_pkg']
[0.248s] Level 1:colcon.colcon_core.package_identification:_identify(src/robot_description) by extension 'colcon_pkg'
[0.248s] Level 1:colcon.colcon_core.package_identification:_identify(src/robot_description) by extensions ['colcon_meta']
[0.248s] Level 1:colcon.colcon_core.package_identification:_identify(src/robot_description) by extension 'colcon_meta'
[0.248s] Level 1:colcon.colcon_core.package_identification:_identify(src/robot_description) by extensions ['ros']
[0.248s] Level 1:colcon.colcon_core.package_identification:_identify(src/robot_description) by extension 'ros'
[0.249s] DEBUG:colcon.colcon_core.package_identification:Package 'src/robot_description' with type 'ros.ament_cmake' and name 'robot_description'
[0.249s] Level 1:colcon.colcon_core.package_discovery:discover_packages(recursive) using defaults
[0.249s] Level 1:colcon.colcon_core.package_discovery:discover_packages(ignore) discover
[0.249s] Level 1:colcon.colcon_core.package_discovery:discover_packages(ignore) using defaults
[0.249s] Level 1:colcon.colcon_core.package_discovery:discover_packages(path) discover
[0.249s] Level 1:colcon.colcon_core.package_discovery:discover_packages(path) using defaults
[0.273s] Level 1:colcon.colcon_core.package_discovery:discover_packages(prefix_path) check parameters
[0.273s] Level 1:colcon.colcon_core.package_discovery:discover_packages(prefix_path) discover
[0.276s] DEBUG:colcon.colcon_installed_package_information.package_discovery:Found 4 installed packages in /home/uiabot/ros2_ws/install
[0.278s] DEBUG:colcon.colcon_installed_package_information.package_discovery:Found 285 installed packages in /opt/ros/jazzy
[0.279s] Level 1:colcon.colcon_core.package_discovery:discover_packages(prefix_path) using defaults
[0.338s] Level 5:colcon.colcon_core.verb:set package 'lidar_package' build argument 'cmake_args' from command line to 'None'
[0.338s] Level 5:colcon.colcon_core.verb:set package 'lidar_package' build argument 'cmake_target' from command line to 'None'
[0.338s] Level 5:colcon.colcon_core.verb:set package 'lidar_package' build argument 'cmake_target_skip_unavailable' from command line to 'False'
[0.338s] Level 5:colcon.colcon_core.verb:set package 'lidar_package' build argument 'cmake_clean_cache' from command line to 'False'
[0.338s] Level 5:colcon.colcon_core.verb:set package 'lidar_package' build argument 'cmake_clean_first' from command line to 'False'
[0.338s] Level 5:colcon.colcon_core.verb:set package 'lidar_package' build argument 'cmake_force_configure' from command line to 'False'
[0.338s] Level 5:colcon.colcon_core.verb:set package 'lidar_package' build argument 'ament_cmake_args' from command line to 'None'
[0.338s] Level 5:colcon.colcon_core.verb:set package 'lidar_package' build argument 'catkin_cmake_args' from command line to 'None'
[0.339s] Level 5:colcon.colcon_core.verb:set package 'lidar_package' build argument 'catkin_skip_building_tests' from command line to 'False'
[0.339s] DEBUG:colcon.colcon_core.verb:Building package 'lidar_package' with the following arguments: {'ament_cmake_args': None, 'build_base': '/home/uiabot/uiabot_ws/build/lidar_package', 'catkin_cmake_args': None, 'catkin_skip_building_tests': False, 'cmake_args': None, 'cmake_clean_cache': False, 'cmake_clean_first': False, 'cmake_force_configure': False, 'cmake_target': None, 'cmake_target_skip_unavailable': False, 'install_base': '/home/uiabot/uiabot_ws/install/lidar_package', 'merge_install': False, 'path': '/home/uiabot/uiabot_ws/src/lidar_package', 'symlink_install': False, 'test_result_base': None}
[0.339s] Level 5:colcon.colcon_core.verb:set package 'my_listener_package' build argument 'cmake_args' from command line to 'None'
[0.339s] Level 5:colcon.colcon_core.verb:set package 'my_listener_package' build argument 'cmake_target' from command line to 'None'
[0.339s] Level 5:colcon.colcon_core.verb:set package 'my_listener_package' build argument 'cmake_target_skip_unavailable' from command line to 'False'
[0.339s] Level 5:colcon.colcon_core.verb:set package 'my_listener_package' build argument 'cmake_clean_cache' from command line to 'False'
[0.339s] Level 5:colcon.colcon_core.verb:set package 'my_listener_package' build argument 'cmake_clean_first' from command line to 'False'
[0.339s] Level 5:colcon.colcon_core.verb:set package 'my_listener_package' build argument 'cmake_force_configure' from command line to 'False'
[0.339s] Level 5:colcon.colcon_core.verb:set package 'my_listener_package' build argument 'ament_cmake_args' from command line to 'None'
[0.339s] Level 5:colcon.colcon_core.verb:set package 'my_listener_package' build argument 'catkin_cmake_args' from command line to 'None'
[0.339s] Level 5:colcon.colcon_core.verb:set package 'my_listener_package' build argument 'catkin_skip_building_tests' from command line to 'False'
[0.339s] DEBUG:colcon.colcon_core.verb:Building package 'my_listener_package' with the following arguments: {'ament_cmake_args': None, 'build_base': '/home/uiabot/uiabot_ws/build/my_listener_package', 'catkin_cmake_args': None, 'catkin_skip_building_tests': False, 'cmake_args': None, 'cmake_clean_cache': False, 'cmake_clean_first': False, 'cmake_force_configure': False, 'cmake_target': None, 'cmake_target_skip_unavailable': False, 'install_base': '/home/uiabot/uiabot_ws/install/my_listener_package', 'merge_install': False, 'path': '/home/uiabot/uiabot_ws/src/my_listener_package', 'symlink_install': False, 'test_result_base': None}
[0.339s] Level 5:colcon.colcon_core.verb:set package 'my_publisher_package' build argument 'cmake_args' from command line to 'None'
[0.340s] Level 5:colcon.colcon_core.verb:set package 'my_publisher_package' build argument 'cmake_target' from command line to 'None'
[0.340s] Level 5:colcon.colcon_core.verb:set package 'my_publisher_package' build argument 'cmake_target_skip_unavailable' from command line to 'False'
[0.340s] Level 5:colcon.colcon_core.verb:set package 'my_publisher_package' build argument 'cmake_clean_cache' from command line to 'False'
[0.340s] Level 5:colcon.colcon_core.verb:set package 'my_publisher_package' build argument 'cmake_clean_first' from command line to 'False'
[0.340s] Level 5:colcon.colcon_core.verb:set package 'my_publisher_package' build argument 'cmake_force_configure' from command line to 'False'
[0.340s] Level 5:colcon.colcon_core.verb:set package 'my_publisher_package' build argument 'ament_cmake_args' from command line to 'None'
[0.340s] Level 5:colcon.colcon_core.verb:set package 'my_publisher_package' build argument 'catkin_cmake_args' from command line to 'None'
[0.340s] Level 5:colcon.colcon_core.verb:set package 'my_publisher_package' build argument 'catkin_skip_building_tests' from command line to 'False'
[0.340s] DEBUG:colcon.colcon_core.verb:Building package 'my_publisher_package' with the following arguments: {'ament_cmake_args': None, 'build_base': '/home/uiabot/uiabot_ws/build/my_publisher_package', 'catkin_cmake_args': None, 'catkin_skip_building_tests': False, 'cmake_args': None, 'cmake_clean_cache': False, 'cmake_clean_first': False, 'cmake_force_configure': False, 'cmake_target': None, 'cmake_target_skip_unavailable': False, 'install_base': '/home/uiabot/uiabot_ws/install/my_publisher_package', 'merge_install': False, 'path': '/home/uiabot/uiabot_ws/src/my_publisher_package', 'symlink_install': False, 'test_result_base': None}
[0.340s] Level 5:colcon.colcon_core.verb:set package 'robot_description' build argument 'cmake_args' from command line to 'None'
[0.340s] Level 5:colcon.colcon_core.verb:set package 'robot_description' build argument 'cmake_target' from command line to 'None'
[0.340s] Level 5:colcon.colcon_core.verb:set package 'robot_description' build argument 'cmake_target_skip_unavailable' from command line to 'False'
[0.340s] Level 5:colcon.colcon_core.verb:set package 'robot_description' build argument 'cmake_clean_cache' from command line to 'False'
[0.340s] Level 5:colcon.colcon_core.verb:set package 'robot_description' build argument 'cmake_clean_first' from command line to 'False'
[0.340s] Level 5:colcon.colcon_core.verb:set package 'robot_description' build argument 'cmake_force_configure' from command line to 'False'
[0.340s] Level 5:colcon.colcon_core.verb:set package 'robot_description' build argument 'ament_cmake_args' from command line to 'None'
[0.340s] Level 5:colcon.colcon_core.verb:set package 'robot_description' build argument 'catkin_cmake_args' from command line to 'None'
[0.340s] Level 5:colcon.colcon_core.verb:set package 'robot_description' build argument 'catkin_skip_building_tests' from command line to 'False'
[0.340s] DEBUG:colcon.colcon_core.verb:Building package 'robot_description' with the following arguments: {'ament_cmake_args': None, 'build_base': '/home/uiabot/uiabot_ws/build/robot_description', 'catkin_cmake_args': None, 'catkin_skip_building_tests': False, 'cmake_args': None, 'cmake_clean_cache': False, 'cmake_clean_first': False, 'cmake_force_configure': False, 'cmake_target': None, 'cmake_target_skip_unavailable': False, 'install_base': '/home/uiabot/uiabot_ws/install/robot_description', 'merge_install': False, 'path': '/home/uiabot/uiabot_ws/src/robot_description', 'symlink_install': False, 'test_result_base': None}
[0.340s] INFO:colcon.colcon_core.executor:Executing jobs using 'parallel' executor
[0.342s] DEBUG:colcon.colcon_parallel_executor.executor.parallel:run_until_complete
[0.342s] INFO:colcon.colcon_ros.task.ament_python.build:Building ROS package in '/home/uiabot/uiabot_ws/src/lidar_package' with build type 'ament_python'
[0.342s] Level 1:colcon.colcon_core.shell:create_environment_hook('lidar_package', 'ament_prefix_path')
[0.344s] INFO:colcon.colcon_core.plugin_system:Skipping extension 'colcon_core.shell.bat': Not used on non-Windows systems
[0.345s] INFO:colcon.colcon_core.shell:Creating environment hook '/home/uiabot/uiabot_ws/install/lidar_package/share/lidar_package/hook/ament_prefix_path.ps1'
[0.346s] INFO:colcon.colcon_core.shell:Creating environment descriptor '/home/uiabot/uiabot_ws/install/lidar_package/share/lidar_package/hook/ament_prefix_path.dsv'
[0.346s] INFO:colcon.colcon_core.shell:Creating environment hook '/home/uiabot/uiabot_ws/install/lidar_package/share/lidar_package/hook/ament_prefix_path.sh'
[0.347s] INFO:colcon.colcon_core.shell:Skip shell extension 'powershell' for command environment: Not usable outside of PowerShell
[0.347s] DEBUG:colcon.colcon_core.shell:Skip shell extension 'dsv' for command environment
[0.351s] INFO:colcon.colcon_ros.task.ament_python.build:Building ROS package in '/home/uiabot/uiabot_ws/src/my_listener_package' with build type 'ament_python'
[0.351s] Level 1:colcon.colcon_core.shell:create_environment_hook('my_listener_package', 'ament_prefix_path')
[0.352s] INFO:colcon.colcon_core.shell:Creating environment hook '/home/uiabot/uiabot_ws/install/my_listener_package/share/my_listener_package/hook/ament_prefix_path.ps1'
[0.352s] INFO:colcon.colcon_core.shell:Creating environment descriptor '/home/uiabot/uiabot_ws/install/my_listener_package/share/my_listener_package/hook/ament_prefix_path.dsv'
[0.353s] INFO:colcon.colcon_core.shell:Creating environment hook '/home/uiabot/uiabot_ws/install/my_listener_package/share/my_listener_package/hook/ament_prefix_path.sh'
[0.353s] INFO:colcon.colcon_core.shell:Skip shell extension 'powershell' for command environment: Not usable outside of PowerShell
[0.354s] DEBUG:colcon.colcon_core.shell:Skip shell extension 'dsv' for command environment
[0.357s] INFO:colcon.colcon_ros.task.ament_python.build:Building ROS package in '/home/uiabot/uiabot_ws/src/my_publisher_package' with build type 'ament_python'
[0.358s] Level 1:colcon.colcon_core.shell:create_environment_hook('my_publisher_package', 'ament_prefix_path')
[0.358s] INFO:colcon.colcon_core.shell:Creating environment hook '/home/uiabot/uiabot_ws/install/my_publisher_package/share/my_publisher_package/hook/ament_prefix_path.ps1'
[0.359s] INFO:colcon.colcon_core.shell:Creating environment descriptor '/home/uiabot/uiabot_ws/install/my_publisher_package/share/my_publisher_package/hook/ament_prefix_path.dsv'
[0.359s] INFO:colcon.colcon_core.shell:Creating environment hook '/home/uiabot/uiabot_ws/install/my_publisher_package/share/my_publisher_package/hook/ament_prefix_path.sh'
[0.360s] INFO:colcon.colcon_core.shell:Skip shell extension 'powershell' for command environment: Not usable outside of PowerShell
[0.360s] DEBUG:colcon.colcon_core.shell:Skip shell extension 'dsv' for command environment
[0.364s] INFO:colcon.colcon_ros.task.ament_cmake.build:Building ROS package in '/home/uiabot/uiabot_ws/src/robot_description' with build type 'ament_cmake'
[0.364s] INFO:colcon.colcon_cmake.task.cmake.build:Building CMake package in '/home/uiabot/uiabot_ws/src/robot_description'
[0.365s] INFO:colcon.colcon_core.shell:Skip shell extension 'powershell' for command environment: Not usable outside of PowerShell
[0.365s] DEBUG:colcon.colcon_core.shell:Skip shell extension 'dsv' for command environment
[0.686s] INFO:colcon.colcon_core.task.python.build:Building Python package in '/home/uiabot/uiabot_ws/src/lidar_package'
[0.686s] INFO:colcon.colcon_core.shell:Skip shell extension 'powershell' for command environment: Not usable outside of PowerShell
[0.686s] DEBUG:colcon.colcon_core.shell:Skip shell extension 'dsv' for command environment
[1.006s] INFO:colcon.colcon_core.task.python.build:Building Python package in '/home/uiabot/uiabot_ws/src/my_listener_package'
[1.006s] INFO:colcon.colcon_core.shell:Skip shell extension 'powershell' for command environment: Not usable outside of PowerShell
[1.006s] DEBUG:colcon.colcon_core.shell:Skip shell extension 'dsv' for command environment
[1.335s] INFO:colcon.colcon_core.task.python.build:Building Python package in '/home/uiabot/uiabot_ws/src/my_publisher_package'
[1.335s] INFO:colcon.colcon_core.shell:Skip shell extension 'powershell' for command environment: Not usable outside of PowerShell
[1.335s] DEBUG:colcon.colcon_core.shell:Skip shell extension 'dsv' for command environment
[1.344s] DEBUG:colcon.colcon_core.event_handler.log_command:Invoking command in '/home/uiabot/uiabot_ws/build/robot_description': CMAKE_PREFIX_PATH=${CMAKE_PREFIX_PATH}:/home/uiabot/ros2_ws/install/robot_keyboard_control:/home/uiabot/ros2_ws/install/my_publisher_package:/home/uiabot/ros2_ws/install/my_listener_package:/home/uiabot/ros2_ws/install/esp32_com:/opt/ros/jazzy DEBUGINFOD_URLS=https://debuginfod.ubuntu.com /usr/bin/cmake /home/uiabot/uiabot_ws/src/robot_description -DCMAKE_INSTALL_PREFIX=/home/uiabot/uiabot_ws/install/robot_description
[2.428s] DEBUG:colcon.colcon_core.event_handler.log_command:Invoking command in '/home/uiabot/uiabot_ws/src/my_listener_package': DEBUGINFOD_URLS=https://debuginfod.ubuntu.com PYTHONPATH=/home/uiabot/uiabot_ws/build/my_listener_package/prefix_override:/usr/lib/python3/dist-packages/colcon_core/task/python/colcon_distutils_commands:/home/uiabot/uiabot_ws/install/my_listener_package/lib/python3.12/site-packages:${PYTHONPATH} /usr/bin/python3 -W ignore:setup.py install is deprecated setup.py egg_info --egg-base ../../build/my_listener_package build --build-base /home/uiabot/uiabot_ws/build/my_listener_package/build install --record /home/uiabot/uiabot_ws/build/my_listener_package/install.log --single-version-externally-managed install_data
[2.443s] DEBUG:colcon.colcon_core.event_handler.log_command:Invoking command in '/home/uiabot/uiabot_ws/src/lidar_package': DEBUGINFOD_URLS=https://debuginfod.ubuntu.com PYTHONPATH=/home/uiabot/uiabot_ws/build/lidar_package/prefix_override:/usr/lib/python3/dist-packages/colcon_core/task/python/colcon_distutils_commands:/home/uiabot/uiabot_ws/install/lidar_package/lib/python3.12/site-packages:${PYTHONPATH} /usr/bin/python3 -W ignore:setup.py install is deprecated setup.py egg_info --egg-base ../../build/lidar_package build --build-base /home/uiabot/uiabot_ws/build/lidar_package/build install --record /home/uiabot/uiabot_ws/build/lidar_package/install.log --single-version-externally-managed install_data
[2.462s] DEBUG:colcon.colcon_core.event_handler.log_command:Invoking command in '/home/uiabot/uiabot_ws/src/my_publisher_package': DEBUGINFOD_URLS=https://debuginfod.ubuntu.com PYTHONPATH=/home/uiabot/uiabot_ws/build/my_publisher_package/prefix_override:/usr/lib/python3/dist-packages/colcon_core/task/python/colcon_distutils_commands:/home/uiabot/uiabot_ws/install/my_publisher_package/lib/python3.12/site-packages:${PYTHONPATH} /usr/bin/python3 -W ignore:setup.py install is deprecated setup.py egg_info --egg-base ../../build/my_publisher_package build --build-base /home/uiabot/uiabot_ws/build/my_publisher_package/build install --record /home/uiabot/uiabot_ws/build/my_publisher_package/install.log --single-version-externally-managed install_data
[3.538s] DEBUG:colcon.colcon_core.event_handler.log_command:Invoked command in '/home/uiabot/uiabot_ws/src/lidar_package' returned '0': DEBUGINFOD_URLS=https://debuginfod.ubuntu.com PYTHONPATH=/home/uiabot/uiabot_ws/build/lidar_package/prefix_override:/usr/lib/python3/dist-packages/colcon_core/task/python/colcon_distutils_commands:/home/uiabot/uiabot_ws/install/lidar_package/lib/python3.12/site-packages:${PYTHONPATH} /usr/bin/python3 -W ignore:setup.py install is deprecated setup.py egg_info --egg-base ../../build/lidar_package build --build-base /home/uiabot/uiabot_ws/build/lidar_package/build install --record /home/uiabot/uiabot_ws/build/lidar_package/install.log --single-version-externally-managed install_data
[3.544s] Level 1:colcon.colcon_core.environment:checking '/home/uiabot/uiabot_ws/install/lidar_package' for CMake module files
[3.546s] Level 1:colcon.colcon_core.environment:checking '/home/uiabot/uiabot_ws/install/lidar_package' for CMake config files
[3.547s] Level 1:colcon.colcon_core.environment:checking '/home/uiabot/uiabot_ws/install/lidar_package/lib'
[3.547s] Level 1:colcon.colcon_core.environment:checking '/home/uiabot/uiabot_ws/install/lidar_package/bin'
[3.547s] Level 1:colcon.colcon_core.environment:checking '/home/uiabot/uiabot_ws/install/lidar_package/lib/pkgconfig/lidar_package.pc'
[3.548s] Level 1:colcon.colcon_core.environment:checking '/home/uiabot/uiabot_ws/install/lidar_package/lib/python3.12/site-packages'
[3.548s] Level 1:colcon.colcon_core.shell:create_environment_hook('lidar_package', 'pythonpath')
[3.549s] INFO:colcon.colcon_core.shell:Creating environment hook '/home/uiabot/uiabot_ws/install/lidar_package/share/lidar_package/hook/pythonpath.ps1'
[3.549s] INFO:colcon.colcon_core.shell:Creating environment descriptor '/home/uiabot/uiabot_ws/install/lidar_package/share/lidar_package/hook/pythonpath.dsv'
[3.550s] INFO:colcon.colcon_core.shell:Creating environment hook '/home/uiabot/uiabot_ws/install/lidar_package/share/lidar_package/hook/pythonpath.sh'
[3.551s] Level 1:colcon.colcon_core.environment:checking '/home/uiabot/uiabot_ws/install/lidar_package/bin'
[3.551s] Level 1:colcon.colcon_core.environment:create_environment_scripts_only(lidar_package)
[3.552s] INFO:colcon.colcon_core.shell:Creating package script '/home/uiabot/uiabot_ws/install/lidar_package/share/lidar_package/package.ps1'
[3.553s] INFO:colcon.colcon_core.shell:Creating package descriptor '/home/uiabot/uiabot_ws/install/lidar_package/share/lidar_package/package.dsv'
[3.554s] INFO:colcon.colcon_core.shell:Creating package script '/home/uiabot/uiabot_ws/install/lidar_package/share/lidar_package/package.sh'
[3.555s] INFO:colcon.colcon_core.shell:Creating package script '/home/uiabot/uiabot_ws/install/lidar_package/share/lidar_package/package.bash'
[3.556s] INFO:colcon.colcon_core.shell:Creating package script '/home/uiabot/uiabot_ws/install/lidar_package/share/lidar_package/package.zsh'
[3.556s] Level 1:colcon.colcon_core.environment:create_file_with_runtime_dependencies(/home/uiabot/uiabot_ws/install/lidar_package/share/colcon-core/packages/lidar_package)
[3.558s] Level 1:colcon.colcon_core.environment:checking '/home/uiabot/uiabot_ws/install/my_publisher_package' for CMake module files
[3.559s] DEBUG:colcon.colcon_core.event_handler.log_command:Invoked command in '/home/uiabot/uiabot_ws/src/my_publisher_package' returned '0': DEBUGINFOD_URLS=https://debuginfod.ubuntu.com PYTHONPATH=/home/uiabot/uiabot_ws/build/my_publisher_package/prefix_override:/usr/lib/python3/dist-packages/colcon_core/task/python/colcon_distutils_commands:/home/uiabot/uiabot_ws/install/my_publisher_package/lib/python3.12/site-packages:${PYTHONPATH} /usr/bin/python3 -W ignore:setup.py install is deprecated setup.py egg_info --egg-base ../../build/my_publisher_package build --build-base /home/uiabot/uiabot_ws/build/my_publisher_package/build install --record /home/uiabot/uiabot_ws/build/my_publisher_package/install.log --single-version-externally-managed install_data
[3.560s] Level 1:colcon.colcon_core.environment:checking '/home/uiabot/uiabot_ws/install/my_publisher_package' for CMake config files
[3.560s] Level 1:colcon.colcon_core.environment:checking '/home/uiabot/uiabot_ws/install/my_publisher_package/lib'
[3.560s] Level 1:colcon.colcon_core.environment:checking '/home/uiabot/uiabot_ws/install/my_publisher_package/bin'
[3.561s] Level 1:colcon.colcon_core.environment:checking '/home/uiabot/uiabot_ws/install/my_publisher_package/lib/pkgconfig/my_publisher_package.pc'
[3.561s] Level 1:colcon.colcon_core.environment:checking '/home/uiabot/uiabot_ws/install/my_publisher_package/lib/python3.12/site-packages'
[3.561s] Level 1:colcon.colcon_core.shell:create_environment_hook('my_publisher_package', 'pythonpath')
[3.561s] INFO:colcon.colcon_core.shell:Creating environment hook '/home/uiabot/uiabot_ws/install/my_publisher_package/share/my_publisher_package/hook/pythonpath.ps1'
[3.562s] INFO:colcon.colcon_core.shell:Creating environment descriptor '/home/uiabot/uiabot_ws/install/my_publisher_package/share/my_publisher_package/hook/pythonpath.dsv'
[3.562s] INFO:colcon.colcon_core.shell:Creating environment hook '/home/uiabot/uiabot_ws/install/my_publisher_package/share/my_publisher_package/hook/pythonpath.sh'
[3.563s] Level 1:colcon.colcon_core.environment:checking '/home/uiabot/uiabot_ws/install/my_publisher_package/bin'
[3.563s] Level 1:colcon.colcon_core.environment:create_environment_scripts_only(my_publisher_package)
[3.563s] INFO:colcon.colcon_core.shell:Creating package script '/home/uiabot/uiabot_ws/install/my_publisher_package/share/my_publisher_package/package.ps1'
[3.564s] INFO:colcon.colcon_core.shell:Creating package descriptor '/home/uiabot/uiabot_ws/install/my_publisher_package/share/my_publisher_package/package.dsv'
[3.564s] INFO:colcon.colcon_core.shell:Creating package script '/home/uiabot/uiabot_ws/install/my_publisher_package/share/my_publisher_package/package.sh'
[3.565s] INFO:colcon.colcon_core.shell:Creating package script '/home/uiabot/uiabot_ws/install/my_publisher_package/share/my_publisher_package/package.bash'
[3.565s] INFO:colcon.colcon_core.shell:Creating package script '/home/uiabot/uiabot_ws/install/my_publisher_package/share/my_publisher_package/package.zsh'
[3.565s] Level 1:colcon.colcon_core.environment:create_file_with_runtime_dependencies(/home/uiabot/uiabot_ws/install/my_publisher_package/share/colcon-core/packages/my_publisher_package)
[3.566s] Level 1:colcon.colcon_core.environment:checking '/home/uiabot/uiabot_ws/install/my_listener_package' for CMake module files
[3.567s] DEBUG:colcon.colcon_core.event_handler.log_command:Invoked command in '/home/uiabot/uiabot_ws/src/my_listener_package' returned '0': DEBUGINFOD_URLS=https://debuginfod.ubuntu.com PYTHONPATH=/home/uiabot/uiabot_ws/build/my_listener_package/prefix_override:/usr/lib/python3/dist-packages/colcon_core/task/python/colcon_distutils_commands:/home/uiabot/uiabot_ws/install/my_listener_package/lib/python3.12/site-packages:${PYTHONPATH} /usr/bin/python3 -W ignore:setup.py install is deprecated setup.py egg_info --egg-base ../../build/my_listener_package build --build-base /home/uiabot/uiabot_ws/build/my_listener_package/build install --record /home/uiabot/uiabot_ws/build/my_listener_package/install.log --single-version-externally-managed install_data
[3.567s] Level 1:colcon.colcon_core.environment:checking '/home/uiabot/uiabot_ws/install/my_listener_package' for CMake config files
[3.568s] Level 1:colcon.colcon_core.environment:checking '/home/uiabot/uiabot_ws/install/my_listener_package/lib'
[3.568s] Level 1:colcon.colcon_core.environment:checking '/home/uiabot/uiabot_ws/install/my_listener_package/bin'
[3.568s] Level 1:colcon.colcon_core.environment:checking '/home/uiabot/uiabot_ws/install/my_listener_package/lib/pkgconfig/my_listener_package.pc'
[3.569s] Level 1:colcon.colcon_core.environment:checking '/home/uiabot/uiabot_ws/install/my_listener_package/lib/python3.12/site-packages'
[3.569s] Level 1:colcon.colcon_core.shell:create_environment_hook('my_listener_package', 'pythonpath')
[3.569s] INFO:colcon.colcon_core.shell:Creating environment hook '/home/uiabot/uiabot_ws/install/my_listener_package/share/my_listener_package/hook/pythonpath.ps1'
[3.570s] INFO:colcon.colcon_core.shell:Creating environment descriptor '/home/uiabot/uiabot_ws/install/my_listener_package/share/my_listener_package/hook/pythonpath.dsv'
[3.570s] INFO:colcon.colcon_core.shell:Creating environment hook '/home/uiabot/uiabot_ws/install/my_listener_package/share/my_listener_package/hook/pythonpath.sh'
[3.571s] Level 1:colcon.colcon_core.environment:checking '/home/uiabot/uiabot_ws/install/my_listener_package/bin'
[3.571s] Level 1:colcon.colcon_core.environment:create_environment_scripts_only(my_listener_package)
[3.572s] INFO:colcon.colcon_core.shell:Creating package script '/home/uiabot/uiabot_ws/install/my_listener_package/share/my_listener_package/package.ps1'
[3.573s] INFO:colcon.colcon_core.shell:Creating package descriptor '/home/uiabot/uiabot_ws/install/my_listener_package/share/my_listener_package/package.dsv'
[3.573s] INFO:colcon.colcon_core.shell:Creating package script '/home/uiabot/uiabot_ws/install/my_listener_package/share/my_listener_package/package.sh'
[3.574s] INFO:colcon.colcon_core.shell:Creating package script '/home/uiabot/uiabot_ws/install/my_listener_package/share/my_listener_package/package.bash'
[3.574s] INFO:colcon.colcon_core.shell:Creating package script '/home/uiabot/uiabot_ws/install/my_listener_package/share/my_listener_package/package.zsh'
[3.575s] Level 1:colcon.colcon_core.environment:create_file_with_runtime_dependencies(/home/uiabot/uiabot_ws/install/my_listener_package/share/colcon-core/packages/my_listener_package)
[3.907s] DEBUG:colcon.colcon_core.event_handler.log_command:Invoked command in '/home/uiabot/uiabot_ws/build/robot_description' returned '0': CMAKE_PREFIX_PATH=${CMAKE_PREFIX_PATH}:/home/uiabot/ros2_ws/install/robot_keyboard_control:/home/uiabot/ros2_ws/install/my_publisher_package:/home/uiabot/ros2_ws/install/my_listener_package:/home/uiabot/ros2_ws/install/esp32_com:/opt/ros/jazzy DEBUGINFOD_URLS=https://debuginfod.ubuntu.com /usr/bin/cmake /home/uiabot/uiabot_ws/src/robot_description -DCMAKE_INSTALL_PREFIX=/home/uiabot/uiabot_ws/install/robot_description
[3.909s] DEBUG:colcon.colcon_core.event_handler.log_command:Invoking command in '/home/uiabot/uiabot_ws/build/robot_description': CMAKE_PREFIX_PATH=${CMAKE_PREFIX_PATH}:/home/uiabot/ros2_ws/install/robot_keyboard_control:/home/uiabot/ros2_ws/install/my_publisher_package:/home/uiabot/ros2_ws/install/my_listener_package:/home/uiabot/ros2_ws/install/esp32_com:/opt/ros/jazzy DEBUGINFOD_URLS=https://debuginfod.ubuntu.com /usr/bin/cmake --build /home/uiabot/uiabot_ws/build/robot_description -- -j4 -l4
[3.978s] DEBUG:colcon.colcon_core.event_handler.log_command:Invoked command in '/home/uiabot/uiabot_ws/build/robot_description' returned '0': CMAKE_PREFIX_PATH=${CMAKE_PREFIX_PATH}:/home/uiabot/ros2_ws/install/robot_keyboard_control:/home/uiabot/ros2_ws/install/my_publisher_package:/home/uiabot/ros2_ws/install/my_listener_package:/home/uiabot/ros2_ws/install/esp32_com:/opt/ros/jazzy DEBUGINFOD_URLS=https://debuginfod.ubuntu.com /usr/bin/cmake --build /home/uiabot/uiabot_ws/build/robot_description -- -j4 -l4
[4.028s] DEBUG:colcon.colcon_core.event_handler.log_command:Invoking command in '/home/uiabot/uiabot_ws/build/robot_description': CMAKE_PREFIX_PATH=${CMAKE_PREFIX_PATH}:/home/uiabot/ros2_ws/install/robot_keyboard_control:/home/uiabot/ros2_ws/install/my_publisher_package:/home/uiabot/ros2_ws/install/my_listener_package:/home/uiabot/ros2_ws/install/esp32_com:/opt/ros/jazzy DEBUGINFOD_URLS=https://debuginfod.ubuntu.com /usr/bin/cmake --install /home/uiabot/uiabot_ws/build/robot_description
[5.221s] Level 1:colcon.colcon_core.environment:create_environment_scripts_only(robot_description)
[5.222s] Level 1:colcon.colcon_core.environment:checking '/home/uiabot/uiabot_ws/install/robot_description' for CMake module files
[5.222s] DEBUG:colcon.colcon_core.event_handler.log_command:Invoked command in '/home/uiabot/uiabot_ws/build/robot_description' returned '0': CMAKE_PREFIX_PATH=${CMAKE_PREFIX_PATH}:/home/uiabot/ros2_ws/install/robot_keyboard_control:/home/uiabot/ros2_ws/install/my_publisher_package:/home/uiabot/ros2_ws/install/my_listener_package:/home/uiabot/ros2_ws/install/esp32_com:/opt/ros/jazzy DEBUGINFOD_URLS=https://debuginfod.ubuntu.com /usr/bin/cmake --install /home/uiabot/uiabot_ws/build/robot_description
[5.223s] Level 1:colcon.colcon_core.environment:checking '/home/uiabot/uiabot_ws/install/robot_description' for CMake config files
[5.223s] Level 1:colcon.colcon_core.shell:create_environment_hook('robot_description', 'cmake_prefix_path')
[5.224s] INFO:colcon.colcon_core.shell:Creating environment hook '/home/uiabot/uiabot_ws/install/robot_description/share/robot_description/hook/cmake_prefix_path.ps1'
[5.224s] INFO:colcon.colcon_core.shell:Creating environment descriptor '/home/uiabot/uiabot_ws/install/robot_description/share/robot_description/hook/cmake_prefix_path.dsv'
[5.225s] INFO:colcon.colcon_core.shell:Creating environment hook '/home/uiabot/uiabot_ws/install/robot_description/share/robot_description/hook/cmake_prefix_path.sh'
[5.225s] Level 1:colcon.colcon_core.environment:checking '/home/uiabot/uiabot_ws/install/robot_description/bin'
[5.225s] Level 1:colcon.colcon_core.environment:checking '/home/uiabot/uiabot_ws/install/robot_description/lib/pkgconfig/robot_description.pc'
[5.226s] Level 1:colcon.colcon_core.environment:checking '/home/uiabot/uiabot_ws/install/robot_description/lib/python3.12/site-packages'
[5.226s] Level 1:colcon.colcon_core.environment:checking '/home/uiabot/uiabot_ws/install/robot_description/bin'
[5.226s] INFO:colcon.colcon_core.shell:Creating package script '/home/uiabot/uiabot_ws/install/robot_description/share/robot_description/package.ps1'
[5.227s] INFO:colcon.colcon_core.shell:Creating package descriptor '/home/uiabot/uiabot_ws/install/robot_description/share/robot_description/package.dsv'
[5.227s] INFO:colcon.colcon_core.shell:Creating package script '/home/uiabot/uiabot_ws/install/robot_description/share/robot_description/package.sh'
[5.228s] INFO:colcon.colcon_core.shell:Creating package script '/home/uiabot/uiabot_ws/install/robot_description/share/robot_description/package.bash'
[5.228s] INFO:colcon.colcon_core.shell:Creating package script '/home/uiabot/uiabot_ws/install/robot_description/share/robot_description/package.zsh'
[5.228s] Level 1:colcon.colcon_core.environment:create_file_with_runtime_dependencies(/home/uiabot/uiabot_ws/install/robot_description/share/colcon-core/packages/robot_description)
[5.261s] Level 1:colcon.colcon_core.environment:create_environment_scripts_only(robot_description)
[5.261s] Level 1:colcon.colcon_core.environment:checking '/home/uiabot/uiabot_ws/install/robot_description' for CMake module files
[5.262s] Level 1:colcon.colcon_core.environment:checking '/home/uiabot/uiabot_ws/install/robot_description' for CMake config files
[5.263s] Level 1:colcon.colcon_core.shell:create_environment_hook('robot_description', 'cmake_prefix_path')
[5.263s] INFO:colcon.colcon_core.shell:Creating environment hook '/home/uiabot/uiabot_ws/install/robot_description/share/robot_description/hook/cmake_prefix_path.ps1'
[5.264s] INFO:colcon.colcon_core.shell:Creating environment descriptor '/home/uiabot/uiabot_ws/install/robot_description/share/robot_description/hook/cmake_prefix_path.dsv'
[5.265s] INFO:colcon.colcon_core.shell:Creating environment hook '/home/uiabot/uiabot_ws/install/robot_description/share/robot_description/hook/cmake_prefix_path.sh'
[5.266s] Level 1:colcon.colcon_core.environment:checking '/home/uiabot/uiabot_ws/install/robot_description/bin'
[5.266s] Level 1:colcon.colcon_core.environment:checking '/home/uiabot/uiabot_ws/install/robot_description/lib/pkgconfig/robot_description.pc'
[5.267s] Level 1:colcon.colcon_core.environment:checking '/home/uiabot/uiabot_ws/install/robot_description/lib/python3.12/site-packages'
[5.267s] Level 1:colcon.colcon_core.environment:checking '/home/uiabot/uiabot_ws/install/robot_description/bin'
[5.267s] INFO:colcon.colcon_core.shell:Creating package script '/home/uiabot/uiabot_ws/install/robot_description/share/robot_description/package.ps1'
[5.268s] INFO:colcon.colcon_core.shell:Creating package descriptor '/home/uiabot/uiabot_ws/install/robot_description/share/robot_description/package.dsv'
[5.269s] INFO:colcon.colcon_core.shell:Creating package script '/home/uiabot/uiabot_ws/install/robot_description/share/robot_description/package.sh'
[5.270s] INFO:colcon.colcon_core.shell:Creating package script '/home/uiabot/uiabot_ws/install/robot_description/share/robot_description/package.bash'
[5.270s] INFO:colcon.colcon_core.shell:Creating package script '/home/uiabot/uiabot_ws/install/robot_description/share/robot_description/package.zsh'
[5.271s] Level 1:colcon.colcon_core.environment:create_file_with_runtime_dependencies(/home/uiabot/uiabot_ws/install/robot_description/share/colcon-core/packages/robot_description)
[5.271s] DEBUG:colcon.colcon_parallel_executor.executor.parallel:closing loop
[5.272s] DEBUG:colcon.colcon_parallel_executor.executor.parallel:loop closed
[5.272s] DEBUG:colcon.colcon_parallel_executor.executor.parallel:run_until_complete finished with '0'
[5.272s] DEBUG:colcon.colcon_core.event_reactor:joining thread
[5.281s] INFO:colcon.colcon_core.plugin_system:Skipping extension 'colcon_notification.desktop_notification.terminal_notifier': Not used on non-Darwin systems
[5.281s] INFO:colcon.colcon_core.plugin_system:Skipping extension 'colcon_notification.desktop_notification.win32': Not used on non-Windows systems
[5.281s] INFO:colcon.colcon_notification.desktop_notification:Sending desktop notification using 'notify2'
[5.282s] DEBUG:colcon.colcon_notification.desktop_notification.notify2:Failed to initialize notify2: org.freedesktop.DBus.Error.ServiceUnknown: The name org.freedesktop.Notifications was not provided by any .service files
[5.283s] DEBUG:colcon.colcon_core.event_reactor:joined thread
[5.283s] INFO:colcon.colcon_core.shell:Creating prefix script '/home/uiabot/uiabot_ws/install/local_setup.ps1'
[5.284s] INFO:colcon.colcon_core.shell:Creating prefix util module '/home/uiabot/uiabot_ws/install/_local_setup_util_ps1.py'
[5.286s] INFO:colcon.colcon_core.shell:Creating prefix chain script '/home/uiabot/uiabot_ws/install/setup.ps1'
[5.287s] INFO:colcon.colcon_core.shell:Creating prefix script '/home/uiabot/uiabot_ws/install/local_setup.sh'
[5.288s] INFO:colcon.colcon_core.shell:Creating prefix util module '/home/uiabot/uiabot_ws/install/_local_setup_util_sh.py'
[5.288s] INFO:colcon.colcon_core.shell:Creating prefix chain script '/home/uiabot/uiabot_ws/install/setup.sh'
[5.290s] INFO:colcon.colcon_core.shell:Creating prefix script '/home/uiabot/uiabot_ws/install/local_setup.bash'
[5.290s] INFO:colcon.colcon_core.shell:Creating prefix chain script '/home/uiabot/uiabot_ws/install/setup.bash'
[5.292s] INFO:colcon.colcon_core.shell:Creating prefix script '/home/uiabot/uiabot_ws/install/local_setup.zsh'
[5.292s] INFO:colcon.colcon_core.shell:Creating prefix chain script '/home/uiabot/uiabot_ws/install/setup.zsh'
