running develop
/home/devtex/.local/lib/python3.10/site-packages/setuptools/command/develop.py:40: EasyInstallDeprecationWarning: easy_install command is deprecated.
!!

        ********************************************************************************
        Please avoid running ``setup.py`` and ``easy_install``.
        Instead, use pypa/build, pypa/installer or other
        standards-based tools.

        See https://github.com/pypa/setuptools/issues/917 for details.
        ********************************************************************************

!!
  easy_install.initialize_options(self)
running egg_info
writing lidar_package.egg-info/PKG-INFO
writing dependency_links to lidar_package.egg-info/dependency_links.txt
writing entry points to lidar_package.egg-info/entry_points.txt
writing requirements to lidar_package.egg-info/requires.txt
writing top-level names to lidar_package.egg-info/top_level.txt
reading manifest file 'lidar_package.egg-info/SOURCES.txt'
writing manifest file 'lidar_package.egg-info/SOURCES.txt'
running build_ext
Creating /home/devtex/uiabot_ws/install/lidar_package/lib/python3.10/site-packages/lidar-package.egg-link (link to .)
Installing lidar_node script to /home/devtex/uiabot_ws/install/lidar_package/lib/lidar_package

Installed /home/devtex/uiabot_ws/build/lidar_package
running symlink_data
symbolically linking /home/devtex/uiabot_ws/build/lidar_package/resource/lidar_package -> /home/devtex/uiabot_ws/install/lidar_package/share/ament_index/resource_index/packages
symbolically linking /home/devtex/uiabot_ws/build/lidar_package/package.xml -> /home/devtex/uiabot_ws/install/lidar_package/share/lidar_package
