[0.604s] Invoking command in '/home/devtex/uiabot_ws/build/lidar_package': PYTHONPATH=/home/devtex/uiabot_ws/build/lidar_package/prefix_override:/usr/lib/python3/dist-packages/colcon_core/task/python/colcon_distutils_commands:/home/devtex/uiabot_ws/install/lidar_package/lib/python3.10/site-packages:${PYTHONPATH} /usr/bin/python3 -W ignore:setup.py install is deprecated setup.py develop --editable --build-directory /home/devtex/uiabot_ws/build/lidar_package/build --no-deps symlink_data --force
[0.764s] running develop
[0.764s] /home/devtex/.local/lib/python3.10/site-packages/setuptools/command/develop.py:40: EasyInstallDeprecationWarning: easy_install command is deprecated.
[0.764s] !!
[0.764s] 
[0.764s]         ********************************************************************************
[0.764s]         Please avoid running ``setup.py`` and ``easy_install``.
[0.764s]         Instead, use pypa/build, pypa/installer or other
[0.764s]         standards-based tools.
[0.764s] 
[0.764s]         See https://github.com/pypa/setuptools/issues/917 for details.
[0.764s]         ********************************************************************************
[0.764s] 
[0.764s] !!
[0.764s]   easy_install.initialize_options(self)
[0.865s] running egg_info
[0.872s] writing lidar_package.egg-info/PKG-INFO
[0.872s] writing dependency_links to lidar_package.egg-info/dependency_links.txt
[0.872s] writing entry points to lidar_package.egg-info/entry_points.txt
[0.872s] writing requirements to lidar_package.egg-info/requires.txt
[0.872s] writing top-level names to lidar_package.egg-info/top_level.txt
[0.886s] reading manifest file 'lidar_package.egg-info/SOURCES.txt'
[0.887s] writing manifest file 'lidar_package.egg-info/SOURCES.txt'
[0.920s] running build_ext
[0.920s] Creating /home/devtex/uiabot_ws/install/lidar_package/lib/python3.10/site-packages/lidar-package.egg-link (link to .)
[0.921s] Installing lidar_node script to /home/devtex/uiabot_ws/install/lidar_package/lib/lidar_package
[0.921s] 
[0.921s] Installed /home/devtex/uiabot_ws/build/lidar_package
[0.921s] running symlink_data
[0.921s] symbolically linking /home/devtex/uiabot_ws/build/lidar_package/resource/lidar_package -> /home/devtex/uiabot_ws/install/lidar_package/share/ament_index/resource_index/packages
[0.921s] symbolically linking /home/devtex/uiabot_ws/build/lidar_package/package.xml -> /home/devtex/uiabot_ws/install/lidar_package/share/lidar_package
[0.938s] Invoked command in '/home/devtex/uiabot_ws/build/lidar_package' returned '0': PYTHONPATH=/home/devtex/uiabot_ws/build/lidar_package/prefix_override:/usr/lib/python3/dist-packages/colcon_core/task/python/colcon_distutils_commands:/home/devtex/uiabot_ws/install/lidar_package/lib/python3.10/site-packages:${PYTHONPATH} /usr/bin/python3 -W ignore:setup.py install is deprecated setup.py develop --editable --build-directory /home/devtex/uiabot_ws/build/lidar_package/build --no-deps symlink_data --force
