[0.008s] Invoking command in '/home/devtex/uiabot_ws/build/articubot_one': CMAKE_PREFIX_PATH=${CMAKE_PREFIX_PATH}:/home/devtex/interbotix_ws/install/interbotix_xs_modules:/home/devtex/interbotix_ws/install/interbotix_perception_modules:/home/devtex/interbotix_ws/install/interbotix_common_modules:/opt/ros/humble /usr/bin/cmake /home/devtex/uiabot_ws/src/uiabot/articubot_one -DCMAKE_INSTALL_PREFIX=/home/devtex/uiabot_ws/install/articubot_one
[0.037s] -- The C compiler identification is GNU 11.4.0
[0.066s] -- The CXX compiler identification is GNU 11.4.0
[0.071s] -- Detecting C compiler ABI info
[0.099s] -- Detecting C compiler ABI info - done
[0.103s] -- Check for working C compiler: /usr/lib/ccache/cc - skipped
[0.103s] -- Detecting C compile features
[0.103s] -- Detecting C compile features - done
[0.104s] -- Detecting CXX compiler ABI info
[0.138s] -- Detecting CXX compiler ABI info - done
[0.142s] -- Check for working CXX compiler: /usr/lib/ccache/c++ - skipped
[0.142s] -- Detecting CXX compile features
[0.142s] -- Detecting CXX compile features - done
[0.145s] -- Found ament_cmake: 1.3.10 (/opt/ros/humble/share/ament_cmake/cmake)
[0.317s] -- Found Python3: /usr/bin/python3 (found version "3.10.12") found components: Interpreter 
[0.376s] -- Found ament_lint_auto: 0.12.11 (/opt/ros/humble/share/ament_lint_auto/cmake)
[0.428s] -- Added test 'copyright' to check source files copyright and LICENSE
[0.431s] -- Added test 'flake8' to check Python code syntax and style conventions
[0.432s] -- Added test 'lint_cmake' to check CMake code style
[0.432s] -- Added test 'pep257' to check Python code against some of the docstring style conventions in PEP 257
[0.434s] -- Added test 'xmllint' to check XML markup files
[0.435s] -- Configuring done
[0.436s] -- Generating done
[0.436s] -- Build files have been written to: /home/devtex/uiabot_ws/build/articubot_one
[0.438s] Invoked command in '/home/devtex/uiabot_ws/build/articubot_one' returned '0': CMAKE_PREFIX_PATH=${CMAKE_PREFIX_PATH}:/home/devtex/interbotix_ws/install/interbotix_xs_modules:/home/devtex/interbotix_ws/install/interbotix_perception_modules:/home/devtex/interbotix_ws/install/interbotix_common_modules:/opt/ros/humble /usr/bin/cmake /home/devtex/uiabot_ws/src/uiabot/articubot_one -DCMAKE_INSTALL_PREFIX=/home/devtex/uiabot_ws/install/articubot_one
[0.440s] Invoking command in '/home/devtex/uiabot_ws/build/articubot_one': CMAKE_PREFIX_PATH=${CMAKE_PREFIX_PATH}:/home/devtex/interbotix_ws/install/interbotix_xs_modules:/home/devtex/interbotix_ws/install/interbotix_perception_modules:/home/devtex/interbotix_ws/install/interbotix_common_modules:/opt/ros/humble /usr/bin/cmake --build /home/devtex/uiabot_ws/build/articubot_one -- -j32 -l32
[0.458s] Invoked command in '/home/devtex/uiabot_ws/build/articubot_one' returned '0': CMAKE_PREFIX_PATH=${CMAKE_PREFIX_PATH}:/home/devtex/interbotix_ws/install/interbotix_xs_modules:/home/devtex/interbotix_ws/install/interbotix_perception_modules:/home/devtex/interbotix_ws/install/interbotix_common_modules:/opt/ros/humble /usr/bin/cmake --build /home/devtex/uiabot_ws/build/articubot_one -- -j32 -l32
[0.474s] Invoking command in '/home/devtex/uiabot_ws/build/articubot_one': CMAKE_PREFIX_PATH=${CMAKE_PREFIX_PATH}:/home/devtex/interbotix_ws/install/interbotix_xs_modules:/home/devtex/interbotix_ws/install/interbotix_perception_modules:/home/devtex/interbotix_ws/install/interbotix_common_modules:/opt/ros/humble /usr/bin/cmake --install /home/devtex/uiabot_ws/build/articubot_one
[0.477s] -- Install configuration: ""
[0.477s] -- Installing: /home/devtex/uiabot_ws/install/articubot_one/share/articubot_one/config
[0.477s] -- Installing: /home/devtex/uiabot_ws/install/articubot_one/share/articubot_one/config/joystick.yaml
[0.477s] -- Installing: /home/devtex/uiabot_ws/install/articubot_one/share/articubot_one/config/ball_tracker_params_sim.yaml
[0.477s] -- Installing: /home/devtex/uiabot_ws/install/articubot_one/share/articubot_one/config/my_controllers.yaml
[0.477s] -- Installing: /home/devtex/uiabot_ws/install/articubot_one/share/articubot_one/config/nav2_params.yaml
[0.477s] -- Installing: /home/devtex/uiabot_ws/install/articubot_one/share/articubot_one/config/gazebo_params.yaml
[0.477s] -- Installing: /home/devtex/uiabot_ws/install/articubot_one/share/articubot_one/config/twist_mux.yaml
[0.477s] -- Installing: /home/devtex/uiabot_ws/install/articubot_one/share/articubot_one/config/main.rviz
[0.477s] -- Installing: /home/devtex/uiabot_ws/install/articubot_one/share/articubot_one/config/view_bot.rviz
[0.477s] -- Installing: /home/devtex/uiabot_ws/install/articubot_one/share/articubot_one/config/mapper_params_online_async.yaml
[0.478s] -- Installing: /home/devtex/uiabot_ws/install/articubot_one/share/articubot_one/config/map.rviz
[0.478s] -- Installing: /home/devtex/uiabot_ws/install/articubot_one/share/articubot_one/config/gaz_ros2_ctl_use_sim.yaml
[0.478s] -- Installing: /home/devtex/uiabot_ws/install/articubot_one/share/articubot_one/config/empty.yaml
[0.478s] -- Installing: /home/devtex/uiabot_ws/install/articubot_one/share/articubot_one/config/drive_bot.rviz
[0.478s] -- Installing: /home/devtex/uiabot_ws/install/articubot_one/share/articubot_one/config/ball_tracker_params_robot.yaml
[0.478s] -- Installing: /home/devtex/uiabot_ws/install/articubot_one/share/articubot_one/description
[0.478s] -- Installing: /home/devtex/uiabot_ws/install/articubot_one/share/articubot_one/description/face.xacro
[0.478s] -- Installing: /home/devtex/uiabot_ws/install/articubot_one/share/articubot_one/description/ros2_control.xacro
[0.478s] -- Installing: /home/devtex/uiabot_ws/install/articubot_one/share/articubot_one/description/gazebo_control.xacro
[0.478s] -- Installing: /home/devtex/uiabot_ws/install/articubot_one/share/articubot_one/description/robot.urdf.xacro
[0.478s] -- Installing: /home/devtex/uiabot_ws/install/articubot_one/share/articubot_one/description/lidar.xacro
[0.478s] -- Installing: /home/devtex/uiabot_ws/install/articubot_one/share/articubot_one/description/robot_core.xacro
[0.478s] -- Installing: /home/devtex/uiabot_ws/install/articubot_one/share/articubot_one/description/inertial_macros.xacro
[0.478s] -- Installing: /home/devtex/uiabot_ws/install/articubot_one/share/articubot_one/description/camera.xacro
[0.478s] -- Installing: /home/devtex/uiabot_ws/install/articubot_one/share/articubot_one/description/depth_camera.xacro
[0.478s] -- Installing: /home/devtex/uiabot_ws/install/articubot_one/share/articubot_one/launch
[0.478s] -- Installing: /home/devtex/uiabot_ws/install/articubot_one/share/articubot_one/launch/launch_robot.launch.py
[0.478s] -- Installing: /home/devtex/uiabot_ws/install/articubot_one/share/articubot_one/launch/navigation_launch.py
[0.478s] -- Installing: /home/devtex/uiabot_ws/install/articubot_one/share/articubot_one/launch/rsp.launch.py
[0.478s] -- Installing: /home/devtex/uiabot_ws/install/articubot_one/share/articubot_one/launch/rplidar.launch.py
[0.478s] -- Installing: /home/devtex/uiabot_ws/install/articubot_one/share/articubot_one/launch/ball_tracker.launch.py
[0.479s] -- Installing: /home/devtex/uiabot_ws/install/articubot_one/share/articubot_one/launch/online_async_launch.py
[0.479s] -- Installing: /home/devtex/uiabot_ws/install/articubot_one/share/articubot_one/launch/joystick.launch.py
[0.479s] -- Installing: /home/devtex/uiabot_ws/install/articubot_one/share/articubot_one/launch/localization_launch.py
[0.479s] -- Installing: /home/devtex/uiabot_ws/install/articubot_one/share/articubot_one/launch/camera.launch.py
[0.479s] -- Installing: /home/devtex/uiabot_ws/install/articubot_one/share/articubot_one/launch/launch_sim.launch.py
[0.479s] -- Installing: /home/devtex/uiabot_ws/install/articubot_one/share/articubot_one/worlds
[0.479s] -- Installing: /home/devtex/uiabot_ws/install/articubot_one/share/articubot_one/worlds/empty.world
[0.479s] -- Installing: /home/devtex/uiabot_ws/install/articubot_one/share/articubot_one/worlds/obstacles.world
[0.479s] -- Installing: /home/devtex/uiabot_ws/install/articubot_one/share/ament_index/resource_index/package_run_dependencies/articubot_one
[0.479s] -- Installing: /home/devtex/uiabot_ws/install/articubot_one/share/ament_index/resource_index/parent_prefix_path/articubot_one
[0.479s] -- Installing: /home/devtex/uiabot_ws/install/articubot_one/share/articubot_one/environment/ament_prefix_path.sh
[0.479s] -- Installing: /home/devtex/uiabot_ws/install/articubot_one/share/articubot_one/environment/ament_prefix_path.dsv
[0.479s] -- Installing: /home/devtex/uiabot_ws/install/articubot_one/share/articubot_one/environment/path.sh
[0.479s] -- Installing: /home/devtex/uiabot_ws/install/articubot_one/share/articubot_one/environment/path.dsv
[0.480s] -- Installing: /home/devtex/uiabot_ws/install/articubot_one/share/articubot_one/local_setup.bash
[0.480s] -- Installing: /home/devtex/uiabot_ws/install/articubot_one/share/articubot_one/local_setup.sh
[0.480s] -- Installing: /home/devtex/uiabot_ws/install/articubot_one/share/articubot_one/local_setup.zsh
[0.480s] -- Installing: /home/devtex/uiabot_ws/install/articubot_one/share/articubot_one/local_setup.dsv
[0.480s] -- Installing: /home/devtex/uiabot_ws/install/articubot_one/share/articubot_one/package.dsv
[0.480s] -- Installing: /home/devtex/uiabot_ws/install/articubot_one/share/ament_index/resource_index/packages/articubot_one
[0.480s] -- Installing: /home/devtex/uiabot_ws/install/articubot_one/share/articubot_one/cmake/articubot_oneConfig.cmake
[0.480s] -- Installing: /home/devtex/uiabot_ws/install/articubot_one/share/articubot_one/cmake/articubot_oneConfig-version.cmake
[0.480s] -- Installing: /home/devtex/uiabot_ws/install/articubot_one/share/articubot_one/package.xml
[0.481s] Invoked command in '/home/devtex/uiabot_ws/build/articubot_one' returned '0': CMAKE_PREFIX_PATH=${CMAKE_PREFIX_PATH}:/home/devtex/interbotix_ws/install/interbotix_xs_modules:/home/devtex/interbotix_ws/install/interbotix_perception_modules:/home/devtex/interbotix_ws/install/interbotix_common_modules:/opt/ros/humble /usr/bin/cmake --install /home/devtex/uiabot_ws/build/articubot_one
