[2.695s] Invoking command in '/home/uiabot/uiabot_ws/src/launch_package': DEBUGINFOD_URLS=https://debuginfod.ubuntu.com PYTHONPATH=/home/uiabot/uiabot_ws/build/launch_package/prefix_override:/usr/lib/python3/dist-packages/colcon_core/task/python/colcon_distutils_commands:/home/uiabot/uiabot_ws/install/launch_package/lib/python3.12/site-packages:${PYTHONPATH} /usr/bin/python3 -W ignore:setup.py install is deprecated setup.py egg_info --egg-base ../../build/launch_package build --build-base /home/uiabot/uiabot_ws/build/launch_package/build install --record /home/uiabot/uiabot_ws/build/launch_package/install.log --single-version-externally-managed install_data
[3.190s] running egg_info
[3.192s] creating ../../build/launch_package/launch_package.egg-info
[3.222s] writing ../../build/launch_package/launch_package.egg-info/PKG-INFO
[3.225s] writing dependency_links to ../../build/launch_package/launch_package.egg-info/dependency_links.txt
[3.226s] writing requirements to ../../build/launch_package/launch_package.egg-info/requires.txt
[3.226s] writing top-level names to ../../build/launch_package/launch_package.egg-info/top_level.txt
[3.227s] writing manifest file '../../build/launch_package/launch_package.egg-info/SOURCES.txt'
[3.284s] reading manifest file '../../build/launch_package/launch_package.egg-info/SOURCES.txt'
[3.285s] writing manifest file '../../build/launch_package/launch_package.egg-info/SOURCES.txt'
[3.285s] running build
[3.285s] running build_py
[3.286s] creating /home/uiabot/uiabot_ws/build/launch_package/build
[3.286s] creating /home/uiabot/uiabot_ws/build/launch_package/build/lib
[3.286s] creating /home/uiabot/uiabot_ws/build/launch_package/build/lib/launch_package
[3.286s] copying launch_package/__init__.py -> /home/uiabot/uiabot_ws/build/launch_package/build/lib/launch_package
[3.288s] running install
[3.298s] running install_lib
[3.333s] creating /home/uiabot/uiabot_ws/install/launch_package/lib/python3.12/site-packages/launch_package
[3.333s] copying /home/uiabot/uiabot_ws/build/launch_package/build/lib/launch_package/__init__.py -> /home/uiabot/uiabot_ws/install/launch_package/lib/python3.12/site-packages/launch_package
[3.334s] byte-compiling /home/uiabot/uiabot_ws/install/launch_package/lib/python3.12/site-packages/launch_package/__init__.py to __init__.cpython-312.pyc
[3.334s] running install_data
[3.334s] creating /home/uiabot/uiabot_ws/install/launch_package/share/ament_index
[3.334s] creating /home/uiabot/uiabot_ws/install/launch_package/share/ament_index/resource_index
[3.334s] creating /home/uiabot/uiabot_ws/install/launch_package/share/ament_index/resource_index/packages
[3.334s] copying resource/launch_package -> /home/uiabot/uiabot_ws/install/launch_package/share/ament_index/resource_index/packages
[3.334s] copying package.xml -> /home/uiabot/uiabot_ws/install/launch_package/share/launch_package
[3.335s] creating /home/uiabot/uiabot_ws/install/launch_package/share/launch_package/launch
[3.335s] copying launch/robot_launch.py -> /home/uiabot/uiabot_ws/install/launch_package/share/launch_package/launch
[3.338s] running install_egg_info
[3.365s] Copying ../../build/launch_package/launch_package.egg-info to /home/uiabot/uiabot_ws/install/launch_package/lib/python3.12/site-packages/launch_package-0.0.0-py3.12.egg-info
[3.366s] running install_scripts
[3.682s] writing list of installed files to '/home/uiabot/uiabot_ws/build/launch_package/install.log'
[4.366s] Invoked command in '/home/uiabot/uiabot_ws/src/launch_package' returned '0': DEBUGINFOD_URLS=https://debuginfod.ubuntu.com PYTHONPATH=/home/uiabot/uiabot_ws/build/launch_package/prefix_override:/usr/lib/python3/dist-packages/colcon_core/task/python/colcon_distutils_commands:/home/uiabot/uiabot_ws/install/launch_package/lib/python3.12/site-packages:${PYTHONPATH} /usr/bin/python3 -W ignore:setup.py install is deprecated setup.py egg_info --egg-base ../../build/launch_package build --build-base /home/uiabot/uiabot_ws/build/launch_package/build install --record /home/uiabot/uiabot_ws/build/launch_package/install.log --single-version-externally-managed install_data
