[3.055s] Invoking command in '/home/uiabot/uiabot_ws/src/my_listener_package': DEBUGINFOD_URLS=https://debuginfod.ubuntu.com PYTHONPATH=/home/uiabot/uiabot_ws/build/my_listener_package/prefix_override:/usr/lib/python3/dist-packages/colcon_core/task/python/colcon_distutils_commands:/home/uiabot/uiabot_ws/install/my_listener_package/lib/python3.12/site-packages:${PYTHONPATH} /usr/bin/python3 -W ignore:setup.py install is deprecated setup.py egg_info --egg-base ../../build/my_listener_package build --build-base /home/uiabot/uiabot_ws/build/my_listener_package/build install --record /home/uiabot/uiabot_ws/build/my_listener_package/install.log --single-version-externally-managed install_data
[4.130s] running egg_info
[4.218s] writing ../../build/my_listener_package/my_listener_package.egg-info/PKG-INFO
[4.218s] writing dependency_links to ../../build/my_listener_package/my_listener_package.egg-info/dependency_links.txt
[4.220s] writing entry points to ../../build/my_listener_package/my_listener_package.egg-info/entry_points.txt
[4.221s] writing requirements to ../../build/my_listener_package/my_listener_package.egg-info/requires.txt
[4.223s] writing top-level names to ../../build/my_listener_package/my_listener_package.egg-info/top_level.txt
[4.374s] reading manifest file '../../build/my_listener_package/my_listener_package.egg-info/SOURCES.txt'
[4.381s] writing manifest file '../../build/my_listener_package/my_listener_package.egg-info/SOURCES.txt'
[4.384s] running build
[4.385s] running build_py
[4.385s] running install
[4.403s] running install_lib
[4.489s] running install_data
[4.495s] running install_egg_info
[4.576s] removing '/home/uiabot/uiabot_ws/install/my_listener_package/lib/python3.12/site-packages/my_listener_package-0.0.0-py3.12.egg-info' (and everything under it)
[4.578s] Copying ../../build/my_listener_package/my_listener_package.egg-info to /home/uiabot/uiabot_ws/install/my_listener_package/lib/python3.12/site-packages/my_listener_package-0.0.0-py3.12.egg-info
[4.583s] running install_scripts
[5.021s] Installing cmd_vel_listener script to /home/uiabot/uiabot_ws/install/my_listener_package/lib/my_listener_package
[5.023s] writing list of installed files to '/home/uiabot/uiabot_ws/build/my_listener_package/install.log'
[5.377s] Invoked command in '/home/uiabot/uiabot_ws/src/my_listener_package' returned '0': DEBUGINFOD_URLS=https://debuginfod.ubuntu.com PYTHONPATH=/home/uiabot/uiabot_ws/build/my_listener_package/prefix_override:/usr/lib/python3/dist-packages/colcon_core/task/python/colcon_distutils_commands:/home/uiabot/uiabot_ws/install/my_listener_package/lib/python3.12/site-packages:${PYTHONPATH} /usr/bin/python3 -W ignore:setup.py install is deprecated setup.py egg_info --egg-base ../../build/my_listener_package build --build-base /home/uiabot/uiabot_ws/build/my_listener_package/build install --record /home/uiabot/uiabot_ws/build/my_listener_package/install.log --single-version-externally-managed install_data
