[1.799s] Invoking command in '/home/uiabot/uiabot_ws/src/my_publisher_package': DEBUGINFOD_URLS=https://debuginfod.ubuntu.com PYTHONPATH=/home/uiabot/uiabot_ws/build/my_publisher_package/prefix_override:/usr/lib/python3/dist-packages/colcon_core/task/python/colcon_distutils_commands:/home/uiabot/uiabot_ws/install/my_publisher_package/lib/python3.12/site-packages:${PYTHONPATH} /usr/bin/python3 -W ignore:setup.py install is deprecated setup.py egg_info --egg-base ../../build/my_publisher_package build --build-base /home/uiabot/uiabot_ws/build/my_publisher_package/build install --record /home/uiabot/uiabot_ws/build/my_publisher_package/install.log --single-version-externally-managed install_data
[2.189s] running egg_info
[2.214s] writing ../../build/my_publisher_package/my_publisher_package.egg-info/PKG-INFO
[2.215s] writing dependency_links to ../../build/my_publisher_package/my_publisher_package.egg-info/dependency_links.txt
[2.216s] writing entry points to ../../build/my_publisher_package/my_publisher_package.egg-info/entry_points.txt
[2.217s] writing requirements to ../../build/my_publisher_package/my_publisher_package.egg-info/requires.txt
[2.217s] writing top-level names to ../../build/my_publisher_package/my_publisher_package.egg-info/top_level.txt
[2.270s] reading manifest file '../../build/my_publisher_package/my_publisher_package.egg-info/SOURCES.txt'
[2.271s] writing manifest file '../../build/my_publisher_package/my_publisher_package.egg-info/SOURCES.txt'
[2.272s] running build
[2.272s] running build_py
[2.272s] running install
[2.282s] running install_lib
[2.308s] running install_data
[2.309s] running install_egg_info
[2.338s] removing '/home/uiabot/uiabot_ws/install/my_publisher_package/lib/python3.12/site-packages/my_publisher_package-0.0.0-py3.12.egg-info' (and everything under it)
[2.338s] Copying ../../build/my_publisher_package/my_publisher_package.egg-info to /home/uiabot/uiabot_ws/install/my_publisher_package/lib/python3.12/site-packages/my_publisher_package-0.0.0-py3.12.egg-info
[2.339s] running install_scripts
[2.529s] Installing cmd_vel_publisher script to /home/uiabot/uiabot_ws/install/my_publisher_package/lib/my_publisher_package
[2.530s] writing list of installed files to '/home/uiabot/uiabot_ws/build/my_publisher_package/install.log'
[2.653s] Invoked command in '/home/uiabot/uiabot_ws/src/my_publisher_package' returned '0': DEBUGINFOD_URLS=https://debuginfod.ubuntu.com PYTHONPATH=/home/uiabot/uiabot_ws/build/my_publisher_package/prefix_override:/usr/lib/python3/dist-packages/colcon_core/task/python/colcon_distutils_commands:/home/uiabot/uiabot_ws/install/my_publisher_package/lib/python3.12/site-packages:${PYTHONPATH} /usr/bin/python3 -W ignore:setup.py install is deprecated setup.py egg_info --egg-base ../../build/my_publisher_package build --build-base /home/uiabot/uiabot_ws/build/my_publisher_package/build install --record /home/uiabot/uiabot_ws/build/my_publisher_package/install.log --single-version-externally-managed install_data
