[0.806s] Invoking command in '/home/devtex/uiabot_ws/src/my_publisher_package': PYTHONPATH=/home/devtex/uiabot_ws/build/my_publisher_package/prefix_override:/usr/lib/python3/dist-packages/colcon_core/task/python/colcon_distutils_commands:/home/devtex/uiabot_ws/install/my_publisher_package/lib/python3.10/site-packages:${PYTHONPATH} /usr/bin/python3 -W ignore:setup.py install is deprecated setup.py egg_info --egg-base ../../build/my_publisher_package build --build-base /home/devtex/uiabot_ws/build/my_publisher_package/build install --record /home/devtex/uiabot_ws/build/my_publisher_package/install.log --single-version-externally-managed install_data
[0.992s] running egg_info
[0.993s] creating ../../build/my_publisher_package/my_publisher_package.egg-info
[1.000s] writing ../../build/my_publisher_package/my_publisher_package.egg-info/PKG-INFO
[1.000s] writing dependency_links to ../../build/my_publisher_package/my_publisher_package.egg-info/dependency_links.txt
[1.000s] writing entry points to ../../build/my_publisher_package/my_publisher_package.egg-info/entry_points.txt
[1.000s] writing requirements to ../../build/my_publisher_package/my_publisher_package.egg-info/requires.txt
[1.000s] writing top-level names to ../../build/my_publisher_package/my_publisher_package.egg-info/top_level.txt
[1.000s] writing manifest file '../../build/my_publisher_package/my_publisher_package.egg-info/SOURCES.txt'
[1.014s] reading manifest file '../../build/my_publisher_package/my_publisher_package.egg-info/SOURCES.txt'
[1.014s] writing manifest file '../../build/my_publisher_package/my_publisher_package.egg-info/SOURCES.txt'
[1.014s] running build
[1.014s] running build_py
[1.014s] creating /home/devtex/uiabot_ws/build/my_publisher_package/build
[1.015s] creating /home/devtex/uiabot_ws/build/my_publisher_package/build/lib
[1.015s] creating /home/devtex/uiabot_ws/build/my_publisher_package/build/lib/my_publisher_package
[1.015s] copying my_publisher_package/cmd_vel_publisher.py -> /home/devtex/uiabot_ws/build/my_publisher_package/build/lib/my_publisher_package
[1.015s] copying my_publisher_package/__init__.py -> /home/devtex/uiabot_ws/build/my_publisher_package/build/lib/my_publisher_package
[1.015s] running install
[1.017s] running install_lib
[1.024s] creating /home/devtex/uiabot_ws/install/my_publisher_package/lib/python3.10/site-packages/my_publisher_package
[1.024s] copying /home/devtex/uiabot_ws/build/my_publisher_package/build/lib/my_publisher_package/cmd_vel_publisher.py -> /home/devtex/uiabot_ws/install/my_publisher_package/lib/python3.10/site-packages/my_publisher_package
[1.024s] copying /home/devtex/uiabot_ws/build/my_publisher_package/build/lib/my_publisher_package/__init__.py -> /home/devtex/uiabot_ws/install/my_publisher_package/lib/python3.10/site-packages/my_publisher_package
[1.024s] byte-compiling /home/devtex/uiabot_ws/install/my_publisher_package/lib/python3.10/site-packages/my_publisher_package/cmd_vel_publisher.py to cmd_vel_publisher.cpython-310.pyc
[1.025s] byte-compiling /home/devtex/uiabot_ws/install/my_publisher_package/lib/python3.10/site-packages/my_publisher_package/__init__.py to __init__.cpython-310.pyc
[1.025s] running install_data
[1.025s] creating /home/devtex/uiabot_ws/install/my_publisher_package/share/ament_index
[1.025s] creating /home/devtex/uiabot_ws/install/my_publisher_package/share/ament_index/resource_index
[1.025s] creating /home/devtex/uiabot_ws/install/my_publisher_package/share/ament_index/resource_index/packages
[1.025s] copying resource/my_publisher_package -> /home/devtex/uiabot_ws/install/my_publisher_package/share/ament_index/resource_index/packages
[1.025s] copying package.xml -> /home/devtex/uiabot_ws/install/my_publisher_package/share/my_publisher_package
[1.025s] running install_egg_info
[1.032s] Copying ../../build/my_publisher_package/my_publisher_package.egg-info to /home/devtex/uiabot_ws/install/my_publisher_package/lib/python3.10/site-packages/my_publisher_package-0.0.0-py3.10.egg-info
[1.032s] running install_scripts
[1.060s] Installing cmd_vel_publisher script to /home/devtex/uiabot_ws/install/my_publisher_package/lib/my_publisher_package
[1.060s] writing list of installed files to '/home/devtex/uiabot_ws/build/my_publisher_package/install.log'
[1.082s] Invoked command in '/home/devtex/uiabot_ws/src/my_publisher_package' returned '0': PYTHONPATH=/home/devtex/uiabot_ws/build/my_publisher_package/prefix_override:/usr/lib/python3/dist-packages/colcon_core/task/python/colcon_distutils_commands:/home/devtex/uiabot_ws/install/my_publisher_package/lib/python3.10/site-packages:${PYTHONPATH} /usr/bin/python3 -W ignore:setup.py install is deprecated setup.py egg_info --egg-base ../../build/my_publisher_package build --build-base /home/devtex/uiabot_ws/build/my_publisher_package/build install --record /home/devtex/uiabot_ws/build/my_publisher_package/install.log --single-version-externally-managed install_data
