[0.165s] DEBUG:colcon:Command line arguments: ['/usr/bin/colcon', 'build']
[0.165s] DEBUG:colcon:Parsed command line arguments: Namespace(log_base=None, log_level=None, verb_name='build', build_base='build', install_base='install', merge_install=False, symlink_install=False, test_result_base=None, continue_on_error=False, executor='parallel', parallel_workers=4, event_handlers=None, ignore_user_meta=False, metas=['./colcon.meta'], base_paths=['.'], packages_ignore=None, packages_ignore_regex=None, paths=None, packages_up_to=None, packages_up_to_regex=None, packages_above=None, packages_above_and_dependencies=None, packages_above_depth=None, packages_select_by_dep=None, packages_skip_by_dep=None, packages_skip_up_to=None, packages_select_build_failed=False, packages_skip_build_finished=False, packages_select_test_failures=False, packages_skip_test_passed=False, packages_select=None, packages_skip=None, packages_select_regex=None, packages_skip_regex=None, packages_start=None, packages_end=None, allow_overriding=[], cmake_args=None, cmake_target=None, cmake_target_skip_unavailable=False, cmake_clean_cache=False, cmake_clean_first=False, cmake_force_configure=False, ament_cmake_args=None, catkin_cmake_args=None, catkin_skip_building_tests=False, mixin_files=None, mixin=None, verb_parser=<colcon_mixin.mixin.mixin_argument.MixinArgumentDecorator object at 0xffff88a2afc0>, verb_extension=<colcon_core.verb.build.BuildVerb object at 0xffff88b95e20>, main=<bound method BuildVerb.main of <colcon_core.verb.build.BuildVerb object at 0xffff88b95e20>>, mixin_verb=('build',))
[0.220s] Level 1:colcon.colcon_core.package_discovery:discover_packages(colcon_meta) check parameters
[0.220s] Level 1:colcon.colcon_core.package_discovery:discover_packages(recursive) check parameters
[0.221s] Level 1:colcon.colcon_core.package_discovery:discover_packages(ignore) check parameters
[0.221s] Level 1:colcon.colcon_core.package_discovery:discover_packages(path) check parameters
[0.221s] Level 1:colcon.colcon_core.package_discovery:discover_packages(colcon_meta) discover
[0.221s] Level 1:colcon.colcon_core.package_discovery:discover_packages(recursive) discover
[0.221s] INFO:colcon.colcon_core.package_discovery:Crawling recursively for packages in '/home/uiabot/uiabot_ws'
[0.221s] Level 1:colcon.colcon_core.package_identification:_identify(.) by extensions ['ignore', 'ignore_ament_install']
[0.221s] Level 1:colcon.colcon_core.package_identification:_identify(.) by extension 'ignore'
[0.221s] Level 1:colcon.colcon_core.package_identification:_identify(.) by extension 'ignore_ament_install'
[0.221s] Level 1:colcon.colcon_core.package_identification:_identify(.) by extensions ['colcon_pkg']
[0.221s] Level 1:colcon.colcon_core.package_identification:_identify(.) by extension 'colcon_pkg'
[0.221s] Level 1:colcon.colcon_core.package_identification:_identify(.) by extensions ['colcon_meta']
[0.221s] Level 1:colcon.colcon_core.package_identification:_identify(.) by extension 'colcon_meta'
[0.221s] Level 1:colcon.colcon_core.package_identification:_identify(.) by extensions ['ros']
[0.221s] Level 1:colcon.colcon_core.package_identification:_identify(.) by extension 'ros'
[0.265s] Level 1:colcon.colcon_core.package_identification:_identify(.) by extensions ['cmake', 'python']
[0.265s] Level 1:colcon.colcon_core.package_identification:_identify(.) by extension 'cmake'
[0.265s] Level 1:colcon.colcon_core.package_identification:_identify(.) by extension 'python'
[0.266s] Level 1:colcon.colcon_core.package_identification:_identify(.) by extensions ['python_setup_py']
[0.266s] Level 1:colcon.colcon_core.package_identification:_identify(.) by extension 'python_setup_py'
[0.266s] Level 1:colcon.colcon_core.package_identification:_identify(build) by extensions ['ignore', 'ignore_ament_install']
[0.266s] Level 1:colcon.colcon_core.package_identification:_identify(build) by extension 'ignore'
[0.266s] Level 1:colcon.colcon_core.package_identification:_identify(build) ignored
[0.266s] Level 1:colcon.colcon_core.package_identification:_identify(install) by extensions ['ignore', 'ignore_ament_install']
[0.266s] Level 1:colcon.colcon_core.package_identification:_identify(install) by extension 'ignore'
[0.266s] Level 1:colcon.colcon_core.package_identification:_identify(install) ignored
[0.266s] Level 1:colcon.colcon_core.package_identification:_identify(log) by extensions ['ignore', 'ignore_ament_install']
[0.266s] Level 1:colcon.colcon_core.package_identification:_identify(log) by extension 'ignore'
[0.267s] Level 1:colcon.colcon_core.package_identification:_identify(log) ignored
[0.267s] Level 1:colcon.colcon_core.package_identification:_identify(src) by extensions ['ignore', 'ignore_ament_install']
[0.267s] Level 1:colcon.colcon_core.package_identification:_identify(src) by extension 'ignore'
[0.267s] Level 1:colcon.colcon_core.package_identification:_identify(src) by extension 'ignore_ament_install'
[0.267s] Level 1:colcon.colcon_core.package_identification:_identify(src) by extensions ['colcon_pkg']
[0.267s] Level 1:colcon.colcon_core.package_identification:_identify(src) by extension 'colcon_pkg'
[0.267s] Level 1:colcon.colcon_core.package_identification:_identify(src) by extensions ['colcon_meta']
[0.267s] Level 1:colcon.colcon_core.package_identification:_identify(src) by extension 'colcon_meta'
[0.267s] Level 1:colcon.colcon_core.package_identification:_identify(src) by extensions ['ros']
[0.267s] Level 1:colcon.colcon_core.package_identification:_identify(src) by extension 'ros'
[0.267s] Level 1:colcon.colcon_core.package_identification:_identify(src) by extensions ['cmake', 'python']
[0.267s] Level 1:colcon.colcon_core.package_identification:_identify(src) by extension 'cmake'
[0.267s] Level 1:colcon.colcon_core.package_identification:_identify(src) by extension 'python'
[0.267s] Level 1:colcon.colcon_core.package_identification:_identify(src) by extensions ['python_setup_py']
[0.267s] Level 1:colcon.colcon_core.package_identification:_identify(src) by extension 'python_setup_py'
[0.267s] Level 1:colcon.colcon_core.package_identification:_identify(src/joint_states_publisher) by extensions ['ignore', 'ignore_ament_install']
[0.267s] Level 1:colcon.colcon_core.package_identification:_identify(src/joint_states_publisher) by extension 'ignore'
[0.268s] Level 1:colcon.colcon_core.package_identification:_identify(src/joint_states_publisher) by extension 'ignore_ament_install'
[0.268s] Level 1:colcon.colcon_core.package_identification:_identify(src/joint_states_publisher) by extensions ['colcon_pkg']
[0.268s] Level 1:colcon.colcon_core.package_identification:_identify(src/joint_states_publisher) by extension 'colcon_pkg'
[0.268s] Level 1:colcon.colcon_core.package_identification:_identify(src/joint_states_publisher) by extensions ['colcon_meta']
[0.268s] Level 1:colcon.colcon_core.package_identification:_identify(src/joint_states_publisher) by extension 'colcon_meta'
[0.268s] Level 1:colcon.colcon_core.package_identification:_identify(src/joint_states_publisher) by extensions ['ros']
[0.268s] Level 1:colcon.colcon_core.package_identification:_identify(src/joint_states_publisher) by extension 'ros'
[0.271s] DEBUG:colcon.colcon_core.package_identification:Package 'src/joint_states_publisher' with type 'ros.ament_cmake' and name 'joint_states_publisher'
[0.272s] Level 1:colcon.colcon_core.package_identification:_identify(src/launch_package) by extensions ['ignore', 'ignore_ament_install']
[0.272s] Level 1:colcon.colcon_core.package_identification:_identify(src/launch_package) by extension 'ignore'
[0.272s] Level 1:colcon.colcon_core.package_identification:_identify(src/launch_package) by extension 'ignore_ament_install'
[0.272s] Level 1:colcon.colcon_core.package_identification:_identify(src/launch_package) by extensions ['colcon_pkg']
[0.272s] Level 1:colcon.colcon_core.package_identification:_identify(src/launch_package) by extension 'colcon_pkg'
[0.272s] Level 1:colcon.colcon_core.package_identification:_identify(src/launch_package) by extensions ['colcon_meta']
[0.272s] Level 1:colcon.colcon_core.package_identification:_identify(src/launch_package) by extension 'colcon_meta'
[0.272s] Level 1:colcon.colcon_core.package_identification:_identify(src/launch_package) by extensions ['ros']
[0.272s] Level 1:colcon.colcon_core.package_identification:_identify(src/launch_package) by extension 'ros'
[0.273s] DEBUG:colcon.colcon_core.package_identification:Package 'src/launch_package' with type 'ros.ament_python' and name 'launch_package'
[0.273s] Level 1:colcon.colcon_core.package_identification:_identify(src/lidar_package) by extensions ['ignore', 'ignore_ament_install']
[0.273s] Level 1:colcon.colcon_core.package_identification:_identify(src/lidar_package) by extension 'ignore'
[0.273s] Level 1:colcon.colcon_core.package_identification:_identify(src/lidar_package) by extension 'ignore_ament_install'
[0.273s] Level 1:colcon.colcon_core.package_identification:_identify(src/lidar_package) by extensions ['colcon_pkg']
[0.273s] Level 1:colcon.colcon_core.package_identification:_identify(src/lidar_package) by extension 'colcon_pkg'
[0.273s] Level 1:colcon.colcon_core.package_identification:_identify(src/lidar_package) by extensions ['colcon_meta']
[0.273s] Level 1:colcon.colcon_core.package_identification:_identify(src/lidar_package) by extension 'colcon_meta'
[0.273s] Level 1:colcon.colcon_core.package_identification:_identify(src/lidar_package) by extensions ['ros']
[0.273s] Level 1:colcon.colcon_core.package_identification:_identify(src/lidar_package) by extension 'ros'
[0.274s] DEBUG:colcon.colcon_core.package_identification:Package 'src/lidar_package' with type 'ros.ament_python' and name 'lidar_package'
[0.274s] Level 1:colcon.colcon_core.package_identification:_identify(src/my_listener_package) by extensions ['ignore', 'ignore_ament_install']
[0.274s] Level 1:colcon.colcon_core.package_identification:_identify(src/my_listener_package) by extension 'ignore'
[0.274s] Level 1:colcon.colcon_core.package_identification:_identify(src/my_listener_package) by extension 'ignore_ament_install'
[0.274s] Level 1:colcon.colcon_core.package_identification:_identify(src/my_listener_package) by extensions ['colcon_pkg']
[0.274s] Level 1:colcon.colcon_core.package_identification:_identify(src/my_listener_package) by extension 'colcon_pkg'
[0.274s] Level 1:colcon.colcon_core.package_identification:_identify(src/my_listener_package) by extensions ['colcon_meta']
[0.274s] Level 1:colcon.colcon_core.package_identification:_identify(src/my_listener_package) by extension 'colcon_meta'
[0.274s] Level 1:colcon.colcon_core.package_identification:_identify(src/my_listener_package) by extensions ['ros']
[0.274s] Level 1:colcon.colcon_core.package_identification:_identify(src/my_listener_package) by extension 'ros'
[0.275s] DEBUG:colcon.colcon_core.package_identification:Package 'src/my_listener_package' with type 'ros.ament_python' and name 'my_listener_package'
[0.276s] Level 1:colcon.colcon_core.package_identification:_identify(src/my_publisher_package) by extensions ['ignore', 'ignore_ament_install']
[0.276s] Level 1:colcon.colcon_core.package_identification:_identify(src/my_publisher_package) by extension 'ignore'
[0.276s] Level 1:colcon.colcon_core.package_identification:_identify(src/my_publisher_package) by extension 'ignore_ament_install'
[0.276s] Level 1:colcon.colcon_core.package_identification:_identify(src/my_publisher_package) by extensions ['colcon_pkg']
[0.276s] Level 1:colcon.colcon_core.package_identification:_identify(src/my_publisher_package) by extension 'colcon_pkg'
[0.276s] Level 1:colcon.colcon_core.package_identification:_identify(src/my_publisher_package) by extensions ['colcon_meta']
[0.276s] Level 1:colcon.colcon_core.package_identification:_identify(src/my_publisher_package) by extension 'colcon_meta'
[0.276s] Level 1:colcon.colcon_core.package_identification:_identify(src/my_publisher_package) by extensions ['ros']
[0.276s] Level 1:colcon.colcon_core.package_identification:_identify(src/my_publisher_package) by extension 'ros'
[0.278s] DEBUG:colcon.colcon_core.package_identification:Package 'src/my_publisher_package' with type 'ros.ament_python' and name 'my_publisher_package'
[0.278s] Level 1:colcon.colcon_core.package_identification:_identify(src/robot_description) by extensions ['ignore', 'ignore_ament_install']
[0.279s] Level 1:colcon.colcon_core.package_identification:_identify(src/robot_description) by extension 'ignore'
[0.279s] Level 1:colcon.colcon_core.package_identification:_identify(src/robot_description) by extension 'ignore_ament_install'
[0.279s] Level 1:colcon.colcon_core.package_identification:_identify(src/robot_description) by extensions ['colcon_pkg']
[0.279s] Level 1:colcon.colcon_core.package_identification:_identify(src/robot_description) by extension 'colcon_pkg'
[0.279s] Level 1:colcon.colcon_core.package_identification:_identify(src/robot_description) by extensions ['colcon_meta']
[0.279s] Level 1:colcon.colcon_core.package_identification:_identify(src/robot_description) by extension 'colcon_meta'
[0.279s] Level 1:colcon.colcon_core.package_identification:_identify(src/robot_description) by extensions ['ros']
[0.279s] Level 1:colcon.colcon_core.package_identification:_identify(src/robot_description) by extension 'ros'
[0.280s] DEBUG:colcon.colcon_core.package_identification:Package 'src/robot_description' with type 'ros.ament_cmake' and name 'robot_description'
[0.280s] Level 1:colcon.colcon_core.package_identification:_identify(src/rsp_launch) by extensions ['ignore', 'ignore_ament_install']
[0.280s] Level 1:colcon.colcon_core.package_identification:_identify(src/rsp_launch) by extension 'ignore'
[0.280s] Level 1:colcon.colcon_core.package_identification:_identify(src/rsp_launch) by extension 'ignore_ament_install'
[0.281s] Level 1:colcon.colcon_core.package_identification:_identify(src/rsp_launch) by extensions ['colcon_pkg']
[0.281s] Level 1:colcon.colcon_core.package_identification:_identify(src/rsp_launch) by extension 'colcon_pkg'
[0.281s] Level 1:colcon.colcon_core.package_identification:_identify(src/rsp_launch) by extensions ['colcon_meta']
[0.281s] Level 1:colcon.colcon_core.package_identification:_identify(src/rsp_launch) by extension 'colcon_meta'
[0.281s] Level 1:colcon.colcon_core.package_identification:_identify(src/rsp_launch) by extensions ['ros']
[0.281s] Level 1:colcon.colcon_core.package_identification:_identify(src/rsp_launch) by extension 'ros'
[0.281s] DEBUG:colcon.colcon_core.package_identification:Package 'src/rsp_launch' with type 'ros.ament_python' and name 'rsp_launch'
[0.281s] Level 1:colcon.colcon_core.package_discovery:discover_packages(recursive) using defaults
[0.282s] Level 1:colcon.colcon_core.package_discovery:discover_packages(ignore) discover
[0.282s] Level 1:colcon.colcon_core.package_discovery:discover_packages(ignore) using defaults
[0.282s] Level 1:colcon.colcon_core.package_discovery:discover_packages(path) discover
[0.282s] Level 1:colcon.colcon_core.package_discovery:discover_packages(path) using defaults
[0.309s] Level 1:colcon.colcon_core.package_discovery:discover_packages(prefix_path) check parameters
[0.309s] Level 1:colcon.colcon_core.package_discovery:discover_packages(prefix_path) discover
[0.311s] WARNING:colcon.colcon_ros.prefix_path.ament:The path '/home/uiabot/uiabot_ws/install/rsp_launch' in the environment variable AMENT_PREFIX_PATH doesn't exist
[0.311s] WARNING:colcon.colcon_ros.prefix_path.ament:The path '/home/uiabot/uiabot_ws/install/robot_description' in the environment variable AMENT_PREFIX_PATH doesn't exist
[0.311s] WARNING:colcon.colcon_ros.prefix_path.ament:The path '/home/uiabot/uiabot_ws/install/my_publisher_package' in the environment variable AMENT_PREFIX_PATH doesn't exist
[0.311s] WARNING:colcon.colcon_ros.prefix_path.ament:The path '/home/uiabot/uiabot_ws/install/my_listener_package' in the environment variable AMENT_PREFIX_PATH doesn't exist
[0.311s] WARNING:colcon.colcon_ros.prefix_path.ament:The path '/home/uiabot/uiabot_ws/install/lidar_package' in the environment variable AMENT_PREFIX_PATH doesn't exist
[0.311s] WARNING:colcon.colcon_ros.prefix_path.ament:The path '/home/uiabot/uiabot_ws/install/launch_package' in the environment variable AMENT_PREFIX_PATH doesn't exist
[0.311s] WARNING:colcon.colcon_ros.prefix_path.ament:The path '/home/uiabot/uiabot_ws/install/joint_states_publisher' in the environment variable AMENT_PREFIX_PATH doesn't exist
[0.312s] WARNING:colcon.colcon_ros.prefix_path.catkin:The path '/home/uiabot/uiabot_ws/install/robot_description' in the environment variable CMAKE_PREFIX_PATH doesn't exist
[0.312s] WARNING:colcon.colcon_ros.prefix_path.catkin:The path '/home/uiabot/uiabot_ws/install/joint_states_publisher' in the environment variable CMAKE_PREFIX_PATH doesn't exist
[0.314s] DEBUG:colcon.colcon_installed_package_information.package_discovery:Found 0 installed packages in /home/uiabot/uiabot_ws/install
[0.315s] DEBUG:colcon.colcon_installed_package_information.package_discovery:Found 4 installed packages in /home/uiabot/ros2_ws/install
[0.318s] DEBUG:colcon.colcon_installed_package_information.package_discovery:Found 285 installed packages in /opt/ros/jazzy
[0.320s] Level 1:colcon.colcon_core.package_discovery:discover_packages(prefix_path) using defaults
[0.385s] Level 5:colcon.colcon_core.verb:set package 'joint_states_publisher' build argument 'cmake_args' from command line to 'None'
[0.385s] Level 5:colcon.colcon_core.verb:set package 'joint_states_publisher' build argument 'cmake_target' from command line to 'None'
[0.385s] Level 5:colcon.colcon_core.verb:set package 'joint_states_publisher' build argument 'cmake_target_skip_unavailable' from command line to 'False'
[0.385s] Level 5:colcon.colcon_core.verb:set package 'joint_states_publisher' build argument 'cmake_clean_cache' from command line to 'False'
[0.385s] Level 5:colcon.colcon_core.verb:set package 'joint_states_publisher' build argument 'cmake_clean_first' from command line to 'False'
[0.385s] Level 5:colcon.colcon_core.verb:set package 'joint_states_publisher' build argument 'cmake_force_configure' from command line to 'False'
[0.385s] Level 5:colcon.colcon_core.verb:set package 'joint_states_publisher' build argument 'ament_cmake_args' from command line to 'None'
[0.386s] Level 5:colcon.colcon_core.verb:set package 'joint_states_publisher' build argument 'catkin_cmake_args' from command line to 'None'
[0.386s] Level 5:colcon.colcon_core.verb:set package 'joint_states_publisher' build argument 'catkin_skip_building_tests' from command line to 'False'
[0.386s] DEBUG:colcon.colcon_core.verb:Building package 'joint_states_publisher' with the following arguments: {'ament_cmake_args': None, 'build_base': '/home/uiabot/uiabot_ws/build/joint_states_publisher', 'catkin_cmake_args': None, 'catkin_skip_building_tests': False, 'cmake_args': None, 'cmake_clean_cache': False, 'cmake_clean_first': False, 'cmake_force_configure': False, 'cmake_target': None, 'cmake_target_skip_unavailable': False, 'install_base': '/home/uiabot/uiabot_ws/install/joint_states_publisher', 'merge_install': False, 'path': '/home/uiabot/uiabot_ws/src/joint_states_publisher', 'symlink_install': False, 'test_result_base': None}
[0.386s] Level 5:colcon.colcon_core.verb:set package 'launch_package' build argument 'cmake_args' from command line to 'None'
[0.386s] Level 5:colcon.colcon_core.verb:set package 'launch_package' build argument 'cmake_target' from command line to 'None'
[0.386s] Level 5:colcon.colcon_core.verb:set package 'launch_package' build argument 'cmake_target_skip_unavailable' from command line to 'False'
[0.386s] Level 5:colcon.colcon_core.verb:set package 'launch_package' build argument 'cmake_clean_cache' from command line to 'False'
[0.386s] Level 5:colcon.colcon_core.verb:set package 'launch_package' build argument 'cmake_clean_first' from command line to 'False'
[0.386s] Level 5:colcon.colcon_core.verb:set package 'launch_package' build argument 'cmake_force_configure' from command line to 'False'
[0.386s] Level 5:colcon.colcon_core.verb:set package 'launch_package' build argument 'ament_cmake_args' from command line to 'None'
[0.386s] Level 5:colcon.colcon_core.verb:set package 'launch_package' build argument 'catkin_cmake_args' from command line to 'None'
[0.386s] Level 5:colcon.colcon_core.verb:set package 'launch_package' build argument 'catkin_skip_building_tests' from command line to 'False'
[0.386s] DEBUG:colcon.colcon_core.verb:Building package 'launch_package' with the following arguments: {'ament_cmake_args': None, 'build_base': '/home/uiabot/uiabot_ws/build/launch_package', 'catkin_cmake_args': None, 'catkin_skip_building_tests': False, 'cmake_args': None, 'cmake_clean_cache': False, 'cmake_clean_first': False, 'cmake_force_configure': False, 'cmake_target': None, 'cmake_target_skip_unavailable': False, 'install_base': '/home/uiabot/uiabot_ws/install/launch_package', 'merge_install': False, 'path': '/home/uiabot/uiabot_ws/src/launch_package', 'symlink_install': False, 'test_result_base': None}
[0.387s] Level 5:colcon.colcon_core.verb:set package 'lidar_package' build argument 'cmake_args' from command line to 'None'
[0.387s] Level 5:colcon.colcon_core.verb:set package 'lidar_package' build argument 'cmake_target' from command line to 'None'
[0.387s] Level 5:colcon.colcon_core.verb:set package 'lidar_package' build argument 'cmake_target_skip_unavailable' from command line to 'False'
[0.387s] Level 5:colcon.colcon_core.verb:set package 'lidar_package' build argument 'cmake_clean_cache' from command line to 'False'
[0.387s] Level 5:colcon.colcon_core.verb:set package 'lidar_package' build argument 'cmake_clean_first' from command line to 'False'
[0.387s] Level 5:colcon.colcon_core.verb:set package 'lidar_package' build argument 'cmake_force_configure' from command line to 'False'
[0.387s] Level 5:colcon.colcon_core.verb:set package 'lidar_package' build argument 'ament_cmake_args' from command line to 'None'
[0.387s] Level 5:colcon.colcon_core.verb:set package 'lidar_package' build argument 'catkin_cmake_args' from command line to 'None'
[0.387s] Level 5:colcon.colcon_core.verb:set package 'lidar_package' build argument 'catkin_skip_building_tests' from command line to 'False'
[0.387s] DEBUG:colcon.colcon_core.verb:Building package 'lidar_package' with the following arguments: {'ament_cmake_args': None, 'build_base': '/home/uiabot/uiabot_ws/build/lidar_package', 'catkin_cmake_args': None, 'catkin_skip_building_tests': False, 'cmake_args': None, 'cmake_clean_cache': False, 'cmake_clean_first': False, 'cmake_force_configure': False, 'cmake_target': None, 'cmake_target_skip_unavailable': False, 'install_base': '/home/uiabot/uiabot_ws/install/lidar_package', 'merge_install': False, 'path': '/home/uiabot/uiabot_ws/src/lidar_package', 'symlink_install': False, 'test_result_base': None}
[0.387s] Level 5:colcon.colcon_core.verb:set package 'my_listener_package' build argument 'cmake_args' from command line to 'None'
[0.387s] Level 5:colcon.colcon_core.verb:set package 'my_listener_package' build argument 'cmake_target' from command line to 'None'
[0.387s] Level 5:colcon.colcon_core.verb:set package 'my_listener_package' build argument 'cmake_target_skip_unavailable' from command line to 'False'
[0.387s] Level 5:colcon.colcon_core.verb:set package 'my_listener_package' build argument 'cmake_clean_cache' from command line to 'False'
[0.387s] Level 5:colcon.colcon_core.verb:set package 'my_listener_package' build argument 'cmake_clean_first' from command line to 'False'
[0.387s] Level 5:colcon.colcon_core.verb:set package 'my_listener_package' build argument 'cmake_force_configure' from command line to 'False'
[0.387s] Level 5:colcon.colcon_core.verb:set package 'my_listener_package' build argument 'ament_cmake_args' from command line to 'None'
[0.387s] Level 5:colcon.colcon_core.verb:set package 'my_listener_package' build argument 'catkin_cmake_args' from command line to 'None'
[0.388s] Level 5:colcon.colcon_core.verb:set package 'my_listener_package' build argument 'catkin_skip_building_tests' from command line to 'False'
[0.388s] DEBUG:colcon.colcon_core.verb:Building package 'my_listener_package' with the following arguments: {'ament_cmake_args': None, 'build_base': '/home/uiabot/uiabot_ws/build/my_listener_package', 'catkin_cmake_args': None, 'catkin_skip_building_tests': False, 'cmake_args': None, 'cmake_clean_cache': False, 'cmake_clean_first': False, 'cmake_force_configure': False, 'cmake_target': None, 'cmake_target_skip_unavailable': False, 'install_base': '/home/uiabot/uiabot_ws/install/my_listener_package', 'merge_install': False, 'path': '/home/uiabot/uiabot_ws/src/my_listener_package', 'symlink_install': False, 'test_result_base': None}
[0.388s] Level 5:colcon.colcon_core.verb:set package 'my_publisher_package' build argument 'cmake_args' from command line to 'None'
[0.388s] Level 5:colcon.colcon_core.verb:set package 'my_publisher_package' build argument 'cmake_target' from command line to 'None'
[0.388s] Level 5:colcon.colcon_core.verb:set package 'my_publisher_package' build argument 'cmake_target_skip_unavailable' from command line to 'False'
[0.388s] Level 5:colcon.colcon_core.verb:set package 'my_publisher_package' build argument 'cmake_clean_cache' from command line to 'False'
[0.388s] Level 5:colcon.colcon_core.verb:set package 'my_publisher_package' build argument 'cmake_clean_first' from command line to 'False'
[0.388s] Level 5:colcon.colcon_core.verb:set package 'my_publisher_package' build argument 'cmake_force_configure' from command line to 'False'
[0.388s] Level 5:colcon.colcon_core.verb:set package 'my_publisher_package' build argument 'ament_cmake_args' from command line to 'None'
[0.388s] Level 5:colcon.colcon_core.verb:set package 'my_publisher_package' build argument 'catkin_cmake_args' from command line to 'None'
[0.388s] Level 5:colcon.colcon_core.verb:set package 'my_publisher_package' build argument 'catkin_skip_building_tests' from command line to 'False'
[0.388s] DEBUG:colcon.colcon_core.verb:Building package 'my_publisher_package' with the following arguments: {'ament_cmake_args': None, 'build_base': '/home/uiabot/uiabot_ws/build/my_publisher_package', 'catkin_cmake_args': None, 'catkin_skip_building_tests': False, 'cmake_args': None, 'cmake_clean_cache': False, 'cmake_clean_first': False, 'cmake_force_configure': False, 'cmake_target': None, 'cmake_target_skip_unavailable': False, 'install_base': '/home/uiabot/uiabot_ws/install/my_publisher_package', 'merge_install': False, 'path': '/home/uiabot/uiabot_ws/src/my_publisher_package', 'symlink_install': False, 'test_result_base': None}
[0.388s] Level 5:colcon.colcon_core.verb:set package 'robot_description' build argument 'cmake_args' from command line to 'None'
[0.388s] Level 5:colcon.colcon_core.verb:set package 'robot_description' build argument 'cmake_target' from command line to 'None'
[0.388s] Level 5:colcon.colcon_core.verb:set package 'robot_description' build argument 'cmake_target_skip_unavailable' from command line to 'False'
[0.388s] Level 5:colcon.colcon_core.verb:set package 'robot_description' build argument 'cmake_clean_cache' from command line to 'False'
[0.388s] Level 5:colcon.colcon_core.verb:set package 'robot_description' build argument 'cmake_clean_first' from command line to 'False'
[0.388s] Level 5:colcon.colcon_core.verb:set package 'robot_description' build argument 'cmake_force_configure' from command line to 'False'
[0.389s] Level 5:colcon.colcon_core.verb:set package 'robot_description' build argument 'ament_cmake_args' from command line to 'None'
[0.389s] Level 5:colcon.colcon_core.verb:set package 'robot_description' build argument 'catkin_cmake_args' from command line to 'None'
[0.389s] Level 5:colcon.colcon_core.verb:set package 'robot_description' build argument 'catkin_skip_building_tests' from command line to 'False'
[0.389s] DEBUG:colcon.colcon_core.verb:Building package 'robot_description' with the following arguments: {'ament_cmake_args': None, 'build_base': '/home/uiabot/uiabot_ws/build/robot_description', 'catkin_cmake_args': None, 'catkin_skip_building_tests': False, 'cmake_args': None, 'cmake_clean_cache': False, 'cmake_clean_first': False, 'cmake_force_configure': False, 'cmake_target': None, 'cmake_target_skip_unavailable': False, 'install_base': '/home/uiabot/uiabot_ws/install/robot_description', 'merge_install': False, 'path': '/home/uiabot/uiabot_ws/src/robot_description', 'symlink_install': False, 'test_result_base': None}
[0.389s] Level 5:colcon.colcon_core.verb:set package 'rsp_launch' build argument 'cmake_args' from command line to 'None'
[0.389s] Level 5:colcon.colcon_core.verb:set package 'rsp_launch' build argument 'cmake_target' from command line to 'None'
[0.389s] Level 5:colcon.colcon_core.verb:set package 'rsp_launch' build argument 'cmake_target_skip_unavailable' from command line to 'False'
[0.389s] Level 5:colcon.colcon_core.verb:set package 'rsp_launch' build argument 'cmake_clean_cache' from command line to 'False'
[0.389s] Level 5:colcon.colcon_core.verb:set package 'rsp_launch' build argument 'cmake_clean_first' from command line to 'False'
[0.389s] Level 5:colcon.colcon_core.verb:set package 'rsp_launch' build argument 'cmake_force_configure' from command line to 'False'
[0.389s] Level 5:colcon.colcon_core.verb:set package 'rsp_launch' build argument 'ament_cmake_args' from command line to 'None'
[0.389s] Level 5:colcon.colcon_core.verb:set package 'rsp_launch' build argument 'catkin_cmake_args' from command line to 'None'
[0.389s] Level 5:colcon.colcon_core.verb:set package 'rsp_launch' build argument 'catkin_skip_building_tests' from command line to 'False'
[0.389s] DEBUG:colcon.colcon_core.verb:Building package 'rsp_launch' with the following arguments: {'ament_cmake_args': None, 'build_base': '/home/uiabot/uiabot_ws/build/rsp_launch', 'catkin_cmake_args': None, 'catkin_skip_building_tests': False, 'cmake_args': None, 'cmake_clean_cache': False, 'cmake_clean_first': False, 'cmake_force_configure': False, 'cmake_target': None, 'cmake_target_skip_unavailable': False, 'install_base': '/home/uiabot/uiabot_ws/install/rsp_launch', 'merge_install': False, 'path': '/home/uiabot/uiabot_ws/src/rsp_launch', 'symlink_install': False, 'test_result_base': None}
[0.389s] INFO:colcon.colcon_core.executor:Executing jobs using 'parallel' executor
[0.391s] DEBUG:colcon.colcon_parallel_executor.executor.parallel:run_until_complete
[0.391s] INFO:colcon.colcon_ros.task.ament_cmake.build:Building ROS package in '/home/uiabot/uiabot_ws/src/joint_states_publisher' with build type 'ament_cmake'
[0.391s] INFO:colcon.colcon_cmake.task.cmake.build:Building CMake package in '/home/uiabot/uiabot_ws/src/joint_states_publisher'
[0.394s] INFO:colcon.colcon_core.plugin_system:Skipping extension 'colcon_core.shell.bat': Not used on non-Windows systems
[0.394s] INFO:colcon.colcon_core.shell:Skip shell extension 'powershell' for command environment: Not usable outside of PowerShell
[0.395s] DEBUG:colcon.colcon_core.shell:Skip shell extension 'dsv' for command environment
[0.402s] INFO:colcon.colcon_ros.task.ament_python.build:Building ROS package in '/home/uiabot/uiabot_ws/src/launch_package' with build type 'ament_python'
[0.402s] Level 1:colcon.colcon_core.shell:create_environment_hook('launch_package', 'ament_prefix_path')
[0.403s] INFO:colcon.colcon_core.shell:Creating environment hook '/home/uiabot/uiabot_ws/install/launch_package/share/launch_package/hook/ament_prefix_path.ps1'
[0.405s] INFO:colcon.colcon_core.shell:Creating environment descriptor '/home/uiabot/uiabot_ws/install/launch_package/share/launch_package/hook/ament_prefix_path.dsv'
[0.405s] INFO:colcon.colcon_core.shell:Creating environment hook '/home/uiabot/uiabot_ws/install/launch_package/share/launch_package/hook/ament_prefix_path.sh'
[0.406s] INFO:colcon.colcon_core.shell:Skip shell extension 'powershell' for command environment: Not usable outside of PowerShell
[0.406s] DEBUG:colcon.colcon_core.shell:Skip shell extension 'dsv' for command environment
[0.412s] INFO:colcon.colcon_ros.task.ament_python.build:Building ROS package in '/home/uiabot/uiabot_ws/src/lidar_package' with build type 'ament_python'
[0.412s] Level 1:colcon.colcon_core.shell:create_environment_hook('lidar_package', 'ament_prefix_path')
[0.413s] INFO:colcon.colcon_core.shell:Creating environment hook '/home/uiabot/uiabot_ws/install/lidar_package/share/lidar_package/hook/ament_prefix_path.ps1'
[0.414s] INFO:colcon.colcon_core.shell:Creating environment descriptor '/home/uiabot/uiabot_ws/install/lidar_package/share/lidar_package/hook/ament_prefix_path.dsv'
[0.414s] INFO:colcon.colcon_core.shell:Creating environment hook '/home/uiabot/uiabot_ws/install/lidar_package/share/lidar_package/hook/ament_prefix_path.sh'
[0.416s] INFO:colcon.colcon_core.shell:Skip shell extension 'powershell' for command environment: Not usable outside of PowerShell
[0.416s] DEBUG:colcon.colcon_core.shell:Skip shell extension 'dsv' for command environment
[0.420s] INFO:colcon.colcon_ros.task.ament_python.build:Building ROS package in '/home/uiabot/uiabot_ws/src/my_listener_package' with build type 'ament_python'
[0.421s] Level 1:colcon.colcon_core.shell:create_environment_hook('my_listener_package', 'ament_prefix_path')
[0.422s] INFO:colcon.colcon_core.shell:Creating environment hook '/home/uiabot/uiabot_ws/install/my_listener_package/share/my_listener_package/hook/ament_prefix_path.ps1'
[0.423s] INFO:colcon.colcon_core.shell:Creating environment descriptor '/home/uiabot/uiabot_ws/install/my_listener_package/share/my_listener_package/hook/ament_prefix_path.dsv'
[0.424s] INFO:colcon.colcon_core.shell:Creating environment hook '/home/uiabot/uiabot_ws/install/my_listener_package/share/my_listener_package/hook/ament_prefix_path.sh'
[0.425s] INFO:colcon.colcon_core.shell:Skip shell extension 'powershell' for command environment: Not usable outside of PowerShell
[0.426s] DEBUG:colcon.colcon_core.shell:Skip shell extension 'dsv' for command environment
[0.443s] DEBUG:colcon.colcon_core.event_handler.log_command:Invoking command in '/home/uiabot/uiabot_ws/build/joint_states_publisher': CMAKE_PREFIX_PATH=${CMAKE_PREFIX_PATH}:/home/uiabot/uiabot_ws/install/rsp_launch:/home/uiabot/uiabot_ws/install/my_publisher_package:/home/uiabot/uiabot_ws/install/my_listener_package:/home/uiabot/uiabot_ws/install/lidar_package:/home/uiabot/uiabot_ws/install/launch_package:/home/uiabot/ros2_ws/install/robot_keyboard_control:/home/uiabot/ros2_ws/install/my_publisher_package:/home/uiabot/ros2_ws/install/my_listener_package:/home/uiabot/ros2_ws/install/esp32_com:/opt/ros/jazzy DEBUGINFOD_URLS=https://debuginfod.ubuntu.com /usr/bin/cmake /home/uiabot/uiabot_ws/src/joint_states_publisher -DCMAKE_INSTALL_PREFIX=/home/uiabot/uiabot_ws/install/joint_states_publisher
[0.896s] INFO:colcon.colcon_core.task.python.build:Building Python package in '/home/uiabot/uiabot_ws/src/launch_package'
[0.897s] INFO:colcon.colcon_core.shell:Skip shell extension 'powershell' for command environment: Not usable outside of PowerShell
[0.897s] DEBUG:colcon.colcon_core.shell:Skip shell extension 'dsv' for command environment
[1.295s] INFO:colcon.colcon_core.task.python.build:Building Python package in '/home/uiabot/uiabot_ws/src/lidar_package'
[1.296s] INFO:colcon.colcon_core.shell:Skip shell extension 'powershell' for command environment: Not usable outside of PowerShell
[1.296s] DEBUG:colcon.colcon_core.shell:Skip shell extension 'dsv' for command environment
[1.689s] INFO:colcon.colcon_core.task.python.build:Building Python package in '/home/uiabot/uiabot_ws/src/my_listener_package'
[1.689s] INFO:colcon.colcon_core.shell:Skip shell extension 'powershell' for command environment: Not usable outside of PowerShell
[1.689s] DEBUG:colcon.colcon_core.shell:Skip shell extension 'dsv' for command environment
[2.008s] DEBUG:colcon.colcon_core.event_handler.log_command:Invoked command in '/home/uiabot/uiabot_ws/build/joint_states_publisher' returned '0': CMAKE_PREFIX_PATH=${CMAKE_PREFIX_PATH}:/home/uiabot/uiabot_ws/install/rsp_launch:/home/uiabot/uiabot_ws/install/my_publisher_package:/home/uiabot/uiabot_ws/install/my_listener_package:/home/uiabot/uiabot_ws/install/lidar_package:/home/uiabot/uiabot_ws/install/launch_package:/home/uiabot/ros2_ws/install/robot_keyboard_control:/home/uiabot/ros2_ws/install/my_publisher_package:/home/uiabot/ros2_ws/install/my_listener_package:/home/uiabot/ros2_ws/install/esp32_com:/opt/ros/jazzy DEBUGINFOD_URLS=https://debuginfod.ubuntu.com /usr/bin/cmake /home/uiabot/uiabot_ws/src/joint_states_publisher -DCMAKE_INSTALL_PREFIX=/home/uiabot/uiabot_ws/install/joint_states_publisher
[2.009s] DEBUG:colcon.colcon_core.event_handler.log_command:Invoking command in '/home/uiabot/uiabot_ws/build/joint_states_publisher': CMAKE_PREFIX_PATH=${CMAKE_PREFIX_PATH}:/home/uiabot/uiabot_ws/install/rsp_launch:/home/uiabot/uiabot_ws/install/my_publisher_package:/home/uiabot/uiabot_ws/install/my_listener_package:/home/uiabot/uiabot_ws/install/lidar_package:/home/uiabot/uiabot_ws/install/launch_package:/home/uiabot/ros2_ws/install/robot_keyboard_control:/home/uiabot/ros2_ws/install/my_publisher_package:/home/uiabot/ros2_ws/install/my_listener_package:/home/uiabot/ros2_ws/install/esp32_com:/opt/ros/jazzy DEBUGINFOD_URLS=https://debuginfod.ubuntu.com /usr/bin/cmake --build /home/uiabot/uiabot_ws/build/joint_states_publisher -- -j4 -l4
[2.093s] DEBUG:colcon.colcon_core.event_handler.log_command:Invoked command in '/home/uiabot/uiabot_ws/build/joint_states_publisher' returned '0': CMAKE_PREFIX_PATH=${CMAKE_PREFIX_PATH}:/home/uiabot/uiabot_ws/install/rsp_launch:/home/uiabot/uiabot_ws/install/my_publisher_package:/home/uiabot/uiabot_ws/install/my_listener_package:/home/uiabot/uiabot_ws/install/lidar_package:/home/uiabot/uiabot_ws/install/launch_package:/home/uiabot/ros2_ws/install/robot_keyboard_control:/home/uiabot/ros2_ws/install/my_publisher_package:/home/uiabot/ros2_ws/install/my_listener_package:/home/uiabot/ros2_ws/install/esp32_com:/opt/ros/jazzy DEBUGINFOD_URLS=https://debuginfod.ubuntu.com /usr/bin/cmake --build /home/uiabot/uiabot_ws/build/joint_states_publisher -- -j4 -l4
[2.167s] DEBUG:colcon.colcon_core.event_handler.log_command:Invoking command in '/home/uiabot/uiabot_ws/build/joint_states_publisher': CMAKE_PREFIX_PATH=${CMAKE_PREFIX_PATH}:/home/uiabot/uiabot_ws/install/rsp_launch:/home/uiabot/uiabot_ws/install/my_publisher_package:/home/uiabot/uiabot_ws/install/my_listener_package:/home/uiabot/uiabot_ws/install/lidar_package:/home/uiabot/uiabot_ws/install/launch_package:/home/uiabot/ros2_ws/install/robot_keyboard_control:/home/uiabot/ros2_ws/install/my_publisher_package:/home/uiabot/ros2_ws/install/my_listener_package:/home/uiabot/ros2_ws/install/esp32_com:/opt/ros/jazzy DEBUGINFOD_URLS=https://debuginfod.ubuntu.com /usr/bin/cmake --install /home/uiabot/uiabot_ws/build/joint_states_publisher
[2.194s] Level 1:colcon.colcon_core.environment:create_environment_scripts_only(joint_states_publisher)
[2.196s] DEBUG:colcon.colcon_core.event_handler.log_command:Invoked command in '/home/uiabot/uiabot_ws/build/joint_states_publisher' returned '0': CMAKE_PREFIX_PATH=${CMAKE_PREFIX_PATH}:/home/uiabot/uiabot_ws/install/rsp_launch:/home/uiabot/uiabot_ws/install/my_publisher_package:/home/uiabot/uiabot_ws/install/my_listener_package:/home/uiabot/uiabot_ws/install/lidar_package:/home/uiabot/uiabot_ws/install/launch_package:/home/uiabot/ros2_ws/install/robot_keyboard_control:/home/uiabot/ros2_ws/install/my_publisher_package:/home/uiabot/ros2_ws/install/my_listener_package:/home/uiabot/ros2_ws/install/esp32_com:/opt/ros/jazzy DEBUGINFOD_URLS=https://debuginfod.ubuntu.com /usr/bin/cmake --install /home/uiabot/uiabot_ws/build/joint_states_publisher
[2.199s] Level 1:colcon.colcon_core.environment:checking '/home/uiabot/uiabot_ws/install/joint_states_publisher' for CMake module files
[2.200s] Level 1:colcon.colcon_core.environment:checking '/home/uiabot/uiabot_ws/install/joint_states_publisher' for CMake config files
[2.201s] Level 1:colcon.colcon_core.shell:create_environment_hook('joint_states_publisher', 'cmake_prefix_path')
[2.201s] INFO:colcon.colcon_core.shell:Creating environment hook '/home/uiabot/uiabot_ws/install/joint_states_publisher/share/joint_states_publisher/hook/cmake_prefix_path.ps1'
[2.202s] INFO:colcon.colcon_core.shell:Creating environment descriptor '/home/uiabot/uiabot_ws/install/joint_states_publisher/share/joint_states_publisher/hook/cmake_prefix_path.dsv'
[2.203s] INFO:colcon.colcon_core.shell:Creating environment hook '/home/uiabot/uiabot_ws/install/joint_states_publisher/share/joint_states_publisher/hook/cmake_prefix_path.sh'
[2.204s] Level 1:colcon.colcon_core.environment:checking '/home/uiabot/uiabot_ws/install/joint_states_publisher/bin'
[2.204s] Level 1:colcon.colcon_core.environment:checking '/home/uiabot/uiabot_ws/install/joint_states_publisher/lib/pkgconfig/joint_states_publisher.pc'
[2.204s] Level 1:colcon.colcon_core.environment:checking '/home/uiabot/uiabot_ws/install/joint_states_publisher/lib/python3.12/site-packages'
[2.205s] Level 1:colcon.colcon_core.environment:checking '/home/uiabot/uiabot_ws/install/joint_states_publisher/bin'
[2.205s] INFO:colcon.colcon_core.shell:Creating package script '/home/uiabot/uiabot_ws/install/joint_states_publisher/share/joint_states_publisher/package.ps1'
[2.210s] INFO:colcon.colcon_core.shell:Creating package descriptor '/home/uiabot/uiabot_ws/install/joint_states_publisher/share/joint_states_publisher/package.dsv'
[2.212s] INFO:colcon.colcon_core.shell:Creating package script '/home/uiabot/uiabot_ws/install/joint_states_publisher/share/joint_states_publisher/package.sh'
[2.214s] INFO:colcon.colcon_core.shell:Creating package script '/home/uiabot/uiabot_ws/install/joint_states_publisher/share/joint_states_publisher/package.bash'
[2.215s] INFO:colcon.colcon_core.shell:Creating package script '/home/uiabot/uiabot_ws/install/joint_states_publisher/share/joint_states_publisher/package.zsh'
[2.216s] Level 1:colcon.colcon_core.environment:create_file_with_runtime_dependencies(/home/uiabot/uiabot_ws/install/joint_states_publisher/share/colcon-core/packages/joint_states_publisher)
[2.271s] Level 1:colcon.colcon_core.environment:create_environment_scripts_only(joint_states_publisher)
[2.272s] Level 1:colcon.colcon_core.environment:checking '/home/uiabot/uiabot_ws/install/joint_states_publisher' for CMake module files
[2.272s] Level 1:colcon.colcon_core.environment:checking '/home/uiabot/uiabot_ws/install/joint_states_publisher' for CMake config files
[2.273s] Level 1:colcon.colcon_core.shell:create_environment_hook('joint_states_publisher', 'cmake_prefix_path')
[2.273s] INFO:colcon.colcon_core.shell:Creating environment hook '/home/uiabot/uiabot_ws/install/joint_states_publisher/share/joint_states_publisher/hook/cmake_prefix_path.ps1'
[2.274s] INFO:colcon.colcon_core.shell:Creating environment descriptor '/home/uiabot/uiabot_ws/install/joint_states_publisher/share/joint_states_publisher/hook/cmake_prefix_path.dsv'
[2.275s] INFO:colcon.colcon_core.shell:Creating environment hook '/home/uiabot/uiabot_ws/install/joint_states_publisher/share/joint_states_publisher/hook/cmake_prefix_path.sh'
[2.276s] Level 1:colcon.colcon_core.environment:checking '/home/uiabot/uiabot_ws/install/joint_states_publisher/bin'
[2.276s] Level 1:colcon.colcon_core.environment:checking '/home/uiabot/uiabot_ws/install/joint_states_publisher/lib/pkgconfig/joint_states_publisher.pc'
[2.276s] Level 1:colcon.colcon_core.environment:checking '/home/uiabot/uiabot_ws/install/joint_states_publisher/lib/python3.12/site-packages'
[2.277s] Level 1:colcon.colcon_core.environment:checking '/home/uiabot/uiabot_ws/install/joint_states_publisher/bin'
[2.277s] INFO:colcon.colcon_core.shell:Creating package script '/home/uiabot/uiabot_ws/install/joint_states_publisher/share/joint_states_publisher/package.ps1'
[2.278s] INFO:colcon.colcon_core.shell:Creating package descriptor '/home/uiabot/uiabot_ws/install/joint_states_publisher/share/joint_states_publisher/package.dsv'
[2.279s] INFO:colcon.colcon_core.shell:Creating package script '/home/uiabot/uiabot_ws/install/joint_states_publisher/share/joint_states_publisher/package.sh'
[2.279s] INFO:colcon.colcon_core.shell:Creating package script '/home/uiabot/uiabot_ws/install/joint_states_publisher/share/joint_states_publisher/package.bash'
[2.280s] INFO:colcon.colcon_core.shell:Creating package script '/home/uiabot/uiabot_ws/install/joint_states_publisher/share/joint_states_publisher/package.zsh'
[2.281s] Level 1:colcon.colcon_core.environment:create_file_with_runtime_dependencies(/home/uiabot/uiabot_ws/install/joint_states_publisher/share/colcon-core/packages/joint_states_publisher)
[2.283s] INFO:colcon.colcon_ros.task.ament_python.build:Building ROS package in '/home/uiabot/uiabot_ws/src/my_publisher_package' with build type 'ament_python'
[2.283s] Level 1:colcon.colcon_core.shell:create_environment_hook('my_publisher_package', 'ament_prefix_path')
[2.284s] INFO:colcon.colcon_core.shell:Creating environment hook '/home/uiabot/uiabot_ws/install/my_publisher_package/share/my_publisher_package/hook/ament_prefix_path.ps1'
[2.285s] INFO:colcon.colcon_core.shell:Creating environment descriptor '/home/uiabot/uiabot_ws/install/my_publisher_package/share/my_publisher_package/hook/ament_prefix_path.dsv'
[2.285s] INFO:colcon.colcon_core.shell:Creating environment hook '/home/uiabot/uiabot_ws/install/my_publisher_package/share/my_publisher_package/hook/ament_prefix_path.sh'
[2.287s] INFO:colcon.colcon_core.shell:Skip shell extension 'powershell' for command environment: Not usable outside of PowerShell
[2.288s] DEBUG:colcon.colcon_core.shell:Skip shell extension 'dsv' for command environment
[2.801s] INFO:colcon.colcon_core.task.python.build:Building Python package in '/home/uiabot/uiabot_ws/src/my_publisher_package'
[2.802s] INFO:colcon.colcon_core.shell:Skip shell extension 'powershell' for command environment: Not usable outside of PowerShell
[2.802s] DEBUG:colcon.colcon_core.shell:Skip shell extension 'dsv' for command environment
[3.065s] DEBUG:colcon.colcon_core.event_handler.log_command:Invoking command in '/home/uiabot/uiabot_ws/src/lidar_package': DEBUGINFOD_URLS=https://debuginfod.ubuntu.com PYTHONPATH=/home/uiabot/uiabot_ws/build/lidar_package/prefix_override:/usr/lib/python3/dist-packages/colcon_core/task/python/colcon_distutils_commands:/home/uiabot/uiabot_ws/install/lidar_package/lib/python3.12/site-packages:${PYTHONPATH} /usr/bin/python3 -W ignore:setup.py install is deprecated setup.py egg_info --egg-base ../../build/lidar_package build --build-base /home/uiabot/uiabot_ws/build/lidar_package/build install --record /home/uiabot/uiabot_ws/build/lidar_package/install.log --single-version-externally-managed install_data
[3.073s] DEBUG:colcon.colcon_core.event_handler.log_command:Invoking command in '/home/uiabot/uiabot_ws/src/my_listener_package': DEBUGINFOD_URLS=https://debuginfod.ubuntu.com PYTHONPATH=/home/uiabot/uiabot_ws/build/my_listener_package/prefix_override:/usr/lib/python3/dist-packages/colcon_core/task/python/colcon_distutils_commands:/home/uiabot/uiabot_ws/install/my_listener_package/lib/python3.12/site-packages:${PYTHONPATH} /usr/bin/python3 -W ignore:setup.py install is deprecated setup.py egg_info --egg-base ../../build/my_listener_package build --build-base /home/uiabot/uiabot_ws/build/my_listener_package/build install --record /home/uiabot/uiabot_ws/build/my_listener_package/install.log --single-version-externally-managed install_data
[3.098s] DEBUG:colcon.colcon_core.event_handler.log_command:Invoking command in '/home/uiabot/uiabot_ws/src/launch_package': DEBUGINFOD_URLS=https://debuginfod.ubuntu.com PYTHONPATH=/home/uiabot/uiabot_ws/build/launch_package/prefix_override:/usr/lib/python3/dist-packages/colcon_core/task/python/colcon_distutils_commands:/home/uiabot/uiabot_ws/install/launch_package/lib/python3.12/site-packages:${PYTHONPATH} /usr/bin/python3 -W ignore:setup.py install is deprecated setup.py egg_info --egg-base ../../build/launch_package build --build-base /home/uiabot/uiabot_ws/build/launch_package/build install --record /home/uiabot/uiabot_ws/build/launch_package/install.log --single-version-externally-managed install_data
[4.126s] DEBUG:colcon.colcon_core.event_handler.log_command:Invoking command in '/home/uiabot/uiabot_ws/src/my_publisher_package': DEBUGINFOD_URLS=https://debuginfod.ubuntu.com PYTHONPATH=/home/uiabot/uiabot_ws/build/my_publisher_package/prefix_override:/usr/lib/python3/dist-packages/colcon_core/task/python/colcon_distutils_commands:/home/uiabot/uiabot_ws/install/my_publisher_package/lib/python3.12/site-packages:${PYTHONPATH} /usr/bin/python3 -W ignore:setup.py install is deprecated setup.py egg_info --egg-base ../../build/my_publisher_package build --build-base /home/uiabot/uiabot_ws/build/my_publisher_package/build install --record /home/uiabot/uiabot_ws/build/my_publisher_package/install.log --single-version-externally-managed install_data
[4.158s] Level 1:colcon.colcon_core.environment:checking '/home/uiabot/uiabot_ws/install/my_listener_package' for CMake module files
[4.159s] Level 1:colcon.colcon_core.environment:checking '/home/uiabot/uiabot_ws/install/my_listener_package' for CMake config files
[4.161s] DEBUG:colcon.colcon_core.event_handler.log_command:Invoked command in '/home/uiabot/uiabot_ws/src/my_listener_package' returned '0': DEBUGINFOD_URLS=https://debuginfod.ubuntu.com PYTHONPATH=/home/uiabot/uiabot_ws/build/my_listener_package/prefix_override:/usr/lib/python3/dist-packages/colcon_core/task/python/colcon_distutils_commands:/home/uiabot/uiabot_ws/install/my_listener_package/lib/python3.12/site-packages:${PYTHONPATH} /usr/bin/python3 -W ignore:setup.py install is deprecated setup.py egg_info --egg-base ../../build/my_listener_package build --build-base /home/uiabot/uiabot_ws/build/my_listener_package/build install --record /home/uiabot/uiabot_ws/build/my_listener_package/install.log --single-version-externally-managed install_data
[4.162s] Level 1:colcon.colcon_core.environment:checking '/home/uiabot/uiabot_ws/install/my_listener_package/lib'
[4.163s] Level 1:colcon.colcon_core.environment:checking '/home/uiabot/uiabot_ws/install/my_listener_package/bin'
[4.163s] Level 1:colcon.colcon_core.environment:checking '/home/uiabot/uiabot_ws/install/my_listener_package/lib/pkgconfig/my_listener_package.pc'
[4.164s] Level 1:colcon.colcon_core.environment:checking '/home/uiabot/uiabot_ws/install/my_listener_package/lib/python3.12/site-packages'
[4.164s] Level 1:colcon.colcon_core.shell:create_environment_hook('my_listener_package', 'pythonpath')
[4.165s] INFO:colcon.colcon_core.shell:Creating environment hook '/home/uiabot/uiabot_ws/install/my_listener_package/share/my_listener_package/hook/pythonpath.ps1'
[4.166s] INFO:colcon.colcon_core.shell:Creating environment descriptor '/home/uiabot/uiabot_ws/install/my_listener_package/share/my_listener_package/hook/pythonpath.dsv'
[4.167s] INFO:colcon.colcon_core.shell:Creating environment hook '/home/uiabot/uiabot_ws/install/my_listener_package/share/my_listener_package/hook/pythonpath.sh'
[4.169s] Level 1:colcon.colcon_core.environment:checking '/home/uiabot/uiabot_ws/install/my_listener_package/bin'
[4.169s] Level 1:colcon.colcon_core.environment:create_environment_scripts_only(my_listener_package)
[4.170s] INFO:colcon.colcon_core.shell:Creating package script '/home/uiabot/uiabot_ws/install/my_listener_package/share/my_listener_package/package.ps1'
[4.171s] INFO:colcon.colcon_core.shell:Creating package descriptor '/home/uiabot/uiabot_ws/install/my_listener_package/share/my_listener_package/package.dsv'
[4.172s] INFO:colcon.colcon_core.shell:Creating package script '/home/uiabot/uiabot_ws/install/my_listener_package/share/my_listener_package/package.sh'
[4.173s] INFO:colcon.colcon_core.shell:Creating package script '/home/uiabot/uiabot_ws/install/my_listener_package/share/my_listener_package/package.bash'
[4.174s] INFO:colcon.colcon_core.shell:Creating package script '/home/uiabot/uiabot_ws/install/my_listener_package/share/my_listener_package/package.zsh'
[4.175s] Level 1:colcon.colcon_core.environment:create_file_with_runtime_dependencies(/home/uiabot/uiabot_ws/install/my_listener_package/share/colcon-core/packages/my_listener_package)
[4.175s] INFO:colcon.colcon_ros.task.ament_cmake.build:Building ROS package in '/home/uiabot/uiabot_ws/src/robot_description' with build type 'ament_cmake'
[4.176s] INFO:colcon.colcon_cmake.task.cmake.build:Building CMake package in '/home/uiabot/uiabot_ws/src/robot_description'
[4.176s] INFO:colcon.colcon_core.shell:Skip shell extension 'powershell' for command environment: Not usable outside of PowerShell
[4.176s] DEBUG:colcon.colcon_core.shell:Skip shell extension 'dsv' for command environment
[4.200s] Level 1:colcon.colcon_core.environment:checking '/home/uiabot/uiabot_ws/install/lidar_package' for CMake module files
[4.202s] Level 1:colcon.colcon_core.environment:checking '/home/uiabot/uiabot_ws/install/lidar_package' for CMake config files
[4.201s] DEBUG:colcon.colcon_core.event_handler.log_command:Invoked command in '/home/uiabot/uiabot_ws/src/lidar_package' returned '0': DEBUGINFOD_URLS=https://debuginfod.ubuntu.com PYTHONPATH=/home/uiabot/uiabot_ws/build/lidar_package/prefix_override:/usr/lib/python3/dist-packages/colcon_core/task/python/colcon_distutils_commands:/home/uiabot/uiabot_ws/install/lidar_package/lib/python3.12/site-packages:${PYTHONPATH} /usr/bin/python3 -W ignore:setup.py install is deprecated setup.py egg_info --egg-base ../../build/lidar_package build --build-base /home/uiabot/uiabot_ws/build/lidar_package/build install --record /home/uiabot/uiabot_ws/build/lidar_package/install.log --single-version-externally-managed install_data
[4.203s] Level 1:colcon.colcon_core.environment:checking '/home/uiabot/uiabot_ws/install/lidar_package/lib'
[4.203s] Level 1:colcon.colcon_core.environment:checking '/home/uiabot/uiabot_ws/install/lidar_package/bin'
[4.204s] Level 1:colcon.colcon_core.environment:checking '/home/uiabot/uiabot_ws/install/lidar_package/lib/pkgconfig/lidar_package.pc'
[4.204s] Level 1:colcon.colcon_core.environment:checking '/home/uiabot/uiabot_ws/install/lidar_package/lib/python3.12/site-packages'
[4.204s] Level 1:colcon.colcon_core.shell:create_environment_hook('lidar_package', 'pythonpath')
[4.205s] INFO:colcon.colcon_core.shell:Creating environment hook '/home/uiabot/uiabot_ws/install/lidar_package/share/lidar_package/hook/pythonpath.ps1'
[4.206s] INFO:colcon.colcon_core.shell:Creating environment descriptor '/home/uiabot/uiabot_ws/install/lidar_package/share/lidar_package/hook/pythonpath.dsv'
[4.207s] INFO:colcon.colcon_core.shell:Creating environment hook '/home/uiabot/uiabot_ws/install/lidar_package/share/lidar_package/hook/pythonpath.sh'
[4.208s] Level 1:colcon.colcon_core.environment:checking '/home/uiabot/uiabot_ws/install/lidar_package/bin'
[4.208s] Level 1:colcon.colcon_core.environment:create_environment_scripts_only(lidar_package)
[4.209s] INFO:colcon.colcon_core.shell:Creating package script '/home/uiabot/uiabot_ws/install/lidar_package/share/lidar_package/package.ps1'
[4.211s] INFO:colcon.colcon_core.shell:Creating package descriptor '/home/uiabot/uiabot_ws/install/lidar_package/share/lidar_package/package.dsv'
[4.213s] INFO:colcon.colcon_core.shell:Creating package script '/home/uiabot/uiabot_ws/install/lidar_package/share/lidar_package/package.sh'
[4.214s] INFO:colcon.colcon_core.shell:Creating package script '/home/uiabot/uiabot_ws/install/lidar_package/share/lidar_package/package.bash'
[4.215s] INFO:colcon.colcon_core.shell:Creating package script '/home/uiabot/uiabot_ws/install/lidar_package/share/lidar_package/package.zsh'
[4.216s] Level 1:colcon.colcon_core.environment:create_file_with_runtime_dependencies(/home/uiabot/uiabot_ws/install/lidar_package/share/colcon-core/packages/lidar_package)
[4.218s] INFO:colcon.colcon_ros.task.ament_python.build:Building ROS package in '/home/uiabot/uiabot_ws/src/rsp_launch' with build type 'ament_python'
[4.225s] Level 1:colcon.colcon_core.shell:create_environment_hook('rsp_launch', 'ament_prefix_path')
[4.226s] INFO:colcon.colcon_core.shell:Creating environment hook '/home/uiabot/uiabot_ws/install/rsp_launch/share/rsp_launch/hook/ament_prefix_path.ps1'
[4.227s] INFO:colcon.colcon_core.shell:Creating environment descriptor '/home/uiabot/uiabot_ws/install/rsp_launch/share/rsp_launch/hook/ament_prefix_path.dsv'
[4.228s] INFO:colcon.colcon_core.shell:Creating environment hook '/home/uiabot/uiabot_ws/install/rsp_launch/share/rsp_launch/hook/ament_prefix_path.sh'
[4.229s] INFO:colcon.colcon_core.shell:Skip shell extension 'powershell' for command environment: Not usable outside of PowerShell
[4.229s] DEBUG:colcon.colcon_core.shell:Skip shell extension 'dsv' for command environment
[4.244s] DEBUG:colcon.colcon_core.event_handler.log_command:Invoking command in '/home/uiabot/uiabot_ws/build/robot_description': CMAKE_PREFIX_PATH=${CMAKE_PREFIX_PATH}:/home/uiabot/uiabot_ws/install/rsp_launch:/home/uiabot/uiabot_ws/install/my_publisher_package:/home/uiabot/uiabot_ws/install/my_listener_package:/home/uiabot/uiabot_ws/install/lidar_package:/home/uiabot/uiabot_ws/install/launch_package:/home/uiabot/ros2_ws/install/robot_keyboard_control:/home/uiabot/ros2_ws/install/my_publisher_package:/home/uiabot/ros2_ws/install/my_listener_package:/home/uiabot/ros2_ws/install/esp32_com:/opt/ros/jazzy DEBUGINFOD_URLS=https://debuginfod.ubuntu.com /usr/bin/cmake /home/uiabot/uiabot_ws/src/robot_description -DCMAKE_INSTALL_PREFIX=/home/uiabot/uiabot_ws/install/robot_description
[4.749s] WARNING:colcon.colcon_ros.task.ament_python.build:Package 'rsp_launch' doesn't explicitly install a marker in the package index (colcon-ros currently does it implicitly but that fallback will be removed in the future)
[4.750s] WARNING:colcon.colcon_ros.task.ament_python.build:Package 'rsp_launch' doesn't explicitly install the 'package.xml' file (colcon-ros currently does it implicitly but that fallback will be removed in the future)
[4.751s] INFO:colcon.colcon_core.task.python.build:Building Python package in '/home/uiabot/uiabot_ws/src/rsp_launch'
[4.752s] INFO:colcon.colcon_core.shell:Skip shell extension 'powershell' for command environment: Not usable outside of PowerShell
[4.752s] DEBUG:colcon.colcon_core.shell:Skip shell extension 'dsv' for command environment
[4.764s] Level 1:colcon.colcon_core.environment:checking '/home/uiabot/uiabot_ws/install/launch_package' for CMake module files
[4.766s] Level 1:colcon.colcon_core.environment:checking '/home/uiabot/uiabot_ws/install/launch_package' for CMake config files
[4.767s] Level 1:colcon.colcon_core.environment:checking '/home/uiabot/uiabot_ws/install/launch_package/lib'
[4.767s] Level 1:colcon.colcon_core.environment:checking '/home/uiabot/uiabot_ws/install/launch_package/bin'
[4.767s] Level 1:colcon.colcon_core.environment:checking '/home/uiabot/uiabot_ws/install/launch_package/lib/pkgconfig/launch_package.pc'
[4.768s] Level 1:colcon.colcon_core.environment:checking '/home/uiabot/uiabot_ws/install/launch_package/lib/python3.12/site-packages'
[4.768s] Level 1:colcon.colcon_core.shell:create_environment_hook('launch_package', 'pythonpath')
[4.768s] INFO:colcon.colcon_core.shell:Creating environment hook '/home/uiabot/uiabot_ws/install/launch_package/share/launch_package/hook/pythonpath.ps1'
[4.769s] DEBUG:colcon.colcon_core.event_handler.log_command:Invoked command in '/home/uiabot/uiabot_ws/src/launch_package' returned '0': DEBUGINFOD_URLS=https://debuginfod.ubuntu.com PYTHONPATH=/home/uiabot/uiabot_ws/build/launch_package/prefix_override:/usr/lib/python3/dist-packages/colcon_core/task/python/colcon_distutils_commands:/home/uiabot/uiabot_ws/install/launch_package/lib/python3.12/site-packages:${PYTHONPATH} /usr/bin/python3 -W ignore:setup.py install is deprecated setup.py egg_info --egg-base ../../build/launch_package build --build-base /home/uiabot/uiabot_ws/build/launch_package/build install --record /home/uiabot/uiabot_ws/build/launch_package/install.log --single-version-externally-managed install_data
[4.770s] INFO:colcon.colcon_core.shell:Creating environment descriptor '/home/uiabot/uiabot_ws/install/launch_package/share/launch_package/hook/pythonpath.dsv'
[4.771s] INFO:colcon.colcon_core.shell:Creating environment hook '/home/uiabot/uiabot_ws/install/launch_package/share/launch_package/hook/pythonpath.sh'
[4.772s] Level 1:colcon.colcon_core.environment:checking '/home/uiabot/uiabot_ws/install/launch_package/bin'
[4.772s] Level 1:colcon.colcon_core.environment:create_environment_scripts_only(launch_package)
[4.772s] INFO:colcon.colcon_core.shell:Creating package script '/home/uiabot/uiabot_ws/install/launch_package/share/launch_package/package.ps1'
[4.773s] INFO:colcon.colcon_core.shell:Creating package descriptor '/home/uiabot/uiabot_ws/install/launch_package/share/launch_package/package.dsv'
[4.774s] INFO:colcon.colcon_core.shell:Creating package script '/home/uiabot/uiabot_ws/install/launch_package/share/launch_package/package.sh'
[4.774s] INFO:colcon.colcon_core.shell:Creating package script '/home/uiabot/uiabot_ws/install/launch_package/share/launch_package/package.bash'
[4.775s] INFO:colcon.colcon_core.shell:Creating package script '/home/uiabot/uiabot_ws/install/launch_package/share/launch_package/package.zsh'
[4.775s] Level 1:colcon.colcon_core.environment:create_file_with_runtime_dependencies(/home/uiabot/uiabot_ws/install/launch_package/share/colcon-core/packages/launch_package)
[5.348s] Level 1:colcon.colcon_core.environment:checking '/home/uiabot/uiabot_ws/install/my_publisher_package' for CMake module files
[5.362s] DEBUG:colcon.colcon_core.event_handler.log_command:Invoked command in '/home/uiabot/uiabot_ws/src/my_publisher_package' returned '0': DEBUGINFOD_URLS=https://debuginfod.ubuntu.com PYTHONPATH=/home/uiabot/uiabot_ws/build/my_publisher_package/prefix_override:/usr/lib/python3/dist-packages/colcon_core/task/python/colcon_distutils_commands:/home/uiabot/uiabot_ws/install/my_publisher_package/lib/python3.12/site-packages:${PYTHONPATH} /usr/bin/python3 -W ignore:setup.py install is deprecated setup.py egg_info --egg-base ../../build/my_publisher_package build --build-base /home/uiabot/uiabot_ws/build/my_publisher_package/build install --record /home/uiabot/uiabot_ws/build/my_publisher_package/install.log --single-version-externally-managed install_data
[5.364s] Level 1:colcon.colcon_core.environment:checking '/home/uiabot/uiabot_ws/install/my_publisher_package' for CMake config files
[5.365s] Level 1:colcon.colcon_core.environment:checking '/home/uiabot/uiabot_ws/install/my_publisher_package/lib'
[5.365s] Level 1:colcon.colcon_core.environment:checking '/home/uiabot/uiabot_ws/install/my_publisher_package/bin'
[5.365s] Level 1:colcon.colcon_core.environment:checking '/home/uiabot/uiabot_ws/install/my_publisher_package/lib/pkgconfig/my_publisher_package.pc'
[5.366s] Level 1:colcon.colcon_core.environment:checking '/home/uiabot/uiabot_ws/install/my_publisher_package/lib/python3.12/site-packages'
[5.366s] Level 1:colcon.colcon_core.shell:create_environment_hook('my_publisher_package', 'pythonpath')
[5.368s] INFO:colcon.colcon_core.shell:Creating environment hook '/home/uiabot/uiabot_ws/install/my_publisher_package/share/my_publisher_package/hook/pythonpath.ps1'
[5.369s] INFO:colcon.colcon_core.shell:Creating environment descriptor '/home/uiabot/uiabot_ws/install/my_publisher_package/share/my_publisher_package/hook/pythonpath.dsv'
[5.370s] INFO:colcon.colcon_core.shell:Creating environment hook '/home/uiabot/uiabot_ws/install/my_publisher_package/share/my_publisher_package/hook/pythonpath.sh'
[5.371s] Level 1:colcon.colcon_core.environment:checking '/home/uiabot/uiabot_ws/install/my_publisher_package/bin'
[5.371s] Level 1:colcon.colcon_core.environment:create_environment_scripts_only(my_publisher_package)
[5.371s] INFO:colcon.colcon_core.shell:Creating package script '/home/uiabot/uiabot_ws/install/my_publisher_package/share/my_publisher_package/package.ps1'
[5.372s] INFO:colcon.colcon_core.shell:Creating package descriptor '/home/uiabot/uiabot_ws/install/my_publisher_package/share/my_publisher_package/package.dsv'
[5.373s] INFO:colcon.colcon_core.shell:Creating package script '/home/uiabot/uiabot_ws/install/my_publisher_package/share/my_publisher_package/package.sh'
[5.374s] INFO:colcon.colcon_core.shell:Creating package script '/home/uiabot/uiabot_ws/install/my_publisher_package/share/my_publisher_package/package.bash'
[5.374s] INFO:colcon.colcon_core.shell:Creating package script '/home/uiabot/uiabot_ws/install/my_publisher_package/share/my_publisher_package/package.zsh'
[5.375s] Level 1:colcon.colcon_core.environment:create_file_with_runtime_dependencies(/home/uiabot/uiabot_ws/install/my_publisher_package/share/colcon-core/packages/my_publisher_package)
[5.912s] DEBUG:colcon.colcon_core.event_handler.log_command:Invoking command in '/home/uiabot/uiabot_ws/src/rsp_launch': DEBUGINFOD_URLS=https://debuginfod.ubuntu.com PYTHONPATH=/home/uiabot/uiabot_ws/build/rsp_launch/prefix_override:/usr/lib/python3/dist-packages/colcon_core/task/python/colcon_distutils_commands:/home/uiabot/uiabot_ws/install/rsp_launch/lib/python3.12/site-packages:${PYTHONPATH} /usr/bin/python3 -W ignore:setup.py install is deprecated setup.py egg_info --egg-base ../../build/rsp_launch build --build-base /home/uiabot/uiabot_ws/build/rsp_launch/build install --record /home/uiabot/uiabot_ws/build/rsp_launch/install.log --single-version-externally-managed install_data
[5.939s] DEBUG:colcon.colcon_core.event_handler.log_command:Invoked command in '/home/uiabot/uiabot_ws/build/robot_description' returned '0': CMAKE_PREFIX_PATH=${CMAKE_PREFIX_PATH}:/home/uiabot/uiabot_ws/install/rsp_launch:/home/uiabot/uiabot_ws/install/my_publisher_package:/home/uiabot/uiabot_ws/install/my_listener_package:/home/uiabot/uiabot_ws/install/lidar_package:/home/uiabot/uiabot_ws/install/launch_package:/home/uiabot/ros2_ws/install/robot_keyboard_control:/home/uiabot/ros2_ws/install/my_publisher_package:/home/uiabot/ros2_ws/install/my_listener_package:/home/uiabot/ros2_ws/install/esp32_com:/opt/ros/jazzy DEBUGINFOD_URLS=https://debuginfod.ubuntu.com /usr/bin/cmake /home/uiabot/uiabot_ws/src/robot_description -DCMAKE_INSTALL_PREFIX=/home/uiabot/uiabot_ws/install/robot_description
[5.941s] DEBUG:colcon.colcon_core.event_handler.log_command:Invoking command in '/home/uiabot/uiabot_ws/build/robot_description': CMAKE_PREFIX_PATH=${CMAKE_PREFIX_PATH}:/home/uiabot/uiabot_ws/install/rsp_launch:/home/uiabot/uiabot_ws/install/my_publisher_package:/home/uiabot/uiabot_ws/install/my_listener_package:/home/uiabot/uiabot_ws/install/lidar_package:/home/uiabot/uiabot_ws/install/launch_package:/home/uiabot/ros2_ws/install/robot_keyboard_control:/home/uiabot/ros2_ws/install/my_publisher_package:/home/uiabot/ros2_ws/install/my_listener_package:/home/uiabot/ros2_ws/install/esp32_com:/opt/ros/jazzy DEBUGINFOD_URLS=https://debuginfod.ubuntu.com /usr/bin/cmake --build /home/uiabot/uiabot_ws/build/robot_description -- -j4 -l4
[6.017s] DEBUG:colcon.colcon_core.event_handler.log_command:Invoked command in '/home/uiabot/uiabot_ws/build/robot_description' returned '0': CMAKE_PREFIX_PATH=${CMAKE_PREFIX_PATH}:/home/uiabot/uiabot_ws/install/rsp_launch:/home/uiabot/uiabot_ws/install/my_publisher_package:/home/uiabot/uiabot_ws/install/my_listener_package:/home/uiabot/uiabot_ws/install/lidar_package:/home/uiabot/uiabot_ws/install/launch_package:/home/uiabot/ros2_ws/install/robot_keyboard_control:/home/uiabot/ros2_ws/install/my_publisher_package:/home/uiabot/ros2_ws/install/my_listener_package:/home/uiabot/ros2_ws/install/esp32_com:/opt/ros/jazzy DEBUGINFOD_URLS=https://debuginfod.ubuntu.com /usr/bin/cmake --build /home/uiabot/uiabot_ws/build/robot_description -- -j4 -l4
[6.058s] DEBUG:colcon.colcon_core.event_handler.log_command:Invoking command in '/home/uiabot/uiabot_ws/build/robot_description': CMAKE_PREFIX_PATH=${CMAKE_PREFIX_PATH}:/home/uiabot/uiabot_ws/install/rsp_launch:/home/uiabot/uiabot_ws/install/my_publisher_package:/home/uiabot/uiabot_ws/install/my_listener_package:/home/uiabot/uiabot_ws/install/lidar_package:/home/uiabot/uiabot_ws/install/launch_package:/home/uiabot/ros2_ws/install/robot_keyboard_control:/home/uiabot/ros2_ws/install/my_publisher_package:/home/uiabot/ros2_ws/install/my_listener_package:/home/uiabot/ros2_ws/install/esp32_com:/opt/ros/jazzy DEBUGINFOD_URLS=https://debuginfod.ubuntu.com /usr/bin/cmake --install /home/uiabot/uiabot_ws/build/robot_description
[6.257s] Level 1:colcon.colcon_core.environment:create_environment_scripts_only(robot_description)
[6.257s] Level 1:colcon.colcon_core.environment:checking '/home/uiabot/uiabot_ws/install/robot_description' for CMake module files
[6.258s] DEBUG:colcon.colcon_core.event_handler.log_command:Invoked command in '/home/uiabot/uiabot_ws/build/robot_description' returned '0': CMAKE_PREFIX_PATH=${CMAKE_PREFIX_PATH}:/home/uiabot/uiabot_ws/install/rsp_launch:/home/uiabot/uiabot_ws/install/my_publisher_package:/home/uiabot/uiabot_ws/install/my_listener_package:/home/uiabot/uiabot_ws/install/lidar_package:/home/uiabot/uiabot_ws/install/launch_package:/home/uiabot/ros2_ws/install/robot_keyboard_control:/home/uiabot/ros2_ws/install/my_publisher_package:/home/uiabot/ros2_ws/install/my_listener_package:/home/uiabot/ros2_ws/install/esp32_com:/opt/ros/jazzy DEBUGINFOD_URLS=https://debuginfod.ubuntu.com /usr/bin/cmake --install /home/uiabot/uiabot_ws/build/robot_description
[6.258s] Level 1:colcon.colcon_core.environment:checking '/home/uiabot/uiabot_ws/install/robot_description' for CMake config files
[6.259s] Level 1:colcon.colcon_core.shell:create_environment_hook('robot_description', 'cmake_prefix_path')
[6.259s] INFO:colcon.colcon_core.shell:Creating environment hook '/home/uiabot/uiabot_ws/install/robot_description/share/robot_description/hook/cmake_prefix_path.ps1'
[6.259s] INFO:colcon.colcon_core.shell:Creating environment descriptor '/home/uiabot/uiabot_ws/install/robot_description/share/robot_description/hook/cmake_prefix_path.dsv'
[6.260s] INFO:colcon.colcon_core.shell:Creating environment hook '/home/uiabot/uiabot_ws/install/robot_description/share/robot_description/hook/cmake_prefix_path.sh'
[6.260s] Level 1:colcon.colcon_core.environment:checking '/home/uiabot/uiabot_ws/install/robot_description/bin'
[6.261s] Level 1:colcon.colcon_core.environment:checking '/home/uiabot/uiabot_ws/install/robot_description/lib/pkgconfig/robot_description.pc'
[6.261s] Level 1:colcon.colcon_core.environment:checking '/home/uiabot/uiabot_ws/install/robot_description/lib/python3.12/site-packages'
[6.261s] Level 1:colcon.colcon_core.environment:checking '/home/uiabot/uiabot_ws/install/robot_description/bin'
[6.261s] INFO:colcon.colcon_core.shell:Creating package script '/home/uiabot/uiabot_ws/install/robot_description/share/robot_description/package.ps1'
[6.262s] INFO:colcon.colcon_core.shell:Creating package descriptor '/home/uiabot/uiabot_ws/install/robot_description/share/robot_description/package.dsv'
[6.262s] INFO:colcon.colcon_core.shell:Creating package script '/home/uiabot/uiabot_ws/install/robot_description/share/robot_description/package.sh'
[6.263s] INFO:colcon.colcon_core.shell:Creating package script '/home/uiabot/uiabot_ws/install/robot_description/share/robot_description/package.bash'
[6.263s] INFO:colcon.colcon_core.shell:Creating package script '/home/uiabot/uiabot_ws/install/robot_description/share/robot_description/package.zsh'
[6.263s] Level 1:colcon.colcon_core.environment:create_file_with_runtime_dependencies(/home/uiabot/uiabot_ws/install/robot_description/share/colcon-core/packages/robot_description)
[6.296s] Level 1:colcon.colcon_core.environment:create_environment_scripts_only(robot_description)
[6.296s] Level 1:colcon.colcon_core.environment:checking '/home/uiabot/uiabot_ws/install/robot_description' for CMake module files
[6.297s] Level 1:colcon.colcon_core.environment:checking '/home/uiabot/uiabot_ws/install/robot_description' for CMake config files
[6.298s] Level 1:colcon.colcon_core.shell:create_environment_hook('robot_description', 'cmake_prefix_path')
[6.298s] INFO:colcon.colcon_core.shell:Creating environment hook '/home/uiabot/uiabot_ws/install/robot_description/share/robot_description/hook/cmake_prefix_path.ps1'
[6.298s] INFO:colcon.colcon_core.shell:Creating environment descriptor '/home/uiabot/uiabot_ws/install/robot_description/share/robot_description/hook/cmake_prefix_path.dsv'
[6.299s] INFO:colcon.colcon_core.shell:Creating environment hook '/home/uiabot/uiabot_ws/install/robot_description/share/robot_description/hook/cmake_prefix_path.sh'
[6.300s] Level 1:colcon.colcon_core.environment:checking '/home/uiabot/uiabot_ws/install/robot_description/bin'
[6.301s] Level 1:colcon.colcon_core.environment:checking '/home/uiabot/uiabot_ws/install/robot_description/lib/pkgconfig/robot_description.pc'
[6.301s] Level 1:colcon.colcon_core.environment:checking '/home/uiabot/uiabot_ws/install/robot_description/lib/python3.12/site-packages'
[6.301s] Level 1:colcon.colcon_core.environment:checking '/home/uiabot/uiabot_ws/install/robot_description/bin'
[6.301s] INFO:colcon.colcon_core.shell:Creating package script '/home/uiabot/uiabot_ws/install/robot_description/share/robot_description/package.ps1'
[6.302s] INFO:colcon.colcon_core.shell:Creating package descriptor '/home/uiabot/uiabot_ws/install/robot_description/share/robot_description/package.dsv'
[6.303s] INFO:colcon.colcon_core.shell:Creating package script '/home/uiabot/uiabot_ws/install/robot_description/share/robot_description/package.sh'
[6.304s] INFO:colcon.colcon_core.shell:Creating package script '/home/uiabot/uiabot_ws/install/robot_description/share/robot_description/package.bash'
[6.304s] INFO:colcon.colcon_core.shell:Creating package script '/home/uiabot/uiabot_ws/install/robot_description/share/robot_description/package.zsh'
[6.305s] Level 1:colcon.colcon_core.environment:create_file_with_runtime_dependencies(/home/uiabot/uiabot_ws/install/robot_description/share/colcon-core/packages/robot_description)
[6.805s] Level 1:colcon.colcon_core.environment:checking '/home/uiabot/uiabot_ws/install/rsp_launch' for CMake module files
[6.806s] DEBUG:colcon.colcon_core.event_handler.log_command:Invoked command in '/home/uiabot/uiabot_ws/src/rsp_launch' returned '0': DEBUGINFOD_URLS=https://debuginfod.ubuntu.com PYTHONPATH=/home/uiabot/uiabot_ws/build/rsp_launch/prefix_override:/usr/lib/python3/dist-packages/colcon_core/task/python/colcon_distutils_commands:/home/uiabot/uiabot_ws/install/rsp_launch/lib/python3.12/site-packages:${PYTHONPATH} /usr/bin/python3 -W ignore:setup.py install is deprecated setup.py egg_info --egg-base ../../build/rsp_launch build --build-base /home/uiabot/uiabot_ws/build/rsp_launch/build install --record /home/uiabot/uiabot_ws/build/rsp_launch/install.log --single-version-externally-managed install_data
[6.806s] Level 1:colcon.colcon_core.environment:checking '/home/uiabot/uiabot_ws/install/rsp_launch' for CMake config files
[6.807s] Level 1:colcon.colcon_core.environment:checking '/home/uiabot/uiabot_ws/install/rsp_launch/lib'
[6.807s] Level 1:colcon.colcon_core.environment:checking '/home/uiabot/uiabot_ws/install/rsp_launch/bin'
[6.807s] Level 1:colcon.colcon_core.environment:checking '/home/uiabot/uiabot_ws/install/rsp_launch/lib/pkgconfig/rsp_launch.pc'
[6.808s] Level 1:colcon.colcon_core.environment:checking '/home/uiabot/uiabot_ws/install/rsp_launch/lib/python3.12/site-packages'
[6.808s] Level 1:colcon.colcon_core.shell:create_environment_hook('rsp_launch', 'pythonpath')
[6.808s] INFO:colcon.colcon_core.shell:Creating environment hook '/home/uiabot/uiabot_ws/install/rsp_launch/share/rsp_launch/hook/pythonpath.ps1'
[6.809s] INFO:colcon.colcon_core.shell:Creating environment descriptor '/home/uiabot/uiabot_ws/install/rsp_launch/share/rsp_launch/hook/pythonpath.dsv'
[6.809s] INFO:colcon.colcon_core.shell:Creating environment hook '/home/uiabot/uiabot_ws/install/rsp_launch/share/rsp_launch/hook/pythonpath.sh'
[6.810s] Level 1:colcon.colcon_core.environment:checking '/home/uiabot/uiabot_ws/install/rsp_launch/bin'
[6.810s] Level 1:colcon.colcon_core.environment:create_environment_scripts_only(rsp_launch)
[6.810s] INFO:colcon.colcon_core.shell:Creating package script '/home/uiabot/uiabot_ws/install/rsp_launch/share/rsp_launch/package.ps1'
[6.811s] INFO:colcon.colcon_core.shell:Creating package descriptor '/home/uiabot/uiabot_ws/install/rsp_launch/share/rsp_launch/package.dsv'
[6.811s] INFO:colcon.colcon_core.shell:Creating package script '/home/uiabot/uiabot_ws/install/rsp_launch/share/rsp_launch/package.sh'
[6.812s] INFO:colcon.colcon_core.shell:Creating package script '/home/uiabot/uiabot_ws/install/rsp_launch/share/rsp_launch/package.bash'
[6.812s] INFO:colcon.colcon_core.shell:Creating package script '/home/uiabot/uiabot_ws/install/rsp_launch/share/rsp_launch/package.zsh'
[6.812s] Level 1:colcon.colcon_core.environment:create_file_with_runtime_dependencies(/home/uiabot/uiabot_ws/install/rsp_launch/share/colcon-core/packages/rsp_launch)
[6.813s] DEBUG:colcon.colcon_parallel_executor.executor.parallel:closing loop
[6.813s] DEBUG:colcon.colcon_parallel_executor.executor.parallel:loop closed
[6.813s] DEBUG:colcon.colcon_parallel_executor.executor.parallel:run_until_complete finished with '0'
[6.813s] DEBUG:colcon.colcon_core.event_reactor:joining thread
[6.825s] INFO:colcon.colcon_core.plugin_system:Skipping extension 'colcon_notification.desktop_notification.terminal_notifier': Not used on non-Darwin systems
[6.825s] INFO:colcon.colcon_core.plugin_system:Skipping extension 'colcon_notification.desktop_notification.win32': Not used on non-Windows systems
[6.825s] INFO:colcon.colcon_notification.desktop_notification:Sending desktop notification using 'notify2'
[6.858s] DEBUG:colcon.colcon_core.event_reactor:joined thread
[6.858s] INFO:colcon.colcon_core.shell:Creating prefix script '/home/uiabot/uiabot_ws/install/local_setup.ps1'
[6.860s] INFO:colcon.colcon_core.shell:Creating prefix util module '/home/uiabot/uiabot_ws/install/_local_setup_util_ps1.py'
[6.861s] INFO:colcon.colcon_core.shell:Creating prefix chain script '/home/uiabot/uiabot_ws/install/setup.ps1'
[6.863s] INFO:colcon.colcon_core.shell:Creating prefix script '/home/uiabot/uiabot_ws/install/local_setup.sh'
[6.864s] INFO:colcon.colcon_core.shell:Creating prefix util module '/home/uiabot/uiabot_ws/install/_local_setup_util_sh.py'
[6.864s] INFO:colcon.colcon_core.shell:Creating prefix chain script '/home/uiabot/uiabot_ws/install/setup.sh'
[6.867s] INFO:colcon.colcon_core.shell:Creating prefix script '/home/uiabot/uiabot_ws/install/local_setup.bash'
[6.868s] INFO:colcon.colcon_core.shell:Creating prefix chain script '/home/uiabot/uiabot_ws/install/setup.bash'
[6.870s] INFO:colcon.colcon_core.shell:Creating prefix script '/home/uiabot/uiabot_ws/install/local_setup.zsh'
[6.870s] INFO:colcon.colcon_core.shell:Creating prefix chain script '/home/uiabot/uiabot_ws/install/setup.zsh'
