[0.064s] DEBUG:colcon:Command line arguments: ['/usr/bin/colcon', 'build']
[0.064s] DEBUG:colcon:Parsed command line arguments: Namespace(log_base=None, log_level=None, verb_name='build', build_base='build', install_base='install', merge_install=False, symlink_install=False, test_result_base=None, continue_on_error=False, executor='parallel', parallel_workers=32, event_handlers=None, ignore_user_meta=False, metas=['./colcon.meta'], base_paths=['.'], packages_ignore=None, packages_ignore_regex=None, paths=None, packages_up_to=None, packages_up_to_regex=None, packages_above=None, packages_above_and_dependencies=None, packages_above_depth=None, packages_select_by_dep=None, packages_skip_by_dep=None, packages_skip_up_to=None, packages_select_build_failed=False, packages_skip_build_finished=False, packages_select_test_failures=False, packages_skip_test_passed=False, packages_select=None, packages_skip=None, packages_select_regex=None, packages_skip_regex=None, packages_start=None, packages_end=None, allow_overriding=[], cmake_args=None, cmake_target=None, cmake_target_skip_unavailable=False, cmake_clean_cache=False, cmake_clean_first=False, cmake_force_configure=False, ament_cmake_args=None, catkin_cmake_args=None, catkin_skip_building_tests=False, mixin_files=None, mixin=None, verb_parser=<colcon_mixin.mixin.mixin_argument.MixinArgumentDecorator object at 0x755dd7c7c520>, verb_extension=<colcon_core.verb.build.BuildVerb object at 0x755dd7c43af0>, main=<bound method BuildVerb.main of <colcon_core.verb.build.BuildVerb object at 0x755dd7c43af0>>, mixin_verb=('build',))
[0.084s] Level 1:colcon.colcon_core.package_discovery:discover_packages(colcon_meta) check parameters
[0.084s] Level 1:colcon.colcon_core.package_discovery:discover_packages(recursive) check parameters
[0.084s] Level 1:colcon.colcon_core.package_discovery:discover_packages(ignore) check parameters
[0.084s] Level 1:colcon.colcon_core.package_discovery:discover_packages(path) check parameters
[0.084s] Level 1:colcon.colcon_core.package_discovery:discover_packages(colcon_meta) discover
[0.084s] Level 1:colcon.colcon_core.package_discovery:discover_packages(recursive) discover
[0.084s] INFO:colcon.colcon_core.package_discovery:Crawling recursively for packages in '/home/devtex/uiabot_ws'
[0.084s] Level 1:colcon.colcon_core.package_identification:_identify(.) by extensions ['ignore', 'ignore_ament_install']
[0.084s] Level 1:colcon.colcon_core.package_identification:_identify(.) by extension 'ignore'
[0.084s] Level 1:colcon.colcon_core.package_identification:_identify(.) by extension 'ignore_ament_install'
[0.084s] Level 1:colcon.colcon_core.package_identification:_identify(.) by extensions ['colcon_pkg']
[0.084s] Level 1:colcon.colcon_core.package_identification:_identify(.) by extension 'colcon_pkg'
[0.084s] Level 1:colcon.colcon_core.package_identification:_identify(.) by extensions ['colcon_meta']
[0.084s] Level 1:colcon.colcon_core.package_identification:_identify(.) by extension 'colcon_meta'
[0.084s] Level 1:colcon.colcon_core.package_identification:_identify(.) by extensions ['ros']
[0.084s] Level 1:colcon.colcon_core.package_identification:_identify(.) by extension 'ros'
[0.092s] Level 1:colcon.colcon_core.package_identification:_identify(.) by extensions ['cmake', 'python']
[0.092s] Level 1:colcon.colcon_core.package_identification:_identify(.) by extension 'cmake'
[0.092s] Level 1:colcon.colcon_core.package_identification:_identify(.) by extension 'python'
[0.092s] Level 1:colcon.colcon_core.package_identification:_identify(.) by extensions ['python_setup_py']
[0.092s] Level 1:colcon.colcon_core.package_identification:_identify(.) by extension 'python_setup_py'
[0.092s] Level 1:colcon.colcon_core.package_identification:_identify(build) by extensions ['ignore', 'ignore_ament_install']
[0.092s] Level 1:colcon.colcon_core.package_identification:_identify(build) by extension 'ignore'
[0.092s] Level 1:colcon.colcon_core.package_identification:_identify(build) ignored
[0.092s] Level 1:colcon.colcon_core.package_identification:_identify(install) by extensions ['ignore', 'ignore_ament_install']
[0.093s] Level 1:colcon.colcon_core.package_identification:_identify(install) by extension 'ignore'
[0.093s] Level 1:colcon.colcon_core.package_identification:_identify(install) ignored
[0.093s] Level 1:colcon.colcon_core.package_identification:_identify(log) by extensions ['ignore', 'ignore_ament_install']
[0.093s] Level 1:colcon.colcon_core.package_identification:_identify(log) by extension 'ignore'
[0.093s] Level 1:colcon.colcon_core.package_identification:_identify(log) ignored
[0.093s] Level 1:colcon.colcon_core.package_identification:_identify(src) by extensions ['ignore', 'ignore_ament_install']
[0.093s] Level 1:colcon.colcon_core.package_identification:_identify(src) by extension 'ignore'
[0.093s] Level 1:colcon.colcon_core.package_identification:_identify(src) by extension 'ignore_ament_install'
[0.093s] Level 1:colcon.colcon_core.package_identification:_identify(src) by extensions ['colcon_pkg']
[0.093s] Level 1:colcon.colcon_core.package_identification:_identify(src) by extension 'colcon_pkg'
[0.093s] Level 1:colcon.colcon_core.package_identification:_identify(src) by extensions ['colcon_meta']
[0.093s] Level 1:colcon.colcon_core.package_identification:_identify(src) by extension 'colcon_meta'
[0.093s] Level 1:colcon.colcon_core.package_identification:_identify(src) by extensions ['ros']
[0.093s] Level 1:colcon.colcon_core.package_identification:_identify(src) by extension 'ros'
[0.093s] Level 1:colcon.colcon_core.package_identification:_identify(src) by extensions ['cmake', 'python']
[0.093s] Level 1:colcon.colcon_core.package_identification:_identify(src) by extension 'cmake'
[0.093s] Level 1:colcon.colcon_core.package_identification:_identify(src) by extension 'python'
[0.093s] Level 1:colcon.colcon_core.package_identification:_identify(src) by extensions ['python_setup_py']
[0.093s] Level 1:colcon.colcon_core.package_identification:_identify(src) by extension 'python_setup_py'
[0.093s] Level 1:colcon.colcon_core.package_identification:_identify(src/lidar_package) by extensions ['ignore', 'ignore_ament_install']
[0.093s] Level 1:colcon.colcon_core.package_identification:_identify(src/lidar_package) by extension 'ignore'
[0.093s] Level 1:colcon.colcon_core.package_identification:_identify(src/lidar_package) by extension 'ignore_ament_install'
[0.093s] Level 1:colcon.colcon_core.package_identification:_identify(src/lidar_package) by extensions ['colcon_pkg']
[0.093s] Level 1:colcon.colcon_core.package_identification:_identify(src/lidar_package) by extension 'colcon_pkg'
[0.093s] Level 1:colcon.colcon_core.package_identification:_identify(src/lidar_package) by extensions ['colcon_meta']
[0.093s] Level 1:colcon.colcon_core.package_identification:_identify(src/lidar_package) by extension 'colcon_meta'
[0.093s] Level 1:colcon.colcon_core.package_identification:_identify(src/lidar_package) by extensions ['ros']
[0.093s] Level 1:colcon.colcon_core.package_identification:_identify(src/lidar_package) by extension 'ros'
[0.094s] DEBUG:colcon.colcon_core.package_identification:Package 'src/lidar_package' with type 'ros.ament_python' and name 'lidar_package'
[0.094s] Level 1:colcon.colcon_core.package_identification:_identify(src/uiabot) by extensions ['ignore', 'ignore_ament_install']
[0.094s] Level 1:colcon.colcon_core.package_identification:_identify(src/uiabot) by extension 'ignore'
[0.094s] Level 1:colcon.colcon_core.package_identification:_identify(src/uiabot) by extension 'ignore_ament_install'
[0.094s] Level 1:colcon.colcon_core.package_identification:_identify(src/uiabot) by extensions ['colcon_pkg']
[0.094s] Level 1:colcon.colcon_core.package_identification:_identify(src/uiabot) by extension 'colcon_pkg'
[0.094s] Level 1:colcon.colcon_core.package_identification:_identify(src/uiabot) by extensions ['colcon_meta']
[0.094s] Level 1:colcon.colcon_core.package_identification:_identify(src/uiabot) by extension 'colcon_meta'
[0.094s] Level 1:colcon.colcon_core.package_identification:_identify(src/uiabot) by extensions ['ros']
[0.094s] Level 1:colcon.colcon_core.package_identification:_identify(src/uiabot) by extension 'ros'
[0.095s] Level 1:colcon.colcon_core.package_identification:_identify(src/uiabot) by extensions ['cmake', 'python']
[0.095s] Level 1:colcon.colcon_core.package_identification:_identify(src/uiabot) by extension 'cmake'
[0.095s] Level 1:colcon.colcon_core.package_identification:_identify(src/uiabot) by extension 'python'
[0.095s] Level 1:colcon.colcon_core.package_identification:_identify(src/uiabot) by extensions ['python_setup_py']
[0.095s] Level 1:colcon.colcon_core.package_identification:_identify(src/uiabot) by extension 'python_setup_py'
[0.095s] Level 1:colcon.colcon_core.package_discovery:discover_packages(recursive) using defaults
[0.095s] Level 1:colcon.colcon_core.package_discovery:discover_packages(ignore) discover
[0.095s] Level 1:colcon.colcon_core.package_discovery:discover_packages(ignore) using defaults
[0.095s] Level 1:colcon.colcon_core.package_discovery:discover_packages(path) discover
[0.095s] Level 1:colcon.colcon_core.package_discovery:discover_packages(path) using defaults
[0.105s] Level 1:colcon.colcon_core.package_discovery:discover_packages(prefix_path) check parameters
[0.105s] Level 1:colcon.colcon_core.package_discovery:discover_packages(prefix_path) discover
[0.107s] DEBUG:colcon.colcon_installed_package_information.package_discovery:Found 2 installed packages in /home/devtex/uiabot_ws/install
[0.107s] DEBUG:colcon.colcon_installed_package_information.package_discovery:Found 32 installed packages in /home/devtex/interbotix_ws/install
[0.107s] DEBUG:colcon.colcon_installed_package_information.package_discovery:Found 1 installed packages in /home/devtex/apriltag_ws/install
[0.108s] DEBUG:colcon.colcon_installed_package_information.package_discovery:Found 0 installed packages in /home/devtex/Desktop/MAS513/ros2_ws/install
[0.108s] DEBUG:colcon.colcon_installed_package_information.package_discovery:Found 444 installed packages in /opt/ros/humble
[0.110s] Level 1:colcon.colcon_core.package_discovery:discover_packages(prefix_path) using defaults
[0.135s] Level 5:colcon.colcon_core.verb:set package 'lidar_package' build argument 'cmake_args' from command line to 'None'
[0.135s] Level 5:colcon.colcon_core.verb:set package 'lidar_package' build argument 'cmake_target' from command line to 'None'
[0.135s] Level 5:colcon.colcon_core.verb:set package 'lidar_package' build argument 'cmake_target_skip_unavailable' from command line to 'False'
[0.135s] Level 5:colcon.colcon_core.verb:set package 'lidar_package' build argument 'cmake_clean_cache' from command line to 'False'
[0.135s] Level 5:colcon.colcon_core.verb:set package 'lidar_package' build argument 'cmake_clean_first' from command line to 'False'
[0.135s] Level 5:colcon.colcon_core.verb:set package 'lidar_package' build argument 'cmake_force_configure' from command line to 'False'
[0.135s] Level 5:colcon.colcon_core.verb:set package 'lidar_package' build argument 'ament_cmake_args' from command line to 'None'
[0.135s] Level 5:colcon.colcon_core.verb:set package 'lidar_package' build argument 'catkin_cmake_args' from command line to 'None'
[0.135s] Level 5:colcon.colcon_core.verb:set package 'lidar_package' build argument 'catkin_skip_building_tests' from command line to 'False'
[0.135s] DEBUG:colcon.colcon_core.verb:Building package 'lidar_package' with the following arguments: {'ament_cmake_args': None, 'build_base': '/home/devtex/uiabot_ws/build/lidar_package', 'catkin_cmake_args': None, 'catkin_skip_building_tests': False, 'cmake_args': None, 'cmake_clean_cache': False, 'cmake_clean_first': False, 'cmake_force_configure': False, 'cmake_target': None, 'cmake_target_skip_unavailable': False, 'install_base': '/home/devtex/uiabot_ws/install/lidar_package', 'merge_install': False, 'path': '/home/devtex/uiabot_ws/src/lidar_package', 'symlink_install': False, 'test_result_base': None}
[0.135s] INFO:colcon.colcon_core.executor:Executing jobs using 'parallel' executor
[0.136s] DEBUG:colcon.colcon_parallel_executor.executor.parallel:run_until_complete
[0.136s] INFO:colcon.colcon_ros.task.ament_python.build:Building ROS package in '/home/devtex/uiabot_ws/src/lidar_package' with build type 'ament_python'
[0.136s] Level 1:colcon.colcon_core.shell:create_environment_hook('lidar_package', 'ament_prefix_path')
[0.137s] INFO:colcon.colcon_core.plugin_system:Skipping extension 'colcon_core.shell.bat': Not used on non-Windows systems
[0.137s] INFO:colcon.colcon_core.shell:Creating environment hook '/home/devtex/uiabot_ws/install/lidar_package/share/lidar_package/hook/ament_prefix_path.ps1'
[0.138s] INFO:colcon.colcon_core.shell:Creating environment descriptor '/home/devtex/uiabot_ws/install/lidar_package/share/lidar_package/hook/ament_prefix_path.dsv'
[0.138s] INFO:colcon.colcon_core.shell:Creating environment hook '/home/devtex/uiabot_ws/install/lidar_package/share/lidar_package/hook/ament_prefix_path.sh'
[0.138s] INFO:colcon.colcon_core.shell:Skip shell extension 'powershell' for command environment: Not usable outside of PowerShell
[0.138s] DEBUG:colcon.colcon_core.shell:Skip shell extension 'dsv' for command environment
[0.245s] INFO:colcon.colcon_core.task.python.build:Building Python package in '/home/devtex/uiabot_ws/src/lidar_package'
[0.245s] INFO:colcon.colcon_core.shell:Skip shell extension 'powershell' for command environment: Not usable outside of PowerShell
[0.245s] DEBUG:colcon.colcon_core.shell:Skip shell extension 'dsv' for command environment
[0.550s] DEBUG:colcon.colcon_core.event_handler.log_command:Invoking command in '/home/devtex/uiabot_ws/src/lidar_package': PYTHONPATH=/home/devtex/uiabot_ws/build/lidar_package/prefix_override:/usr/lib/python3/dist-packages/colcon_core/task/python/colcon_distutils_commands:/home/devtex/uiabot_ws/install/lidar_package/lib/python3.10/site-packages:${PYTHONPATH} /usr/bin/python3 -W ignore:setup.py install is deprecated setup.py egg_info --egg-base ../../build/lidar_package build --build-base /home/devtex/uiabot_ws/build/lidar_package/build install --record /home/devtex/uiabot_ws/build/lidar_package/install.log --single-version-externally-managed install_data
[0.802s] DEBUG:colcon.colcon_core.event_handler.log_command:Invoked command in '/home/devtex/uiabot_ws/src/lidar_package' returned '0': PYTHONPATH=/home/devtex/uiabot_ws/build/lidar_package/prefix_override:/usr/lib/python3/dist-packages/colcon_core/task/python/colcon_distutils_commands:/home/devtex/uiabot_ws/install/lidar_package/lib/python3.10/site-packages:${PYTHONPATH} /usr/bin/python3 -W ignore:setup.py install is deprecated setup.py egg_info --egg-base ../../build/lidar_package build --build-base /home/devtex/uiabot_ws/build/lidar_package/build install --record /home/devtex/uiabot_ws/build/lidar_package/install.log --single-version-externally-managed install_data
[0.803s] Level 1:colcon.colcon_core.environment:checking '/home/devtex/uiabot_ws/install/lidar_package' for CMake module files
[0.804s] Level 1:colcon.colcon_core.environment:checking '/home/devtex/uiabot_ws/install/lidar_package' for CMake config files
[0.804s] Level 1:colcon.colcon_core.environment:checking '/home/devtex/uiabot_ws/install/lidar_package/lib'
[0.804s] Level 1:colcon.colcon_core.environment:checking '/home/devtex/uiabot_ws/install/lidar_package/bin'
[0.804s] Level 1:colcon.colcon_core.environment:checking '/home/devtex/uiabot_ws/install/lidar_package/lib/pkgconfig/lidar_package.pc'
[0.804s] Level 1:colcon.colcon_core.environment:checking '/home/devtex/uiabot_ws/install/lidar_package/lib/python3.10/site-packages'
[0.804s] Level 1:colcon.colcon_core.shell:create_environment_hook('lidar_package', 'pythonpath')
[0.804s] INFO:colcon.colcon_core.shell:Creating environment hook '/home/devtex/uiabot_ws/install/lidar_package/share/lidar_package/hook/pythonpath.ps1'
[0.805s] INFO:colcon.colcon_core.shell:Creating environment descriptor '/home/devtex/uiabot_ws/install/lidar_package/share/lidar_package/hook/pythonpath.dsv'
[0.805s] INFO:colcon.colcon_core.shell:Creating environment hook '/home/devtex/uiabot_ws/install/lidar_package/share/lidar_package/hook/pythonpath.sh'
[0.805s] Level 1:colcon.colcon_core.environment:checking '/home/devtex/uiabot_ws/install/lidar_package/bin'
[0.805s] Level 1:colcon.colcon_core.environment:create_environment_scripts_only(lidar_package)
[0.805s] INFO:colcon.colcon_core.shell:Creating package script '/home/devtex/uiabot_ws/install/lidar_package/share/lidar_package/package.ps1'
[0.805s] INFO:colcon.colcon_core.shell:Creating package descriptor '/home/devtex/uiabot_ws/install/lidar_package/share/lidar_package/package.dsv'
[0.806s] INFO:colcon.colcon_core.shell:Creating package script '/home/devtex/uiabot_ws/install/lidar_package/share/lidar_package/package.sh'
[0.806s] INFO:colcon.colcon_core.shell:Creating package script '/home/devtex/uiabot_ws/install/lidar_package/share/lidar_package/package.bash'
[0.806s] INFO:colcon.colcon_core.shell:Creating package script '/home/devtex/uiabot_ws/install/lidar_package/share/lidar_package/package.zsh'
[0.811s] Level 1:colcon.colcon_core.environment:create_file_with_runtime_dependencies(/home/devtex/uiabot_ws/install/lidar_package/share/colcon-core/packages/lidar_package)
[0.811s] DEBUG:colcon.colcon_parallel_executor.executor.parallel:closing loop
[0.811s] DEBUG:colcon.colcon_parallel_executor.executor.parallel:loop closed
[0.811s] DEBUG:colcon.colcon_parallel_executor.executor.parallel:run_until_complete finished with '0'
[0.811s] DEBUG:colcon.colcon_core.event_reactor:joining thread
[0.814s] INFO:colcon.colcon_core.plugin_system:Skipping extension 'colcon_notification.desktop_notification.terminal_notifier': Not used on non-Darwin systems
[0.814s] INFO:colcon.colcon_core.plugin_system:Skipping extension 'colcon_notification.desktop_notification.win32': Not used on non-Windows systems
[0.814s] INFO:colcon.colcon_notification.desktop_notification:Sending desktop notification using 'notify2'
[0.820s] DEBUG:colcon.colcon_core.event_reactor:joined thread
[0.820s] INFO:colcon.colcon_core.shell:Creating prefix script '/home/devtex/uiabot_ws/install/local_setup.ps1'
[0.821s] INFO:colcon.colcon_core.shell:Creating prefix util module '/home/devtex/uiabot_ws/install/_local_setup_util_ps1.py'
[0.821s] INFO:colcon.colcon_core.shell:Creating prefix chain script '/home/devtex/uiabot_ws/install/setup.ps1'
[0.822s] INFO:colcon.colcon_core.shell:Creating prefix script '/home/devtex/uiabot_ws/install/local_setup.sh'
[0.822s] INFO:colcon.colcon_core.shell:Creating prefix util module '/home/devtex/uiabot_ws/install/_local_setup_util_sh.py'
[0.823s] INFO:colcon.colcon_core.shell:Creating prefix chain script '/home/devtex/uiabot_ws/install/setup.sh'
[0.824s] INFO:colcon.colcon_core.shell:Creating prefix script '/home/devtex/uiabot_ws/install/local_setup.bash'
[0.824s] INFO:colcon.colcon_core.shell:Creating prefix chain script '/home/devtex/uiabot_ws/install/setup.bash'
[0.825s] INFO:colcon.colcon_core.shell:Creating prefix script '/home/devtex/uiabot_ws/install/local_setup.zsh'
[0.825s] INFO:colcon.colcon_core.shell:Creating prefix chain script '/home/devtex/uiabot_ws/install/setup.zsh'
