[2.557s] Invoking command in '/home/uiabot/uiabot_ws/src/my_publisher_package': DEBUGINFOD_URLS=https://debuginfod.ubuntu.com PYTHONPATH=/home/uiabot/uiabot_ws/build/my_publisher_package/prefix_override:/usr/lib/python3/dist-packages/colcon_core/task/python/colcon_distutils_commands:/home/uiabot/uiabot_ws/install/my_publisher_package/lib/python3.12/site-packages:${PYTHONPATH} /usr/bin/python3 -W ignore:setup.py install is deprecated setup.py egg_info --egg-base ../../build/my_publisher_package build --build-base /home/uiabot/uiabot_ws/build/my_publisher_package/build install --record /home/uiabot/uiabot_ws/build/my_publisher_package/install.log --single-version-externally-managed install_data
[2.955s] running egg_info
[2.980s] writing ../../build/my_publisher_package/my_publisher_package.egg-info/PKG-INFO
[2.981s] writing dependency_links to ../../build/my_publisher_package/my_publisher_package.egg-info/dependency_links.txt
[2.981s] writing entry points to ../../build/my_publisher_package/my_publisher_package.egg-info/entry_points.txt
[2.981s] writing requirements to ../../build/my_publisher_package/my_publisher_package.egg-info/requires.txt
[2.981s] writing top-level names to ../../build/my_publisher_package/my_publisher_package.egg-info/top_level.txt
[3.035s] reading manifest file '../../build/my_publisher_package/my_publisher_package.egg-info/SOURCES.txt'
[3.037s] writing manifest file '../../build/my_publisher_package/my_publisher_package.egg-info/SOURCES.txt'
[3.037s] running build
[3.037s] running build_py
[3.040s] running install
[3.050s] running install_lib
[3.078s] running install_data
[3.079s] running install_egg_info
[3.107s] removing '/home/uiabot/uiabot_ws/install/my_publisher_package/lib/python3.12/site-packages/my_publisher_package-0.0.0-py3.12.egg-info' (and everything under it)
[3.108s] Copying ../../build/my_publisher_package/my_publisher_package.egg-info to /home/uiabot/uiabot_ws/install/my_publisher_package/lib/python3.12/site-packages/my_publisher_package-0.0.0-py3.12.egg-info
[3.110s] running install_scripts
[3.302s] Installing cmd_vel_publisher script to /home/uiabot/uiabot_ws/install/my_publisher_package/lib/my_publisher_package
[3.304s] writing list of installed files to '/home/uiabot/uiabot_ws/build/my_publisher_package/install.log'
[3.460s] Invoked command in '/home/uiabot/uiabot_ws/src/my_publisher_package' returned '0': DEBUGINFOD_URLS=https://debuginfod.ubuntu.com PYTHONPATH=/home/uiabot/uiabot_ws/build/my_publisher_package/prefix_override:/usr/lib/python3/dist-packages/colcon_core/task/python/colcon_distutils_commands:/home/uiabot/uiabot_ws/install/my_publisher_package/lib/python3.12/site-packages:${PYTHONPATH} /usr/bin/python3 -W ignore:setup.py install is deprecated setup.py egg_info --egg-base ../../build/my_publisher_package build --build-base /home/uiabot/uiabot_ws/build/my_publisher_package/build install --record /home/uiabot/uiabot_ws/build/my_publisher_package/install.log --single-version-externally-managed install_data
