[1.840s] Invoking command in '/home/uiabot/uiabot_ws/src/my_publisher_package': DEBUGINFOD_URLS=https://debuginfod.ubuntu.com PYTHONPATH=/home/uiabot/uiabot_ws/build/my_publisher_package/prefix_override:/usr/lib/python3/dist-packages/colcon_core/task/python/colcon_distutils_commands:/home/uiabot/uiabot_ws/install/my_publisher_package/lib/python3.12/site-packages:${PYTHONPATH} /usr/bin/python3 -W ignore:setup.py install is deprecated setup.py egg_info --egg-base ../../build/my_publisher_package build --build-base /home/uiabot/uiabot_ws/build/my_publisher_package/build install --record /home/uiabot/uiabot_ws/build/my_publisher_package/install.log --single-version-externally-managed install_data
[2.482s] running egg_info
[2.483s] creating ../../build/my_publisher_package/my_publisher_package.egg-info
[2.526s] writing ../../build/my_publisher_package/my_publisher_package.egg-info/PKG-INFO
[2.526s] writing dependency_links to ../../build/my_publisher_package/my_publisher_package.egg-info/dependency_links.txt
[2.527s] writing entry points to ../../build/my_publisher_package/my_publisher_package.egg-info/entry_points.txt
[2.527s] writing requirements to ../../build/my_publisher_package/my_publisher_package.egg-info/requires.txt
[2.527s] writing top-level names to ../../build/my_publisher_package/my_publisher_package.egg-info/top_level.txt
[2.527s] writing manifest file '../../build/my_publisher_package/my_publisher_package.egg-info/SOURCES.txt'
[2.609s] reading manifest file '../../build/my_publisher_package/my_publisher_package.egg-info/SOURCES.txt'
[2.609s] writing manifest file '../../build/my_publisher_package/my_publisher_package.egg-info/SOURCES.txt'
[2.610s] running build
[2.610s] running build_py
[2.610s] creating /home/uiabot/uiabot_ws/build/my_publisher_package/build
[2.610s] creating /home/uiabot/uiabot_ws/build/my_publisher_package/build/lib
[2.610s] creating /home/uiabot/uiabot_ws/build/my_publisher_package/build/lib/my_publisher_package
[2.610s] copying my_publisher_package/cmd_vel_publisher.py -> /home/uiabot/uiabot_ws/build/my_publisher_package/build/lib/my_publisher_package
[2.610s] copying my_publisher_package/__init__.py -> /home/uiabot/uiabot_ws/build/my_publisher_package/build/lib/my_publisher_package
[2.611s] running install
[2.623s] running install_lib
[2.661s] creating /home/uiabot/uiabot_ws/install/my_publisher_package/lib/python3.12/site-packages/my_publisher_package
[2.662s] copying /home/uiabot/uiabot_ws/build/my_publisher_package/build/lib/my_publisher_package/cmd_vel_publisher.py -> /home/uiabot/uiabot_ws/install/my_publisher_package/lib/python3.12/site-packages/my_publisher_package
[2.662s] copying /home/uiabot/uiabot_ws/build/my_publisher_package/build/lib/my_publisher_package/__init__.py -> /home/uiabot/uiabot_ws/install/my_publisher_package/lib/python3.12/site-packages/my_publisher_package
[2.665s] byte-compiling /home/uiabot/uiabot_ws/install/my_publisher_package/lib/python3.12/site-packages/my_publisher_package/cmd_vel_publisher.py to cmd_vel_publisher.cpython-312.pyc
[2.667s] byte-compiling /home/uiabot/uiabot_ws/install/my_publisher_package/lib/python3.12/site-packages/my_publisher_package/__init__.py to __init__.cpython-312.pyc
[2.667s] running install_data
[2.668s] creating /home/uiabot/uiabot_ws/install/my_publisher_package/share/ament_index
[2.668s] creating /home/uiabot/uiabot_ws/install/my_publisher_package/share/ament_index/resource_index
[2.668s] creating /home/uiabot/uiabot_ws/install/my_publisher_package/share/ament_index/resource_index/packages
[2.668s] copying resource/my_publisher_package -> /home/uiabot/uiabot_ws/install/my_publisher_package/share/ament_index/resource_index/packages
[2.669s] copying package.xml -> /home/uiabot/uiabot_ws/install/my_publisher_package/share/my_publisher_package
[2.669s] running install_egg_info
[2.705s] Copying ../../build/my_publisher_package/my_publisher_package.egg-info to /home/uiabot/uiabot_ws/install/my_publisher_package/lib/python3.12/site-packages/my_publisher_package-0.0.0-py3.12.egg-info
[2.706s] running install_scripts
[2.942s] Installing cmd_vel_publisher script to /home/uiabot/uiabot_ws/install/my_publisher_package/lib/my_publisher_package
[2.942s] writing list of installed files to '/home/uiabot/uiabot_ws/build/my_publisher_package/install.log'
[3.075s] Invoked command in '/home/uiabot/uiabot_ws/src/my_publisher_package' returned '0': DEBUGINFOD_URLS=https://debuginfod.ubuntu.com PYTHONPATH=/home/uiabot/uiabot_ws/build/my_publisher_package/prefix_override:/usr/lib/python3/dist-packages/colcon_core/task/python/colcon_distutils_commands:/home/uiabot/uiabot_ws/install/my_publisher_package/lib/python3.12/site-packages:${PYTHONPATH} /usr/bin/python3 -W ignore:setup.py install is deprecated setup.py egg_info --egg-base ../../build/my_publisher_package build --build-base /home/uiabot/uiabot_ws/build/my_publisher_package/build install --record /home/uiabot/uiabot_ws/build/my_publisher_package/install.log --single-version-externally-managed install_data
