[0.060s] Invoking command in '/home/uiabot/uiabot_ws/build/joint_states_publisher': CMAKE_PREFIX_PATH=${CMAKE_PREFIX_PATH}:/home/uiabot/uiabot_ws/install/rsp_launch:/home/uiabot/uiabot_ws/install/my_publisher_package:/home/uiabot/uiabot_ws/install/my_listener_package:/home/uiabot/uiabot_ws/install/lidar_package:/home/uiabot/uiabot_ws/install/launch_package:/home/uiabot/ros2_ws/install/robot_keyboard_control:/home/uiabot/ros2_ws/install/my_publisher_package:/home/uiabot/ros2_ws/install/my_listener_package:/home/uiabot/ros2_ws/install/esp32_com:/opt/ros/jazzy DEBUGINFOD_URLS=https://debuginfod.ubuntu.com /usr/bin/cmake --build /home/uiabot/uiabot_ws/build/joint_states_publisher -- -j4 -l4
[0.863s] Invoked command in '/home/uiabot/uiabot_ws/build/joint_states_publisher' returned '0': CMAKE_PREFIX_PATH=${CMAKE_PREFIX_PATH}:/home/uiabot/uiabot_ws/install/rsp_launch:/home/uiabot/uiabot_ws/install/my_publisher_package:/home/uiabot/uiabot_ws/install/my_listener_package:/home/uiabot/uiabot_ws/install/lidar_package:/home/uiabot/uiabot_ws/install/launch_package:/home/uiabot/ros2_ws/install/robot_keyboard_control:/home/uiabot/ros2_ws/install/my_publisher_package:/home/uiabot/ros2_ws/install/my_listener_package:/home/uiabot/ros2_ws/install/esp32_com:/opt/ros/jazzy DEBUGINFOD_URLS=https://debuginfod.ubuntu.com /usr/bin/cmake --build /home/uiabot/uiabot_ws/build/joint_states_publisher -- -j4 -l4
[1.238s] Invoking command in '/home/uiabot/uiabot_ws/build/joint_states_publisher': CMAKE_PREFIX_PATH=${CMAKE_PREFIX_PATH}:/home/uiabot/uiabot_ws/install/rsp_launch:/home/uiabot/uiabot_ws/install/my_publisher_package:/home/uiabot/uiabot_ws/install/my_listener_package:/home/uiabot/uiabot_ws/install/lidar_package:/home/uiabot/uiabot_ws/install/launch_package:/home/uiabot/ros2_ws/install/robot_keyboard_control:/home/uiabot/ros2_ws/install/my_publisher_package:/home/uiabot/ros2_ws/install/my_listener_package:/home/uiabot/ros2_ws/install/esp32_com:/opt/ros/jazzy DEBUGINFOD_URLS=https://debuginfod.ubuntu.com /usr/bin/cmake --install /home/uiabot/uiabot_ws/build/joint_states_publisher
[1.256s] -- Install configuration: ""
[1.257s] -- Up-to-date: /home/uiabot/uiabot_ws/install/joint_states_publisher/share/ament_index/resource_index/package_run_dependencies/joint_states_publisher
[1.257s] -- Up-to-date: /home/uiabot/uiabot_ws/install/joint_states_publisher/share/ament_index/resource_index/parent_prefix_path/joint_states_publisher
[1.258s] -- Up-to-date: /home/uiabot/uiabot_ws/install/joint_states_publisher/share/joint_states_publisher/environment/ament_prefix_path.sh
[1.258s] -- Up-to-date: /home/uiabot/uiabot_ws/install/joint_states_publisher/share/joint_states_publisher/environment/ament_prefix_path.dsv
[1.258s] -- Up-to-date: /home/uiabot/uiabot_ws/install/joint_states_publisher/share/joint_states_publisher/environment/path.sh
[1.259s] -- Up-to-date: /home/uiabot/uiabot_ws/install/joint_states_publisher/share/joint_states_publisher/environment/path.dsv
[1.260s] -- Up-to-date: /home/uiabot/uiabot_ws/install/joint_states_publisher/share/joint_states_publisher/local_setup.bash
[1.260s] -- Up-to-date: /home/uiabot/uiabot_ws/install/joint_states_publisher/share/joint_states_publisher/local_setup.sh
[1.261s] -- Up-to-date: /home/uiabot/uiabot_ws/install/joint_states_publisher/share/joint_states_publisher/local_setup.zsh
[1.262s] -- Up-to-date: /home/uiabot/uiabot_ws/install/joint_states_publisher/share/joint_states_publisher/local_setup.dsv
[1.262s] -- Installing: /home/uiabot/uiabot_ws/install/joint_states_publisher/share/joint_states_publisher/package.dsv
[1.263s] -- Up-to-date: /home/uiabot/uiabot_ws/install/joint_states_publisher/share/ament_index/resource_index/packages/joint_states_publisher
[1.263s] -- Up-to-date: /home/uiabot/uiabot_ws/install/joint_states_publisher/share/joint_states_publisher/cmake/joint_states_publisherConfig.cmake
[1.263s] -- Up-to-date: /home/uiabot/uiabot_ws/install/joint_states_publisher/share/joint_states_publisher/cmake/joint_states_publisherConfig-version.cmake
[1.264s] -- Up-to-date: /home/uiabot/uiabot_ws/install/joint_states_publisher/share/joint_states_publisher/package.xml
[1.272s] Invoked command in '/home/uiabot/uiabot_ws/build/joint_states_publisher' returned '0': CMAKE_PREFIX_PATH=${CMAKE_PREFIX_PATH}:/home/uiabot/uiabot_ws/install/rsp_launch:/home/uiabot/uiabot_ws/install/my_publisher_package:/home/uiabot/uiabot_ws/install/my_listener_package:/home/uiabot/uiabot_ws/install/lidar_package:/home/uiabot/uiabot_ws/install/launch_package:/home/uiabot/ros2_ws/install/robot_keyboard_control:/home/uiabot/ros2_ws/install/my_publisher_package:/home/uiabot/ros2_ws/install/my_listener_package:/home/uiabot/ros2_ws/install/esp32_com:/opt/ros/jazzy DEBUGINFOD_URLS=https://debuginfod.ubuntu.com /usr/bin/cmake --install /home/uiabot/uiabot_ws/build/joint_states_publisher
