[0.674s] Invoking command in '/home/devtex/uiabot_ws/build/robot_description': CMAKE_PREFIX_PATH=${CMAKE_PREFIX_PATH}:/home/devtex/uiabot_ws/install/launch_package:/home/devtex/uiabot_ws/install/my_publisher_package:/home/devtex/uiabot_ws/install/my_listener_package:/home/devtex/uiabot_ws/install/lidar_package:/opt/ros/humble /usr/bin/cmake --build /home/devtex/uiabot_ws/build/robot_description -- -j32 -l32
[0.689s] Invoked command in '/home/devtex/uiabot_ws/build/robot_description' returned '0': CMAKE_PREFIX_PATH=${CMAKE_PREFIX_PATH}:/home/devtex/uiabot_ws/install/launch_package:/home/devtex/uiabot_ws/install/my_publisher_package:/home/devtex/uiabot_ws/install/my_listener_package:/home/devtex/uiabot_ws/install/lidar_package:/opt/ros/humble /usr/bin/cmake --build /home/devtex/uiabot_ws/build/robot_description -- -j32 -l32
[0.704s] Invoking command in '/home/devtex/uiabot_ws/build/robot_description': CMAKE_PREFIX_PATH=${CMAKE_PREFIX_PATH}:/home/devtex/uiabot_ws/install/launch_package:/home/devtex/uiabot_ws/install/my_publisher_package:/home/devtex/uiabot_ws/install/my_listener_package:/home/devtex/uiabot_ws/install/lidar_package:/opt/ros/humble /usr/bin/cmake --install /home/devtex/uiabot_ws/build/robot_description
[0.707s] -- Install configuration: ""
[0.707s] -- Up-to-date: /home/devtex/uiabot_ws/install/robot_description/share/robot_description/config
[0.707s] -- Up-to-date: /home/devtex/uiabot_ws/install/robot_description/share/robot_description/config/my_controllers.yaml
[0.707s] -- Up-to-date: /home/devtex/uiabot_ws/install/robot_description/share/robot_description/config/empty.yaml
[0.707s] -- Up-to-date: /home/devtex/uiabot_ws/install/robot_description/share/robot_description/config/uiabot_config.rviz
[0.707s] -- Up-to-date: /home/devtex/uiabot_ws/install/robot_description/share/robot_description/description
[0.707s] -- Up-to-date: /home/devtex/uiabot_ws/install/robot_description/share/robot_description/description/RP-lidar-A1.STL
[0.707s] -- Up-to-date: /home/devtex/uiabot_ws/install/robot_description/share/robot_description/description/ros2_control.xacro
[0.707s] -- Up-to-date: /home/devtex/uiabot_ws/install/robot_description/share/robot_description/description/Motor.STL
[0.707s] -- Up-to-date: /home/devtex/uiabot_ws/install/robot_description/share/robot_description/description/gazebo_control.xacro
[0.707s] -- Up-to-date: /home/devtex/uiabot_ws/install/robot_description/share/robot_description/description/SupportWheelBracket_v03.STL
[0.707s] -- Up-to-date: /home/devtex/uiabot_ws/install/robot_description/share/robot_description/description/robot.urdf.xacro
[0.708s] -- Up-to-date: /home/devtex/uiabot_ws/install/robot_description/share/robot_description/description/RPLidarCasingV3_Wcut.STL
[0.708s] -- Up-to-date: /home/devtex/uiabot_ws/install/robot_description/share/robot_description/description/AssemUiAminibot2 .STL
[0.708s] -- Up-to-date: /home/devtex/uiabot_ws/install/robot_description/share/robot_description/description/UiAFullWafflePlate.STL
[0.708s] -- Up-to-date: /home/devtex/uiabot_ws/install/robot_description/share/robot_description/description/lidar.xacro
[0.708s] -- Up-to-date: /home/devtex/uiabot_ws/install/robot_description/share/robot_description/description/robot_core.xacro
[0.708s] -- Up-to-date: /home/devtex/uiabot_ws/install/robot_description/share/robot_description/description/inertial_macros.xacro
[0.709s] -- Up-to-date: /home/devtex/uiabot_ws/install/robot_description/share/robot_description/description/MotorBracket.STL
[0.709s] -- Up-to-date: /home/devtex/uiabot_ws/install/robot_description/share/robot_description/launch
[0.709s] -- Up-to-date: /home/devtex/uiabot_ws/install/robot_description/share/robot_description/launch/rsp.launch.py
[0.709s] -- Up-to-date: /home/devtex/uiabot_ws/install/robot_description/share/robot_description/launch/rplidar.launch.py
[0.709s] -- Up-to-date: /home/devtex/uiabot_ws/install/robot_description/share/robot_description/launch/launch_sim.launch.py
[0.709s] -- Up-to-date: /home/devtex/uiabot_ws/install/robot_description/share/robot_description/worlds
[0.709s] -- Up-to-date: /home/devtex/uiabot_ws/install/robot_description/share/robot_description/worlds/empty.world
[0.709s] -- Up-to-date: /home/devtex/uiabot_ws/install/robot_description/share/ament_index/resource_index/package_run_dependencies/robot_description
[0.709s] -- Up-to-date: /home/devtex/uiabot_ws/install/robot_description/share/ament_index/resource_index/parent_prefix_path/robot_description
[0.710s] -- Up-to-date: /home/devtex/uiabot_ws/install/robot_description/share/robot_description/environment/ament_prefix_path.sh
[0.710s] -- Up-to-date: /home/devtex/uiabot_ws/install/robot_description/share/robot_description/environment/ament_prefix_path.dsv
[0.710s] -- Up-to-date: /home/devtex/uiabot_ws/install/robot_description/share/robot_description/environment/path.sh
[0.710s] -- Up-to-date: /home/devtex/uiabot_ws/install/robot_description/share/robot_description/environment/path.dsv
[0.710s] -- Up-to-date: /home/devtex/uiabot_ws/install/robot_description/share/robot_description/local_setup.bash
[0.710s] -- Up-to-date: /home/devtex/uiabot_ws/install/robot_description/share/robot_description/local_setup.sh
[0.710s] -- Up-to-date: /home/devtex/uiabot_ws/install/robot_description/share/robot_description/local_setup.zsh
[0.710s] -- Up-to-date: /home/devtex/uiabot_ws/install/robot_description/share/robot_description/local_setup.dsv
[0.711s] -- Installing: /home/devtex/uiabot_ws/install/robot_description/share/robot_description/package.dsv
[0.711s] -- Up-to-date: /home/devtex/uiabot_ws/install/robot_description/share/ament_index/resource_index/packages/robot_description
[0.711s] -- Up-to-date: /home/devtex/uiabot_ws/install/robot_description/share/robot_description/cmake/robot_descriptionConfig.cmake
[0.711s] -- Up-to-date: /home/devtex/uiabot_ws/install/robot_description/share/robot_description/cmake/robot_descriptionConfig-version.cmake
[0.711s] -- Up-to-date: /home/devtex/uiabot_ws/install/robot_description/share/robot_description/package.xml
[0.711s] Invoked command in '/home/devtex/uiabot_ws/build/robot_description' returned '0': CMAKE_PREFIX_PATH=${CMAKE_PREFIX_PATH}:/home/devtex/uiabot_ws/install/launch_package:/home/devtex/uiabot_ws/install/my_publisher_package:/home/devtex/uiabot_ws/install/my_listener_package:/home/devtex/uiabot_ws/install/lidar_package:/opt/ros/humble /usr/bin/cmake --install /home/devtex/uiabot_ws/build/robot_description
