[1.126s] Invoking command in '/home/devtex/uiabot_ws/src/launch_package': PYTHONPATH=/home/devtex/uiabot_ws/build/launch_package/prefix_override:/usr/lib/python3/dist-packages/colcon_core/task/python/colcon_distutils_commands:/home/devtex/uiabot_ws/install/launch_package/lib/python3.10/site-packages:${PYTHONPATH} /usr/bin/python3 -W ignore:setup.py install is deprecated setup.py egg_info --egg-base ../../build/launch_package build --build-base /home/devtex/uiabot_ws/build/launch_package/build install --record /home/devtex/uiabot_ws/build/launch_package/install.log --single-version-externally-managed install_data
[1.313s] running egg_info
[1.320s] writing ../../build/launch_package/launch_package.egg-info/PKG-INFO
[1.320s] writing dependency_links to ../../build/launch_package/launch_package.egg-info/dependency_links.txt
[1.320s] writing requirements to ../../build/launch_package/launch_package.egg-info/requires.txt
[1.320s] writing top-level names to ../../build/launch_package/launch_package.egg-info/top_level.txt
[1.334s] reading manifest file '../../build/launch_package/launch_package.egg-info/SOURCES.txt'
[1.334s] writing manifest file '../../build/launch_package/launch_package.egg-info/SOURCES.txt'
[1.334s] running build
[1.334s] running build_py
[1.334s] running install
[1.337s] running install_lib
[1.343s] running install_data
[1.343s] copying launch/robot_launch.py -> /home/devtex/uiabot_ws/install/launch_package/share/launch_package/launch
[1.343s] running install_egg_info
[1.351s] removing '/home/devtex/uiabot_ws/install/launch_package/lib/python3.10/site-packages/launch_package-0.0.0-py3.10.egg-info' (and everything under it)
[1.351s] Copying ../../build/launch_package/launch_package.egg-info to /home/devtex/uiabot_ws/install/launch_package/lib/python3.10/site-packages/launch_package-0.0.0-py3.10.egg-info
[1.351s] running install_scripts
[1.379s] writing list of installed files to '/home/devtex/uiabot_ws/build/launch_package/install.log'
[1.398s] Invoked command in '/home/devtex/uiabot_ws/src/launch_package' returned '0': PYTHONPATH=/home/devtex/uiabot_ws/build/launch_package/prefix_override:/usr/lib/python3/dist-packages/colcon_core/task/python/colcon_distutils_commands:/home/devtex/uiabot_ws/install/launch_package/lib/python3.10/site-packages:${PYTHONPATH} /usr/bin/python3 -W ignore:setup.py install is deprecated setup.py egg_info --egg-base ../../build/launch_package build --build-base /home/devtex/uiabot_ws/build/launch_package/build install --record /home/devtex/uiabot_ws/build/launch_package/install.log --single-version-externally-managed install_data
