-- Install configuration: ""
-- Up-to-date: /home/devtex/uiabot_ws/install/robot_description/share/robot_description/config
-- Up-to-date: /home/devtex/uiabot_ws/install/robot_description/share/robot_description/config/my_controllers.yaml
-- Up-to-date: /home/devtex/uiabot_ws/install/robot_description/share/robot_description/config/empty.yaml
-- Up-to-date: /home/devtex/uiabot_ws/install/robot_description/share/robot_description/config/uiabot_config.rviz
-- Up-to-date: /home/devtex/uiabot_ws/install/robot_description/share/robot_description/description
-- Up-to-date: /home/devtex/uiabot_ws/install/robot_description/share/robot_description/description/RP-lidar-A1.STL
-- Up-to-date: /home/devtex/uiabot_ws/install/robot_description/share/robot_description/description/ros2_control.xacro
-- Up-to-date: /home/devtex/uiabot_ws/install/robot_description/share/robot_description/description/Motor.STL
-- Up-to-date: /home/devtex/uiabot_ws/install/robot_description/share/robot_description/description/gazebo_control.xacro
-- Up-to-date: /home/devtex/uiabot_ws/install/robot_description/share/robot_description/description/SupportWheelBracket_v03.STL
-- Up-to-date: /home/devtex/uiabot_ws/install/robot_description/share/robot_description/description/robot.urdf.xacro
-- Up-to-date: /home/devtex/uiabot_ws/install/robot_description/share/robot_description/description/RPLidarCasingV3_Wcut.STL
-- Up-to-date: /home/devtex/uiabot_ws/install/robot_description/share/robot_description/description/AssemUiAminibot2 .STL
-- Up-to-date: /home/devtex/uiabot_ws/install/robot_description/share/robot_description/description/UiAFullWafflePlate.STL
-- Up-to-date: /home/devtex/uiabot_ws/install/robot_description/share/robot_description/description/lidar.xacro
-- Up-to-date: /home/devtex/uiabot_ws/install/robot_description/share/robot_description/description/robot_core.xacro
-- Up-to-date: /home/devtex/uiabot_ws/install/robot_description/share/robot_description/description/inertial_macros.xacro
-- Up-to-date: /home/devtex/uiabot_ws/install/robot_description/share/robot_description/description/MotorBracket.STL
-- Up-to-date: /home/devtex/uiabot_ws/install/robot_description/share/robot_description/launch
-- Up-to-date: /home/devtex/uiabot_ws/install/robot_description/share/robot_description/launch/rsp.launch.py
-- Up-to-date: /home/devtex/uiabot_ws/install/robot_description/share/robot_description/launch/rplidar.launch.py
-- Installing: /home/devtex/uiabot_ws/install/robot_description/share/robot_description/launch/launch_sim.launch.py
-- Up-to-date: /home/devtex/uiabot_ws/install/robot_description/share/robot_description/worlds
-- Up-to-date: /home/devtex/uiabot_ws/install/robot_description/share/robot_description/worlds/empty.world
-- Up-to-date: /home/devtex/uiabot_ws/install/robot_description/share/ament_index/resource_index/package_run_dependencies/robot_description
-- Up-to-date: /home/devtex/uiabot_ws/install/robot_description/share/ament_index/resource_index/parent_prefix_path/robot_description
-- Up-to-date: /home/devtex/uiabot_ws/install/robot_description/share/robot_description/environment/ament_prefix_path.sh
-- Up-to-date: /home/devtex/uiabot_ws/install/robot_description/share/robot_description/environment/ament_prefix_path.dsv
-- Up-to-date: /home/devtex/uiabot_ws/install/robot_description/share/robot_description/environment/path.sh
-- Up-to-date: /home/devtex/uiabot_ws/install/robot_description/share/robot_description/environment/path.dsv
-- Up-to-date: /home/devtex/uiabot_ws/install/robot_description/share/robot_description/local_setup.bash
-- Up-to-date: /home/devtex/uiabot_ws/install/robot_description/share/robot_description/local_setup.sh
-- Up-to-date: /home/devtex/uiabot_ws/install/robot_description/share/robot_description/local_setup.zsh
-- Up-to-date: /home/devtex/uiabot_ws/install/robot_description/share/robot_description/local_setup.dsv
-- Installing: /home/devtex/uiabot_ws/install/robot_description/share/robot_description/package.dsv
-- Up-to-date: /home/devtex/uiabot_ws/install/robot_description/share/ament_index/resource_index/packages/robot_description
-- Up-to-date: /home/devtex/uiabot_ws/install/robot_description/share/robot_description/cmake/robot_descriptionConfig.cmake
-- Up-to-date: /home/devtex/uiabot_ws/install/robot_description/share/robot_description/cmake/robot_descriptionConfig-version.cmake
-- Up-to-date: /home/devtex/uiabot_ws/install/robot_description/share/robot_description/package.xml
